[21:33:44.951] [INFO   ] thread main starting.
[21:33:44.960] [SEVERE ] cannot read configuration file config.properties trying from resources.
[21:33:44.962] [SEVERE ] configuration file was loaded from resources directory.
[21:33:45.548] [INFO   ] thread dealer starting.
[21:33:45.564] [INFO   ] Thread dealer starting.
[21:33:45.567] [INFO   ] Thread Thread-3starting.
[21:33:45.576] [SEVERE ] removing all tokens
[21:33:45.582] [INFO   ] Thread Thread-4starting.
[21:33:45.599] [SEVERE ] placing card 17 in slot 7
[21:33:45.631] [SEVERE ] placing card 46 in slot 10
[21:33:45.646] [SEVERE ] placing card 67 in slot 1
[21:33:45.662] [SEVERE ] placing card 43 in slot 9
[21:33:45.677] [SEVERE ] placing card 31 in slot 6
[21:33:45.692] [SEVERE ] placing card 14 in slot 11
[21:33:45.708] [SEVERE ] placing card 78 in slot 3
[21:33:45.723] [SEVERE ] placing card 64 in slot 8
[21:33:45.739] [SEVERE ] placing card 73 in slot 2
[21:33:45.755] [SEVERE ] placing card 55 in slot 5
[21:33:45.771] [SEVERE ] placing card 29 in slot 4
[21:33:45.786] [SEVERE ] placing card 77 in slot 0
[21:33:45.788] [SEVERE ] updating countdown to 10000
[21:33:46.804] [SEVERE ] updating countdown to 9000
[21:33:48.000] [SEVERE ] updating countdown to 8000
[21:33:50.001] [SEVERE ] updating countdown to 6000
[21:33:51.002] [SEVERE ] updating countdown to 5000
