[18:32:53.143] [INFO   ] thread main starting.
[18:32:53.163] [SEVERE ] cannot read configuration file config.properties trying from resources.
[18:32:53.167] [SEVERE ] configuration file was loaded from resources directory.
[18:32:53.757] [INFO   ] thread dealer starting.
[18:32:53.758] [INFO   ] Thread dealer starting.
[18:32:53.759] [INFO   ] Thread Thread-3starting.
[18:32:53.760] [INFO   ] Thread Thread-6starting.
[18:32:53.759] [INFO   ] Thread Thread-5starting.
[18:32:53.759] [INFO   ] Thread Thread-4starting.
[18:32:53.774] [INFO   ] Thread computer-3 starting.
[18:32:53.775] [INFO   ] Thread computer-0 starting.
[18:32:53.776] [INFO   ] Thread computer-2 starting.
[18:32:53.790] [SEVERE ] removing all tokens
[18:32:53.898] [SEVERE ] placing card 14 in slot 4
[18:32:53.917] [INFO   ] Thread computer-1 starting.
[18:32:54.007] [SEVERE ] placing card 12 in slot 10
[18:32:54.116] [SEVERE ] placing card 69 in slot 7
[18:32:54.231] [SEVERE ] placing card 20 in slot 8
[18:32:54.346] [SEVERE ] placing card 19 in slot 6
[18:32:54.461] [SEVERE ] placing card 4 in slot 0
[18:32:54.570] [SEVERE ] placing card 66 in slot 5
[18:32:54.679] [SEVERE ] placing card 51 in slot 1
[18:32:54.789] [SEVERE ] placing card 59 in slot 2
[18:32:54.896] [SEVERE ] placing card 79 in slot 9
[18:32:55.008] [SEVERE ] placing card 61 in slot 11
[18:32:55.119] [SEVERE ] placing card 8 in slot 3
[18:32:55.119] [SEVERE ] updating countdown to 10000
[18:32:56.127] [SEVERE ] updating countdown to 9000
[18:32:57.144] [SEVERE ] updating countdown to 8000
[18:32:58.161] [SEVERE ] updating countdown to 7000
[18:32:59.176] [SEVERE ] updating countdown to 6000
[18:33:00.190] [SEVERE ] updating countdown to 5000
[18:33:05.331] [SEVERE ] updating countdown to 0
[18:33:05.332] [SEVERE ] updating countdown to 0
[18:33:05.333] [SEVERE ] removing all tokens
[18:33:05.440] [SEVERE ] removing card from slot 0
[18:33:05.549] [SEVERE ] removing card from slot 1
[18:33:05.657] [SEVERE ] removing card from slot 2
[18:33:05.763] [SEVERE ] removing card from slot 3
[18:33:05.849] [SEVERE ] player 1 placing token on slot 2
[18:33:05.871] [SEVERE ] removing card from slot 4
[18:33:05.994] [SEVERE ] removing card from slot 5
[18:33:06.120] [SEVERE ] removing card from slot 6
[18:33:06.231] [SEVERE ] removing card from slot 7
[18:33:06.256] [SEVERE ] player 1 placing token on slot 5
[18:33:06.339] [SEVERE ] removing card from slot 8
[18:33:06.448] [SEVERE ] removing card from slot 9
[18:33:06.556] [SEVERE ] removing card from slot 10
[18:33:06.664] [SEVERE ] removing card from slot 11
[18:33:06.664] [SEVERE ] removing all tokens
[18:33:06.675] [SEVERE ] player 1 placing token on slot 1
[18:33:06.773] [SEVERE ] placing card 14 in slot 1
[18:33:06.881] [SEVERE ] placing card 23 in slot 2
[18:33:06.992] [SEVERE ] placing card 13 in slot 0
[18:33:07.101] [SEVERE ] placing card 35 in slot 6
[18:33:07.153] [SEVERE ] placing card 64 in slot 9
[18:33:07.254] [SEVERE ] placing card 58 in slot 4
[18:33:07.361] [SEVERE ] placing card 78 in slot 11
[18:33:07.471] [SEVERE ] placing card 24 in slot 7
[18:33:07.580] [SEVERE ] placing card 37 in slot 10
[18:33:07.691] [SEVERE ] placing card 72 in slot 8
[18:33:07.803] [SEVERE ] placing card 40 in slot 5
[18:33:07.911] [SEVERE ] placing card 80 in slot 3
[18:33:07.911] [SEVERE ] updating countdown to 10000
[18:33:08.921] [SEVERE ] updating countdown to 9000
[18:33:09.927] [SEVERE ] updating countdown to 8000
[18:33:10.933] [SEVERE ] updating countdown to 7000
[18:33:11.945] [SEVERE ] updating countdown to 6000
[18:33:12.951] [SEVERE ] updating countdown to 5000
[18:33:13.964] [SEVERE ] updating countdown to 5000
[18:33:16.145] [SEVERE ] updating countdown to 2000
[18:33:18.144] [SEVERE ] updating countdown to 0
[18:33:18.144] [SEVERE ] updating countdown to 0
[18:33:18.145] [SEVERE ] removing all tokens
[18:33:18.252] [SEVERE ] removing card from slot 0
[18:33:18.361] [SEVERE ] removing card from slot 1
[18:33:18.470] [SEVERE ] removing card from slot 2
[18:33:18.579] [SEVERE ] removing card from slot 3
[18:33:18.689] [SEVERE ] removing card from slot 4
[18:33:18.801] [SEVERE ] removing card from slot 5
[18:33:18.912] [SEVERE ] removing card from slot 6
[18:33:19.023] [SEVERE ] removing card from slot 7
[18:33:19.133] [SEVERE ] removing card from slot 8
[18:33:19.243] [SEVERE ] removing card from slot 9
[18:33:19.351] [SEVERE ] removing card from slot 10
[18:33:19.462] [SEVERE ] removing card from slot 11
[18:33:19.464] [SEVERE ] removing all tokens
[18:33:19.571] [SEVERE ] placing card 29 in slot 3
[18:33:19.682] [SEVERE ] placing card 63 in slot 6
[18:33:19.790] [SEVERE ] placing card 2 in slot 11
[18:33:19.900] [SEVERE ] placing card 33 in slot 7
[18:33:20.007] [SEVERE ] placing card 72 in slot 8
[18:33:20.116] [SEVERE ] placing card 80 in slot 2
[18:33:20.225] [SEVERE ] placing card 71 in slot 10
[18:33:20.334] [SEVERE ] placing card 34 in slot 4
[18:33:20.475] [SEVERE ] placing card 9 in slot 9
[18:33:20.596] [SEVERE ] placing card 26 in slot 1
[18:33:20.726] [SEVERE ] placing card 49 in slot 0
[18:33:20.856] [SEVERE ] placing card 13 in slot 5
[18:33:20.908] [SEVERE ] updating countdown to 10000
[18:33:21.929] [SEVERE ] updating countdown to 9000
[18:33:22.934] [SEVERE ] updating countdown to 8000
[18:33:23.947] [SEVERE ] updating countdown to 7000
[18:33:24.958] [SEVERE ] updating countdown to 6000
[18:33:25.971] [SEVERE ] updating countdown to 5000
[18:33:26.976] [SEVERE ] updating countdown to 5000
[18:33:27.952] [SEVERE ] setting player 1 freeze to 0
[18:33:27.965] [SEVERE ] setting player 1 freeze to 0
[18:33:29.141] [SEVERE ] updating countdown to 2000
[18:33:29.668] [SEVERE ] removing player 1 token from slot 2
[18:33:30.142] [SEVERE ] updating countdown to 1000
[18:33:30.202] [SEVERE ] removing player 1 token from slot 5
[18:33:30.658] [SEVERE ] removing player 1 token from slot 1
[18:33:31.153] [SEVERE ] updating countdown to 0
[18:33:31.154] [SEVERE ] updating countdown to 0
[18:33:31.154] [SEVERE ] removing all tokens
[18:33:31.263] [SEVERE ] removing card from slot 0
[18:33:31.372] [SEVERE ] removing card from slot 1
[18:33:31.482] [SEVERE ] removing card from slot 2
[18:33:31.592] [SEVERE ] removing card from slot 3
[18:33:31.701] [SEVERE ] removing card from slot 4
[18:33:31.812] [SEVERE ] removing card from slot 5
[18:33:31.922] [SEVERE ] removing card from slot 6
[18:33:32.032] [SEVERE ] removing card from slot 7
[18:33:32.144] [SEVERE ] removing card from slot 8
[18:33:32.254] [SEVERE ] removing card from slot 9
[18:33:32.364] [SEVERE ] removing card from slot 10
[18:33:32.473] [SEVERE ] removing card from slot 11
[18:33:32.473] [SEVERE ] removing all tokens
[18:33:32.585] [SEVERE ] placing card 38 in slot 5
[18:33:32.697] [SEVERE ] placing card 37 in slot 7
[18:33:32.807] [SEVERE ] placing card 45 in slot 4
[18:33:32.918] [SEVERE ] placing card 11 in slot 2
[18:33:33.028] [SEVERE ] placing card 46 in slot 0
[18:33:33.138] [SEVERE ] placing card 59 in slot 3
[18:33:33.250] [SEVERE ] placing card 49 in slot 9
[18:33:33.362] [SEVERE ] placing card 77 in slot 8
[18:33:33.472] [SEVERE ] placing card 14 in slot 1
[18:33:33.584] [SEVERE ] placing card 55 in slot 11
[18:33:33.696] [SEVERE ] placing card 34 in slot 10
[18:33:33.806] [SEVERE ] placing card 67 in slot 6
[18:33:33.806] [SEVERE ] updating countdown to 10000
[18:33:34.821] [SEVERE ] updating countdown to 9000
[18:33:35.829] [SEVERE ] updating countdown to 8000
[18:33:36.835] [SEVERE ] updating countdown to 7000
[18:33:37.845] [SEVERE ] updating countdown to 6000
[18:33:38.857] [SEVERE ] updating countdown to 5000
[18:33:39.871] [SEVERE ] updating countdown to 5000
[18:33:40.026] [SEVERE ] updating countdown to 4000
[18:33:41.027] [SEVERE ] updating countdown to 3000
[18:33:43.044] [SEVERE ] updating countdown to 1000
[18:33:44.042] [SEVERE ] updating countdown to 0
[18:33:44.042] [SEVERE ] removing all tokens
[18:33:44.152] [SEVERE ] removing card from slot 0
[18:33:44.264] [SEVERE ] removing card from slot 1
[18:33:44.373] [SEVERE ] removing card from slot 2
[18:33:44.484] [SEVERE ] removing card from slot 3
[18:33:44.596] [SEVERE ] removing card from slot 4
[18:33:44.704] [SEVERE ] removing card from slot 5
[18:33:44.814] [SEVERE ] removing card from slot 6
[18:33:44.923] [SEVERE ] removing card from slot 7
[18:33:45.035] [SEVERE ] removing card from slot 8
[18:33:45.146] [SEVERE ] removing card from slot 9
[18:33:45.257] [SEVERE ] removing card from slot 10
[18:33:45.369] [SEVERE ] removing card from slot 11
[18:33:45.369] [SEVERE ] removing all tokens
[18:33:45.480] [SEVERE ] placing card 42 in slot 0
[18:33:45.592] [SEVERE ] placing card 64 in slot 10
[18:33:45.704] [SEVERE ] placing card 79 in slot 5
[18:33:45.816] [SEVERE ] placing card 52 in slot 4
[18:33:45.927] [SEVERE ] placing card 8 in slot 3
[18:33:46.037] [SEVERE ] placing card 62 in slot 2
[18:33:46.149] [SEVERE ] placing card 25 in slot 1
[18:33:46.259] [SEVERE ] placing card 50 in slot 7
[18:33:46.370] [SEVERE ] placing card 12 in slot 6
[18:33:46.482] [SEVERE ] placing card 19 in slot 8
[18:33:46.591] [SEVERE ] placing card 57 in slot 11
[18:33:46.701] [SEVERE ] placing card 68 in slot 9
[18:33:46.702] [SEVERE ] updating countdown to 10000
[18:33:47.710] [SEVERE ] updating countdown to 9000
[18:33:48.713] [SEVERE ] updating countdown to 8000
[18:33:49.718] [SEVERE ] updating countdown to 7000
[18:33:50.729] [SEVERE ] updating countdown to 6000
[18:33:51.739] [SEVERE ] updating countdown to 5000
[18:33:52.745] [SEVERE ] updating countdown to 5000
[18:33:52.917] [SEVERE ] updating countdown to 4000
[18:33:53.923] [SEVERE ] updating countdown to 3000
[18:33:54.933] [SEVERE ] updating countdown to 2000
[18:33:56.934] [SEVERE ] updating countdown to 0
[18:33:56.934] [SEVERE ] updating countdown to 0
[18:33:56.934] [SEVERE ] removing all tokens
[18:33:57.044] [SEVERE ] removing card from slot 0
[18:33:57.154] [SEVERE ] removing card from slot 1
[18:33:57.266] [SEVERE ] removing card from slot 2
[18:33:57.378] [SEVERE ] removing card from slot 3
[18:33:57.484] [SEVERE ] removing card from slot 4
[18:33:57.596] [SEVERE ] removing card from slot 5
[18:33:57.707] [SEVERE ] removing card from slot 6
[18:33:57.819] [SEVERE ] removing card from slot 7
[18:33:57.929] [SEVERE ] removing card from slot 8
[18:33:58.040] [SEVERE ] removing card from slot 9
[18:33:58.149] [SEVERE ] removing card from slot 10
[18:33:58.261] [SEVERE ] removing card from slot 11
[18:33:58.261] [SEVERE ] removing all tokens
[18:33:58.369] [SEVERE ] placing card 79 in slot 10
[18:33:58.480] [SEVERE ] placing card 49 in slot 4
[18:33:58.589] [SEVERE ] placing card 20 in slot 2
[18:33:58.700] [SEVERE ] placing card 65 in slot 6
[18:33:58.812] [SEVERE ] placing card 70 in slot 0
[18:33:58.922] [SEVERE ] placing card 69 in slot 3
[18:33:59.033] [SEVERE ] placing card 80 in slot 5
[18:33:59.144] [SEVERE ] placing card 53 in slot 11
[18:33:59.252] [SEVERE ] placing card 28 in slot 8
[18:33:59.363] [SEVERE ] placing card 15 in slot 1
[18:33:59.474] [SEVERE ] placing card 12 in slot 7
[18:33:59.585] [SEVERE ] placing card 71 in slot 9
[18:33:59.585] [SEVERE ] updating countdown to 10000
[18:34:00.594] [SEVERE ] updating countdown to 9000
[18:34:01.604] [SEVERE ] updating countdown to 8000
[18:34:02.615] [SEVERE ] updating countdown to 7000
[18:34:03.630] [SEVERE ] updating countdown to 6000
[18:34:04.639] [SEVERE ] updating countdown to 5000
[18:34:05.654] [SEVERE ] updating countdown to 5000
[18:34:05.796] [SEVERE ] updating countdown to 4000
[18:34:07.810] [SEVERE ] updating countdown to 2000
[18:34:08.810] [SEVERE ] updating countdown to 1000
[18:34:09.814] [SEVERE ] updating countdown to 0
[18:34:09.814] [SEVERE ] updating countdown to 0
[18:34:09.814] [SEVERE ] removing all tokens
[18:34:09.942] [SEVERE ] removing card from slot 0
[18:34:10.049] [SEVERE ] removing card from slot 1
[18:34:10.161] [SEVERE ] removing card from slot 2
[18:34:10.273] [SEVERE ] removing card from slot 3
[18:34:10.381] [SEVERE ] removing card from slot 4
[18:34:10.492] [SEVERE ] removing card from slot 5
[18:34:10.604] [SEVERE ] removing card from slot 6
[18:34:10.714] [SEVERE ] removing card from slot 7
[18:34:10.825] [SEVERE ] removing card from slot 8
[18:34:10.937] [SEVERE ] removing card from slot 9
[18:34:11.049] [SEVERE ] removing card from slot 10
[18:34:11.183] [SEVERE ] removing card from slot 11
[18:34:11.183] [SEVERE ] removing all tokens
[18:34:11.298] [SEVERE ] placing card 44 in slot 0
[18:34:11.406] [SEVERE ] placing card 56 in slot 1
[18:34:11.526] [SEVERE ] placing card 70 in slot 3
[18:34:11.643] [SEVERE ] placing card 54 in slot 7
[18:34:11.753] [SEVERE ] placing card 18 in slot 9
[18:34:11.870] [SEVERE ] placing card 63 in slot 5
[18:34:11.987] [SEVERE ] placing card 40 in slot 2
[18:34:12.097] [SEVERE ] placing card 65 in slot 8
[18:34:12.204] [SEVERE ] placing card 41 in slot 6
[18:34:12.310] [SEVERE ] placing card 0 in slot 4
[18:34:12.418] [SEVERE ] placing card 4 in slot 11
[18:34:12.530] [SEVERE ] placing card 36 in slot 10
[18:34:12.530] [SEVERE ] updating countdown to 10000
[18:34:13.541] [SEVERE ] updating countdown to 9000
[18:34:14.555] [SEVERE ] updating countdown to 8000
[18:34:15.567] [SEVERE ] updating countdown to 7000
[18:34:16.573] [SEVERE ] updating countdown to 6000
[18:34:17.588] [SEVERE ] updating countdown to 5000
[18:34:18.600] [SEVERE ] updating countdown to 5000
[18:34:18.741] [SEVERE ] updating countdown to 4000
[18:34:19.747] [SEVERE ] updating countdown to 3000
[18:34:20.751] [SEVERE ] updating countdown to 2000
[18:34:21.747] [SEVERE ] updating countdown to 1000
[18:34:22.747] [SEVERE ] updating countdown to 0
[18:34:22.747] [SEVERE ] removing all tokens
[18:34:22.854] [SEVERE ] removing card from slot 0
[18:34:22.964] [SEVERE ] removing card from slot 1
[18:34:23.073] [SEVERE ] removing card from slot 2
[18:34:23.184] [SEVERE ] removing card from slot 3
[18:34:23.296] [SEVERE ] removing card from slot 4
[18:34:23.406] [SEVERE ] removing card from slot 5
[18:34:23.516] [SEVERE ] removing card from slot 6
[18:34:23.626] [SEVERE ] removing card from slot 7
[18:34:23.738] [SEVERE ] removing card from slot 8
[18:34:23.848] [SEVERE ] removing card from slot 9
[18:34:23.960] [SEVERE ] removing card from slot 10
[18:34:24.072] [SEVERE ] removing card from slot 11
[18:34:24.072] [SEVERE ] removing all tokens
[18:34:24.180] [SEVERE ] placing card 69 in slot 5
[18:34:24.292] [SEVERE ] placing card 30 in slot 8
[18:34:24.404] [SEVERE ] placing card 74 in slot 9
[18:34:24.514] [SEVERE ] placing card 59 in slot 4
[18:34:24.625] [SEVERE ] placing card 23 in slot 6
[18:34:24.737] [SEVERE ] placing card 25 in slot 10
[18:34:24.848] [SEVERE ] placing card 44 in slot 3
[18:34:24.957] [SEVERE ] placing card 66 in slot 11
[18:34:25.066] [SEVERE ] placing card 48 in slot 7
[18:34:25.178] [SEVERE ] placing card 26 in slot 1
[18:34:25.289] [SEVERE ] placing card 15 in slot 2
[18:34:25.400] [SEVERE ] placing card 33 in slot 0
[18:34:25.400] [SEVERE ] updating countdown to 10000
[18:34:26.414] [SEVERE ] updating countdown to 9000
[18:34:27.427] [SEVERE ] updating countdown to 8000
[18:34:28.430] [SEVERE ] updating countdown to 7000
[18:34:29.432] [SEVERE ] updating countdown to 6000
[18:34:30.434] [SEVERE ] updating countdown to 5000
[18:34:31.439] [SEVERE ] updating countdown to 5000
[18:34:32.625] [SEVERE ] updating countdown to 3000
[18:34:33.624] [SEVERE ] updating countdown to 2000
[18:34:35.631] [SEVERE ] updating countdown to 0
[18:34:35.631] [SEVERE ] updating countdown to 0
[18:34:35.632] [SEVERE ] removing all tokens
[18:34:35.743] [SEVERE ] removing card from slot 0
[18:34:35.853] [SEVERE ] removing card from slot 1
[18:34:35.962] [SEVERE ] removing card from slot 2
[18:34:36.072] [SEVERE ] removing card from slot 3
[18:34:36.178] [SEVERE ] removing card from slot 4
[18:34:36.300] [SEVERE ] removing card from slot 5
[18:34:36.408] [SEVERE ] removing card from slot 6
[18:34:36.516] [SEVERE ] removing card from slot 7
[18:34:36.629] [SEVERE ] removing card from slot 8
[18:34:36.735] [SEVERE ] removing card from slot 9
[18:34:36.845] [SEVERE ] removing card from slot 10
[18:34:36.953] [SEVERE ] removing card from slot 11
[18:34:36.954] [SEVERE ] removing all tokens
[18:34:37.061] [SEVERE ] placing card 33 in slot 2
[18:34:37.169] [SEVERE ] placing card 66 in slot 8
[18:34:37.277] [SEVERE ] placing card 21 in slot 9
[18:34:37.389] [SEVERE ] placing card 40 in slot 4
[18:34:37.498] [SEVERE ] placing card 45 in slot 0
[18:34:37.608] [SEVERE ] placing card 53 in slot 6
[18:34:37.717] [SEVERE ] placing card 71 in slot 3
[18:34:37.825] [SEVERE ] placing card 14 in slot 7
[18:34:37.935] [SEVERE ] placing card 12 in slot 11
[18:34:38.045] [SEVERE ] placing card 55 in slot 5
[18:34:38.156] [SEVERE ] placing card 10 in slot 10
[18:34:38.264] [SEVERE ] placing card 13 in slot 1
[18:34:38.266] [SEVERE ] updating countdown to 10000
[18:34:39.294] [SEVERE ] updating countdown to 9000
[18:34:40.306] [SEVERE ] updating countdown to 8000
[18:34:41.324] [SEVERE ] updating countdown to 7000
[18:34:42.339] [SEVERE ] updating countdown to 6000
[18:34:43.348] [SEVERE ] updating countdown to 5000
[18:34:44.354] [SEVERE ] updating countdown to 5000
[18:34:44.477] [SEVERE ] updating countdown to 4000
[18:34:45.478] [SEVERE ] updating countdown to 3000
[18:34:46.485] [SEVERE ] updating countdown to 2000
[18:34:48.481] [SEVERE ] updating countdown to 0
[18:34:48.481] [SEVERE ] removing all tokens
[18:34:48.592] [SEVERE ] removing card from slot 0
[18:34:48.704] [SEVERE ] removing card from slot 1
[18:34:48.816] [SEVERE ] removing card from slot 2
[18:34:48.925] [SEVERE ] removing card from slot 3
[18:34:49.037] [SEVERE ] removing card from slot 4
[18:34:49.146] [SEVERE ] removing card from slot 5
[18:34:49.257] [SEVERE ] removing card from slot 6
[18:34:49.369] [SEVERE ] removing card from slot 7
[18:34:49.480] [SEVERE ] removing card from slot 8
[18:34:49.592] [SEVERE ] removing card from slot 9
[18:34:49.704] [SEVERE ] removing card from slot 10
[18:34:49.811] [SEVERE ] removing card from slot 11
[18:34:49.811] [SEVERE ] removing all tokens
[18:34:49.923] [SEVERE ] placing card 30 in slot 2
[18:34:50.035] [SEVERE ] placing card 69 in slot 5
[18:34:50.143] [SEVERE ] placing card 36 in slot 10
[18:34:50.255] [SEVERE ] placing card 73 in slot 9
[18:34:50.364] [SEVERE ] placing card 52 in slot 1
[18:34:50.474] [SEVERE ] placing card 77 in slot 0
[18:34:50.585] [SEVERE ] placing card 18 in slot 7
[18:34:50.696] [SEVERE ] placing card 9 in slot 11
[18:34:50.805] [SEVERE ] placing card 71 in slot 6
[18:34:50.912] [SEVERE ] placing card 1 in slot 3
[18:34:51.024] [SEVERE ] placing card 47 in slot 8
[18:34:51.136] [SEVERE ] placing card 0 in slot 4
[18:34:51.136] [SEVERE ] updating countdown to 10000
[18:34:52.143] [SEVERE ] updating countdown to 9000
[18:34:53.149] [SEVERE ] updating countdown to 8000
[18:34:54.166] [SEVERE ] updating countdown to 7000
[18:34:55.178] [SEVERE ] updating countdown to 6000
[18:34:56.185] [SEVERE ] updating countdown to 5000
[18:34:57.188] [SEVERE ] updating countdown to 5000
[18:35:00.366] [SEVERE ] updating countdown to 1000
[18:35:01.371] [SEVERE ] updating countdown to 0
[18:35:01.371] [SEVERE ] updating countdown to 0
[18:35:01.372] [SEVERE ] removing all tokens
[18:35:01.482] [SEVERE ] removing card from slot 0
[18:35:01.593] [SEVERE ] removing card from slot 1
[18:35:01.703] [SEVERE ] removing card from slot 2
[18:35:01.815] [SEVERE ] removing card from slot 3
[18:35:01.927] [SEVERE ] removing card from slot 4
[18:35:02.036] [SEVERE ] removing card from slot 5
[18:35:02.146] [SEVERE ] removing card from slot 6
[18:35:02.258] [SEVERE ] removing card from slot 7
[18:35:02.369] [SEVERE ] removing card from slot 8
[18:35:02.481] [SEVERE ] removing card from slot 9
[18:35:02.591] [SEVERE ] removing card from slot 10
[18:35:02.701] [SEVERE ] removing card from slot 11
[18:35:02.701] [SEVERE ] removing all tokens
[18:35:02.811] [SEVERE ] placing card 47 in slot 11
[18:35:02.922] [SEVERE ] placing card 79 in slot 7
[18:35:03.034] [SEVERE ] placing card 2 in slot 0
[18:35:03.144] [SEVERE ] placing card 8 in slot 10
[18:35:03.256] [SEVERE ] placing card 37 in slot 8
[18:35:03.368] [SEVERE ] placing card 77 in slot 4
[18:35:03.478] [SEVERE ] placing card 22 in slot 6
[18:35:03.587] [SEVERE ] placing card 0 in slot 2
[18:35:03.699] [SEVERE ] placing card 26 in slot 1
[18:35:03.810] [SEVERE ] placing card 78 in slot 3
[18:35:03.921] [SEVERE ] placing card 9 in slot 9
[18:35:04.033] [SEVERE ] placing card 41 in slot 5
[18:35:04.033] [SEVERE ] updating countdown to 10000
[18:35:05.048] [SEVERE ] updating countdown to 9000
[18:35:06.059] [SEVERE ] updating countdown to 8000
[18:35:07.070] [SEVERE ] updating countdown to 7000
[18:35:08.071] [SEVERE ] updating countdown to 6000
[18:35:09.085] [SEVERE ] updating countdown to 5000
[18:35:10.099] [SEVERE ] updating countdown to 5000
[18:35:11.251] [SEVERE ] updating countdown to 3000
[18:35:12.254] [SEVERE ] updating countdown to 2000
[18:35:14.264] [SEVERE ] updating countdown to 0
[18:35:14.264] [SEVERE ] updating countdown to 0
[18:35:14.264] [SEVERE ] removing all tokens
[18:35:14.375] [SEVERE ] removing card from slot 0
[18:35:14.486] [SEVERE ] removing card from slot 1
[18:35:14.596] [SEVERE ] removing card from slot 2
[18:35:14.706] [SEVERE ] removing card from slot 3
[18:35:14.818] [SEVERE ] removing card from slot 4
[18:35:14.924] [SEVERE ] removing card from slot 5
[18:35:15.036] [SEVERE ] removing card from slot 6
[18:35:15.148] [SEVERE ] removing card from slot 7
[18:35:15.259] [SEVERE ] removing card from slot 8
[18:35:15.370] [SEVERE ] removing card from slot 9
[18:35:15.482] [SEVERE ] removing card from slot 10
[18:35:15.593] [SEVERE ] removing card from slot 11
[18:35:15.593] [SEVERE ] removing all tokens
[18:35:15.703] [SEVERE ] placing card 36 in slot 2
[18:35:15.812] [SEVERE ] placing card 70 in slot 3
[18:35:15.923] [SEVERE ] placing card 73 in slot 0
[18:35:16.035] [SEVERE ] placing card 79 in slot 6
[18:35:16.144] [SEVERE ] placing card 53 in slot 4
[18:35:16.256] [SEVERE ] placing card 0 in slot 5
[18:35:16.366] [SEVERE ] placing card 65 in slot 7
[18:35:16.477] [SEVERE ] placing card 8 in slot 9
[18:35:16.589] [SEVERE ] placing card 55 in slot 1
[18:35:16.701] [SEVERE ] placing card 22 in slot 11
[18:35:16.810] [SEVERE ] placing card 21 in slot 10
[18:35:16.921] [SEVERE ] placing card 38 in slot 8
[18:35:16.921] [SEVERE ] updating countdown to 10000
[18:35:17.924] [SEVERE ] updating countdown to 9000
[18:35:18.926] [SEVERE ] updating countdown to 8000
[18:35:19.928] [SEVERE ] updating countdown to 7000
[18:35:20.943] [SEVERE ] updating countdown to 6000
[18:35:21.956] [SEVERE ] updating countdown to 5000
[18:35:22.970] [SEVERE ] updating countdown to 5000
[18:35:23.141] [SEVERE ] updating countdown to 4000
[18:35:26.149] [SEVERE ] updating countdown to 1000
[18:35:27.152] [SEVERE ] updating countdown to 0
[18:35:27.152] [SEVERE ] updating countdown to 0
[18:35:27.152] [SEVERE ] removing all tokens
[18:35:27.263] [SEVERE ] removing card from slot 0
[18:35:27.375] [SEVERE ] removing card from slot 1
[18:35:27.487] [SEVERE ] removing card from slot 2
[18:35:27.599] [SEVERE ] removing card from slot 3
[18:35:27.708] [SEVERE ] removing card from slot 4
[18:35:27.819] [SEVERE ] removing card from slot 5
[18:35:27.931] [SEVERE ] removing card from slot 6
[18:35:28.042] [SEVERE ] removing card from slot 7
[18:35:28.152] [SEVERE ] removing card from slot 8
[18:35:28.261] [SEVERE ] removing card from slot 9
[18:35:28.373] [SEVERE ] removing card from slot 10
[18:35:28.484] [SEVERE ] removing card from slot 11
[18:35:28.484] [SEVERE ] removing all tokens
[18:35:28.596] [SEVERE ] placing card 33 in slot 11
[18:35:28.707] [SEVERE ] placing card 75 in slot 9
[18:35:28.817] [SEVERE ] placing card 37 in slot 6
[18:35:28.929] [SEVERE ] placing card 40 in slot 7
[18:35:29.040] [SEVERE ] placing card 1 in slot 3
[18:35:29.150] [SEVERE ] placing card 13 in slot 0
[18:35:29.261] [SEVERE ] placing card 31 in slot 5
[18:35:29.371] [SEVERE ] placing card 6 in slot 10
[18:35:29.483] [SEVERE ] placing card 28 in slot 1
[18:35:29.594] [SEVERE ] placing card 44 in slot 8
[18:35:29.705] [SEVERE ] placing card 56 in slot 4
[18:35:29.816] [SEVERE ] placing card 0 in slot 2
[18:35:29.817] [SEVERE ] updating countdown to 10000
[18:35:30.817] [SEVERE ] updating countdown to 9000
[18:35:31.822] [SEVERE ] updating countdown to 8000
[18:35:32.825] [SEVERE ] updating countdown to 7000
[18:35:33.829] [SEVERE ] updating countdown to 6000
[18:35:34.840] [SEVERE ] updating countdown to 5000
