[21:28:51.074] [INFO   ] thread main starting.
[21:28:51.084] [SEVERE ] cannot read configuration file config.properties trying from resources.
[21:28:51.086] [SEVERE ] configuration file was loaded from resources directory.
[21:28:51.590] [INFO   ] thread dealer starting.
[21:28:51.593] [INFO   ] Thread dealer starting.
[21:28:51.602] [INFO   ] Thread Thread-3starting.
[21:28:51.607] [SEVERE ] removing all tokens
[21:28:51.620] [INFO   ] Thread Thread-4starting.
[21:28:51.621] [SEVERE ] placing card 23 in slot 11
[21:28:51.652] [SEVERE ] placing card 68 in slot 10
[21:28:51.667] [SEVERE ] placing card 51 in slot 7
[21:28:51.683] [SEVERE ] placing card 20 in slot 9
[21:28:51.699] [SEVERE ] placing card 57 in slot 3
[21:28:51.715] [SEVERE ] placing card 58 in slot 4
[21:28:51.731] [SEVERE ] placing card 71 in slot 5
[21:28:51.747] [SEVERE ] placing card 74 in slot 1
[21:28:51.762] [SEVERE ] placing card 54 in slot 8
[21:28:51.778] [SEVERE ] placing card 13 in slot 2
[21:28:51.794] [SEVERE ] placing card 1 in slot 6
[21:28:51.809] [SEVERE ] placing card 52 in slot 0
[21:28:51.809] [SEVERE ] updating countdown to 10000
[21:28:52.826] [SEVERE ] updating countdown to 9000
[21:28:53.832] [SEVERE ] updating countdown to 9000
[21:28:54.020] [SEVERE ] updating countdown to 8000
[21:28:55.022] [SEVERE ] updating countdown to 7000
[21:28:57.027] [SEVERE ] updating countdown to 5000
[21:28:58.023] [SEVERE ] updating countdown to 4000
[21:28:59.023] [SEVERE ] updating countdown to 3000
[21:29:01.025] [SEVERE ] updating countdown to 1000
[21:29:02.019] [SEVERE ] updating countdown to 0
[21:29:02.019] [SEVERE ] updating countdown to 0
[21:29:02.020] [SEVERE ] removing all tokens
[21:29:02.035] [SEVERE ] removing card from slot 0
[21:29:02.051] [SEVERE ] removing card from slot 1
[21:29:02.066] [SEVERE ] removing card from slot 2
[21:29:02.082] [SEVERE ] removing card from slot 3
[21:29:02.098] [SEVERE ] removing card from slot 4
[21:29:02.114] [SEVERE ] removing card from slot 5
[21:29:02.130] [SEVERE ] removing card from slot 6
[21:29:02.145] [SEVERE ] removing card from slot 7
[21:29:02.160] [SEVERE ] removing card from slot 8
[21:29:02.176] [SEVERE ] removing card from slot 9
[21:29:02.191] [SEVERE ] removing card from slot 10
[21:29:02.207] [SEVERE ] removing card from slot 11
[21:29:02.207] [SEVERE ] removing all tokens
[21:29:02.223] [SEVERE ] placing card 38 in slot 2
[21:29:02.239] [SEVERE ] placing card 76 in slot 10
[21:29:02.255] [SEVERE ] placing card 2 in slot 8
[21:29:02.271] [SEVERE ] placing card 59 in slot 11
[21:29:02.287] [SEVERE ] placing card 31 in slot 3
[21:29:02.303] [SEVERE ] placing card 16 in slot 6
[21:29:02.319] [SEVERE ] placing card 46 in slot 5
[21:29:02.335] [SEVERE ] placing card 5 in slot 0
[21:29:02.351] [SEVERE ] placing card 58 in slot 9
[21:29:02.367] [SEVERE ] placing card 57 in slot 7
[21:29:02.383] [SEVERE ] placing card 67 in slot 4
[21:29:02.399] [SEVERE ] placing card 19 in slot 1
[21:29:02.399] [SEVERE ] updating countdown to 10000
[21:29:03.411] [SEVERE ] updating countdown to 9000
[21:29:04.424] [SEVERE ] updating countdown to 9000
[21:29:04.613] [SEVERE ] updating countdown to 8000
[21:29:05.610] [SEVERE ] updating countdown to 7000
[21:29:08.611] [SEVERE ] updating countdown to 4000
