[12:47:39.244] [INFO   ] thread main starting.
[12:47:39.254] [SEVERE ] cannot read configuration file config.properties trying from resources.
[12:47:39.256] [SEVERE ] configuration file was loaded from resources directory.
[12:47:39.779] [INFO   ] thread dealer starting.
[12:47:39.780] [INFO   ] Thread dealer starting.
[12:47:39.781] [INFO   ] Thread Thread-1starting.
[12:47:39.783] [INFO   ] Thread Thread-2starting.
[12:47:39.784] [INFO   ] Thread Thread-4starting.
[12:47:39.783] [INFO   ] Thread Thread-3starting.
[12:47:39.785] [INFO   ] Thread computer-0 starting.
[12:47:39.789] [INFO   ] Thread computer-3 starting.
[12:47:39.793] [INFO   ] Thread computer-2 starting.
[12:47:39.801] [INFO   ] Thread computer-1 starting.
[12:47:39.893] [SEVERE ] placing card 18 in slot 10
[12:47:39.993] [SEVERE ] placing card 31 in slot 7
[12:47:40.093] [SEVERE ] placing card 79 in slot 8
[12:47:40.195] [SEVERE ] placing card 19 in slot 1
[12:47:40.296] [SEVERE ] placing card 39 in slot 11
[12:47:40.396] [SEVERE ] placing card 70 in slot 3
[12:47:40.497] [SEVERE ] placing card 5 in slot 5
[12:47:40.597] [SEVERE ] placing card 13 in slot 6
[12:47:40.698] [SEVERE ] placing card 35 in slot 0
[12:47:40.798] [SEVERE ] placing card 16 in slot 2
[12:47:40.898] [SEVERE ] placing card 12 in slot 4
[12:47:40.999] [SEVERE ] placing card 74 in slot 9
[12:47:40.999] [SEVERE ] updating countdown to 60000
[12:47:41.000] [SEVERE ] player 3 placing token on slot 2
[12:47:41.001] [SEVERE ] player 3 placing token on slot 7
[12:47:41.001] [SEVERE ] player 3 placing token on slot 6
[12:47:41.002] [SEVERE ] player 4 placing token on slot 1
[12:47:41.002] [SEVERE ] setting player 3 freeze to 3000
[12:47:41.002] [SEVERE ] player 4 placing token on slot 7
[12:47:41.003] [SEVERE ] player 4 placing token on slot 9
[12:47:41.022] [SEVERE ] updating countdown to 60000
[12:47:41.023] [SEVERE ] setting player 4 freeze to 3000
[12:47:41.026] [SEVERE ] player 1 placing token on slot 3
[12:47:41.027] [SEVERE ] player 1 placing token on slot 2
[12:47:41.028] [SEVERE ] player 1 placing token on slot 5
[12:47:41.032] [SEVERE ] updating countdown to 60000
[12:47:41.032] [SEVERE ] player 2 placing token on slot 5
[12:47:41.032] [SEVERE ] setting player 1 freeze to 3000
[12:47:41.033] [SEVERE ] player 2 placing token on slot 3
[12:47:41.035] [SEVERE ] player 2 placing token on slot 3
[12:47:41.036] [SEVERE ] updating countdown to 60000
[12:47:41.037] [SEVERE ] setting player 2 freeze to 3000
[12:47:41.040] [SEVERE ] updating countdown to 60000
[12:47:42.003] [SEVERE ] setting player 3 freeze to 2000
[12:47:42.027] [SEVERE ] setting player 4 freeze to 2000
[12:47:42.034] [SEVERE ] setting player 1 freeze to 2000
[12:47:42.037] [SEVERE ] setting player 2 freeze to 2000
[12:47:42.041] [SEVERE ] updating countdown to 59000
[12:47:43.003] [SEVERE ] setting player 3 freeze to 1000
[12:47:43.027] [SEVERE ] setting player 4 freeze to 1000
[12:47:43.035] [SEVERE ] setting player 1 freeze to 1000
[12:47:43.037] [SEVERE ] setting player 2 freeze to 1000
[12:47:43.042] [SEVERE ] updating countdown to 58000
[12:47:44.004] [SEVERE ] setting player 3 freeze to 0
[12:47:44.004] [SEVERE ] setting player 3 freeze to 0
[12:47:44.005] [SEVERE ] removing player 3 token from slot 2
[12:47:44.005] [SEVERE ] removing player 3 token from slot 7
[12:47:44.005] [SEVERE ] removing player 3 token from slot 6
[12:47:44.006] [SEVERE ] player 3 placing token on slot 9
[12:47:44.006] [SEVERE ] player 3 placing token on slot 0
[12:47:44.007] [SEVERE ] player 3 placing token on slot 7
[12:47:44.007] [SEVERE ] setting player 3 freeze to 3000
[12:47:44.010] [SEVERE ] updating countdown to 57000
[12:47:44.028] [SEVERE ] setting player 4 freeze to 0
[12:47:44.028] [SEVERE ] setting player 4 freeze to 0
[12:47:44.028] [SEVERE ] removing player 4 token from slot 1
[12:47:44.029] [SEVERE ] removing player 4 token from slot 7
[12:47:44.029] [SEVERE ] removing player 4 token from slot 9
[12:47:44.030] [SEVERE ] player 4 placing token on slot 4
[12:47:44.030] [SEVERE ] player 4 placing token on slot 8
[12:47:44.031] [SEVERE ] player 4 placing token on slot 11
[12:47:44.031] [SEVERE ] setting player 4 freeze to 3000
[12:47:44.034] [SEVERE ] updating countdown to 57000
[12:47:44.035] [SEVERE ] setting player 1 freeze to 0
[12:47:44.035] [SEVERE ] setting player 1 freeze to 0
[12:47:44.036] [SEVERE ] removing player 1 token from slot 3
[12:47:44.036] [SEVERE ] removing player 1 token from slot 2
[12:47:44.037] [SEVERE ] removing player 1 token from slot 5
[12:47:44.037] [SEVERE ] player 1 placing token on slot 8
[12:47:44.038] [SEVERE ] player 1 placing token on slot 9
[12:47:44.038] [SEVERE ] player 1 placing token on slot 10
[12:47:44.038] [SEVERE ] setting player 2 freeze to 0
[12:47:44.039] [SEVERE ] setting player 2 freeze to 0
[12:47:44.039] [SEVERE ] removing player 2 token from slot 5
[12:47:44.038] [SEVERE ] setting player 1 freeze to 3000
[12:47:44.040] [SEVERE ] removing player 2 token from slot 3
[12:47:44.041] [SEVERE ] removing player 2 token from slot 3
[12:47:44.041] [SEVERE ] updating countdown to 57000
[12:47:44.041] [SEVERE ] player 2 placing token on slot 5
[12:47:44.042] [SEVERE ] player 2 placing token on slot 3
[12:47:44.042] [SEVERE ] player 2 placing token on slot 4
[12:47:44.043] [SEVERE ] setting player 2 freeze to 3000
[12:47:44.045] [SEVERE ] updating countdown to 57000
[12:47:45.008] [SEVERE ] setting player 3 freeze to 2000
[12:47:45.032] [SEVERE ] setting player 4 freeze to 2000
[12:47:45.040] [SEVERE ] setting player 1 freeze to 2000
[12:47:45.043] [SEVERE ] setting player 2 freeze to 2000
[12:47:45.045] [SEVERE ] updating countdown to 56000
[12:47:46.009] [SEVERE ] setting player 3 freeze to 1000
[12:47:46.032] [SEVERE ] setting player 4 freeze to 1000
[12:47:46.041] [SEVERE ] setting player 1 freeze to 1000
[12:47:46.044] [SEVERE ] setting player 2 freeze to 1000
[12:47:46.046] [SEVERE ] updating countdown to 55000
