[22:36:17.805] [INFO   ] thread main starting.
[22:36:17.814] [SEVERE ] cannot read configuration file config.properties trying from resources.
[22:36:17.816] [SEVERE ] configuration file was loaded from resources directory.
[22:36:18.368] [INFO   ] thread dealer starting.
[22:36:18.370] [INFO   ] Thread dealer starting.
[22:36:18.371] [INFO   ] Thread Thread-3starting.
[22:36:18.371] [INFO   ] Thread Thread-4starting.
[22:36:18.373] [INFO   ] Thread computer-1 starting.
[22:36:18.497] [SEVERE ] placing card 63 in slot 10
[22:36:18.606] [SEVERE ] placing card 62 in slot 5
[22:36:18.714] [SEVERE ] placing card 33 in slot 3
[22:36:18.822] [SEVERE ] placing card 57 in slot 1
[22:36:18.931] [SEVERE ] placing card 45 in slot 6
[22:36:19.038] [SEVERE ] placing card 69 in slot 8
[22:36:19.146] [SEVERE ] placing card 26 in slot 2
[22:36:19.256] [SEVERE ] placing card 48 in slot 7
[22:36:19.366] [SEVERE ] placing card 25 in slot 9
[22:36:19.476] [SEVERE ] placing card 30 in slot 4
[22:36:19.587] [SEVERE ] placing card 20 in slot 0
[22:36:19.696] [SEVERE ] placing card 15 in slot 11
[22:36:19.696] [SEVERE ] updating countdown to 60000
[22:36:19.698] [SEVERE ] player 2 placing token on slot 9
[22:36:19.699] [SEVERE ] player 2 placing token on slot 10
[22:36:19.699] [SEVERE ] player 2 placing token on slot 7
[22:36:19.700] [SEVERE ] setting player 2 freeze to 3000
[22:36:19.725] [SEVERE ] updating countdown to 60000
[22:36:20.713] [SEVERE ] setting player 2 freeze to 2000
[22:36:20.729] [SEVERE ] updating countdown to 59000
[22:36:21.726] [SEVERE ] setting player 2 freeze to 1000
[22:36:21.742] [SEVERE ] updating countdown to 58000
[22:36:22.729] [SEVERE ] setting player 2 freeze to 0
[22:36:22.729] [SEVERE ] setting player 2 freeze to 0
[22:36:22.729] [SEVERE ] removing player 2 token from slot 9
[22:36:22.730] [SEVERE ] removing player 2 token from slot 10
[22:36:22.730] [SEVERE ] removing player 2 token from slot 7
[22:36:22.730] [SEVERE ] player 2 placing token on slot 1
[22:36:22.730] [SEVERE ] player 2 placing token on slot 8
[22:36:22.731] [SEVERE ] player 2 placing token on slot 5
[22:36:22.731] [SEVERE ] setting player 2 freeze to 3000
[22:36:22.735] [SEVERE ] updating countdown to 57000
[22:36:23.736] [SEVERE ] setting player 2 freeze to 2000
[22:36:23.736] [SEVERE ] updating countdown to 56000
[22:36:24.750] [SEVERE ] setting player 2 freeze to 1000
[22:36:24.750] [SEVERE ] updating countdown to 55000
[22:36:25.414] [SEVERE ] key 81 was pressed by player 1
[22:36:25.415] [SEVERE ] player 1 placing token on slot 0
[22:36:25.766] [SEVERE ] setting player 2 freeze to 0
[22:36:25.766] [SEVERE ] updating countdown to 54000
[22:36:25.766] [SEVERE ] setting player 2 freeze to 0
[22:36:25.766] [SEVERE ] removing player 2 token from slot 1
[22:36:25.766] [SEVERE ] removing player 2 token from slot 8
[22:36:25.766] [SEVERE ] removing player 2 token from slot 5
[22:36:25.766] [SEVERE ] player 2 placing token on slot 8
[22:36:25.766] [SEVERE ] player 2 placing token on slot 4
[22:36:25.767] [SEVERE ] player 2 placing token on slot 10
[22:36:25.767] [SEVERE ] setting player 2 freeze to 3000
[22:36:25.771] [SEVERE ] updating countdown to 54000
[22:36:26.076] [SEVERE ] key 81 was pressed by player 1
[22:36:26.076] [SEVERE ] removing player 1 token from slot 0
[22:36:26.781] [SEVERE ] setting player 2 freeze to 2000
[22:36:26.781] [SEVERE ] updating countdown to 53000
[22:36:26.804] [SEVERE ] key 81 was pressed by player 1
[22:36:26.805] [SEVERE ] player 1 placing token on slot 0
[22:36:27.576] [SEVERE ] key 81 was pressed by player 1
[22:36:27.576] [SEVERE ] removing player 1 token from slot 0
[22:36:27.785] [SEVERE ] setting player 2 freeze to 1000
[22:36:27.785] [SEVERE ] updating countdown to 52000
[22:36:28.029] [SEVERE ] key 81 was pressed by player 1
[22:36:28.029] [SEVERE ] player 1 placing token on slot 0
[22:36:28.572] [SEVERE ] key 81 was pressed by player 1
[22:36:28.572] [SEVERE ] removing player 1 token from slot 0
[22:36:28.785] [SEVERE ] setting player 2 freeze to 0
[22:36:28.785] [SEVERE ] setting player 2 freeze to 0
[22:36:28.786] [SEVERE ] removing player 2 token from slot 8
[22:36:28.786] [SEVERE ] removing player 2 token from slot 4
[22:36:28.786] [SEVERE ] removing player 2 token from slot 10
[22:36:28.786] [SEVERE ] player 2 placing token on slot 10
[22:36:28.786] [SEVERE ] player 2 placing token on slot 5
[22:36:28.786] [SEVERE ] player 2 placing token on slot 8
[22:36:28.787] [SEVERE ] setting player 2 freeze to 3000
[22:36:28.791] [SEVERE ] updating countdown to 51000
[22:36:29.155] [SEVERE ] key 81 was pressed by player 1
[22:36:29.155] [SEVERE ] player 1 placing token on slot 0
[22:36:29.790] [SEVERE ] setting player 2 freeze to 2000
[22:36:29.806] [SEVERE ] updating countdown to 50000
[22:36:29.962] [SEVERE ] key 81 was pressed by player 1
[22:36:29.962] [SEVERE ] removing player 1 token from slot 0
[22:36:30.665] [SEVERE ] key 87 was pressed by player 1
[22:36:30.665] [SEVERE ] player 1 placing token on slot 1
[22:36:30.792] [SEVERE ] setting player 2 freeze to 1000
[22:36:30.808] [SEVERE ] updating countdown to 49000
[22:36:31.303] [SEVERE ] key 87 was pressed by player 1
[22:36:31.303] [SEVERE ] removing player 1 token from slot 1
[22:36:31.793] [SEVERE ] setting player 2 freeze to 0
[22:36:31.794] [SEVERE ] setting player 2 freeze to 0
[22:36:31.794] [SEVERE ] removing player 2 token from slot 10
[22:36:31.794] [SEVERE ] removing player 2 token from slot 5
[22:36:31.794] [SEVERE ] removing player 2 token from slot 8
[22:36:31.794] [SEVERE ] player 2 placing token on slot 4
[22:36:31.794] [SEVERE ] player 2 placing token on slot 5
[22:36:31.794] [SEVERE ] player 2 placing token on slot 2
[22:36:31.795] [SEVERE ] setting player 2 freeze to 3000
[22:36:31.798] [SEVERE ] updating countdown to 48000
[22:36:32.110] [SEVERE ] key 69 was pressed by player 1
[22:36:32.110] [SEVERE ] player 1 placing token on slot 2
[22:36:32.678] [SEVERE ] key 69 was pressed by player 1
[22:36:32.678] [SEVERE ] removing player 1 token from slot 2
[22:36:32.804] [SEVERE ] setting player 2 freeze to 2000
[22:36:32.804] [SEVERE ] updating countdown to 47000
[22:36:33.111] [SEVERE ] key 82 was pressed by player 1
[22:36:33.111] [SEVERE ] player 1 placing token on slot 3
[22:36:33.530] [SEVERE ] key 82 was pressed by player 1
[22:36:33.530] [SEVERE ] removing player 1 token from slot 3
[22:36:33.812] [SEVERE ] setting player 2 freeze to 1000
[22:36:33.812] [SEVERE ] updating countdown to 46000
[22:36:34.362] [SEVERE ] key 82 was pressed by player 1
[22:36:34.362] [SEVERE ] player 1 placing token on slot 3
[22:36:34.817] [SEVERE ] setting player 2 freeze to 0
[22:36:34.817] [SEVERE ] updating countdown to 45000
[22:36:34.817] [SEVERE ] setting player 2 freeze to 0
[22:36:34.817] [SEVERE ] removing player 2 token from slot 4
[22:36:34.817] [SEVERE ] removing player 2 token from slot 5
[22:36:34.817] [SEVERE ] removing player 2 token from slot 2
[22:36:34.818] [SEVERE ] player 2 placing token on slot 5
[22:36:34.818] [SEVERE ] player 2 placing token on slot 2
[22:36:34.818] [SEVERE ] player 2 placing token on slot 11
[22:36:34.818] [SEVERE ] setting player 2 freeze to 3000
[22:36:34.820] [SEVERE ] updating countdown to 45000
[22:36:35.005] [SEVERE ] key 82 was pressed by player 1
[22:36:35.006] [SEVERE ] removing player 1 token from slot 3
[22:36:35.818] [SEVERE ] setting player 2 freeze to 2000
[22:36:35.834] [SEVERE ] updating countdown to 44000
[22:36:36.823] [SEVERE ] setting player 2 freeze to 1000
[22:36:36.839] [SEVERE ] updating countdown to 43000
[22:36:37.825] [SEVERE ] setting player 2 freeze to 0
[22:36:37.825] [SEVERE ] setting player 2 freeze to 0
[22:36:37.825] [SEVERE ] removing player 2 token from slot 5
[22:36:37.825] [SEVERE ] removing player 2 token from slot 2
[22:36:37.825] [SEVERE ] removing player 2 token from slot 11
[22:36:37.825] [SEVERE ] player 2 placing token on slot 3
[22:36:37.826] [SEVERE ] player 2 placing token on slot 10
[22:36:37.826] [SEVERE ] player 2 placing token on slot 1
[22:36:37.826] [SEVERE ] setting player 2 freeze to 3000
[22:36:37.828] [SEVERE ] updating countdown to 42000
[22:36:38.838] [SEVERE ] setting player 2 freeze to 2000
[22:36:38.838] [SEVERE ] updating countdown to 41000
[22:36:39.840] [SEVERE ] setting player 2 freeze to 1000
[22:36:39.840] [SEVERE ] updating countdown to 40000
[22:36:40.843] [SEVERE ] setting player 2 freeze to 0
[22:36:40.843] [SEVERE ] updating countdown to 39000
[22:36:40.843] [SEVERE ] setting player 2 freeze to 0
[22:36:40.843] [SEVERE ] removing player 2 token from slot 3
[22:36:40.844] [SEVERE ] removing player 2 token from slot 10
[22:36:40.844] [SEVERE ] removing player 2 token from slot 1
[22:36:40.844] [SEVERE ] player 2 placing token on slot 6
[22:36:40.844] [SEVERE ] player 2 placing token on slot 2
[22:36:40.844] [SEVERE ] player 2 placing token on slot 9
[22:36:40.844] [SEVERE ] setting player 2 freeze to 3000
[22:36:40.846] [SEVERE ] updating countdown to 39000
[22:36:41.848] [SEVERE ] setting player 2 freeze to 2000
[22:36:41.848] [SEVERE ] updating countdown to 38000
[22:36:42.852] [SEVERE ] setting player 2 freeze to 1000
[22:36:42.852] [SEVERE ] updating countdown to 37000
[22:36:43.866] [SEVERE ] setting player 2 freeze to 0
[22:36:43.866] [SEVERE ] updating countdown to 36000
[22:36:43.866] [SEVERE ] setting player 2 freeze to 0
[22:36:43.866] [SEVERE ] removing player 2 token from slot 6
[22:36:43.866] [SEVERE ] removing player 2 token from slot 2
[22:36:43.867] [SEVERE ] removing player 2 token from slot 9
[22:36:43.867] [SEVERE ] player 2 placing token on slot 5
[22:36:43.867] [SEVERE ] player 2 placing token on slot 11
[22:36:43.867] [SEVERE ] player 2 placing token on slot 8
[22:36:43.867] [SEVERE ] setting player 2 freeze to 3000
[22:36:43.870] [SEVERE ] updating countdown to 36000
[22:36:44.880] [SEVERE ] setting player 2 freeze to 2000
[22:36:44.880] [SEVERE ] updating countdown to 35000
[22:36:45.890] [SEVERE ] setting player 2 freeze to 1000
[22:36:45.890] [SEVERE ] updating countdown to 34000
[22:36:46.893] [SEVERE ] setting player 2 freeze to 0
[22:36:46.893] [SEVERE ] updating countdown to 33000
[22:36:46.893] [SEVERE ] setting player 2 freeze to 0
[22:36:46.893] [SEVERE ] removing player 2 token from slot 5
[22:36:46.893] [SEVERE ] removing player 2 token from slot 11
[22:36:46.893] [SEVERE ] removing player 2 token from slot 8
[22:36:46.894] [SEVERE ] player 2 placing token on slot 1
[22:36:46.894] [SEVERE ] player 2 placing token on slot 11
[22:36:46.894] [SEVERE ] player 2 placing token on slot 8
[22:36:46.894] [SEVERE ] setting player 2 freeze to 3000
[22:36:46.895] [SEVERE ] updating countdown to 33000
[22:36:47.909] [SEVERE ] setting player 2 freeze to 2000
[22:36:47.909] [SEVERE ] updating countdown to 32000
[22:36:48.923] [SEVERE ] setting player 2 freeze to 1000
[22:36:48.923] [SEVERE ] updating countdown to 31000
[22:36:49.930] [SEVERE ] setting player 2 freeze to 0
[22:36:49.930] [SEVERE ] updating countdown to 30000
[22:36:49.930] [SEVERE ] setting player 2 freeze to 0
[22:36:49.930] [SEVERE ] removing player 2 token from slot 1
[22:36:49.930] [SEVERE ] removing player 2 token from slot 11
[22:36:49.930] [SEVERE ] removing player 2 token from slot 8
[22:36:49.931] [SEVERE ] player 2 placing token on slot 11
[22:36:49.931] [SEVERE ] player 2 placing token on slot 7
[22:36:49.931] [SEVERE ] player 2 placing token on slot 9
[22:36:49.931] [SEVERE ] setting player 2 freeze to 3000
[22:36:49.933] [SEVERE ] updating countdown to 30000
[22:36:50.944] [SEVERE ] setting player 2 freeze to 2000
[22:36:50.944] [SEVERE ] updating countdown to 29000
[22:36:51.944] [SEVERE ] setting player 2 freeze to 1000
[22:36:51.959] [SEVERE ] updating countdown to 28000
[22:36:52.955] [SEVERE ] setting player 2 freeze to 0
[22:36:52.955] [SEVERE ] setting player 2 freeze to 0
[22:36:52.955] [SEVERE ] removing player 2 token from slot 11
[22:36:52.956] [SEVERE ] removing player 2 token from slot 7
[22:36:52.956] [SEVERE ] removing player 2 token from slot 9
[22:36:52.956] [SEVERE ] player 2 placing token on slot 9
[22:36:52.956] [SEVERE ] player 2 placing token on slot 10
[22:36:52.956] [SEVERE ] player 2 placing token on slot 4
[22:36:52.956] [SEVERE ] setting player 2 freeze to 3000
[22:36:52.958] [SEVERE ] updating countdown to 27000
[22:36:53.963] [SEVERE ] setting player 2 freeze to 2000
[22:36:53.963] [SEVERE ] updating countdown to 26000
[22:36:54.964] [SEVERE ] setting player 2 freeze to 1000
[22:36:54.979] [SEVERE ] updating countdown to 25000
[22:36:55.974] [SEVERE ] setting player 2 freeze to 0
[22:36:55.974] [SEVERE ] setting player 2 freeze to 0
[22:36:55.974] [SEVERE ] removing player 2 token from slot 9
[22:36:55.975] [SEVERE ] removing player 2 token from slot 10
[22:36:55.975] [SEVERE ] removing player 2 token from slot 4
[22:36:55.975] [SEVERE ] player 2 placing token on slot 10
[22:36:55.975] [SEVERE ] player 2 placing token on slot 7
[22:36:55.975] [SEVERE ] player 2 placing token on slot 0
[22:36:55.975] [SEVERE ] setting player 2 freeze to 3000
[22:36:55.977] [SEVERE ] updating countdown to 24000
[22:36:56.975] [SEVERE ] setting player 2 freeze to 2000
[22:36:56.990] [SEVERE ] updating countdown to 23000
[22:36:57.987] [SEVERE ] setting player 2 freeze to 1000
[22:36:58.002] [SEVERE ] updating countdown to 22000
[22:36:58.997] [SEVERE ] setting player 2 freeze to 0
[22:36:58.998] [SEVERE ] setting player 2 freeze to 0
[22:36:58.998] [SEVERE ] removing player 2 token from slot 10
[22:36:58.998] [SEVERE ] removing player 2 token from slot 7
[22:36:58.998] [SEVERE ] removing player 2 token from slot 0
[22:36:58.998] [SEVERE ] player 2 placing token on slot 10
[22:36:58.998] [SEVERE ] player 2 placing token on slot 8
[22:36:58.998] [SEVERE ] player 2 placing token on slot 6
[22:36:58.998] [SEVERE ] setting player 2 freeze to 3000
[22:36:59.000] [SEVERE ] updating countdown to 21000
[22:37:00.003] [SEVERE ] setting player 2 freeze to 2000
[22:37:00.003] [SEVERE ] updating countdown to 20000
[22:37:01.008] [SEVERE ] setting player 2 freeze to 1000
[22:37:01.008] [SEVERE ] updating countdown to 19000
[22:37:02.011] [SEVERE ] setting player 2 freeze to 0
[22:37:02.011] [SEVERE ] updating countdown to 18000
[22:37:02.012] [SEVERE ] setting player 2 freeze to 0
[22:37:02.012] [SEVERE ] removing player 2 token from slot 10
[22:37:02.012] [SEVERE ] removing player 2 token from slot 8
[22:37:02.012] [SEVERE ] removing player 2 token from slot 6
[22:37:02.012] [SEVERE ] player 2 placing token on slot 0
[22:37:02.012] [SEVERE ] player 2 placing token on slot 4
[22:37:02.012] [SEVERE ] player 2 placing token on slot 9
[22:37:02.012] [SEVERE ] setting player 2 freeze to 3000
[22:37:02.014] [SEVERE ] updating countdown to 18000
[22:37:03.014] [SEVERE ] setting player 2 freeze to 2000
[22:37:03.030] [SEVERE ] updating countdown to 17000
[22:37:04.024] [SEVERE ] setting player 2 freeze to 1000
[22:37:04.040] [SEVERE ] updating countdown to 16000
[22:37:05.036] [SEVERE ] setting player 2 freeze to 0
[22:37:05.036] [SEVERE ] setting player 2 freeze to 0
[22:37:05.036] [SEVERE ] removing player 2 token from slot 0
[22:37:05.036] [SEVERE ] removing player 2 token from slot 4
[22:37:05.036] [SEVERE ] removing player 2 token from slot 9
[22:37:05.036] [SEVERE ] player 2 placing token on slot 10
[22:37:05.036] [SEVERE ] player 2 placing token on slot 0
[22:37:05.036] [SEVERE ] player 2 placing token on slot 2
[22:37:05.037] [SEVERE ] setting player 2 freeze to 3000
[22:37:05.039] [SEVERE ] updating countdown to 15000
[22:37:06.051] [SEVERE ] setting player 2 freeze to 2000
[22:37:06.051] [SEVERE ] updating countdown to 13000
[22:37:07.056] [SEVERE ] setting player 2 freeze to 1000
[22:37:07.056] [SEVERE ] updating countdown to 12000
[22:37:07.695] [SEVERE ] key 86 was pressed by player 1
[22:37:07.696] [SEVERE ] player 1 placing token on slot 11
[22:37:08.058] [SEVERE ] setting player 2 freeze to 0
[22:37:08.058] [SEVERE ] updating countdown to 11000
[22:37:08.058] [SEVERE ] setting player 2 freeze to 0
[22:37:08.058] [SEVERE ] removing player 2 token from slot 10
[22:37:08.058] [SEVERE ] removing player 2 token from slot 0
[22:37:08.058] [SEVERE ] removing player 2 token from slot 2
[22:37:08.059] [SEVERE ] player 2 placing token on slot 9
[22:37:08.059] [SEVERE ] player 2 placing token on slot 6
[22:37:08.059] [SEVERE ] player 2 placing token on slot 11
[22:37:08.059] [SEVERE ] setting player 2 freeze to 3000
[22:37:08.060] [SEVERE ] updating countdown to 11000
[22:37:08.542] [SEVERE ] key 86 was pressed by player 1
[22:37:08.542] [SEVERE ] removing player 1 token from slot 11
[22:37:09.069] [SEVERE ] setting player 2 freeze to 2000
[22:37:09.069] [SEVERE ] updating countdown to 10000
[22:37:10.084] [SEVERE ] setting player 2 freeze to 1000
[22:37:10.084] [SEVERE ] updating countdown to 9000
[22:37:11.097] [SEVERE ] setting player 2 freeze to 0
[22:37:11.097] [SEVERE ] updating countdown to 8000
[22:37:11.097] [SEVERE ] setting player 2 freeze to 0
[22:37:11.097] [SEVERE ] removing player 2 token from slot 9
[22:37:11.097] [SEVERE ] removing player 2 token from slot 6
[22:37:11.097] [SEVERE ] removing player 2 token from slot 11
[22:37:11.097] [SEVERE ] player 2 placing token on slot 3
[22:37:11.097] [SEVERE ] player 2 placing token on slot 7
[22:37:11.097] [SEVERE ] player 2 placing token on slot 2
[22:37:11.097] [SEVERE ] setting player 2 freeze to 3000
[22:37:11.099] [SEVERE ] updating countdown to 8000
[22:37:11.124] [SEVERE ] key 86 was pressed by player 1
[22:37:11.124] [SEVERE ] player 1 placing token on slot 11
[22:37:11.691] [SEVERE ] key 68 was pressed by player 1
[22:37:11.692] [SEVERE ] player 1 placing token on slot 6
[22:37:12.109] [SEVERE ] setting player 2 freeze to 2000
[22:37:12.109] [SEVERE ] updating countdown to 7000
[22:37:13.112] [SEVERE ] setting player 2 freeze to 1000
[22:37:13.112] [SEVERE ] updating countdown to 6000
[22:37:13.999] [SEVERE ] key 87 was pressed by player 1
[22:37:13.999] [SEVERE ] player 1 placing token on slot 1
[22:37:13.999] [SEVERE ] setting player 1 score to 1
[22:37:14.109] [SEVERE ] removing card from slot 11
[22:37:14.109] [SEVERE ] removing tokens from slot 11
[22:37:14.125] [SEVERE ] setting player 2 freeze to 0
[22:37:14.125] [SEVERE ] setting player 2 freeze to 0
[22:37:14.126] [SEVERE ] removing player 2 token from slot 3
[22:37:14.126] [SEVERE ] removing player 2 token from slot 7
[22:37:14.126] [SEVERE ] removing player 2 token from slot 2
[22:37:14.221] [SEVERE ] removing card from slot 6
[22:37:14.221] [SEVERE ] removing tokens from slot 6
[22:37:14.333] [SEVERE ] removing card from slot 1
[22:37:14.333] [SEVERE ] removing tokens from slot 1
[22:37:14.443] [SEVERE ] placing card 1 in slot 11
[22:37:14.554] [SEVERE ] placing card 27 in slot 6
[22:37:14.664] [SEVERE ] placing card 66 in slot 1
[22:37:14.664] [SEVERE ] player 2 placing token on slot 6
[22:37:14.664] [SEVERE ] player 2 placing token on slot 9
[22:37:14.664] [SEVERE ] player 2 placing token on slot 11
[22:37:14.665] [SEVERE ] updating countdown to 60000
[22:37:14.666] [SEVERE ] setting player 2 freeze to 3000
[22:37:14.667] [SEVERE ] updating countdown to 60000
[22:37:15.681] [SEVERE ] setting player 2 freeze to 2000
[22:37:15.681] [SEVERE ] updating countdown to 59000
[22:37:16.695] [SEVERE ] setting player 2 freeze to 1000
[22:37:16.695] [SEVERE ] updating countdown to 58000
[22:37:17.710] [SEVERE ] setting player 2 freeze to 0
[22:37:17.710] [SEVERE ] updating countdown to 57000
[22:37:17.711] [SEVERE ] setting player 2 freeze to 0
[22:37:17.711] [SEVERE ] removing player 2 token from slot 6
[22:37:17.711] [SEVERE ] removing player 2 token from slot 9
[22:37:17.711] [SEVERE ] removing player 2 token from slot 11
[22:37:17.711] [SEVERE ] player 2 placing token on slot 5
[22:37:17.711] [SEVERE ] player 2 placing token on slot 2
[22:37:17.711] [SEVERE ] player 2 placing token on slot 3
[22:37:17.711] [SEVERE ] setting player 2 freeze to 3000
[22:37:17.712] [SEVERE ] updating countdown to 57000
[22:37:18.722] [SEVERE ] setting player 2 freeze to 2000
[22:37:18.722] [SEVERE ] updating countdown to 56000
[22:37:19.737] [SEVERE ] setting player 2 freeze to 1000
[22:37:19.737] [SEVERE ] updating countdown to 55000
[22:37:20.738] [SEVERE ] setting player 2 freeze to 0
[22:37:20.738] [SEVERE ] updating countdown to 54000
[22:37:20.738] [SEVERE ] setting player 2 freeze to 0
[22:37:20.738] [SEVERE ] removing player 2 token from slot 5
[22:37:20.738] [SEVERE ] removing player 2 token from slot 2
[22:37:20.738] [SEVERE ] removing player 2 token from slot 3
[22:37:20.738] [SEVERE ] player 2 placing token on slot 8
[22:37:20.738] [SEVERE ] player 2 placing token on slot 9
[22:37:20.738] [SEVERE ] player 2 placing token on slot 0
[22:37:20.739] [SEVERE ] setting player 2 freeze to 3000
[22:37:20.740] [SEVERE ] updating countdown to 54000
[22:37:21.741] [SEVERE ] setting player 2 freeze to 2000
[22:37:21.741] [SEVERE ] updating countdown to 53000
[22:37:22.749] [SEVERE ] setting player 2 freeze to 1000
[22:37:22.749] [SEVERE ] updating countdown to 52000
[22:37:23.762] [SEVERE ] setting player 2 freeze to 0
[22:37:23.762] [SEVERE ] updating countdown to 51000
[22:37:23.762] [SEVERE ] setting player 2 freeze to 0
[22:37:23.762] [SEVERE ] removing player 2 token from slot 8
[22:37:23.762] [SEVERE ] removing player 2 token from slot 9
[22:37:23.762] [SEVERE ] removing player 2 token from slot 0
[22:37:23.763] [SEVERE ] player 2 placing token on slot 5
[22:37:23.763] [SEVERE ] player 2 placing token on slot 10
[22:37:23.763] [SEVERE ] player 2 placing token on slot 7
[22:37:23.763] [SEVERE ] setting player 2 freeze to 3000
[22:37:23.765] [SEVERE ] updating countdown to 51000
[22:37:24.778] [SEVERE ] setting player 2 freeze to 2000
[22:37:24.778] [SEVERE ] updating countdown to 50000
[22:37:25.792] [SEVERE ] setting player 2 freeze to 1000
[22:37:25.792] [SEVERE ] updating countdown to 49000
[22:37:26.805] [SEVERE ] updating countdown to 48000
[22:37:26.805] [SEVERE ] setting player 2 freeze to 0
[22:37:26.805] [SEVERE ] setting player 2 freeze to 0
[22:37:26.805] [SEVERE ] removing player 2 token from slot 5
[22:37:26.806] [SEVERE ] removing player 2 token from slot 10
[22:37:26.806] [SEVERE ] removing player 2 token from slot 7
[22:37:26.806] [SEVERE ] player 2 placing token on slot 2
[22:37:26.806] [SEVERE ] player 2 placing token on slot 3
[22:37:26.806] [SEVERE ] player 2 placing token on slot 0
[22:37:26.806] [SEVERE ] setting player 2 freeze to 3000
[22:37:26.808] [SEVERE ] updating countdown to 48000
[22:37:27.817] [SEVERE ] setting player 2 freeze to 2000
[22:37:27.817] [SEVERE ] updating countdown to 47000
[22:37:28.829] [SEVERE ] setting player 2 freeze to 1000
[22:37:28.829] [SEVERE ] updating countdown to 46000
[22:37:29.842] [SEVERE ] setting player 2 freeze to 0
[22:37:29.842] [SEVERE ] updating countdown to 45000
[22:37:29.842] [SEVERE ] setting player 2 freeze to 0
[22:37:29.842] [SEVERE ] removing player 2 token from slot 2
[22:37:29.842] [SEVERE ] removing player 2 token from slot 3
[22:37:29.842] [SEVERE ] removing player 2 token from slot 0
[22:37:29.842] [SEVERE ] player 2 placing token on slot 8
[22:37:29.842] [SEVERE ] player 2 placing token on slot 3
[22:37:29.842] [SEVERE ] player 2 placing token on slot 2
[22:37:29.842] [SEVERE ] setting player 2 freeze to 3000
[22:37:29.843] [SEVERE ] updating countdown to 45000
[22:37:30.858] [SEVERE ] setting player 2 freeze to 2000
[22:37:30.858] [SEVERE ] updating countdown to 44000
[22:37:31.873] [SEVERE ] setting player 2 freeze to 1000
[22:37:31.873] [SEVERE ] updating countdown to 43000
[22:37:32.878] [SEVERE ] setting player 2 freeze to 0
[22:37:32.878] [SEVERE ] updating countdown to 42000
[22:37:32.878] [SEVERE ] setting player 2 freeze to 0
[22:37:32.878] [SEVERE ] removing player 2 token from slot 8
[22:37:32.878] [SEVERE ] removing player 2 token from slot 3
[22:37:32.878] [SEVERE ] removing player 2 token from slot 2
[22:37:32.878] [SEVERE ] player 2 placing token on slot 2
[22:37:32.878] [SEVERE ] player 2 placing token on slot 1
[22:37:32.878] [SEVERE ] player 2 placing token on slot 11
[22:37:32.879] [SEVERE ] setting player 2 freeze to 3000
[22:37:32.879] [SEVERE ] updating countdown to 42000
[22:37:33.886] [SEVERE ] updating countdown to 41000
[22:37:33.886] [SEVERE ] setting player 2 freeze to 2000
[22:37:34.901] [SEVERE ] setting player 2 freeze to 1000
[22:37:34.901] [SEVERE ] updating countdown to 40000
[22:37:35.916] [SEVERE ] setting player 2 freeze to 0
[22:37:35.916] [SEVERE ] updating countdown to 39000
[22:37:35.916] [SEVERE ] setting player 2 freeze to 0
[22:37:35.916] [SEVERE ] removing player 2 token from slot 2
[22:37:35.916] [SEVERE ] removing player 2 token from slot 1
[22:37:35.916] [SEVERE ] removing player 2 token from slot 11
[22:37:35.916] [SEVERE ] player 2 placing token on slot 10
[22:37:35.916] [SEVERE ] player 2 placing token on slot 4
[22:37:35.916] [SEVERE ] player 2 placing token on slot 1
[22:37:35.917] [SEVERE ] setting player 2 freeze to 3000
[22:37:35.917] [SEVERE ] updating countdown to 39000
[22:37:36.929] [SEVERE ] setting player 2 freeze to 2000
[22:37:36.929] [SEVERE ] updating countdown to 38000
[22:37:37.942] [SEVERE ] setting player 2 freeze to 1000
[22:37:37.942] [SEVERE ] updating countdown to 37000
[22:37:38.952] [SEVERE ] setting player 2 freeze to 0
[22:37:38.952] [SEVERE ] updating countdown to 36000
[22:37:38.952] [SEVERE ] setting player 2 freeze to 0
[22:37:38.952] [SEVERE ] removing player 2 token from slot 10
[22:37:38.952] [SEVERE ] removing player 2 token from slot 4
[22:37:38.952] [SEVERE ] removing player 2 token from slot 1
[22:37:38.952] [SEVERE ] player 2 placing token on slot 6
[22:37:38.952] [SEVERE ] player 2 placing token on slot 9
[22:37:38.952] [SEVERE ] player 2 placing token on slot 8
[22:37:38.952] [SEVERE ] setting player 2 freeze to 3000
[22:37:38.954] [SEVERE ] updating countdown to 36000
[22:37:39.965] [SEVERE ] setting player 2 freeze to 2000
[22:37:39.965] [SEVERE ] updating countdown to 35000
[22:37:40.968] [SEVERE ] setting player 2 freeze to 1000
[22:37:40.968] [SEVERE ] updating countdown to 34000
[22:37:41.971] [SEVERE ] setting player 2 freeze to 0
[22:37:41.971] [SEVERE ] updating countdown to 33000
[22:37:41.971] [SEVERE ] setting player 2 freeze to 0
[22:37:41.971] [SEVERE ] removing player 2 token from slot 6
[22:37:41.971] [SEVERE ] removing player 2 token from slot 9
[22:37:41.971] [SEVERE ] removing player 2 token from slot 8
[22:37:41.971] [SEVERE ] player 2 placing token on slot 9
[22:37:41.971] [SEVERE ] player 2 placing token on slot 5
[22:37:41.971] [SEVERE ] player 2 placing token on slot 6
[22:37:41.972] [SEVERE ] setting player 2 freeze to 3000
[22:37:41.972] [SEVERE ] updating countdown to 33000
[22:37:42.986] [SEVERE ] setting player 2 freeze to 2000
[22:37:42.986] [SEVERE ] updating countdown to 32000
[22:37:43.986] [SEVERE ] updating countdown to 31000
[22:37:43.986] [SEVERE ] setting player 2 freeze to 1000
[22:37:44.988] [SEVERE ] setting player 2 freeze to 0
[22:37:44.988] [SEVERE ] updating countdown to 30000
[22:37:44.988] [SEVERE ] setting player 2 freeze to 0
[22:37:44.988] [SEVERE ] removing player 2 token from slot 9
[22:37:44.988] [SEVERE ] removing player 2 token from slot 5
[22:37:44.988] [SEVERE ] removing player 2 token from slot 6
[22:37:44.988] [SEVERE ] player 2 placing token on slot 1
[22:37:44.988] [SEVERE ] player 2 placing token on slot 7
[22:37:44.989] [SEVERE ] player 2 placing token on slot 3
[22:37:44.989] [SEVERE ] setting player 2 freeze to 3000
[22:37:44.990] [SEVERE ] updating countdown to 30000
[22:37:46.003] [SEVERE ] setting player 2 freeze to 2000
[22:37:46.003] [SEVERE ] updating countdown to 29000
[22:37:47.006] [SEVERE ] setting player 2 freeze to 1000
[22:37:47.006] [SEVERE ] updating countdown to 28000
[22:37:48.020] [SEVERE ] setting player 2 freeze to 0
[22:37:48.020] [SEVERE ] updating countdown to 27000
[22:37:48.020] [SEVERE ] setting player 2 freeze to 0
[22:37:48.020] [SEVERE ] removing player 2 token from slot 1
[22:37:48.020] [SEVERE ] removing player 2 token from slot 7
[22:37:48.020] [SEVERE ] removing player 2 token from slot 3
[22:37:48.020] [SEVERE ] player 2 placing token on slot 4
[22:37:48.020] [SEVERE ] player 2 placing token on slot 7
[22:37:48.020] [SEVERE ] player 2 placing token on slot 11
[22:37:48.021] [SEVERE ] setting player 2 freeze to 3000
[22:37:48.022] [SEVERE ] updating countdown to 27000
[22:37:49.035] [SEVERE ] setting player 2 freeze to 2000
[22:37:49.035] [SEVERE ] updating countdown to 26000
[22:37:50.035] [SEVERE ] setting player 2 freeze to 1000
[22:37:50.035] [SEVERE ] updating countdown to 25000
[22:37:51.050] [SEVERE ] setting player 2 freeze to 0
[22:37:51.050] [SEVERE ] updating countdown to 24000
[22:37:51.050] [SEVERE ] setting player 2 freeze to 0
[22:37:51.051] [SEVERE ] removing player 2 token from slot 4
[22:37:51.051] [SEVERE ] removing player 2 token from slot 7
[22:37:51.051] [SEVERE ] removing player 2 token from slot 11
[22:37:51.051] [SEVERE ] player 2 placing token on slot 0
[22:37:51.051] [SEVERE ] player 2 placing token on slot 10
[22:37:51.051] [SEVERE ] player 2 placing token on slot 11
[22:37:51.051] [SEVERE ] setting player 2 freeze to 3000
[22:37:51.051] [SEVERE ] updating countdown to 24000
[22:37:52.055] [SEVERE ] updating countdown to 23000
[22:37:52.055] [SEVERE ] setting player 2 freeze to 2000
[22:37:53.069] [SEVERE ] setting player 2 freeze to 1000
[22:37:53.069] [SEVERE ] updating countdown to 22000
[22:37:54.077] [SEVERE ] setting player 2 freeze to 0
[22:37:54.077] [SEVERE ] updating countdown to 21000
[22:37:54.077] [SEVERE ] setting player 2 freeze to 0
[22:37:54.077] [SEVERE ] removing player 2 token from slot 0
[22:37:54.077] [SEVERE ] removing player 2 token from slot 10
[22:37:54.077] [SEVERE ] removing player 2 token from slot 11
[22:37:54.077] [SEVERE ] player 2 placing token on slot 4
[22:37:54.078] [SEVERE ] player 2 placing token on slot 6
[22:37:54.078] [SEVERE ] player 2 placing token on slot 0
[22:37:54.078] [SEVERE ] setting player 2 freeze to 3000
[22:37:54.079] [SEVERE ] updating countdown to 21000
[22:37:55.093] [SEVERE ] setting player 2 freeze to 2000
[22:37:55.093] [SEVERE ] updating countdown to 20000
[22:37:56.105] [SEVERE ] setting player 2 freeze to 1000
[22:37:56.105] [SEVERE ] updating countdown to 19000
[22:37:57.106] [SEVERE ] setting player 2 freeze to 0
[22:37:57.106] [SEVERE ] updating countdown to 18000
[22:37:57.106] [SEVERE ] setting player 2 freeze to 0
[22:37:57.106] [SEVERE ] removing player 2 token from slot 4
[22:37:57.106] [SEVERE ] removing player 2 token from slot 6
[22:37:57.106] [SEVERE ] removing player 2 token from slot 0
[22:37:57.106] [SEVERE ] player 2 placing token on slot 1
[22:37:57.106] [SEVERE ] player 2 placing token on slot 11
[22:37:57.106] [SEVERE ] player 2 placing token on slot 0
[22:37:57.106] [SEVERE ] setting player 2 freeze to 3000
[22:37:57.106] [SEVERE ] updating countdown to 18000
[22:37:58.120] [SEVERE ] setting player 2 freeze to 2000
[22:37:58.120] [SEVERE ] updating countdown to 16000
[22:37:59.131] [SEVERE ] setting player 2 freeze to 1000
[22:37:59.131] [SEVERE ] updating countdown to 15000
[22:38:00.132] [SEVERE ] setting player 2 freeze to 0
[22:38:00.132] [SEVERE ] updating countdown to 14000
[22:38:00.132] [SEVERE ] setting player 2 freeze to 0
[22:38:00.133] [SEVERE ] removing player 2 token from slot 1
[22:38:00.133] [SEVERE ] removing player 2 token from slot 11
[22:38:00.133] [SEVERE ] removing player 2 token from slot 0
[22:38:00.133] [SEVERE ] player 2 placing token on slot 10
[22:38:00.133] [SEVERE ] player 2 placing token on slot 3
[22:38:00.133] [SEVERE ] player 2 placing token on slot 8
[22:38:00.133] [SEVERE ] setting player 2 freeze to 3000
[22:38:00.134] [SEVERE ] updating countdown to 14000
[22:38:01.134] [SEVERE ] setting player 2 freeze to 2000
[22:38:01.134] [SEVERE ] updating countdown to 13000
[22:38:02.135] [SEVERE ] setting player 2 freeze to 1000
[22:38:02.135] [SEVERE ] updating countdown to 12000
[22:38:03.147] [SEVERE ] setting player 2 freeze to 0
[22:38:03.147] [SEVERE ] updating countdown to 11000
[22:38:03.147] [SEVERE ] setting player 2 freeze to 0
[22:38:03.148] [SEVERE ] removing player 2 token from slot 10
[22:38:03.148] [SEVERE ] removing player 2 token from slot 3
[22:38:03.148] [SEVERE ] removing player 2 token from slot 8
[22:38:03.148] [SEVERE ] player 2 placing token on slot 1
[22:38:03.148] [SEVERE ] player 2 placing token on slot 4
[22:38:03.148] [SEVERE ] player 2 placing token on slot 3
[22:38:03.148] [SEVERE ] setting player 2 freeze to 3000
[22:38:03.148] [SEVERE ] updating countdown to 11000
[22:38:04.152] [SEVERE ] setting player 2 freeze to 2000
[22:38:04.152] [SEVERE ] updating countdown to 10000
[22:38:05.165] [SEVERE ] setting player 2 freeze to 1000
[22:38:05.165] [SEVERE ] updating countdown to 9000
[22:38:06.166] [SEVERE ] setting player 2 freeze to 0
[22:38:06.166] [SEVERE ] updating countdown to 8000
[22:38:06.166] [SEVERE ] setting player 2 freeze to 0
[22:38:06.166] [SEVERE ] removing player 2 token from slot 1
[22:38:06.166] [SEVERE ] removing player 2 token from slot 4
[22:38:06.166] [SEVERE ] removing player 2 token from slot 3
[22:38:06.166] [SEVERE ] player 2 placing token on slot 3
[22:38:06.166] [SEVERE ] player 2 placing token on slot 0
[22:38:06.166] [SEVERE ] player 2 placing token on slot 3
[22:38:06.167] [SEVERE ] setting player 2 freeze to 3000
[22:38:06.168] [SEVERE ] updating countdown to 8000
[22:38:07.170] [SEVERE ] setting player 2 freeze to 2000
[22:38:07.170] [SEVERE ] updating countdown to 7000
[22:38:08.172] [SEVERE ] setting player 2 freeze to 1000
[22:38:08.172] [SEVERE ] updating countdown to 6000
[22:38:09.181] [SEVERE ] setting player 2 freeze to 0
[22:38:09.181] [SEVERE ] updating countdown to 5000
[22:38:09.181] [SEVERE ] setting player 2 freeze to 0
[22:38:09.181] [SEVERE ] removing player 2 token from slot 3
[22:38:09.181] [SEVERE ] removing player 2 token from slot 0
[22:38:09.181] [SEVERE ] removing player 2 token from slot 3
[22:38:09.181] [SEVERE ] player 2 placing token on slot 9
[22:38:09.181] [SEVERE ] player 2 placing token on slot 3
[22:38:09.181] [SEVERE ] player 2 placing token on slot 7
[22:38:09.182] [SEVERE ] setting player 2 freeze to 3000
[22:38:09.183] [SEVERE ] updating countdown to 5000
[22:38:10.007] [SEVERE ] key 83 was pressed by player 1
[22:38:10.194] [SEVERE ] setting player 2 freeze to 2000
[22:38:10.194] [SEVERE ] updating countdown to 5000
[22:38:10.515] [SEVERE ] key 88 was pressed by player 1
[22:38:11.210] [SEVERE ] setting player 2 freeze to 1000
[22:38:11.227] [SEVERE ] key 69 was pressed by player 1
[22:38:11.986] [SEVERE ] updating countdown to 3000
[22:38:12.221] [SEVERE ] setting player 2 freeze to 0
[22:38:12.221] [SEVERE ] setting player 2 freeze to 0
[22:38:12.221] [SEVERE ] removing player 2 token from slot 9
[22:38:12.221] [SEVERE ] removing player 2 token from slot 3
[22:38:12.221] [SEVERE ] removing player 2 token from slot 7
[22:38:12.221] [SEVERE ] player 2 placing token on slot 10
[22:38:12.221] [SEVERE ] player 2 placing token on slot 11
[22:38:12.221] [SEVERE ] player 2 placing token on slot 5
[22:38:12.222] [SEVERE ] setting player 2 freeze to 3000
[22:38:12.991] [SEVERE ] updating countdown to 2000
[22:38:13.227] [SEVERE ] setting player 2 freeze to 2000
[22:38:14.239] [SEVERE ] setting player 2 freeze to 1000
[22:38:14.994] [SEVERE ] updating countdown to 0
[22:38:14.995] [SEVERE ] updating countdown to 0
[22:38:14.995] [SEVERE ] removing all tokens
[22:38:15.106] [SEVERE ] removing card from slot 0
[22:38:15.217] [SEVERE ] removing card from slot 1
[22:38:15.249] [SEVERE ] setting player 2 freeze to 0
[22:38:15.249] [SEVERE ] setting player 2 freeze to 0
[22:38:15.249] [SEVERE ] removing player 2 token from slot 10
[22:38:15.249] [SEVERE ] removing player 2 token from slot 11
[22:38:15.249] [SEVERE ] removing player 2 token from slot 5
[22:38:15.328] [SEVERE ] removing card from slot 2
[22:38:15.440] [SEVERE ] removing card from slot 3
[22:38:15.551] [SEVERE ] removing card from slot 4
[22:38:15.663] [SEVERE ] removing card from slot 5
[22:38:15.775] [SEVERE ] removing card from slot 6
[22:38:15.887] [SEVERE ] removing card from slot 7
[22:38:15.996] [SEVERE ] removing card from slot 8
[22:38:16.108] [SEVERE ] removing card from slot 9
[22:38:16.218] [SEVERE ] removing card from slot 10
[22:38:16.328] [SEVERE ] removing card from slot 11
[22:38:16.440] [SEVERE ] placing card 59 in slot 0
[22:38:16.552] [SEVERE ] placing card 25 in slot 11
[22:38:16.661] [SEVERE ] placing card 46 in slot 7
[22:38:16.772] [SEVERE ] placing card 52 in slot 3
[22:38:16.884] [SEVERE ] placing card 76 in slot 9
[22:38:16.995] [SEVERE ] placing card 70 in slot 10
[22:38:17.106] [SEVERE ] placing card 28 in slot 1
[22:38:17.216] [SEVERE ] placing card 1 in slot 6
[22:38:17.327] [SEVERE ] placing card 30 in slot 4
[22:38:17.438] [SEVERE ] placing card 41 in slot 5
[22:38:17.549] [SEVERE ] placing card 35 in slot 8
[22:38:17.659] [SEVERE ] placing card 54 in slot 2
[22:38:17.659] [SEVERE ] updating countdown to 60000
[22:38:17.659] [SEVERE ] player 2 placing token on slot 1
[22:38:17.659] [SEVERE ] player 2 placing token on slot 6
[22:38:17.660] [SEVERE ] player 2 placing token on slot 2
[22:38:17.660] [SEVERE ] setting player 2 freeze to 3000
[22:38:17.660] [SEVERE ] updating countdown to 60000
[22:38:18.672] [SEVERE ] setting player 2 freeze to 2000
[22:38:18.672] [SEVERE ] updating countdown to 59000
[22:38:19.688] [SEVERE ] setting player 2 freeze to 1000
[22:38:19.688] [SEVERE ] updating countdown to 58000
[22:38:20.691] [SEVERE ] setting player 2 freeze to 0
[22:38:20.691] [SEVERE ] updating countdown to 57000
[22:38:20.691] [SEVERE ] setting player 2 freeze to 0
[22:38:20.691] [SEVERE ] removing player 2 token from slot 1
[22:38:20.692] [SEVERE ] removing player 2 token from slot 6
[22:38:20.692] [SEVERE ] removing player 2 token from slot 2
[22:38:20.692] [SEVERE ] player 2 placing token on slot 2
[22:38:20.692] [SEVERE ] player 2 placing token on slot 2
[22:38:20.692] [SEVERE ] player 2 placing token on slot 4
[22:38:20.692] [SEVERE ] setting player 2 freeze to 3000
[22:38:20.692] [SEVERE ] updating countdown to 57000
[22:38:21.358] [SEVERE ] key 86 was pressed by player 1
[22:38:21.692] [SEVERE ] setting player 2 freeze to 2000
[22:38:21.692] [SEVERE ] updating countdown to 56000
[22:38:22.706] [SEVERE ] setting player 2 freeze to 1000
[22:38:22.706] [SEVERE ] updating countdown to 55000
[22:38:23.713] [SEVERE ] setting player 2 freeze to 0
[22:38:23.713] [SEVERE ] updating countdown to 54000
[22:38:23.713] [SEVERE ] setting player 2 freeze to 0
[22:38:23.713] [SEVERE ] removing player 2 token from slot 2
[22:38:23.713] [SEVERE ] removing player 2 token from slot 2
[22:38:23.713] [SEVERE ] removing player 2 token from slot 4
[22:38:23.713] [SEVERE ] player 2 placing token on slot 2
[22:38:23.713] [SEVERE ] player 2 placing token on slot 4
[22:38:23.713] [SEVERE ] player 2 placing token on slot 8
[22:38:23.713] [SEVERE ] setting player 2 freeze to 3000
[22:38:23.715] [SEVERE ] updating countdown to 54000
[22:38:24.550] [SEVERE ] key 70 was pressed by player 1
[22:38:24.725] [SEVERE ] setting player 2 freeze to 2000
[22:38:24.725] [SEVERE ] updating countdown to 53000
[22:38:25.737] [SEVERE ] setting player 2 freeze to 1000
[22:38:25.737] [SEVERE ] updating countdown to 52000
[22:38:26.330] [SEVERE ] key 88 was pressed by player 1
[22:38:26.738] [SEVERE ] setting player 2 freeze to 0
[22:38:26.738] [SEVERE ] updating countdown to 51000
[22:38:26.738] [SEVERE ] setting player 2 freeze to 0
[22:38:26.739] [SEVERE ] removing player 2 token from slot 2
[22:38:26.739] [SEVERE ] removing player 2 token from slot 4
[22:38:26.739] [SEVERE ] removing player 2 token from slot 8
[22:38:26.739] [SEVERE ] player 2 placing token on slot 1
[22:38:26.739] [SEVERE ] player 2 placing token on slot 7
[22:38:26.739] [SEVERE ] player 2 placing token on slot 3
[22:38:26.739] [SEVERE ] setting player 2 freeze to 3000
[22:38:26.739] [SEVERE ] updating countdown to 51000
[22:38:27.754] [SEVERE ] setting player 2 freeze to 2000
[22:38:27.754] [SEVERE ] updating countdown to 50000
[22:38:28.764] [SEVERE ] setting player 2 freeze to 1000
[22:38:28.764] [SEVERE ] updating countdown to 49000
[22:38:29.104] [SEVERE ] key 86 was pressed by player 1
[22:38:29.780] [SEVERE ] setting player 2 freeze to 0
[22:38:29.780] [SEVERE ] updating countdown to 48000
[22:38:29.780] [SEVERE ] setting player 2 freeze to 0
[22:38:29.780] [SEVERE ] removing player 2 token from slot 1
[22:38:29.780] [SEVERE ] removing player 2 token from slot 7
[22:38:29.780] [SEVERE ] removing player 2 token from slot 3
[22:38:29.780] [SEVERE ] player 2 placing token on slot 9
[22:38:29.780] [SEVERE ] player 2 placing token on slot 7
[22:38:29.780] [SEVERE ] player 2 placing token on slot 5
[22:38:29.780] [SEVERE ] setting player 2 freeze to 3000
[22:38:29.781] [SEVERE ] updating countdown to 48000
[22:38:30.782] [SEVERE ] setting player 2 freeze to 2000
[22:38:30.782] [SEVERE ] updating countdown to 47000
[22:38:31.785] [SEVERE ] setting player 2 freeze to 1000
[22:38:31.785] [SEVERE ] updating countdown to 46000
[22:38:32.537] [SEVERE ] key 86 was pressed by player 1
[22:38:32.797] [SEVERE ] setting player 2 freeze to 0
[22:38:32.797] [SEVERE ] updating countdown to 45000
[22:38:32.797] [SEVERE ] setting player 2 freeze to 0
[22:38:32.797] [SEVERE ] removing player 2 token from slot 9
[22:38:32.797] [SEVERE ] removing player 2 token from slot 7
[22:38:32.797] [SEVERE ] removing player 2 token from slot 5
[22:38:32.797] [SEVERE ] player 2 placing token on slot 3
[22:38:32.797] [SEVERE ] player 2 placing token on slot 7
[22:38:32.797] [SEVERE ] player 2 placing token on slot 4
[22:38:32.797] [SEVERE ] setting player 2 freeze to 3000
[22:38:32.798] [SEVERE ] updating countdown to 45000
[22:38:33.810] [SEVERE ] updating countdown to 44000
[22:38:33.810] [SEVERE ] setting player 2 freeze to 2000
[22:38:34.824] [SEVERE ] setting player 2 freeze to 1000
[22:38:34.824] [SEVERE ] updating countdown to 43000
[22:38:34.909] [SEVERE ] key 86 was pressed by player 1
[22:38:35.377] [SEVERE ] key 67 was pressed by player 1
[22:38:35.833] [SEVERE ] setting player 2 freeze to 0
[22:38:35.833] [SEVERE ] updating countdown to 42000
[22:38:35.833] [SEVERE ] setting player 2 freeze to 0
[22:38:35.834] [SEVERE ] removing player 2 token from slot 3
[22:38:35.834] [SEVERE ] removing player 2 token from slot 7
[22:38:35.834] [SEVERE ] removing player 2 token from slot 4
[22:38:35.834] [SEVERE ] player 2 placing token on slot 7
[22:38:35.834] [SEVERE ] player 2 placing token on slot 11
[22:38:35.834] [SEVERE ] player 2 placing token on slot 2
[22:38:35.834] [SEVERE ] setting player 2 freeze to 3000
[22:38:35.834] [SEVERE ] updating countdown to 42000
[22:38:35.896] [SEVERE ] key 70 was pressed by player 1
[22:38:36.563] [SEVERE ] key 68 was pressed by player 1
[22:38:36.845] [SEVERE ] setting player 2 freeze to 2000
[22:38:36.845] [SEVERE ] updating countdown to 41000
[22:38:37.067] [SEVERE ] key 67 was pressed by player 1
[22:38:37.859] [SEVERE ] updating countdown to 40000
[22:38:37.859] [SEVERE ] setting player 2 freeze to 1000
[22:38:38.671] [SEVERE ] key 88 was pressed by player 1
[22:38:38.869] [SEVERE ] setting player 2 freeze to 0
[22:38:38.869] [SEVERE ] updating countdown to 39000
[22:38:38.869] [SEVERE ] setting player 2 freeze to 0
[22:38:38.869] [SEVERE ] removing player 2 token from slot 7
[22:38:38.869] [SEVERE ] removing player 2 token from slot 11
[22:38:38.869] [SEVERE ] removing player 2 token from slot 2
[22:38:38.869] [SEVERE ] player 2 placing token on slot 1
[22:38:38.869] [SEVERE ] player 2 placing token on slot 8
[22:38:38.869] [SEVERE ] player 2 placing token on slot 3
[22:38:38.869] [SEVERE ] setting player 2 freeze to 3000
[22:38:38.870] [SEVERE ] updating countdown to 39000
[22:38:39.878] [SEVERE ] setting player 2 freeze to 2000
[22:38:39.878] [SEVERE ] updating countdown to 38000
[22:38:40.884] [SEVERE ] setting player 2 freeze to 1000
[22:38:40.884] [SEVERE ] updating countdown to 37000
[22:38:41.894] [SEVERE ] setting player 2 freeze to 0
[22:38:41.894] [SEVERE ] updating countdown to 36000
[22:38:41.894] [SEVERE ] setting player 2 freeze to 0
[22:38:41.894] [SEVERE ] removing player 2 token from slot 1
[22:38:41.894] [SEVERE ] removing player 2 token from slot 8
[22:38:41.894] [SEVERE ] removing player 2 token from slot 3
[22:38:41.894] [SEVERE ] player 2 placing token on slot 2
[22:38:41.894] [SEVERE ] player 2 placing token on slot 4
[22:38:41.894] [SEVERE ] player 2 placing token on slot 11
[22:38:41.894] [SEVERE ] setting player 2 freeze to 3000
[22:38:41.896] [SEVERE ] updating countdown to 36000
[22:38:42.909] [SEVERE ] updating countdown to 35000
[22:38:42.909] [SEVERE ] setting player 2 freeze to 2000
[22:38:43.912] [SEVERE ] setting player 2 freeze to 1000
[22:38:43.912] [SEVERE ] updating countdown to 34000
[22:38:44.925] [SEVERE ] updating countdown to 33000
[22:38:44.925] [SEVERE ] setting player 2 freeze to 0
[22:38:44.925] [SEVERE ] setting player 2 freeze to 0
[22:38:44.925] [SEVERE ] removing player 2 token from slot 2
[22:38:44.925] [SEVERE ] removing player 2 token from slot 4
[22:38:44.925] [SEVERE ] removing player 2 token from slot 11
[22:38:44.925] [SEVERE ] player 2 placing token on slot 2
[22:38:44.925] [SEVERE ] player 2 placing token on slot 8
[22:38:44.926] [SEVERE ] player 2 placing token on slot 6
[22:38:44.926] [SEVERE ] setting player 2 freeze to 3000
[22:38:44.927] [SEVERE ] updating countdown to 33000
[22:38:45.941] [SEVERE ] setting player 2 freeze to 2000
[22:38:45.941] [SEVERE ] updating countdown to 32000
[22:38:46.867] [SEVERE ] key 81 was pressed by player 1
[22:38:46.941] [SEVERE ] updating countdown to 31000
[22:38:46.941] [SEVERE ] setting player 2 freeze to 1000
[22:38:47.276] [SEVERE ] key 81 was pressed by player 1
[22:38:47.485] [SEVERE ] key 87 was pressed by player 1
[22:38:47.953] [SEVERE ] setting player 2 freeze to 0
[22:38:47.953] [SEVERE ] updating countdown to 30000
[22:38:47.953] [SEVERE ] setting player 2 freeze to 0
[22:38:47.953] [SEVERE ] removing player 2 token from slot 2
[22:38:47.953] [SEVERE ] removing player 2 token from slot 8
[22:38:47.953] [SEVERE ] removing player 2 token from slot 6
[22:38:47.953] [SEVERE ] player 2 placing token on slot 7
[22:38:47.953] [SEVERE ] player 2 placing token on slot 0
[22:38:47.953] [SEVERE ] player 2 placing token on slot 2
[22:38:47.953] [SEVERE ] setting player 2 freeze to 3000
[22:38:47.954] [SEVERE ] updating countdown to 30000
