[18:24:15.948] [INFO   ] thread main starting.
[18:24:15.955] [SEVERE ] cannot read configuration file config.properties trying from resources.
[18:24:15.956] [SEVERE ] configuration file was loaded from resources directory.
[18:24:16.388] [INFO   ] thread dealer starting.
[18:24:16.389] [INFO   ] Thread dealer starting.
[18:24:16.390] [INFO   ] Thread Thread-4starting.
[18:24:16.390] [INFO   ] Thread Thread-6starting.
[18:24:16.390] [INFO   ] Thread Thread-5starting.
[18:24:16.390] [INFO   ] Thread Thread-3starting.
[18:24:16.396] [INFO   ] Thread computer-2 starting.
[18:24:16.401] [INFO   ] Thread computer-0 starting.
[18:24:16.402] [INFO   ] Thread computer-1 starting.
[18:24:16.402] [INFO   ] Thread computer-3 starting.
[18:24:16.408] [SEVERE ] removing all tokens
[18:24:16.522] [SEVERE ] placing card 59 in slot 9
[18:24:16.727] [SEVERE ] placing card 33 in slot 3
[18:24:16.838] [SEVERE ] placing card 73 in slot 2
[18:24:16.948] [SEVERE ] placing card 14 in slot 7
[18:24:17.060] [SEVERE ] placing card 11 in slot 8
[18:24:17.168] [SEVERE ] placing card 57 in slot 5
[18:24:17.275] [SEVERE ] placing card 47 in slot 0
[18:24:17.385] [SEVERE ] placing card 34 in slot 1
[18:24:17.494] [SEVERE ] placing card 60 in slot 6
[18:24:17.606] [SEVERE ] placing card 35 in slot 10
[18:24:17.716] [SEVERE ] placing card 27 in slot 11
[18:24:17.827] [SEVERE ] placing card 32 in slot 4
[18:24:17.827] [SEVERE ] updating countdown to 10000
[18:24:18.843] [SEVERE ] updating countdown to 9000
[18:24:19.860] [SEVERE ] updating countdown to 8000
