[21:29:31.780] [INFO   ] thread main starting.
[21:29:31.799] [SEVERE ] cannot read configuration file config.properties trying from resources.
[21:29:31.802] [SEVERE ] configuration file was loaded from resources directory.
[21:29:32.413] [INFO   ] thread dealer starting.
[21:29:32.415] [INFO   ] Thread dealer starting.
[21:29:32.417] [INFO   ] Thread Thread-3starting.
[21:29:32.432] [SEVERE ] removing all tokens
[21:29:32.433] [INFO   ] Thread Thread-4starting.
[21:29:32.452] [SEVERE ] placing card 9 in slot 2
[21:29:32.468] [SEVERE ] placing card 52 in slot 4
[21:29:32.484] [SEVERE ] placing card 36 in slot 9
[21:29:32.500] [SEVERE ] placing card 38 in slot 3
[21:29:32.516] [SEVERE ] placing card 37 in slot 0
[21:29:32.532] [SEVERE ] placing card 80 in slot 10
[21:29:32.548] [SEVERE ] placing card 16 in slot 7
[21:29:32.564] [SEVERE ] placing card 78 in slot 8
[21:29:32.580] [SEVERE ] placing card 40 in slot 6
[21:29:32.596] [SEVERE ] placing card 53 in slot 11
[21:29:32.611] [SEVERE ] placing card 14 in slot 1
[21:29:32.627] [SEVERE ] placing card 25 in slot 5
[21:29:32.628] [SEVERE ] updating countdown to 10000
[21:29:33.635] [SEVERE ] updating countdown to 9000
[21:29:34.644] [SEVERE ] updating countdown to 9000
[21:29:34.845] [SEVERE ] updating countdown to 8000
[21:29:35.844] [SEVERE ] updating countdown to 7000
[21:29:36.839] [SEVERE ] updating countdown to 6000
[21:29:37.848] [SEVERE ] updating countdown to 5000
[21:29:38.840] [SEVERE ] updating countdown to 4000
