[12:17:55.892] [INFO   ] thread main starting.
[12:17:55.898] [SEVERE ] cannot read configuration file config.properties trying from resources.
[12:17:55.900] [SEVERE ] configuration file was loaded from resources directory.
[12:17:56.396] [INFO   ] thread dealer starting.
[12:17:56.400] [INFO   ] Thread dealer starting.
[12:17:56.402] [INFO   ] Thread Thread-3starting.
[12:17:56.402] [INFO   ] Thread Thread-5starting.
[12:17:56.402] [INFO   ] Thread Thread-4starting.
[12:17:56.416] [SEVERE ] removing all tokens
[12:17:56.443] [INFO   ] Thread computer-2 starting.
[12:17:56.507] [INFO   ] Thread Thread-6starting.
[12:17:56.519] [SEVERE ] placing card 25 in slot 4
[12:17:56.628] [SEVERE ] placing card 75 in slot 9
[12:17:56.739] [SEVERE ] placing card 38 in slot 5
[12:17:56.813] [INFO   ] Thread computer-3 starting.
[12:17:56.813] [INFO   ] Thread computer-1 starting.
[12:17:56.813] [INFO   ] Thread computer-0 starting.
[12:17:56.859] [SEVERE ] placing card 51 in slot 6
[12:17:56.974] [SEVERE ] placing card 65 in slot 1
[12:17:57.084] [SEVERE ] placing card 5 in slot 3
[12:17:57.196] [SEVERE ] placing card 74 in slot 7
[12:17:57.306] [SEVERE ] placing card 55 in slot 8
[12:17:57.418] [SEVERE ] placing card 23 in slot 11
[12:17:57.529] [SEVERE ] placing card 78 in slot 2
[12:17:57.640] [SEVERE ] placing card 46 in slot 0
[12:17:57.751] [SEVERE ] placing card 18 in slot 10
[12:17:57.751] [SEVERE ] updating countdown to 10000
[12:17:57.753] [SEVERE ] player 3 placing token on slot 0
[12:17:57.754] [SEVERE ] player 3 placing token on slot 9
[12:17:57.754] [SEVERE ] player 3 placing token on slot 11
[12:17:57.754] [SEVERE ] player 4 placing token on slot 5
[12:17:57.754] [SEVERE ] setting player 3 freeze to 0
[12:17:57.754] [SEVERE ] setting player 3 freeze to 0
[12:17:57.754] [SEVERE ] removing player 3 token from slot 0
[12:17:57.755] [SEVERE ] removing player 3 token from slot 9
[12:17:57.755] [SEVERE ] removing player 3 token from slot 11
[12:17:57.754] [SEVERE ] player 4 placing token on slot 7
[12:17:57.756] [SEVERE ] player 4 placing token on slot 0
[12:17:57.778] [SEVERE ] updating countdown to 10000
[12:17:57.786] [SEVERE ] setting player 4 freeze to 0
[12:17:57.793] [SEVERE ] setting player 4 freeze to 0
[12:17:57.793] [SEVERE ] removing player 4 token from slot 5
[12:17:57.793] [SEVERE ] removing player 4 token from slot 7
[12:17:57.794] [SEVERE ] removing player 4 token from slot 0
[12:17:57.798] [SEVERE ] updating countdown to 10000
[12:17:57.812] [SEVERE ] player 3 placing token on slot 9
[12:17:57.812] [SEVERE ] player 3 placing token on slot 1
[12:17:57.813] [SEVERE ] player 3 placing token on slot 2
[12:17:57.813] [SEVERE ] setting player 3 freeze to 0
[12:17:57.813] [SEVERE ] player 4 placing token on slot 8
[12:17:57.814] [SEVERE ] player 4 placing token on slot 10
[12:17:57.814] [SEVERE ] player 4 placing token on slot 0
[12:17:57.813] [SEVERE ] setting player 3 freeze to 0
[12:17:57.817] [SEVERE ] updating countdown to 10000
[12:17:57.817] [SEVERE ] removing player 3 token from slot 9
[12:17:57.817] [SEVERE ] player 2 placing token on slot 5
[12:17:57.817] [SEVERE ] removing player 3 token from slot 1
[12:17:57.818] [SEVERE ] removing player 3 token from slot 2
[12:17:57.821] [SEVERE ] updating countdown to 10000
[12:17:57.821] [SEVERE ] setting player 4 freeze to 0
[12:17:57.821] [SEVERE ] setting player 4 freeze to 0
[12:17:57.821] [SEVERE ] removing player 4 token from slot 8
[12:17:57.822] [SEVERE ] removing player 4 token from slot 10
[12:17:57.822] [SEVERE ] removing player 4 token from slot 0
[12:17:57.817] [SEVERE ] player 2 placing token on slot 4
[12:17:57.832] [SEVERE ] player 2 placing token on slot 3
[12:17:57.832] [SEVERE ] setting player 2 freeze to 0
[12:17:57.833] [SEVERE ] player 4 placing token on slot 6
[12:17:57.833] [SEVERE ] setting player 2 freeze to 0
[12:17:57.833] [SEVERE ] player 4 placing token on slot 1
[12:17:57.833] [SEVERE ] removing player 2 token from slot 5
[12:17:57.833] [SEVERE ] player 4 placing token on slot 0
[12:17:57.833] [SEVERE ] removing player 2 token from slot 4
[12:17:57.834] [SEVERE ] removing player 2 token from slot 3
[12:17:57.836] [SEVERE ] updating countdown to 10000
[12:17:57.836] [SEVERE ] setting player 4 freeze to 0
[12:17:57.836] [SEVERE ] player 2 placing token on slot 5
[12:17:57.837] [SEVERE ] setting player 4 freeze to 0
[12:17:57.837] [SEVERE ] player 2 placing token on slot 4
[12:17:57.837] [SEVERE ] player 2 placing token on slot 8
[12:17:57.837] [SEVERE ] removing player 4 token from slot 6
[12:17:57.839] [SEVERE ] removing player 4 token from slot 1
[12:17:57.840] [SEVERE ] removing player 4 token from slot 0
[12:17:57.840] [SEVERE ] updating countdown to 10000
[12:17:57.840] [SEVERE ] setting player 2 freeze to 0
[12:17:57.840] [SEVERE ] player 3 placing token on slot 7
[12:17:57.841] [SEVERE ] setting player 2 freeze to 0
[12:17:57.841] [SEVERE ] player 3 placing token on slot 11
[12:17:57.841] [SEVERE ] removing player 2 token from slot 5
[12:17:57.841] [SEVERE ] player 3 placing token on slot 9
[12:17:57.841] [SEVERE ] removing player 2 token from slot 4
[12:17:57.842] [SEVERE ] removing player 2 token from slot 8
[12:17:57.843] [SEVERE ] updating countdown to 10000
[12:17:57.844] [SEVERE ] setting player 3 freeze to 0
[12:17:57.844] [SEVERE ] player 2 placing token on slot 0
[12:17:57.844] [SEVERE ] setting player 3 freeze to 0
[12:17:57.844] [SEVERE ] player 2 placing token on slot 10
[12:17:57.844] [SEVERE ] removing player 3 token from slot 7
[12:17:57.844] [SEVERE ] player 2 placing token on slot 3
[12:17:57.845] [SEVERE ] removing player 3 token from slot 11
[12:17:57.845] [SEVERE ] removing player 3 token from slot 9
[12:17:57.847] [SEVERE ] updating countdown to 10000
[12:17:57.847] [SEVERE ] setting player 2 freeze to 0
[12:17:57.847] [SEVERE ] setting player 2 freeze to 0
[12:17:57.848] [SEVERE ] removing player 2 token from slot 0
[12:17:57.848] [SEVERE ] removing player 2 token from slot 10
[12:17:57.848] [SEVERE ] removing player 2 token from slot 3
[12:17:57.848] [SEVERE ] player 2 placing token on slot 8
[12:17:57.848] [SEVERE ] player 2 placing token on slot 10
[12:17:57.848] [SEVERE ] player 2 placing token on slot 4
[12:17:57.850] [SEVERE ] updating countdown to 10000
[12:17:57.851] [SEVERE ] setting player 2 freeze to 0
[12:17:57.851] [SEVERE ] setting player 2 freeze to 0
[12:17:57.851] [SEVERE ] removing player 2 token from slot 8
[12:17:57.851] [SEVERE ] player 4 placing token on slot 5
[12:17:57.852] [SEVERE ] removing player 2 token from slot 10
[12:17:57.852] [SEVERE ] removing player 2 token from slot 4
[12:17:57.852] [SEVERE ] player 4 placing token on slot 4
[12:17:57.854] [SEVERE ] updating countdown to 10000
[12:17:57.854] [SEVERE ] player 4 placing token on slot 11
[12:17:57.854] [SEVERE ] setting player 4 freeze to 0
[12:17:57.854] [SEVERE ] player 2 placing token on slot 8
[12:17:57.855] [SEVERE ] player 2 placing token on slot 9
[12:17:57.855] [SEVERE ] player 2 placing token on slot 11
[12:17:57.855] [SEVERE ] setting player 4 freeze to 0
[12:17:57.858] [SEVERE ] removing player 4 token from slot 5
[12:17:57.857] [SEVERE ] updating countdown to 10000
[12:17:57.858] [SEVERE ] setting player 2 freeze to 0
[12:17:57.858] [SEVERE ] setting player 2 freeze to 0
[12:17:57.858] [SEVERE ] removing player 2 token from slot 8
[12:17:57.858] [SEVERE ] removing player 4 token from slot 4
[12:17:57.859] [SEVERE ] removing player 2 token from slot 9
[12:17:57.859] [SEVERE ] removing player 4 token from slot 11
[12:17:57.859] [SEVERE ] removing player 2 token from slot 11
[12:17:57.859] [SEVERE ] player 4 placing token on slot 5
[12:17:57.860] [SEVERE ] player 4 placing token on slot 0
[12:17:57.860] [SEVERE ] player 4 placing token on slot 8
[12:17:57.861] [SEVERE ] updating countdown to 10000
[12:17:57.862] [SEVERE ] setting player 4 freeze to 0
[12:17:57.862] [SEVERE ] setting player 4 freeze to 0
[12:17:57.862] [SEVERE ] removing player 4 token from slot 5
[12:17:57.862] [SEVERE ] removing player 4 token from slot 0
[12:17:57.862] [SEVERE ] removing player 4 token from slot 8
[12:17:57.884] [SEVERE ] player 1 placing token on slot 9
[12:17:57.884] [SEVERE ] player 1 placing token on slot 5
[12:17:57.884] [SEVERE ] player 1 placing token on slot 7
[12:17:57.887] [SEVERE ] updating countdown to 10000
[12:17:57.887] [SEVERE ] setting player 1 freeze to 0
[12:17:57.887] [SEVERE ] setting player 1 freeze to 0
[12:17:57.887] [SEVERE ] removing player 1 token from slot 9
[12:17:57.888] [SEVERE ] removing player 1 token from slot 5
[12:17:57.888] [SEVERE ] removing player 1 token from slot 7
[12:17:57.901] [SEVERE ] player 1 placing token on slot 11
[12:17:57.901] [SEVERE ] player 1 placing token on slot 4
[12:17:57.901] [SEVERE ] player 1 placing token on slot 2
[12:17:57.903] [SEVERE ] updating countdown to 10000
[12:17:57.903] [SEVERE ] setting player 1 freeze to 0
[12:17:57.903] [SEVERE ] player 3 placing token on slot 10
[12:17:57.904] [SEVERE ] setting player 1 freeze to 0
[12:17:57.904] [SEVERE ] player 3 placing token on slot 2
[12:17:57.904] [SEVERE ] removing player 1 token from slot 11
[12:17:57.904] [SEVERE ] player 3 placing token on slot 1
[12:17:57.904] [SEVERE ] removing player 1 token from slot 4
[12:17:57.905] [SEVERE ] removing player 1 token from slot 2
[12:17:57.906] [SEVERE ] updating countdown to 10000
[12:17:57.906] [SEVERE ] setting player 3 freeze to 0
[12:17:57.906] [SEVERE ] player 1 placing token on slot 6
[12:17:57.906] [SEVERE ] setting player 3 freeze to 0
[12:17:57.907] [SEVERE ] player 1 placing token on slot 2
[12:17:57.907] [SEVERE ] removing player 3 token from slot 10
[12:17:57.907] [SEVERE ] player 1 placing token on slot 10
[12:17:57.907] [SEVERE ] removing player 3 token from slot 2
[12:17:57.907] [SEVERE ] removing player 3 token from slot 1
[12:17:57.909] [SEVERE ] updating countdown to 10000
[12:17:57.909] [SEVERE ] setting player 1 freeze to 0
[12:17:57.909] [SEVERE ] player 3 placing token on slot 0
[12:17:57.909] [SEVERE ] setting player 1 freeze to 0
[12:17:57.909] [SEVERE ] player 3 placing token on slot 1
[12:17:57.909] [SEVERE ] removing player 1 token from slot 6
[12:17:57.909] [SEVERE ] player 3 placing token on slot 6
[12:17:57.909] [SEVERE ] removing player 1 token from slot 2
[12:17:57.910] [SEVERE ] removing player 1 token from slot 10
[12:17:57.911] [SEVERE ] updating countdown to 10000
[12:17:57.912] [SEVERE ] setting player 3 freeze to 0
[12:17:57.912] [SEVERE ] player 1 placing token on slot 10
[12:17:57.912] [SEVERE ] setting player 3 freeze to 0
[12:17:57.912] [SEVERE ] player 1 placing token on slot 11
[12:17:57.912] [SEVERE ] removing player 3 token from slot 0
[12:17:57.912] [SEVERE ] player 1 placing token on slot 0
[12:17:57.912] [SEVERE ] removing player 3 token from slot 1
[12:17:57.912] [SEVERE ] removing player 3 token from slot 6
[12:17:57.914] [SEVERE ] updating countdown to 10000
[12:17:57.914] [SEVERE ] setting player 1 freeze to 0
[12:17:57.914] [SEVERE ] player 3 placing token on slot 6
[12:17:57.914] [SEVERE ] setting player 1 freeze to 0
[12:17:57.915] [SEVERE ] player 3 placing token on slot 1
[12:17:57.915] [SEVERE ] removing player 1 token from slot 10
[12:17:57.915] [SEVERE ] player 3 placing token on slot 10
[12:17:57.915] [SEVERE ] removing player 1 token from slot 11
[12:17:57.915] [SEVERE ] removing player 1 token from slot 0
[12:17:57.916] [SEVERE ] updating countdown to 10000
[12:17:57.917] [SEVERE ] setting player 3 freeze to 0
[12:17:57.917] [SEVERE ] player 1 placing token on slot 11
[12:17:57.917] [SEVERE ] setting player 3 freeze to 0
[12:17:57.917] [SEVERE ] player 1 placing token on slot 6
[12:17:57.917] [SEVERE ] removing player 3 token from slot 6
[12:17:57.917] [SEVERE ] player 1 placing token on slot 1
[12:17:57.917] [SEVERE ] removing player 3 token from slot 1
[12:17:57.918] [SEVERE ] removing player 3 token from slot 10
[12:17:57.919] [SEVERE ] updating countdown to 10000
[12:17:57.919] [SEVERE ] setting player 1 freeze to 0
[12:17:57.919] [SEVERE ] player 3 placing token on slot 3
[12:17:57.919] [SEVERE ] setting player 1 freeze to 0
[12:17:57.919] [SEVERE ] player 3 placing token on slot 7
[12:17:57.919] [SEVERE ] removing player 1 token from slot 11
[12:17:57.920] [SEVERE ] player 3 placing token on slot 0
[12:17:57.920] [SEVERE ] removing player 1 token from slot 6
[12:17:57.920] [SEVERE ] removing player 1 token from slot 1
[12:17:57.921] [SEVERE ] updating countdown to 10000
[12:17:57.921] [SEVERE ] setting player 3 freeze to 0
[12:17:57.921] [SEVERE ] player 1 placing token on slot 0
[12:17:57.922] [SEVERE ] setting player 3 freeze to 0
[12:17:57.922] [SEVERE ] player 1 placing token on slot 4
[12:17:57.922] [SEVERE ] removing player 3 token from slot 3
[12:17:57.922] [SEVERE ] player 1 placing token on slot 8
[12:17:57.922] [SEVERE ] removing player 3 token from slot 7
[12:17:57.922] [SEVERE ] removing player 3 token from slot 0
[12:17:57.924] [SEVERE ] updating countdown to 10000
[12:17:57.924] [SEVERE ] setting player 1 freeze to 0
[12:17:57.924] [SEVERE ] player 3 placing token on slot 9
[12:17:57.924] [SEVERE ] setting player 1 freeze to 0
[12:17:57.924] [SEVERE ] player 3 placing token on slot 5
[12:17:57.924] [SEVERE ] removing player 1 token from slot 0
[12:17:57.925] [SEVERE ] player 3 placing token on slot 3
[12:17:57.925] [SEVERE ] removing player 1 token from slot 4
[12:17:57.925] [SEVERE ] removing player 1 token from slot 8
[12:17:57.926] [SEVERE ] updating countdown to 10000
[12:17:57.926] [SEVERE ] setting player 3 freeze to 0
[12:17:57.926] [SEVERE ] player 1 placing token on slot 4
[12:17:57.927] [SEVERE ] setting player 3 freeze to 0
[12:17:57.927] [SEVERE ] player 1 placing token on slot 0
[12:17:57.927] [SEVERE ] removing player 3 token from slot 9
[12:17:57.927] [SEVERE ] player 1 placing token on slot 9
[12:17:57.927] [SEVERE ] removing player 3 token from slot 5
[12:17:57.927] [SEVERE ] removing player 3 token from slot 3
[12:17:57.929] [SEVERE ] updating countdown to 10000
[12:17:57.929] [SEVERE ] setting player 1 freeze to 0
[12:17:57.929] [SEVERE ] setting player 1 freeze to 0
[12:17:57.930] [SEVERE ] removing player 1 token from slot 4
[12:17:57.930] [SEVERE ] removing player 1 token from slot 0
[12:17:57.930] [SEVERE ] removing player 1 token from slot 9
[12:17:57.931] [SEVERE ] player 1 placing token on slot 8
[12:17:57.931] [SEVERE ] player 1 placing token on slot 10
[12:17:57.931] [SEVERE ] player 1 placing token on slot 0
[12:17:57.933] [SEVERE ] updating countdown to 10000
[12:17:57.933] [SEVERE ] setting player 1 freeze to 0
[12:17:57.934] [SEVERE ] setting player 1 freeze to 0
[12:17:57.934] [SEVERE ] removing player 1 token from slot 8
[12:17:57.934] [SEVERE ] removing player 1 token from slot 10
[12:17:57.934] [SEVERE ] removing player 1 token from slot 0
[12:17:57.937] [SEVERE ] player 1 placing token on slot 11
[12:17:57.937] [SEVERE ] player 1 placing token on slot 7
[12:17:57.937] [SEVERE ] player 1 placing token on slot 8
[12:17:57.939] [SEVERE ] updating countdown to 10000
[12:17:57.940] [SEVERE ] setting player 1 freeze to 0
[12:17:57.940] [SEVERE ] setting player 1 freeze to 0
[12:17:57.940] [SEVERE ] removing player 1 token from slot 11
[12:17:57.940] [SEVERE ] removing player 1 token from slot 7
[12:17:57.940] [SEVERE ] removing player 1 token from slot 8
[12:17:57.942] [SEVERE ] player 1 placing token on slot 7
[12:17:57.943] [SEVERE ] player 1 placing token on slot 2
[12:17:57.943] [SEVERE ] player 1 placing token on slot 4
[12:17:57.945] [SEVERE ] updating countdown to 10000
[12:17:57.946] [SEVERE ] setting player 1 freeze to 0
[12:17:57.946] [SEVERE ] setting player 1 freeze to 0
[12:17:57.946] [SEVERE ] removing player 1 token from slot 7
[12:17:57.946] [SEVERE ] removing player 1 token from slot 2
[12:17:57.946] [SEVERE ] removing player 1 token from slot 4
[12:17:57.952] [SEVERE ] player 1 placing token on slot 9
[12:17:57.952] [SEVERE ] player 1 placing token on slot 2
[12:17:57.952] [SEVERE ] player 1 placing token on slot 5
[12:17:57.955] [SEVERE ] updating countdown to 10000
[12:17:57.955] [SEVERE ] setting player 1 freeze to 0
[12:17:57.955] [SEVERE ] player 4 placing token on slot 8
[12:17:57.955] [SEVERE ] setting player 1 freeze to 0
[12:17:57.955] [SEVERE ] player 4 placing token on slot 11
[12:17:57.955] [SEVERE ] removing player 1 token from slot 9
[12:17:57.955] [SEVERE ] player 4 placing token on slot 5
[12:17:57.956] [SEVERE ] removing player 1 token from slot 2
[12:17:57.956] [SEVERE ] removing player 1 token from slot 5
[12:17:57.957] [SEVERE ] updating countdown to 10000
[12:17:57.957] [SEVERE ] setting player 4 freeze to 0
[12:17:57.958] [SEVERE ] setting player 4 freeze to 0
[12:17:57.958] [SEVERE ] removing player 4 token from slot 8
[12:17:57.958] [SEVERE ] removing player 4 token from slot 11
[12:17:57.958] [SEVERE ] removing player 4 token from slot 5
[12:17:57.958] [SEVERE ] player 1 placing token on slot 11
[12:17:57.958] [SEVERE ] player 1 placing token on slot 5
[12:17:57.958] [SEVERE ] player 1 placing token on slot 4
[12:17:57.960] [SEVERE ] updating countdown to 10000
[12:17:57.960] [SEVERE ] setting player 1 freeze to 0
[12:17:57.960] [SEVERE ] setting player 1 freeze to 0
[12:17:57.960] [SEVERE ] removing player 1 token from slot 11
[12:17:57.960] [SEVERE ] removing player 1 token from slot 5
[12:17:57.961] [SEVERE ] removing player 1 token from slot 4
[12:17:57.964] [SEVERE ] player 3 placing token on slot 2
[12:17:57.964] [SEVERE ] player 3 placing token on slot 10
[12:17:57.964] [SEVERE ] player 3 placing token on slot 11
[12:17:57.966] [SEVERE ] updating countdown to 10000
[12:17:57.967] [SEVERE ] setting player 3 freeze to 0
[12:17:57.967] [SEVERE ] player 4 placing token on slot 11
[12:17:57.967] [SEVERE ] setting player 3 freeze to 0
[12:17:57.967] [SEVERE ] player 4 placing token on slot 7
[12:17:57.967] [SEVERE ] removing player 3 token from slot 2
[12:17:57.967] [SEVERE ] player 4 placing token on slot 4
[12:17:57.967] [SEVERE ] removing player 3 token from slot 10
[12:17:57.967] [SEVERE ] removing player 3 token from slot 11
[12:17:57.969] [SEVERE ] updating countdown to 10000
[12:17:57.969] [SEVERE ] setting player 4 freeze to 0
[12:17:57.969] [SEVERE ] player 3 placing token on slot 9
[12:17:57.969] [SEVERE ] setting player 4 freeze to 0
[12:17:57.969] [SEVERE ] player 3 placing token on slot 4
[12:17:57.969] [SEVERE ] removing player 4 token from slot 11
[12:17:57.970] [SEVERE ] player 3 placing token on slot 10
[12:17:57.970] [SEVERE ] removing player 4 token from slot 7
[12:17:57.970] [SEVERE ] removing player 4 token from slot 4
[12:17:57.975] [SEVERE ] updating countdown to 10000
[12:17:57.976] [SEVERE ] player 2 placing token on slot 8
[12:17:57.976] [SEVERE ] player 2 placing token on slot 1
[12:17:57.976] [SEVERE ] player 2 placing token on slot 10
[12:17:57.976] [SEVERE ] setting player 3 freeze to 0
[12:17:57.976] [SEVERE ] setting player 3 freeze to 0
[12:17:57.976] [SEVERE ] removing player 3 token from slot 9
[12:17:57.976] [SEVERE ] removing player 3 token from slot 4
[12:17:57.976] [SEVERE ] removing player 3 token from slot 10
[12:17:57.977] [SEVERE ] updating countdown to 10000
[12:17:57.977] [SEVERE ] player 4 placing token on slot 1
[12:17:57.977] [SEVERE ] player 4 placing token on slot 2
[12:17:57.978] [SEVERE ] player 4 placing token on slot 6
[12:17:57.979] [SEVERE ] updating countdown to 10000
[12:17:57.979] [SEVERE ] player 1 placing token on slot 8
[12:17:57.979] [SEVERE ] player 1 placing token on slot 10
[12:17:57.979] [SEVERE ] player 1 placing token on slot 5
[12:17:57.980] [SEVERE ] setting player 2 freeze to 0
[12:17:57.980] [SEVERE ] setting player 2 freeze to 0
[12:17:57.980] [SEVERE ] removing player 2 token from slot 8
[12:17:57.980] [SEVERE ] removing player 2 token from slot 1
[12:17:57.980] [SEVERE ] removing player 2 token from slot 10
[12:17:57.981] [SEVERE ] updating countdown to 10000
[12:17:57.981] [SEVERE ] setting player 1 score to 1
[12:17:57.982] [SEVERE ] setting player 4 freeze to 0
[12:17:57.982] [SEVERE ] setting player 4 freeze to 0
[12:17:57.982] [SEVERE ] removing player 4 token from slot 1
[12:17:57.985] [SEVERE ] removing player 4 token from slot 2
[12:17:57.985] [SEVERE ] removing player 4 token from slot 6
[12:17:58.086] [SEVERE ] removing card from slot 8
[12:17:58.086] [SEVERE ] removing tokens from slot 8
[12:17:58.198] [SEVERE ] removing card from slot 10
[12:17:58.198] [SEVERE ] removing tokens from slot 10
[12:17:58.308] [SEVERE ] removing card from slot 5
[12:17:58.308] [SEVERE ] removing tokens from slot 5
[12:17:58.419] [SEVERE ] placing card 66 in slot 8
[12:17:58.529] [SEVERE ] placing card 64 in slot 10
[12:17:58.638] [SEVERE ] placing card 15 in slot 5
[12:17:58.638] [SEVERE ] player 2 placing token on slot 4
[12:17:58.638] [SEVERE ] setting player 1 freeze to 0
[12:17:58.638] [SEVERE ] player 2 placing token on slot 9
[12:17:58.638] [SEVERE ] setting player 1 freeze to 0
[12:17:58.638] [SEVERE ] player 2 placing token on slot 11
[12:17:58.638] [SEVERE ] removing player 1 token from slot 8
[12:17:58.639] [SEVERE ] removing player 1 token from slot 10
[12:17:58.639] [SEVERE ] removing player 1 token from slot 5
[12:17:58.640] [SEVERE ] updating countdown to 10000
[12:17:58.640] [SEVERE ] setting player 2 freeze to 0
[12:17:58.640] [SEVERE ] player 1 placing token on slot 10
[12:17:58.640] [SEVERE ] setting player 2 freeze to 0
[12:17:58.640] [SEVERE ] removing player 2 token from slot 4
[12:17:58.640] [SEVERE ] player 1 placing token on slot 7
[12:17:58.640] [SEVERE ] removing player 2 token from slot 9
[12:17:58.641] [SEVERE ] player 1 placing token on slot 1
[12:17:58.641] [SEVERE ] removing player 2 token from slot 11
[12:17:58.642] [SEVERE ] updating countdown to 10000
[12:17:58.642] [SEVERE ] setting player 1 freeze to 0
[12:17:58.642] [SEVERE ] player 2 placing token on slot 5
[12:17:58.643] [SEVERE ] setting player 1 freeze to 0
[12:17:58.643] [SEVERE ] removing player 1 token from slot 10
[12:17:58.643] [SEVERE ] player 2 placing token on slot 2
[12:17:58.644] [SEVERE ] removing player 1 token from slot 7
[12:17:58.644] [SEVERE ] player 2 placing token on slot 9
[12:17:58.644] [SEVERE ] removing player 1 token from slot 1
[12:17:58.645] [SEVERE ] updating countdown to 10000
[12:17:58.645] [SEVERE ] setting player 2 freeze to 0
[12:17:58.645] [SEVERE ] player 3 placing token on slot 5
[12:17:58.645] [SEVERE ] setting player 2 freeze to 0
[12:17:58.646] [SEVERE ] removing player 2 token from slot 5
[12:17:58.646] [SEVERE ] removing player 2 token from slot 2
[12:17:58.646] [SEVERE ] player 3 placing token on slot 2
[12:17:58.646] [SEVERE ] removing player 2 token from slot 9
[12:17:58.646] [SEVERE ] player 3 placing token on slot 10
[12:17:58.647] [SEVERE ] updating countdown to 10000
[12:17:58.647] [SEVERE ] setting player 3 freeze to 0
[12:17:58.647] [SEVERE ] player 2 placing token on slot 7
[12:17:58.648] [SEVERE ] setting player 3 freeze to 0
[12:17:58.648] [SEVERE ] player 2 placing token on slot 0
[12:17:58.648] [SEVERE ] removing player 3 token from slot 5
[12:17:58.648] [SEVERE ] player 2 placing token on slot 2
[12:17:58.648] [SEVERE ] removing player 3 token from slot 2
[12:17:58.648] [SEVERE ] removing player 3 token from slot 10
[12:17:58.649] [SEVERE ] updating countdown to 10000
[12:17:58.649] [SEVERE ] setting player 2 freeze to 0
[12:17:58.649] [SEVERE ] player 3 placing token on slot 6
[12:17:58.650] [SEVERE ] setting player 2 freeze to 0
[12:17:58.650] [SEVERE ] player 3 placing token on slot 8
[12:17:58.650] [SEVERE ] removing player 2 token from slot 7
[12:17:58.650] [SEVERE ] player 3 placing token on slot 11
[12:17:58.650] [SEVERE ] removing player 2 token from slot 0
[12:17:58.650] [SEVERE ] removing player 2 token from slot 2
[12:17:58.651] [SEVERE ] updating countdown to 10000
[12:17:58.651] [SEVERE ] setting player 3 freeze to 0
[12:17:58.652] [SEVERE ] setting player 3 freeze to 0
[12:17:58.652] [SEVERE ] removing player 3 token from slot 6
[12:17:58.652] [SEVERE ] removing player 3 token from slot 8
[12:17:58.652] [SEVERE ] removing player 3 token from slot 11
[12:17:58.652] [SEVERE ] player 3 placing token on slot 2
[12:17:58.652] [SEVERE ] player 3 placing token on slot 9
[12:17:58.652] [SEVERE ] player 3 placing token on slot 4
[12:17:58.653] [SEVERE ] updating countdown to 10000
[12:17:58.654] [SEVERE ] setting player 3 freeze to 0
[12:17:58.654] [SEVERE ] setting player 3 freeze to 0
[12:17:58.654] [SEVERE ] removing player 3 token from slot 2
[12:17:58.654] [SEVERE ] removing player 3 token from slot 9
[12:17:58.654] [SEVERE ] removing player 3 token from slot 4
[12:17:58.654] [SEVERE ] player 3 placing token on slot 7
[12:17:58.654] [SEVERE ] player 3 placing token on slot 5
[12:17:58.654] [SEVERE ] player 3 placing token on slot 0
[12:17:58.656] [SEVERE ] updating countdown to 10000
[12:17:58.656] [SEVERE ] setting player 3 freeze to 0
[12:17:58.656] [SEVERE ] player 2 placing token on slot 7
[12:17:58.657] [SEVERE ] setting player 3 freeze to 0
[12:17:58.657] [SEVERE ] player 2 placing token on slot 9
[12:17:58.657] [SEVERE ] removing player 3 token from slot 7
[12:17:58.657] [SEVERE ] player 2 placing token on slot 2
[12:17:58.657] [SEVERE ] removing player 3 token from slot 5
[12:17:58.657] [SEVERE ] removing player 3 token from slot 0
[12:17:58.658] [SEVERE ] updating countdown to 10000
[12:17:58.659] [SEVERE ] player 3 placing token on slot 11
[12:17:58.659] [SEVERE ] setting player 2 freeze to 0
[12:17:58.660] [SEVERE ] player 3 placing token on slot 7
[12:17:58.660] [SEVERE ] setting player 2 freeze to 0
[12:17:58.660] [SEVERE ] player 3 placing token on slot 9
[12:17:58.661] [SEVERE ] removing player 2 token from slot 7
[12:17:58.661] [SEVERE ] removing player 2 token from slot 9
[12:17:58.661] [SEVERE ] updating countdown to 10000
[12:17:58.661] [SEVERE ] removing player 2 token from slot 2
[12:17:58.662] [SEVERE ] setting player 3 freeze to 0
[12:17:58.662] [SEVERE ] player 2 placing token on slot 0
[12:17:58.662] [SEVERE ] setting player 3 freeze to 0
[12:17:58.662] [SEVERE ] player 2 placing token on slot 2
[12:17:58.662] [SEVERE ] removing player 3 token from slot 11
[12:17:58.662] [SEVERE ] player 2 placing token on slot 1
[12:17:58.662] [SEVERE ] removing player 3 token from slot 7
[12:17:58.663] [SEVERE ] removing player 3 token from slot 9
[12:17:58.663] [SEVERE ] updating countdown to 10000
[12:17:58.664] [SEVERE ] setting player 2 freeze to 0
[12:17:58.664] [SEVERE ] player 3 placing token on slot 8
[12:17:58.664] [SEVERE ] setting player 2 freeze to 0
[12:17:58.664] [SEVERE ] player 3 placing token on slot 10
[12:17:58.664] [SEVERE ] removing player 2 token from slot 0
[12:17:58.664] [SEVERE ] player 3 placing token on slot 3
[12:17:58.664] [SEVERE ] removing player 2 token from slot 2
[12:17:58.664] [SEVERE ] removing player 2 token from slot 1
[12:17:58.665] [SEVERE ] updating countdown to 10000
[12:17:58.666] [SEVERE ] setting player 3 freeze to 0
[12:17:58.666] [SEVERE ] player 2 placing token on slot 11
[12:17:58.666] [SEVERE ] setting player 3 freeze to 0
[12:17:58.666] [SEVERE ] player 2 placing token on slot 9
[12:17:58.666] [SEVERE ] removing player 3 token from slot 8
[12:17:58.666] [SEVERE ] player 2 placing token on slot 7
[12:17:58.666] [SEVERE ] removing player 3 token from slot 10
[12:17:58.666] [SEVERE ] removing player 3 token from slot 3
[12:17:58.667] [SEVERE ] updating countdown to 10000
[12:17:58.668] [SEVERE ] setting player 2 freeze to 0
[12:17:58.668] [SEVERE ] player 3 placing token on slot 1
[12:17:58.668] [SEVERE ] setting player 2 freeze to 0
[12:17:58.668] [SEVERE ] player 3 placing token on slot 4
[12:17:58.668] [SEVERE ] removing player 2 token from slot 11
[12:17:58.668] [SEVERE ] player 3 placing token on slot 2
[12:17:58.668] [SEVERE ] removing player 2 token from slot 9
[12:17:58.668] [SEVERE ] removing player 2 token from slot 7
[12:17:58.669] [SEVERE ] updating countdown to 10000
[12:17:58.669] [SEVERE ] setting player 3 freeze to 0
[12:17:58.669] [SEVERE ] player 4 placing token on slot 3
[12:17:58.669] [SEVERE ] setting player 3 freeze to 0
[12:17:58.669] [SEVERE ] player 4 placing token on slot 6
[12:17:58.669] [SEVERE ] removing player 3 token from slot 1
[12:17:58.670] [SEVERE ] player 4 placing token on slot 1
[12:17:58.670] [SEVERE ] removing player 3 token from slot 4
[12:17:58.670] [SEVERE ] removing player 3 token from slot 2
[12:17:58.671] [SEVERE ] updating countdown to 10000
[12:17:58.671] [SEVERE ] setting player 4 freeze to 0
[12:17:58.671] [SEVERE ] player 3 placing token on slot 9
[12:17:58.671] [SEVERE ] setting player 4 freeze to 0
[12:17:58.671] [SEVERE ] player 3 placing token on slot 10
[12:17:58.671] [SEVERE ] removing player 4 token from slot 3
[12:17:58.672] [SEVERE ] player 3 placing token on slot 2
[12:17:58.672] [SEVERE ] removing player 4 token from slot 6
[12:17:58.672] [SEVERE ] removing player 4 token from slot 1
[12:17:58.701] [SEVERE ] updating countdown to 10000
[12:17:58.701] [SEVERE ] player 2 placing token on slot 0
[12:17:58.701] [SEVERE ] setting player 3 freeze to 0
[12:17:58.702] [SEVERE ] player 2 placing token on slot 2
[12:17:58.702] [SEVERE ] setting player 3 freeze to 0
[12:17:58.702] [SEVERE ] removing player 3 token from slot 9
[12:17:58.702] [SEVERE ] removing player 3 token from slot 10
[12:17:58.702] [SEVERE ] removing player 3 token from slot 2
[12:17:58.703] [SEVERE ] updating countdown to 10000
[12:17:58.702] [SEVERE ] player 2 placing token on slot 11
[12:17:58.704] [SEVERE ] setting player 2 score to 1
[12:17:58.715] [SEVERE ] exit button pressed
[12:17:58.715] [INFO   ] Thread computer-1 terminated.
[12:17:58.716] [INFO   ] Thread computer-3 terminated.
[12:17:58.716] [INFO   ] Thread computer-2 terminated.
[12:17:58.716] [INFO   ] Thread computer-0 terminated.
[12:17:58.811] [SEVERE ] removing card from slot 0
[12:17:58.811] [SEVERE ] removing tokens from slot 0
[12:17:58.921] [SEVERE ] removing card from slot 2
[12:17:58.921] [SEVERE ] removing tokens from slot 2
[12:17:59.031] [SEVERE ] removing card from slot 11
[12:17:59.031] [SEVERE ] removing tokens from slot 11
[12:17:59.141] [SEVERE ] placing card 26 in slot 0
[12:17:59.251] [SEVERE ] placing card 11 in slot 2
[12:17:59.363] [SEVERE ] placing card 0 in slot 11
[12:17:59.363] [SEVERE ] setting player 2 freeze to 0
[12:17:59.364] [SEVERE ] setting player 2 freeze to 0
[12:17:59.364] [SEVERE ] removing player 2 token from slot 0
[12:17:59.364] [SEVERE ] removing player 2 token from slot 2
[12:17:59.364] [SEVERE ] removing player 2 token from slot 11
[12:17:59.366] [SEVERE ] updating countdown to 10000
[12:17:59.367] [SEVERE ] removing all tokens
[12:17:59.473] [SEVERE ] removing card from slot 0
[12:17:59.584] [SEVERE ] removing card from slot 1
[12:17:59.695] [SEVERE ] removing card from slot 2
[12:17:59.804] [SEVERE ] removing card from slot 3
[12:17:59.913] [SEVERE ] removing card from slot 4
[12:18:00.022] [SEVERE ] removing card from slot 5
[12:18:00.132] [SEVERE ] removing card from slot 6
[12:18:00.242] [SEVERE ] removing card from slot 7
[12:18:00.352] [SEVERE ] removing card from slot 8
[12:18:00.462] [SEVERE ] removing card from slot 9
[12:18:00.571] [SEVERE ] removing card from slot 10
[12:18:00.682] [SEVERE ] removing card from slot 11
[12:18:00.684] [SEVERE ] announcing winner(s): player 1, player 2
[12:18:00.689] [SEVERE ] removing all tokens
[12:18:00.689] [INFO   ] Thread dealer terminated.
[12:18:00.690] [INFO   ] thread dealer terminated.
[12:18:00.690] [SEVERE ] thanks for playing... it was fun!
[12:18:00.692] [INFO   ] thread main terminated.
