[18:31:40.212] [INFO   ] thread main starting.
[18:31:40.226] [SEVERE ] cannot read configuration file config.properties trying from resources.
[18:31:40.228] [SEVERE ] configuration file was loaded from resources directory.
[18:31:40.703] [INFO   ] thread dealer starting.
[18:31:40.703] [INFO   ] Thread dealer starting.
[18:31:40.705] [INFO   ] Thread Thread-4starting.
[18:31:40.705] [INFO   ] Thread Thread-5starting.
[18:31:40.705] [INFO   ] Thread Thread-3starting.
[18:31:40.715] [INFO   ] Thread computer-0 starting.
[18:31:40.715] [INFO   ] Thread Thread-6starting.
[18:31:40.715] [INFO   ] Thread computer-1 starting.
[18:31:40.715] [INFO   ] Thread computer-2 starting.
[18:31:40.734] [SEVERE ] removing all tokens
[18:31:40.821] [INFO   ] Thread computer-3 starting.
[18:31:40.846] [SEVERE ] placing card 16 in slot 4
[18:31:40.946] [SEVERE ] placing card 14 in slot 10
[18:31:41.057] [SEVERE ] placing card 80 in slot 5
[18:31:41.169] [SEVERE ] placing card 0 in slot 8
[18:31:41.278] [SEVERE ] placing card 25 in slot 2
[18:31:41.389] [SEVERE ] placing card 9 in slot 6
[18:31:41.501] [SEVERE ] placing card 50 in slot 9
[18:31:41.612] [SEVERE ] placing card 42 in slot 1
[18:31:41.721] [SEVERE ] placing card 12 in slot 11
[18:31:41.830] [SEVERE ] placing card 15 in slot 7
[18:31:41.944] [SEVERE ] placing card 35 in slot 3
[18:31:42.052] [SEVERE ] placing card 52 in slot 0
[18:31:42.052] [SEVERE ] updating countdown to 10000
[18:31:42.055] [SEVERE ] player 2 placing token on slot 11
[18:31:42.055] [SEVERE ] player 2 placing token on slot 0
[18:31:42.055] [SEVERE ] player 2 placing token on slot 10
[18:31:42.055] [SEVERE ] setting player 2 freeze to 0
[18:31:42.055] [SEVERE ] setting player 2 freeze to 0
[18:31:42.056] [SEVERE ] removing player 2 token from slot 11
[18:31:42.057] [SEVERE ] removing player 2 token from slot 0
[18:31:42.057] [SEVERE ] removing player 2 token from slot 10
[18:31:42.076] [SEVERE ] updating countdown to 10000
[18:31:43.082] [SEVERE ] updating countdown to 9000
[18:31:43.795] [SEVERE ] exit button pressed
[18:31:43.795] [INFO   ] Thread computer-3 terminated.
[18:31:43.795] [INFO   ] Thread computer-1 terminated.
[18:31:43.795] [INFO   ] Thread computer-0 terminated.
[18:31:43.795] [INFO   ] Thread computer-2 terminated.
[18:31:44.093] [SEVERE ] updating countdown to 8000
[18:31:44.094] [SEVERE ] removing all tokens
[18:31:44.202] [SEVERE ] removing card from slot 0
[18:31:44.313] [SEVERE ] removing card from slot 1
[18:31:44.421] [SEVERE ] removing card from slot 2
[18:31:44.531] [SEVERE ] removing card from slot 3
[18:31:44.640] [SEVERE ] removing card from slot 4
[18:31:44.749] [SEVERE ] removing card from slot 5
[18:31:44.858] [SEVERE ] removing card from slot 6
[18:31:44.969] [SEVERE ] removing card from slot 7
[18:31:45.078] [SEVERE ] removing card from slot 8
[18:31:45.188] [SEVERE ] removing card from slot 9
[18:31:45.299] [SEVERE ] removing card from slot 10
[18:31:45.409] [SEVERE ] removing card from slot 11
[18:31:45.412] [SEVERE ] announcing winner(s): player 1, player 2, player 3, player 4
[18:31:45.415] [SEVERE ] removing all tokens
[18:31:45.417] [INFO   ] Thread dealer terminated.
[18:31:45.417] [INFO   ] thread dealer terminated.
[18:31:45.417] [SEVERE ] thanks for playing... it was fun!
[18:31:45.419] [INFO   ] thread main terminated.
