[11:12:35.052] [INFO   ] thread main starting.
[11:12:35.069] [SEVERE ] cannot read configuration file config.properties trying from resources.
[11:12:35.070] [SEVERE ] configuration file was loaded from resources directory.
[11:12:35.643] [INFO   ] thread dealer starting.
[11:12:35.646] [INFO   ] Thread dealer starting.
[11:12:35.653] [INFO   ] Thread Thread-3starting.
[11:12:35.662] [INFO   ] Thread Thread-5starting.
[11:12:35.662] [INFO   ] Thread Thread-4starting.
[11:12:35.662] [INFO   ] Thread Thread-6starting.
[11:12:35.667] [SEVERE ] removing all tokens
[11:12:35.672] [INFO   ] Thread computer-0 starting.
[11:12:35.678] [INFO   ] Thread computer-3 starting.
[11:12:35.757] [INFO   ] Thread computer-2 starting.
[11:12:35.777] [SEVERE ] placing card 23 in slot 4
[11:12:35.818] [INFO   ] Thread computer-1 starting.
[11:12:35.887] [SEVERE ] placing card 6 in slot 8
[11:12:35.996] [SEVERE ] placing card 49 in slot 9
[11:12:36.104] [SEVERE ] placing card 73 in slot 1
[11:12:36.214] [SEVERE ] placing card 11 in slot 3
[11:12:36.324] [SEVERE ] placing card 1 in slot 7
[11:12:36.435] [SEVERE ] placing card 78 in slot 2
[11:12:36.546] [SEVERE ] placing card 16 in slot 6
[11:12:36.655] [SEVERE ] placing card 75 in slot 0
[11:12:36.766] [SEVERE ] placing card 19 in slot 11
[11:12:36.909] [SEVERE ] placing card 4 in slot 5
[11:12:37.020] [SEVERE ] placing card 76 in slot 10
[11:12:37.020] [SEVERE ] updating countdown to 10000
[11:12:38.026] [SEVERE ] updating countdown to 9000
[11:12:39.035] [SEVERE ] updating countdown to 8000
[11:12:40.049] [SEVERE ] updating countdown to 7000
[11:12:41.059] [SEVERE ] updating countdown to 6000
[11:12:42.062] [SEVERE ] updating countdown to 5000
[11:12:43.078] [SEVERE ] updating countdown to 5000
