[23:02:38.522] [INFO   ] thread main starting.
[23:02:38.532] [SEVERE ] cannot read configuration file config.properties trying from resources.
[23:02:38.534] [SEVERE ] configuration file was loaded from resources directory.
[23:02:38.985] [INFO   ] thread dealer starting.
[23:02:38.988] [INFO   ] Thread dealer starting.
[23:02:38.989] [INFO   ] Thread Thread-3starting.
[23:02:38.989] [INFO   ] Thread Thread-5starting.
[23:02:38.989] [INFO   ] Thread Thread-7starting.
[23:02:38.990] [INFO   ] Thread Thread-4starting.
[23:02:38.991] [INFO   ] Thread Thread-6starting.
[23:02:39.012] [INFO   ] Thread computer-2 starting.
[23:02:39.017] [INFO   ] Thread computer-1 starting.
[23:02:39.076] [INFO   ] Thread computer-3 starting.
[23:02:39.084] [INFO   ] Thread computer-4 starting.
[23:02:39.112] [SEVERE ] placing card 9 in slot 6
[23:02:39.223] [SEVERE ] placing card 2 in slot 5
[23:02:39.334] [SEVERE ] placing card 53 in slot 4
[23:02:39.446] [SEVERE ] placing card 52 in slot 10
[23:02:39.556] [SEVERE ] placing card 5 in slot 9
[23:02:39.667] [SEVERE ] placing card 50 in slot 0
[23:02:39.778] [SEVERE ] placing card 27 in slot 2
[23:02:39.888] [SEVERE ] placing card 72 in slot 8
[23:02:39.999] [SEVERE ] placing card 33 in slot 11
[23:02:40.111] [SEVERE ] placing card 76 in slot 7
[23:02:40.222] [SEVERE ] placing card 63 in slot 1
[23:02:40.331] [SEVERE ] placing card 73 in slot 3
[23:02:40.331] [SEVERE ] updating countdown to 10000
[23:02:40.333] [SEVERE ] player 5 placing token on slot 2
[23:02:40.333] [SEVERE ] player 5 placing token on slot 10
[23:02:40.333] [SEVERE ] player 5 placing token on slot 0
[23:02:40.336] [SEVERE ] setting player 5 freeze to 3000
[23:02:40.350] [SEVERE ] player 3 placing token on slot 6
[23:02:40.350] [SEVERE ] player 3 placing token on slot 0
[23:02:40.350] [SEVERE ] player 3 placing token on slot 4
[23:02:40.351] [SEVERE ] player 4 placing token on slot 4
[23:02:40.352] [SEVERE ] player 4 placing token on slot 2
[23:02:40.352] [SEVERE ] player 4 placing token on slot 8
[23:02:40.352] [SEVERE ] player 2 placing token on slot 7
[23:02:40.353] [SEVERE ] player 2 placing token on slot 11
[23:02:40.353] [SEVERE ] player 2 placing token on slot 0
[23:02:40.366] [SEVERE ] updating countdown to 10000
[23:02:40.368] [SEVERE ] setting player 3 freeze to 3000
[23:02:40.380] [SEVERE ] updating countdown to 10000
[23:02:41.339] [SEVERE ] setting player 5 freeze to 2000
[23:02:41.370] [SEVERE ] setting player 3 freeze to 2000
[23:02:41.385] [SEVERE ] updating countdown to 9000
[23:02:42.341] [SEVERE ] setting player 5 freeze to 1000
[23:02:42.373] [SEVERE ] setting player 3 freeze to 1000
[23:02:42.389] [SEVERE ] updating countdown to 8000
[23:02:43.355] [SEVERE ] setting player 5 freeze to 0
[23:02:43.355] [SEVERE ] setting player 5 freeze to 0
[23:02:43.355] [SEVERE ] removing player 5 token from slot 2
[23:02:43.356] [SEVERE ] removing player 5 token from slot 10
[23:02:43.356] [SEVERE ] removing player 5 token from slot 0
[23:02:43.356] [SEVERE ] player 5 placing token on slot 3
[23:02:43.357] [SEVERE ] player 5 placing token on slot 9
[23:02:43.357] [SEVERE ] player 5 placing token on slot 3
[23:02:43.357] [SEVERE ] setting player 4 freeze to 3000
[23:02:43.361] [SEVERE ] updating countdown to 7000
[23:02:43.386] [SEVERE ] setting player 3 freeze to 0
[23:02:43.387] [SEVERE ] setting player 3 freeze to 0
[23:02:43.387] [SEVERE ] removing player 3 token from slot 6
[23:02:43.387] [SEVERE ] removing player 3 token from slot 0
[23:02:43.388] [SEVERE ] removing player 3 token from slot 4
[23:02:43.388] [SEVERE ] player 3 placing token on slot 7
[23:02:43.388] [SEVERE ] player 3 placing token on slot 1
[23:02:43.388] [SEVERE ] player 3 placing token on slot 3
[23:02:43.389] [SEVERE ] setting player 2 freeze to 3000
[23:02:43.394] [SEVERE ] updating countdown to 7000
[23:02:44.367] [SEVERE ] setting player 4 freeze to 2000
[23:02:44.399] [SEVERE ] setting player 2 freeze to 2000
[23:02:44.399] [SEVERE ] updating countdown to 6000
[23:02:45.379] [SEVERE ] setting player 4 freeze to 1000
[23:02:45.411] [SEVERE ] setting player 2 freeze to 1000
[23:02:45.411] [SEVERE ] updating countdown to 5000
[23:02:46.380] [SEVERE ] setting player 4 freeze to 0
[23:02:46.380] [SEVERE ] setting player 4 freeze to 0
[23:02:46.380] [SEVERE ] removing player 4 token from slot 4
[23:02:46.381] [SEVERE ] removing player 4 token from slot 2
[23:02:46.381] [SEVERE ] removing player 4 token from slot 8
[23:02:46.382] [SEVERE ] player 4 placing token on slot 11
[23:02:46.382] [SEVERE ] player 4 placing token on slot 9
[23:02:46.382] [SEVERE ] player 4 placing token on slot 8
[23:02:46.382] [SEVERE ] setting player 5 freeze to 3000
[23:02:46.412] [SEVERE ] setting player 2 freeze to 0
[23:02:46.412] [SEVERE ] setting player 2 freeze to 0
[23:02:46.413] [SEVERE ] removing player 2 token from slot 7
[23:02:46.413] [SEVERE ] removing player 2 token from slot 11
[23:02:46.413] [SEVERE ] removing player 2 token from slot 0
[23:02:46.413] [SEVERE ] player 2 placing token on slot 2
[23:02:46.414] [SEVERE ] player 2 placing token on slot 10
[23:02:46.414] [SEVERE ] player 2 placing token on slot 3
[23:02:46.414] [SEVERE ] setting player 3 freeze to 3000
[23:02:47.396] [SEVERE ] setting player 5 freeze to 2000
[23:02:47.428] [SEVERE ] setting player 3 freeze to 2000
[23:02:48.401] [SEVERE ] setting player 5 freeze to 1000
[23:02:48.431] [SEVERE ] setting player 3 freeze to 1000
[23:02:49.405] [SEVERE ] setting player 5 freeze to 0
[23:02:49.405] [SEVERE ] setting player 5 freeze to 0
[23:02:49.405] [SEVERE ] removing player 5 token from slot 3
[23:02:49.406] [SEVERE ] removing player 5 token from slot 9
[23:02:49.406] [SEVERE ] removing player 5 token from slot 3
[23:02:49.406] [SEVERE ] player 5 placing token on slot 10
[23:02:49.406] [SEVERE ] player 5 placing token on slot 3
[23:02:49.407] [SEVERE ] player 5 placing token on slot 4
[23:02:49.407] [SEVERE ] setting player 4 freeze to 3000
[23:02:49.437] [SEVERE ] setting player 3 freeze to 0
[23:02:49.437] [SEVERE ] setting player 3 freeze to 0
[23:02:49.437] [SEVERE ] removing player 3 token from slot 7
[23:02:49.438] [SEVERE ] removing player 3 token from slot 1
[23:02:49.438] [SEVERE ] removing player 3 token from slot 3
[23:02:49.438] [SEVERE ] player 3 placing token on slot 9
[23:02:49.438] [SEVERE ] player 3 placing token on slot 1
[23:02:49.438] [SEVERE ] player 3 placing token on slot 6
[23:02:49.439] [SEVERE ] setting player 2 freeze to 3000
[23:02:50.417] [SEVERE ] setting player 4 freeze to 2000
[23:02:50.449] [SEVERE ] setting player 2 freeze to 2000
[23:02:50.541] [SEVERE ] updating countdown to 0
[23:02:50.542] [SEVERE ] removing all tokens
[23:02:50.651] [SEVERE ] removing card from slot 0
[23:02:50.763] [SEVERE ] removing card from slot 1
