[23:47:11.827] [INFO   ] thread main starting.
[23:47:11.838] [SEVERE ] cannot read configuration file config.properties trying from resources.
[23:47:11.841] [SEVERE ] configuration file was loaded from resources directory.
[23:47:12.339] [INFO   ] thread dealer starting.
[23:47:12.340] [INFO   ] Thread dealer starting.
[23:47:12.345] [INFO   ] Thread Thread-3starting.
[23:47:12.347] [INFO   ] Thread Thread-4starting.
[23:47:12.347] [INFO   ] Thread computer-1 starting.
[23:47:12.462] [SEVERE ] placing card 48 in slot 1
[23:47:12.573] [SEVERE ] placing card 1 in slot 5
[23:47:12.683] [SEVERE ] placing card 78 in slot 9
[23:47:12.793] [SEVERE ] placing card 6 in slot 4
[23:47:12.903] [SEVERE ] placing card 54 in slot 8
[23:47:13.011] [SEVERE ] placing card 68 in slot 6
[23:47:13.120] [SEVERE ] placing card 8 in slot 2
[23:47:13.231] [SEVERE ] placing card 33 in slot 11
[23:47:13.342] [SEVERE ] placing card 21 in slot 10
[23:47:13.450] [SEVERE ] placing card 55 in slot 7
[23:47:13.560] [SEVERE ] placing card 45 in slot 3
[23:47:13.670] [SEVERE ] placing card 57 in slot 0
[23:47:13.670] [SEVERE ] updating countdown to 30000
[23:47:13.672] [SEVERE ] player 2 placing token on slot 6
[23:47:13.672] [SEVERE ] player 2 placing token on slot 7
[23:47:13.673] [SEVERE ] player 2 placing token on slot 10
[23:47:13.673] [SEVERE ] setting player 2 freeze to 3000
[23:47:13.691] [SEVERE ] updating countdown to 30000
[23:47:14.688] [SEVERE ] setting player 2 freeze to 2000
[23:47:14.704] [SEVERE ] updating countdown to 29000
[23:47:15.691] [SEVERE ] setting player 2 freeze to 1000
[23:47:15.707] [SEVERE ] updating countdown to 28000
[23:47:16.702] [SEVERE ] setting player 2 freeze to 0
[23:47:16.703] [SEVERE ] setting player 2 freeze to 0
[23:47:16.703] [SEVERE ] removing player 2 token from slot 6
[23:47:16.703] [SEVERE ] removing player 2 token from slot 7
[23:47:16.703] [SEVERE ] removing player 2 token from slot 10
[23:47:16.704] [SEVERE ] player 2 placing token on slot 1
[23:47:16.704] [SEVERE ] player 2 placing token on slot 10
[23:47:16.704] [SEVERE ] player 2 placing token on slot 7
[23:47:16.705] [SEVERE ] setting player 2 freeze to 3000
[23:47:16.709] [SEVERE ] updating countdown to 27000
[23:47:17.720] [SEVERE ] setting player 2 freeze to 2000
[23:47:17.721] [SEVERE ] updating countdown to 26000
[23:47:17.827] [SEVERE ] key 67 was pressed by player 1
[23:47:17.828] [SEVERE ] player 1 placing token on slot 10
[23:47:18.169] [SEVERE ] key 82 was pressed by player 1
[23:47:18.170] [SEVERE ] player 1 placing token on slot 3
[23:47:18.628] [SEVERE ] key 88 was pressed by player 1
[23:47:18.628] [SEVERE ] player 1 placing token on slot 9
[23:47:18.628] [SEVERE ] setting player 1 score to 1
[23:47:18.734] [SEVERE ] removing card from slot 10
[23:47:18.734] [SEVERE ] setting player 2 freeze to 1000
[23:47:18.734] [SEVERE ] removing tokens from slot 10
[23:47:18.844] [SEVERE ] removing card from slot 3
[23:47:18.844] [SEVERE ] removing tokens from slot 3
[23:47:18.955] [SEVERE ] removing card from slot 9
[23:47:18.956] [SEVERE ] removing tokens from slot 9
[23:47:19.065] [SEVERE ] placing card 38 in slot 10
[23:47:19.175] [SEVERE ] placing card 70 in slot 3
[23:47:19.287] [SEVERE ] placing card 25 in slot 9
[23:47:19.287] [SEVERE ] setting player 1 freeze to 1000
[23:47:19.290] [SEVERE ] updating countdown to 30000
[23:47:19.745] [SEVERE ] setting player 2 freeze to 0
[23:47:19.746] [SEVERE ] setting player 2 freeze to 0
[23:47:19.746] [SEVERE ] removing player 2 token from slot 1
[23:47:19.746] [SEVERE ] removing player 2 token from slot 10
[23:47:19.746] [SEVERE ] removing player 2 token from slot 7
[23:47:19.746] [SEVERE ] player 2 placing token on slot 6
[23:47:19.746] [SEVERE ] player 2 placing token on slot 10
[23:47:19.746] [SEVERE ] player 2 placing token on slot 5
[23:47:19.747] [SEVERE ] setting player 2 freeze to 3000
[23:47:19.750] [SEVERE ] updating countdown to 29000
[23:47:20.288] [SEVERE ] setting player 1 freeze to 0
[23:47:20.749] [SEVERE ] setting player 2 freeze to 2000
[23:47:20.765] [SEVERE ] updating countdown to 28000
[23:47:21.764] [SEVERE ] setting player 2 freeze to 1000
[23:47:21.780] [SEVERE ] updating countdown to 27000
[23:47:22.156] [SEVERE ] key 65 was pressed by player 1
[23:47:22.156] [SEVERE ] player 1 placing token on slot 4
[23:47:22.460] [SEVERE ] key 83 was pressed by player 1
[23:47:22.460] [SEVERE ] player 1 placing token on slot 5
[23:47:22.774] [SEVERE ] key 68 was pressed by player 1
[23:47:22.774] [SEVERE ] player 1 placing token on slot 6
[23:47:22.775] [SEVERE ] setting player 1 freeze to 3000
[23:47:22.778] [SEVERE ] updating countdown to 26000
[23:47:22.779] [SEVERE ] setting player 2 freeze to 0
[23:47:22.779] [SEVERE ] setting player 2 freeze to 0
[23:47:22.779] [SEVERE ] removing player 2 token from slot 6
[23:47:22.779] [SEVERE ] removing player 2 token from slot 10
[23:47:22.780] [SEVERE ] removing player 2 token from slot 5
[23:47:22.780] [SEVERE ] player 2 placing token on slot 9
[23:47:22.780] [SEVERE ] player 2 placing token on slot 3
[23:47:22.780] [SEVERE ] player 2 placing token on slot 2
[23:47:22.780] [SEVERE ] setting player 2 freeze to 3000
[23:47:22.783] [SEVERE ] updating countdown to 26000
[23:47:23.784] [SEVERE ] setting player 2 freeze to 2000
[23:47:23.784] [SEVERE ] updating countdown to 25000
[23:47:23.784] [SEVERE ] setting player 1 freeze to 2000
[23:47:24.796] [SEVERE ] setting player 2 freeze to 1000
[23:47:24.796] [SEVERE ] updating countdown to 24000
[23:47:24.796] [SEVERE ] setting player 1 freeze to 1000
[23:47:25.800] [SEVERE ] setting player 1 freeze to 0
[23:47:25.800] [SEVERE ] updating countdown to 23000
[23:47:25.800] [SEVERE ] setting player 2 freeze to 0
[23:47:25.800] [SEVERE ] setting player 1 freeze to 0
[23:47:25.800] [SEVERE ] setting player 2 freeze to 0
[23:47:25.801] [SEVERE ] removing player 2 token from slot 9
[23:47:25.801] [SEVERE ] removing player 2 token from slot 3
[23:47:25.801] [SEVERE ] removing player 2 token from slot 2
[23:47:25.801] [SEVERE ] player 2 placing token on slot 9
[23:47:25.801] [SEVERE ] player 2 placing token on slot 0
[23:47:25.801] [SEVERE ] player 2 placing token on slot 6
[23:47:25.801] [SEVERE ] setting player 2 freeze to 3000
[23:47:25.804] [SEVERE ] updating countdown to 23000
[23:47:26.152] [SEVERE ] key 83 was pressed by player 1
[23:47:26.152] [SEVERE ] removing player 1 token from slot 5
[23:47:26.451] [SEVERE ] key 68 was pressed by player 1
[23:47:26.451] [SEVERE ] removing player 1 token from slot 6
[23:47:26.809] [SEVERE ] setting player 2 freeze to 2000
[23:47:26.809] [SEVERE ] updating countdown to 22000
[23:47:26.815] [SEVERE ] key 65 was pressed by player 1
[23:47:26.815] [SEVERE ] removing player 1 token from slot 4
[23:47:27.812] [SEVERE ] setting player 2 freeze to 1000
[23:47:27.812] [SEVERE ] updating countdown to 21000
[23:47:28.827] [SEVERE ] setting player 2 freeze to 0
[23:47:28.827] [SEVERE ] updating countdown to 20000
[23:47:28.827] [SEVERE ] setting player 2 freeze to 0
[23:47:28.827] [SEVERE ] removing player 2 token from slot 9
[23:47:28.828] [SEVERE ] removing player 2 token from slot 0
[23:47:28.828] [SEVERE ] removing player 2 token from slot 6
[23:47:28.828] [SEVERE ] player 2 placing token on slot 7
[23:47:28.828] [SEVERE ] player 2 placing token on slot 3
[23:47:28.828] [SEVERE ] player 2 placing token on slot 11
[23:47:28.829] [SEVERE ] setting player 2 freeze to 3000
[23:47:28.831] [SEVERE ] updating countdown to 20000
[23:47:29.842] [SEVERE ] setting player 2 freeze to 2000
[23:47:29.842] [SEVERE ] updating countdown to 19000
[23:47:30.846] [SEVERE ] setting player 2 freeze to 1000
[23:47:30.846] [SEVERE ] updating countdown to 18000
[23:47:31.855] [SEVERE ] setting player 2 freeze to 0
[23:47:31.855] [SEVERE ] updating countdown to 17000
[23:47:31.855] [SEVERE ] setting player 2 freeze to 0
[23:47:31.855] [SEVERE ] removing player 2 token from slot 7
[23:47:31.855] [SEVERE ] removing player 2 token from slot 3
[23:47:31.855] [SEVERE ] removing player 2 token from slot 11
[23:47:31.856] [SEVERE ] player 2 placing token on slot 9
[23:47:31.856] [SEVERE ] player 2 placing token on slot 6
[23:47:31.856] [SEVERE ] player 2 placing token on slot 0
[23:47:31.856] [SEVERE ] setting player 2 freeze to 3000
[23:47:31.858] [SEVERE ] updating countdown to 17000
[23:47:32.868] [SEVERE ] setting player 2 freeze to 2000
[23:47:32.868] [SEVERE ] updating countdown to 16000
[23:47:33.870] [SEVERE ] setting player 2 freeze to 1000
[23:47:33.870] [SEVERE ] updating countdown to 15000
[23:47:34.885] [SEVERE ] setting player 2 freeze to 0
[23:47:34.885] [SEVERE ] updating countdown to 14000
[23:47:34.885] [SEVERE ] setting player 2 freeze to 0
[23:47:34.885] [SEVERE ] removing player 2 token from slot 9
[23:47:34.885] [SEVERE ] removing player 2 token from slot 6
[23:47:34.886] [SEVERE ] removing player 2 token from slot 0
[23:47:34.886] [SEVERE ] player 2 placing token on slot 7
[23:47:34.886] [SEVERE ] player 2 placing token on slot 11
[23:47:34.886] [SEVERE ] player 2 placing token on slot 4
[23:47:34.886] [SEVERE ] setting player 2 freeze to 3000
[23:47:34.888] [SEVERE ] updating countdown to 14000
[23:47:35.890] [SEVERE ] setting player 2 freeze to 2000
[23:47:35.890] [SEVERE ] updating countdown to 13000
[23:47:36.902] [SEVERE ] setting player 2 freeze to 1000
[23:47:36.902] [SEVERE ] updating countdown to 12000
[23:47:37.904] [SEVERE ] setting player 2 freeze to 0
[23:47:37.904] [SEVERE ] updating countdown to 11000
[23:47:37.904] [SEVERE ] setting player 2 freeze to 0
[23:47:37.905] [SEVERE ] removing player 2 token from slot 7
[23:47:37.905] [SEVERE ] removing player 2 token from slot 11
[23:47:37.905] [SEVERE ] removing player 2 token from slot 4
[23:47:37.905] [SEVERE ] player 2 placing token on slot 1
[23:47:37.905] [SEVERE ] player 2 placing token on slot 9
[23:47:37.905] [SEVERE ] player 2 placing token on slot 0
[23:47:37.905] [SEVERE ] setting player 2 freeze to 3000
[23:47:37.907] [SEVERE ] updating countdown to 11000
[23:47:38.919] [SEVERE ] setting player 2 freeze to 2000
[23:47:38.919] [SEVERE ] updating countdown to 10000
[23:47:39.920] [SEVERE ] setting player 2 freeze to 1000
[23:47:39.920] [SEVERE ] updating countdown to 9000
[23:47:40.933] [SEVERE ] setting player 2 freeze to 0
[23:47:40.933] [SEVERE ] updating countdown to 8000
[23:47:40.933] [SEVERE ] setting player 2 freeze to 0
[23:47:40.934] [SEVERE ] removing player 2 token from slot 1
[23:47:40.934] [SEVERE ] removing player 2 token from slot 9
[23:47:40.934] [SEVERE ] removing player 2 token from slot 0
[23:47:40.934] [SEVERE ] player 2 placing token on slot 6
[23:47:40.934] [SEVERE ] player 2 placing token on slot 5
[23:47:40.934] [SEVERE ] player 2 placing token on slot 10
[23:47:40.935] [SEVERE ] setting player 2 freeze to 3000
[23:47:40.936] [SEVERE ] updating countdown to 8000
[23:47:41.944] [SEVERE ] setting player 2 freeze to 2000
[23:47:41.944] [SEVERE ] updating countdown to 7000
[23:47:42.957] [SEVERE ] setting player 2 freeze to 1000
[23:47:42.957] [SEVERE ] updating countdown to 6000
[23:47:43.958] [SEVERE ] setting player 2 freeze to 0
[23:47:43.958] [SEVERE ] updating countdown to 5000
[23:47:43.958] [SEVERE ] setting player 2 freeze to 0
[23:47:43.958] [SEVERE ] removing player 2 token from slot 6
[23:47:43.958] [SEVERE ] removing player 2 token from slot 5
[23:47:43.959] [SEVERE ] removing player 2 token from slot 10
[23:47:43.959] [SEVERE ] player 2 placing token on slot 7
[23:47:43.959] [SEVERE ] player 2 placing token on slot 10
[23:47:43.959] [SEVERE ] player 2 placing token on slot 2
[23:47:43.959] [SEVERE ] setting player 2 freeze to 3000
[23:47:43.961] [SEVERE ] updating countdown to 5000
[23:47:44.961] [SEVERE ] setting player 2 freeze to 2000
[23:47:44.961] [SEVERE ] updating countdown to 5000
[23:47:45.609] [SEVERE ] updating countdown to 4000
[23:47:45.972] [SEVERE ] setting player 2 freeze to 1000
[23:47:46.977] [SEVERE ] setting player 2 freeze to 0
[23:47:46.977] [SEVERE ] setting player 2 freeze to 0
[23:47:46.977] [SEVERE ] removing player 2 token from slot 7
[23:47:46.977] [SEVERE ] removing player 2 token from slot 10
[23:47:46.978] [SEVERE ] removing player 2 token from slot 2
[23:47:46.978] [SEVERE ] player 2 placing token on slot 2
[23:47:46.978] [SEVERE ] player 2 placing token on slot 11
[23:47:46.978] [SEVERE ] player 2 placing token on slot 6
[23:47:46.978] [SEVERE ] setting player 2 freeze to 3000
