[22:56:38.292] [INFO   ] thread main starting.
[22:56:38.299] [SEVERE ] cannot read configuration file config.properties trying from resources.
[22:56:38.300] [SEVERE ] configuration file was loaded from resources directory.
[22:56:38.836] [INFO   ] thread dealer starting.
[22:56:38.840] [INFO   ] Thread dealer starting.
[22:56:38.848] [INFO   ] Thread Thread-3starting.
[22:56:38.848] [INFO   ] Thread Thread-4starting.
[22:56:38.850] [INFO   ] Thread computer-1 starting.
[22:56:38.968] [SEVERE ] placing card 3 in slot 5
[22:56:39.078] [SEVERE ] placing card 15 in slot 9
[22:56:39.186] [SEVERE ] placing card 72 in slot 10
[22:56:39.293] [SEVERE ] placing card 25 in slot 1
[22:56:39.404] [SEVERE ] placing card 51 in slot 4
[22:56:39.514] [SEVERE ] placing card 59 in slot 8
[22:56:39.624] [SEVERE ] placing card 45 in slot 3
[22:56:39.734] [SEVERE ] placing card 35 in slot 6
[22:56:39.843] [SEVERE ] placing card 80 in slot 11
[22:56:39.953] [SEVERE ] placing card 53 in slot 7
[22:56:40.065] [SEVERE ] placing card 76 in slot 2
[22:56:40.174] [SEVERE ] placing card 32 in slot 0
[22:56:40.174] [SEVERE ] updating countdown to 30000
[22:56:40.175] [SEVERE ] player 2 placing token on slot 4
[22:56:40.176] [SEVERE ] player 2 placing token on slot 2
[22:56:40.176] [SEVERE ] player 2 placing token on slot 7
[22:56:40.177] [SEVERE ] setting player 2 freeze to 3000
[22:56:40.199] [SEVERE ] updating countdown to 30000
[22:56:41.189] [SEVERE ] setting player 2 freeze to 2000
[22:56:41.205] [SEVERE ] updating countdown to 29000
[22:56:42.202] [SEVERE ] setting player 2 freeze to 1000
[22:56:42.218] [SEVERE ] updating countdown to 28000
[22:56:43.217] [SEVERE ] setting player 2 freeze to 0
[22:56:43.217] [SEVERE ] setting player 2 freeze to 0
[22:56:43.217] [SEVERE ] removing player 2 token from slot 4
[22:56:43.218] [SEVERE ] removing player 2 token from slot 2
[22:56:43.218] [SEVERE ] removing player 2 token from slot 7
[22:56:43.218] [SEVERE ] player 2 placing token on slot 10
[22:56:43.218] [SEVERE ] player 2 placing token on slot 4
[22:56:43.218] [SEVERE ] player 2 placing token on slot 5
[22:56:43.219] [SEVERE ] setting player 2 freeze to 3000
[22:56:43.224] [SEVERE ] updating countdown to 27000
[22:56:44.231] [SEVERE ] setting player 2 freeze to 2000
[22:56:44.231] [SEVERE ] updating countdown to 26000
[22:56:45.233] [SEVERE ] setting player 2 freeze to 1000
[22:56:45.233] [SEVERE ] updating countdown to 25000
[22:56:46.246] [SEVERE ] setting player 2 freeze to 0
[22:56:46.246] [SEVERE ] updating countdown to 24000
[22:56:46.246] [SEVERE ] setting player 2 freeze to 0
[22:56:46.246] [SEVERE ] removing player 2 token from slot 10
[22:56:46.247] [SEVERE ] removing player 2 token from slot 4
[22:56:46.247] [SEVERE ] removing player 2 token from slot 5
[22:56:46.247] [SEVERE ] player 2 placing token on slot 2
[22:56:46.247] [SEVERE ] player 2 placing token on slot 10
[22:56:46.247] [SEVERE ] player 2 placing token on slot 3
[22:56:46.248] [SEVERE ] setting player 2 freeze to 3000
[22:56:46.251] [SEVERE ] updating countdown to 24000
[22:56:47.263] [SEVERE ] setting player 2 freeze to 2000
[22:56:47.263] [SEVERE ] updating countdown to 23000
[22:56:48.275] [SEVERE ] setting player 2 freeze to 1000
[22:56:48.275] [SEVERE ] updating countdown to 22000
[22:56:49.290] [SEVERE ] setting player 2 freeze to 0
[22:56:49.290] [SEVERE ] updating countdown to 21000
[22:56:49.290] [SEVERE ] setting player 2 freeze to 0
[22:56:49.290] [SEVERE ] removing player 2 token from slot 2
[22:56:49.291] [SEVERE ] removing player 2 token from slot 10
[22:56:49.291] [SEVERE ] removing player 2 token from slot 3
[22:56:49.291] [SEVERE ] player 2 placing token on slot 3
[22:56:49.291] [SEVERE ] player 2 placing token on slot 6
[22:56:49.292] [SEVERE ] player 2 placing token on slot 7
[22:56:49.292] [SEVERE ] setting player 2 freeze to 3000
[22:56:49.296] [SEVERE ] updating countdown to 21000
[22:56:50.292] [SEVERE ] setting player 2 freeze to 2000
[22:56:50.308] [SEVERE ] updating countdown to 20000
[22:56:51.296] [SEVERE ] setting player 2 freeze to 1000
[22:56:51.312] [SEVERE ] updating countdown to 19000
[22:56:52.298] [SEVERE ] setting player 2 freeze to 0
[22:56:52.298] [SEVERE ] setting player 2 freeze to 0
[22:56:52.298] [SEVERE ] removing player 2 token from slot 3
[22:56:52.298] [SEVERE ] removing player 2 token from slot 6
[22:56:52.299] [SEVERE ] removing player 2 token from slot 7
[22:56:52.299] [SEVERE ] player 2 placing token on slot 11
[22:56:52.299] [SEVERE ] player 2 placing token on slot 0
[22:56:52.299] [SEVERE ] player 2 placing token on slot 4
[22:56:52.299] [SEVERE ] setting player 2 freeze to 3000
[22:56:52.302] [SEVERE ] updating countdown to 18000
[22:56:53.300] [SEVERE ] setting player 2 freeze to 2000
[22:56:53.316] [SEVERE ] updating countdown to 17000
[22:56:54.301] [SEVERE ] setting player 2 freeze to 1000
[22:56:54.317] [SEVERE ] updating countdown to 16000
[22:56:55.305] [SEVERE ] setting player 2 freeze to 0
[22:56:55.305] [SEVERE ] setting player 2 freeze to 0
[22:56:55.305] [SEVERE ] removing player 2 token from slot 11
[22:56:55.305] [SEVERE ] removing player 2 token from slot 0
[22:56:55.306] [SEVERE ] removing player 2 token from slot 4
[22:56:55.306] [SEVERE ] player 2 placing token on slot 10
[22:56:55.306] [SEVERE ] player 2 placing token on slot 4
[22:56:55.306] [SEVERE ] player 2 placing token on slot 6
[22:56:55.307] [SEVERE ] setting player 2 freeze to 3000
[22:56:55.309] [SEVERE ] updating countdown to 15000
[22:56:56.321] [SEVERE ] setting player 2 freeze to 2000
[22:56:56.322] [SEVERE ] updating countdown to 14000
[22:56:57.335] [SEVERE ] setting player 2 freeze to 1000
[22:56:57.335] [SEVERE ] updating countdown to 13000
[22:56:58.348] [SEVERE ] setting player 2 freeze to 0
[22:56:58.348] [SEVERE ] updating countdown to 12000
[22:56:58.348] [SEVERE ] setting player 2 freeze to 0
[22:56:58.348] [SEVERE ] removing player 2 token from slot 10
[22:56:58.348] [SEVERE ] removing player 2 token from slot 4
[22:56:58.348] [SEVERE ] removing player 2 token from slot 6
[22:56:58.348] [SEVERE ] player 2 placing token on slot 9
[22:56:58.348] [SEVERE ] player 2 placing token on slot 5
[22:56:58.348] [SEVERE ] player 2 placing token on slot 4
[22:56:58.348] [SEVERE ] setting player 2 freeze to 3000
[22:56:58.351] [SEVERE ] updating countdown to 12000
[22:56:59.364] [SEVERE ] setting player 2 freeze to 2000
[22:56:59.364] [SEVERE ] updating countdown to 11000
[22:57:00.365] [SEVERE ] setting player 2 freeze to 1000
[22:57:00.365] [SEVERE ] updating countdown to 10000
[22:57:00.753] [SEVERE ] key 87 was pressed by player 1
[22:57:00.753] [SEVERE ] player 1 placing token on slot 1
[22:57:01.155] [SEVERE ] key 65 was pressed by player 1
[22:57:01.155] [SEVERE ] player 1 placing token on slot 4
[22:57:01.365] [SEVERE ] setting player 2 freeze to 0
[22:57:01.365] [SEVERE ] updating countdown to 9000
[22:57:01.365] [SEVERE ] setting player 2 freeze to 0
[22:57:01.365] [SEVERE ] removing player 2 token from slot 9
[22:57:01.365] [SEVERE ] removing player 2 token from slot 5
[22:57:01.366] [SEVERE ] removing player 2 token from slot 4
[22:57:01.366] [SEVERE ] player 2 placing token on slot 9
[22:57:01.366] [SEVERE ] player 2 placing token on slot 11
[22:57:01.366] [SEVERE ] player 2 placing token on slot 8
[22:57:01.366] [SEVERE ] setting player 2 freeze to 3000
[22:57:01.368] [SEVERE ] updating countdown to 9000
[22:57:01.445] [SEVERE ] key 86 was pressed by player 1
[22:57:01.446] [SEVERE ] player 1 placing token on slot 11
[22:57:01.446] [SEVERE ] setting player 1 score to 1
[22:57:01.556] [SEVERE ] removing card from slot 1
[22:57:01.557] [SEVERE ] removing tokens from slot 1
[22:57:01.668] [SEVERE ] removing card from slot 4
[22:57:01.668] [SEVERE ] removing tokens from slot 4
[22:57:01.780] [SEVERE ] removing card from slot 11
[22:57:01.780] [SEVERE ] removing tokens from slot 11
[22:57:01.891] [SEVERE ] placing card 61 in slot 1
[22:57:02.000] [SEVERE ] placing card 39 in slot 4
[22:57:02.112] [SEVERE ] placing card 67 in slot 11
[22:57:02.112] [SEVERE ] setting player 1 freeze to 1000
[22:57:02.113] [SEVERE ] updating countdown to 30000
[22:57:02.380] [SEVERE ] setting player 2 freeze to 2000
[22:57:03.112] [SEVERE ] setting player 1 freeze to 0
[22:57:03.125] [SEVERE ] updating countdown to 29000
[22:57:03.394] [SEVERE ] setting player 2 freeze to 1000
[22:57:04.138] [SEVERE ] updating countdown to 28000
[22:57:04.409] [SEVERE ] setting player 2 freeze to 0
[22:57:04.409] [SEVERE ] setting player 2 freeze to 0
[22:57:04.409] [SEVERE ] removing player 2 token from slot 9
[22:57:04.409] [SEVERE ] removing player 2 token from slot 11
[22:57:04.409] [SEVERE ] removing player 2 token from slot 8
[22:57:04.410] [SEVERE ] player 2 placing token on slot 7
[22:57:04.410] [SEVERE ] player 2 placing token on slot 3
[22:57:04.410] [SEVERE ] player 2 placing token on slot 6
[22:57:04.410] [SEVERE ] setting player 2 freeze to 3000
[22:57:04.411] [SEVERE ] updating countdown to 28000
[22:57:05.420] [SEVERE ] setting player 2 freeze to 2000
[22:57:05.420] [SEVERE ] updating countdown to 27000
[22:57:06.423] [SEVERE ] setting player 2 freeze to 1000
[22:57:06.423] [SEVERE ] updating countdown to 26000
[22:57:07.428] [SEVERE ] setting player 2 freeze to 0
[22:57:07.428] [SEVERE ] updating countdown to 25000
[22:57:07.428] [SEVERE ] setting player 2 freeze to 0
[22:57:07.428] [SEVERE ] removing player 2 token from slot 7
[22:57:07.428] [SEVERE ] removing player 2 token from slot 3
[22:57:07.429] [SEVERE ] removing player 2 token from slot 6
[22:57:07.429] [SEVERE ] player 2 placing token on slot 2
[22:57:07.429] [SEVERE ] player 2 placing token on slot 0
[22:57:07.429] [SEVERE ] player 2 placing token on slot 9
[22:57:07.429] [SEVERE ] setting player 2 freeze to 3000
[22:57:07.431] [SEVERE ] updating countdown to 25000
[22:57:08.441] [SEVERE ] setting player 2 freeze to 2000
[22:57:08.441] [SEVERE ] updating countdown to 24000
[22:57:09.455] [SEVERE ] setting player 2 freeze to 1000
[22:57:09.455] [SEVERE ] updating countdown to 23000
[22:57:10.457] [SEVERE ] setting player 2 freeze to 0
[22:57:10.457] [SEVERE ] updating countdown to 22000
[22:57:10.457] [SEVERE ] setting player 2 freeze to 0
[22:57:10.458] [SEVERE ] removing player 2 token from slot 2
[22:57:10.458] [SEVERE ] removing player 2 token from slot 0
[22:57:10.458] [SEVERE ] removing player 2 token from slot 9
[22:57:10.458] [SEVERE ] player 2 placing token on slot 1
[22:57:10.458] [SEVERE ] player 2 placing token on slot 0
[22:57:10.458] [SEVERE ] player 2 placing token on slot 11
[22:57:10.458] [SEVERE ] setting player 2 freeze to 3000
[22:57:10.460] [SEVERE ] updating countdown to 22000
[22:57:11.465] [SEVERE ] setting player 2 freeze to 2000
[22:57:11.465] [SEVERE ] updating countdown to 21000
[22:57:12.467] [SEVERE ] setting player 2 freeze to 1000
[22:57:12.467] [SEVERE ] updating countdown to 20000
[22:57:13.468] [SEVERE ] setting player 2 freeze to 0
[22:57:13.468] [SEVERE ] updating countdown to 19000
[22:57:13.468] [SEVERE ] setting player 2 freeze to 0
[22:57:13.468] [SEVERE ] removing player 2 token from slot 1
[22:57:13.468] [SEVERE ] removing player 2 token from slot 0
[22:57:13.469] [SEVERE ] removing player 2 token from slot 11
[22:57:13.469] [SEVERE ] player 2 placing token on slot 10
[22:57:13.469] [SEVERE ] player 2 placing token on slot 6
[22:57:13.469] [SEVERE ] player 2 placing token on slot 1
[22:57:13.469] [SEVERE ] setting player 2 freeze to 3000
[22:57:13.470] [SEVERE ] updating countdown to 19000
[22:57:14.481] [SEVERE ] setting player 2 freeze to 2000
[22:57:14.481] [SEVERE ] updating countdown to 18000
[22:57:15.494] [SEVERE ] setting player 2 freeze to 1000
[22:57:15.494] [SEVERE ] updating countdown to 17000
[22:57:16.500] [SEVERE ] setting player 2 freeze to 0
[22:57:16.500] [SEVERE ] updating countdown to 16000
[22:57:16.500] [SEVERE ] setting player 2 freeze to 0
[22:57:16.500] [SEVERE ] removing player 2 token from slot 10
[22:57:16.501] [SEVERE ] removing player 2 token from slot 6
[22:57:16.501] [SEVERE ] removing player 2 token from slot 1
[22:57:16.501] [SEVERE ] player 2 placing token on slot 0
[22:57:16.501] [SEVERE ] player 2 placing token on slot 9
[22:57:16.501] [SEVERE ] player 2 placing token on slot 3
[22:57:16.501] [SEVERE ] setting player 2 freeze to 3000
[22:57:16.503] [SEVERE ] updating countdown to 16000
[22:57:17.511] [SEVERE ] setting player 2 freeze to 2000
[22:57:17.511] [SEVERE ] updating countdown to 15000
[22:57:18.512] [SEVERE ] setting player 2 freeze to 1000
[22:57:18.512] [SEVERE ] updating countdown to 14000
[22:57:19.526] [SEVERE ] setting player 2 freeze to 0
[22:57:19.526] [SEVERE ] updating countdown to 13000
[22:57:19.526] [SEVERE ] setting player 2 freeze to 0
[22:57:19.526] [SEVERE ] removing player 2 token from slot 0
[22:57:19.526] [SEVERE ] removing player 2 token from slot 9
[22:57:19.527] [SEVERE ] removing player 2 token from slot 3
[22:57:19.527] [SEVERE ] player 2 placing token on slot 7
[22:57:19.527] [SEVERE ] player 2 placing token on slot 4
[22:57:19.527] [SEVERE ] player 2 placing token on slot 10
[22:57:19.527] [SEVERE ] setting player 2 freeze to 3000
[22:57:19.529] [SEVERE ] updating countdown to 13000
[22:57:20.540] [SEVERE ] setting player 2 freeze to 2000
[22:57:20.540] [SEVERE ] updating countdown to 12000
[22:57:21.555] [SEVERE ] setting player 2 freeze to 1000
[22:57:21.555] [SEVERE ] updating countdown to 11000
[22:57:22.569] [SEVERE ] setting player 2 freeze to 0
[22:57:22.569] [SEVERE ] updating countdown to 9000
[22:57:22.569] [SEVERE ] setting player 2 freeze to 0
[22:57:22.569] [SEVERE ] removing player 2 token from slot 7
[22:57:22.569] [SEVERE ] removing player 2 token from slot 4
[22:57:22.569] [SEVERE ] removing player 2 token from slot 10
[22:57:22.569] [SEVERE ] player 2 placing token on slot 0
[22:57:22.570] [SEVERE ] player 2 placing token on slot 5
[22:57:22.570] [SEVERE ] player 2 placing token on slot 11
[22:57:22.570] [SEVERE ] setting player 2 freeze to 3000
[22:57:22.571] [SEVERE ] updating countdown to 9000
[22:57:23.428] [SEVERE ] key 88 was pressed by player 1
[22:57:23.428] [SEVERE ] player 1 placing token on slot 9
[22:57:23.570] [SEVERE ] setting player 2 freeze to 2000
[22:57:23.586] [SEVERE ] updating countdown to 8000
[22:57:23.648] [SEVERE ] key 70 was pressed by player 1
[22:57:23.648] [SEVERE ] player 1 placing token on slot 7
[22:57:24.584] [SEVERE ] setting player 2 freeze to 1000
[22:57:24.600] [SEVERE ] updating countdown to 7000
[22:57:25.382] [SEVERE ] key 87 was pressed by player 1
[22:57:25.382] [SEVERE ] player 1 placing token on slot 1
[22:57:25.383] [SEVERE ] setting player 1 score to 2
[22:57:25.492] [SEVERE ] removing card from slot 9
[22:57:25.492] [SEVERE ] removing tokens from slot 9
[22:57:25.585] [SEVERE ] setting player 2 freeze to 0
[22:57:25.586] [SEVERE ] setting player 2 freeze to 0
[22:57:25.586] [SEVERE ] removing player 2 token from slot 0
[22:57:25.586] [SEVERE ] removing player 2 token from slot 5
[22:57:25.586] [SEVERE ] removing player 2 token from slot 11
[22:57:25.601] [SEVERE ] removing card from slot 7
[22:57:25.601] [SEVERE ] removing tokens from slot 7
[22:57:25.712] [SEVERE ] removing card from slot 1
[22:57:25.712] [SEVERE ] removing tokens from slot 1
[22:57:25.820] [SEVERE ] placing card 28 in slot 9
[22:57:25.931] [SEVERE ] placing card 1 in slot 7
[22:57:26.043] [SEVERE ] placing card 5 in slot 1
[22:57:26.044] [SEVERE ] player 2 placing token on slot 4
[22:57:26.044] [SEVERE ] setting player 1 freeze to 1000
[22:57:26.044] [SEVERE ] player 2 placing token on slot 3
[22:57:26.044] [SEVERE ] player 2 placing token on slot 11
[22:57:26.045] [SEVERE ] updating countdown to 30000
[22:57:26.045] [SEVERE ] setting player 2 freeze to 3000
[22:57:26.047] [SEVERE ] updating countdown to 30000
[22:57:27.044] [SEVERE ] setting player 1 freeze to 0
[22:57:27.060] [SEVERE ] setting player 2 freeze to 2000
[22:57:27.060] [SEVERE ] updating countdown to 29000
[22:57:28.060] [SEVERE ] setting player 2 freeze to 1000
[22:57:28.060] [SEVERE ] updating countdown to 28000
[22:57:29.070] [SEVERE ] setting player 2 freeze to 0
[22:57:29.070] [SEVERE ] updating countdown to 27000
[22:57:29.070] [SEVERE ] setting player 2 freeze to 0
[22:57:29.070] [SEVERE ] removing player 2 token from slot 4
[22:57:29.070] [SEVERE ] removing player 2 token from slot 3
[22:57:29.070] [SEVERE ] removing player 2 token from slot 11
[22:57:29.070] [SEVERE ] player 2 placing token on slot 1
[22:57:29.071] [SEVERE ] player 2 placing token on slot 6
[22:57:29.071] [SEVERE ] player 2 placing token on slot 8
[22:57:29.071] [SEVERE ] setting player 2 freeze to 3000
[22:57:29.073] [SEVERE ] updating countdown to 27000
[22:57:30.086] [SEVERE ] setting player 2 freeze to 2000
[22:57:30.086] [SEVERE ] updating countdown to 26000
[22:57:31.088] [SEVERE ] setting player 2 freeze to 1000
[22:57:31.088] [SEVERE ] updating countdown to 25000
[22:57:32.102] [SEVERE ] setting player 2 freeze to 0
[22:57:32.102] [SEVERE ] updating countdown to 24000
[22:57:32.102] [SEVERE ] setting player 2 freeze to 0
[22:57:32.103] [SEVERE ] removing player 2 token from slot 1
[22:57:32.103] [SEVERE ] removing player 2 token from slot 6
[22:57:32.103] [SEVERE ] removing player 2 token from slot 8
[22:57:32.103] [SEVERE ] player 2 placing token on slot 10
[22:57:32.103] [SEVERE ] player 2 placing token on slot 2
[22:57:32.103] [SEVERE ] player 2 placing token on slot 9
[22:57:32.103] [SEVERE ] setting player 2 freeze to 3000
[22:57:32.105] [SEVERE ] updating countdown to 24000
[22:57:33.106] [SEVERE ] setting player 2 freeze to 2000
[22:57:33.106] [SEVERE ] updating countdown to 23000
[22:57:34.119] [SEVERE ] setting player 2 freeze to 1000
[22:57:34.119] [SEVERE ] updating countdown to 22000
[22:57:35.124] [SEVERE ] setting player 2 freeze to 0
[22:57:35.124] [SEVERE ] updating countdown to 21000
[22:57:35.124] [SEVERE ] setting player 2 freeze to 0
[22:57:35.124] [SEVERE ] removing player 2 token from slot 10
[22:57:35.124] [SEVERE ] removing player 2 token from slot 2
[22:57:35.124] [SEVERE ] removing player 2 token from slot 9
[22:57:35.124] [SEVERE ] player 2 placing token on slot 5
[22:57:35.125] [SEVERE ] player 2 placing token on slot 8
[22:57:35.125] [SEVERE ] player 2 placing token on slot 7
[22:57:35.125] [SEVERE ] setting player 2 freeze to 3000
[22:57:35.127] [SEVERE ] updating countdown to 21000
[22:57:35.800] [SEVERE ] key 87 was pressed by player 1
[22:57:35.800] [SEVERE ] player 1 placing token on slot 1
[22:57:36.139] [SEVERE ] setting player 2 freeze to 2000
[22:57:36.139] [SEVERE ] updating countdown to 20000
[22:57:36.513] [SEVERE ] key 65 was pressed by player 1
[22:57:36.513] [SEVERE ] player 1 placing token on slot 4
[22:57:37.142] [SEVERE ] setting player 2 freeze to 1000
[22:57:37.142] [SEVERE ] updating countdown to 19000
[22:57:37.235] [SEVERE ] key 69 was pressed by player 1
[22:57:37.235] [SEVERE ] player 1 placing token on slot 2
[22:57:37.235] [SEVERE ] setting player 1 score to 3
[22:57:37.346] [SEVERE ] removing card from slot 1
[22:57:37.346] [SEVERE ] removing tokens from slot 1
[22:57:37.458] [SEVERE ] removing card from slot 4
[22:57:37.458] [SEVERE ] removing tokens from slot 4
[22:57:37.570] [SEVERE ] removing card from slot 2
[22:57:37.570] [SEVERE ] removing tokens from slot 2
[22:57:37.679] [SEVERE ] placing card 8 in slot 1
[22:57:37.791] [SEVERE ] placing card 17 in slot 4
[22:57:37.903] [SEVERE ] placing card 48 in slot 2
[22:57:37.903] [SEVERE ] setting player 1 freeze to 1000
[22:57:37.905] [SEVERE ] updating countdown to 30000
[22:57:38.142] [SEVERE ] setting player 2 freeze to 0
[22:57:38.143] [SEVERE ] setting player 2 freeze to 0
[22:57:38.143] [SEVERE ] removing player 2 token from slot 5
[22:57:38.143] [SEVERE ] removing player 2 token from slot 8
[22:57:38.143] [SEVERE ] removing player 2 token from slot 7
[22:57:38.143] [SEVERE ] player 2 placing token on slot 8
[22:57:38.143] [SEVERE ] player 2 placing token on slot 4
[22:57:38.143] [SEVERE ] player 2 placing token on slot 1
[22:57:38.143] [SEVERE ] setting player 2 freeze to 3000
[22:57:38.144] [SEVERE ] updating countdown to 30000
[22:57:38.903] [SEVERE ] setting player 1 freeze to 0
[22:57:39.149] [SEVERE ] setting player 2 freeze to 2000
[22:57:39.149] [SEVERE ] updating countdown to 29000
[22:57:40.154] [SEVERE ] setting player 2 freeze to 1000
[22:57:40.154] [SEVERE ] updating countdown to 28000
[22:57:41.155] [SEVERE ] setting player 2 freeze to 0
[22:57:41.155] [SEVERE ] updating countdown to 27000
[22:57:41.156] [SEVERE ] setting player 2 freeze to 0
[22:57:41.156] [SEVERE ] removing player 2 token from slot 8
[22:57:41.156] [SEVERE ] removing player 2 token from slot 4
[22:57:41.156] [SEVERE ] removing player 2 token from slot 1
[22:57:41.156] [SEVERE ] player 2 placing token on slot 11
[22:57:41.156] [SEVERE ] player 2 placing token on slot 6
[22:57:41.156] [SEVERE ] player 2 placing token on slot 8
[22:57:41.156] [SEVERE ] setting player 2 freeze to 3000
[22:57:41.157] [SEVERE ] updating countdown to 27000
[22:57:42.158] [SEVERE ] setting player 2 freeze to 2000
[22:57:42.158] [SEVERE ] updating countdown to 26000
[22:57:43.171] [SEVERE ] setting player 2 freeze to 1000
[22:57:43.171] [SEVERE ] updating countdown to 25000
[22:57:44.181] [SEVERE ] setting player 2 freeze to 0
[22:57:44.181] [SEVERE ] updating countdown to 24000
[22:57:44.181] [SEVERE ] setting player 2 freeze to 0
[22:57:44.181] [SEVERE ] removing player 2 token from slot 11
[22:57:44.181] [SEVERE ] removing player 2 token from slot 6
[22:57:44.182] [SEVERE ] removing player 2 token from slot 8
[22:57:44.182] [SEVERE ] player 2 placing token on slot 10
[22:57:44.182] [SEVERE ] player 2 placing token on slot 9
[22:57:44.182] [SEVERE ] player 2 placing token on slot 3
[22:57:44.182] [SEVERE ] setting player 2 freeze to 3000
[22:57:44.184] [SEVERE ] updating countdown to 24000
[22:57:45.196] [SEVERE ] setting player 2 freeze to 2000
[22:57:45.196] [SEVERE ] updating countdown to 23000
[22:57:46.207] [SEVERE ] setting player 2 freeze to 1000
[22:57:46.207] [SEVERE ] updating countdown to 22000
[22:57:47.210] [SEVERE ] setting player 2 freeze to 0
[22:57:47.210] [SEVERE ] updating countdown to 21000
[22:57:47.210] [SEVERE ] setting player 2 freeze to 0
[22:57:47.210] [SEVERE ] removing player 2 token from slot 10
[22:57:47.210] [SEVERE ] removing player 2 token from slot 9
[22:57:47.210] [SEVERE ] removing player 2 token from slot 3
[22:57:47.210] [SEVERE ] player 2 placing token on slot 0
[22:57:47.210] [SEVERE ] player 2 placing token on slot 5
[22:57:47.211] [SEVERE ] player 2 placing token on slot 1
[22:57:47.211] [SEVERE ] setting player 2 freeze to 3000
[22:57:47.212] [SEVERE ] updating countdown to 21000
[22:57:48.225] [SEVERE ] setting player 2 freeze to 2000
[22:57:48.225] [SEVERE ] updating countdown to 20000
[22:57:49.238] [SEVERE ] setting player 2 freeze to 1000
[22:57:49.238] [SEVERE ] updating countdown to 19000
[22:57:50.243] [SEVERE ] setting player 2 freeze to 0
[22:57:50.243] [SEVERE ] updating countdown to 18000
[22:57:50.243] [SEVERE ] setting player 2 freeze to 0
[22:57:50.244] [SEVERE ] removing player 2 token from slot 0
[22:57:50.244] [SEVERE ] removing player 2 token from slot 5
[22:57:50.244] [SEVERE ] removing player 2 token from slot 1
[22:57:50.244] [SEVERE ] player 2 placing token on slot 10
[22:57:50.244] [SEVERE ] player 2 placing token on slot 6
[22:57:50.244] [SEVERE ] player 2 placing token on slot 3
[22:57:50.244] [SEVERE ] setting player 2 freeze to 3000
[22:57:50.245] [SEVERE ] updating countdown to 18000
[22:57:51.248] [SEVERE ] setting player 2 freeze to 2000
[22:57:51.248] [SEVERE ] updating countdown to 17000
[22:57:52.253] [SEVERE ] setting player 2 freeze to 1000
[22:57:52.253] [SEVERE ] updating countdown to 16000
[22:57:53.266] [SEVERE ] updating countdown to 15000
[22:57:53.266] [SEVERE ] setting player 2 freeze to 0
[22:57:53.266] [SEVERE ] setting player 2 freeze to 0
[22:57:53.266] [SEVERE ] removing player 2 token from slot 10
[22:57:53.266] [SEVERE ] removing player 2 token from slot 6
[22:57:53.266] [SEVERE ] removing player 2 token from slot 3
[22:57:53.266] [SEVERE ] player 2 placing token on slot 1
[22:57:53.266] [SEVERE ] player 2 placing token on slot 11
[22:57:53.267] [SEVERE ] player 2 placing token on slot 6
[22:57:53.267] [SEVERE ] setting player 2 freeze to 3000
[22:57:53.268] [SEVERE ] updating countdown to 15000
[22:57:54.279] [SEVERE ] setting player 2 freeze to 2000
[22:57:54.279] [SEVERE ] updating countdown to 14000
[22:57:55.293] [SEVERE ] setting player 2 freeze to 1000
[22:57:55.293] [SEVERE ] updating countdown to 13000
[22:57:56.298] [SEVERE ] setting player 2 freeze to 0
[22:57:56.298] [SEVERE ] updating countdown to 12000
[22:57:56.298] [SEVERE ] setting player 2 freeze to 0
[22:57:56.299] [SEVERE ] removing player 2 token from slot 1
[22:57:56.299] [SEVERE ] removing player 2 token from slot 11
[22:57:56.299] [SEVERE ] removing player 2 token from slot 6
[22:57:56.299] [SEVERE ] player 2 placing token on slot 3
[22:57:56.299] [SEVERE ] player 2 placing token on slot 6
[22:57:56.299] [SEVERE ] player 2 placing token on slot 2
[22:57:56.299] [SEVERE ] setting player 2 freeze to 3000
[22:57:56.300] [SEVERE ] updating countdown to 12000
[22:57:57.313] [SEVERE ] setting player 2 freeze to 2000
[22:57:57.313] [SEVERE ] updating countdown to 11000
[22:57:58.328] [SEVERE ] setting player 2 freeze to 1000
[22:57:58.328] [SEVERE ] updating countdown to 10000
[22:57:59.330] [SEVERE ] setting player 2 freeze to 0
[22:57:59.330] [SEVERE ] updating countdown to 9000
[22:57:59.330] [SEVERE ] setting player 2 freeze to 0
[22:57:59.330] [SEVERE ] removing player 2 token from slot 3
[22:57:59.331] [SEVERE ] removing player 2 token from slot 6
[22:57:59.331] [SEVERE ] removing player 2 token from slot 2
[22:57:59.331] [SEVERE ] player 2 placing token on slot 1
[22:57:59.331] [SEVERE ] player 2 placing token on slot 10
[22:57:59.331] [SEVERE ] player 2 placing token on slot 4
[22:57:59.331] [SEVERE ] setting player 2 freeze to 3000
[22:57:59.332] [SEVERE ] updating countdown to 9000
[22:58:00.346] [SEVERE ] updating countdown to 8000
[22:58:00.346] [SEVERE ] setting player 2 freeze to 2000
[22:58:01.348] [SEVERE ] setting player 2 freeze to 1000
[22:58:01.348] [SEVERE ] updating countdown to 7000
[22:58:02.348] [SEVERE ] setting player 2 freeze to 0
[22:58:02.348] [SEVERE ] updating countdown to 6000
[22:58:02.348] [SEVERE ] setting player 2 freeze to 0
[22:58:02.348] [SEVERE ] removing player 2 token from slot 1
[22:58:02.348] [SEVERE ] removing player 2 token from slot 10
[22:58:02.348] [SEVERE ] removing player 2 token from slot 4
[22:58:02.348] [SEVERE ] player 2 placing token on slot 8
[22:58:02.348] [SEVERE ] player 2 placing token on slot 7
[22:58:02.349] [SEVERE ] player 2 placing token on slot 0
[22:58:02.349] [SEVERE ] setting player 2 freeze to 3000
[22:58:02.350] [SEVERE ] updating countdown to 6000
[22:58:03.360] [SEVERE ] setting player 2 freeze to 2000
[22:58:03.360] [SEVERE ] updating countdown to 5000
[22:58:04.223] [SEVERE ] updating countdown to 4000
[22:58:04.363] [SEVERE ] setting player 2 freeze to 1000
[22:58:05.375] [SEVERE ] setting player 2 freeze to 0
[22:58:05.375] [SEVERE ] setting player 2 freeze to 0
[22:58:05.375] [SEVERE ] removing player 2 token from slot 8
[22:58:05.375] [SEVERE ] removing player 2 token from slot 7
[22:58:05.375] [SEVERE ] removing player 2 token from slot 0
[22:58:05.375] [SEVERE ] player 2 placing token on slot 7
[22:58:05.375] [SEVERE ] player 2 placing token on slot 10
[22:58:05.375] [SEVERE ] player 2 placing token on slot 3
[22:58:05.376] [SEVERE ] setting player 2 freeze to 3000
[22:58:06.379] [SEVERE ] setting player 2 freeze to 2000
[22:58:07.231] [SEVERE ] updating countdown to 1000
[22:58:07.388] [SEVERE ] setting player 2 freeze to 1000
[22:58:08.227] [SEVERE ] updating countdown to 0
[22:58:08.228] [SEVERE ] removing all tokens
[22:58:08.337] [SEVERE ] removing card from slot 0
[22:58:08.400] [SEVERE ] setting player 2 freeze to 0
[22:58:08.400] [SEVERE ] setting player 2 freeze to 0
[22:58:08.400] [SEVERE ] removing player 2 token from slot 7
[22:58:08.400] [SEVERE ] removing player 2 token from slot 10
[22:58:08.400] [SEVERE ] removing player 2 token from slot 3
[22:58:08.446] [SEVERE ] removing card from slot 1
[22:58:08.557] [SEVERE ] removing card from slot 2
[22:58:08.669] [SEVERE ] removing card from slot 3
[22:58:08.781] [SEVERE ] removing card from slot 4
[22:58:08.892] [SEVERE ] removing card from slot 5
[22:58:09.001] [SEVERE ] removing card from slot 6
[22:58:09.111] [SEVERE ] removing card from slot 7
[22:58:09.221] [SEVERE ] removing card from slot 8
[22:58:09.332] [SEVERE ] removing card from slot 9
[22:58:09.443] [SEVERE ] removing card from slot 10
[22:58:09.553] [SEVERE ] removing card from slot 11
[22:58:09.663] [SEVERE ] placing card 34 in slot 0
[22:58:09.774] [SEVERE ] placing card 63 in slot 4
[22:58:09.883] [SEVERE ] placing card 41 in slot 1
[22:58:09.993] [SEVERE ] placing card 60 in slot 10
[22:58:10.104] [SEVERE ] placing card 44 in slot 9
[22:58:10.214] [SEVERE ] placing card 38 in slot 11
[22:58:10.323] [SEVERE ] placing card 2 in slot 6
[22:58:10.435] [SEVERE ] placing card 28 in slot 2
[22:58:10.547] [SEVERE ] placing card 64 in slot 5
[22:58:10.654] [SEVERE ] placing card 19 in slot 3
[22:58:10.766] [SEVERE ] placing card 78 in slot 8
[22:58:10.876] [SEVERE ] placing card 46 in slot 7
[22:58:10.876] [SEVERE ] updating countdown to 30000
[22:58:10.877] [SEVERE ] player 2 placing token on slot 5
[22:58:10.877] [SEVERE ] player 2 placing token on slot 4
[22:58:10.877] [SEVERE ] player 2 placing token on slot 2
[22:58:10.877] [SEVERE ] setting player 2 freeze to 3000
[22:58:10.878] [SEVERE ] updating countdown to 30000
[22:58:11.881] [SEVERE ] setting player 2 freeze to 2000
[22:58:11.881] [SEVERE ] updating countdown to 29000
[22:58:12.882] [SEVERE ] setting player 2 freeze to 1000
[22:58:12.882] [SEVERE ] updating countdown to 28000
[22:58:13.895] [SEVERE ] setting player 2 freeze to 0
[22:58:13.895] [SEVERE ] updating countdown to 27000
[22:58:13.895] [SEVERE ] setting player 2 freeze to 0
[22:58:13.896] [SEVERE ] removing player 2 token from slot 5
[22:58:13.896] [SEVERE ] removing player 2 token from slot 4
[22:58:13.896] [SEVERE ] removing player 2 token from slot 2
[22:58:13.896] [SEVERE ] player 2 placing token on slot 0
[22:58:13.896] [SEVERE ] player 2 placing token on slot 9
[22:58:13.896] [SEVERE ] player 2 placing token on slot 0
[22:58:13.896] [SEVERE ] setting player 2 freeze to 3000
[22:58:13.896] [SEVERE ] updating countdown to 27000
[22:58:14.907] [SEVERE ] setting player 2 freeze to 2000
[22:58:14.907] [SEVERE ] updating countdown to 26000
[22:58:15.907] [SEVERE ] updating countdown to 25000
[22:58:15.907] [SEVERE ] setting player 2 freeze to 1000
[22:58:16.912] [SEVERE ] setting player 2 freeze to 0
[22:58:16.912] [SEVERE ] updating countdown to 24000
[22:58:16.912] [SEVERE ] setting player 2 freeze to 0
[22:58:16.912] [SEVERE ] removing player 2 token from slot 0
[22:58:16.912] [SEVERE ] removing player 2 token from slot 9
[22:58:16.912] [SEVERE ] removing player 2 token from slot 0
[22:58:16.912] [SEVERE ] player 2 placing token on slot 1
[22:58:16.912] [SEVERE ] player 2 placing token on slot 9
[22:58:16.912] [SEVERE ] player 2 placing token on slot 7
[22:58:16.912] [SEVERE ] setting player 2 freeze to 3000
[22:58:16.913] [SEVERE ] updating countdown to 24000
[22:58:17.916] [SEVERE ] updating countdown to 23000
[22:58:17.916] [SEVERE ] setting player 2 freeze to 2000
[22:58:18.104] [SEVERE ] key 82 was pressed by player 1
[22:58:18.104] [SEVERE ] player 1 placing token on slot 3
[22:58:18.453] [SEVERE ] key 69 was pressed by player 1
[22:58:18.453] [SEVERE ] player 1 placing token on slot 2
[22:58:18.726] [SEVERE ] key 83 was pressed by player 1
[22:58:18.727] [SEVERE ] player 1 placing token on slot 5
[22:58:18.727] [SEVERE ] setting player 1 score to 4
[22:58:18.831] [SEVERE ] removing card from slot 3
[22:58:18.832] [SEVERE ] removing tokens from slot 3
[22:58:18.924] [SEVERE ] setting player 2 freeze to 1000
[22:58:18.940] [SEVERE ] removing card from slot 2
[22:58:18.940] [SEVERE ] removing tokens from slot 2
[22:58:19.051] [SEVERE ] removing card from slot 5
[22:58:19.051] [SEVERE ] removing tokens from slot 5
[22:58:19.163] [SEVERE ] placing card 14 in slot 3
[22:58:19.274] [SEVERE ] placing card 68 in slot 2
[22:58:19.384] [SEVERE ] placing card 32 in slot 5
[22:58:19.384] [SEVERE ] setting player 1 freeze to 1000
[22:58:19.385] [SEVERE ] updating countdown to 30000
[22:58:19.926] [SEVERE ] setting player 2 freeze to 0
[22:58:19.926] [SEVERE ] setting player 2 freeze to 0
[22:58:19.926] [SEVERE ] removing player 2 token from slot 1
[22:58:19.927] [SEVERE ] removing player 2 token from slot 9
[22:58:19.927] [SEVERE ] removing player 2 token from slot 7
[22:58:19.927] [SEVERE ] player 2 placing token on slot 7
[22:58:19.927] [SEVERE ] player 2 placing token on slot 1
[22:58:19.927] [SEVERE ] player 2 placing token on slot 4
[22:58:19.927] [SEVERE ] setting player 2 freeze to 3000
[22:58:19.927] [SEVERE ] updating countdown to 29000
[22:58:20.384] [SEVERE ] setting player 1 freeze to 0
[22:58:20.930] [SEVERE ] setting player 2 freeze to 2000
[22:58:20.930] [SEVERE ] updating countdown to 28000
[22:58:21.845] [SEVERE ] key 82 was pressed by player 1
[22:58:21.845] [SEVERE ] player 1 placing token on slot 3
[22:58:21.945] [SEVERE ] updating countdown to 27000
[22:58:21.945] [SEVERE ] setting player 2 freeze to 1000
[22:58:22.060] [SEVERE ] key 69 was pressed by player 1
[22:58:22.060] [SEVERE ] player 1 placing token on slot 2
[22:58:22.264] [SEVERE ] key 87 was pressed by player 1
[22:58:22.264] [SEVERE ] player 1 placing token on slot 1
[22:58:22.265] [SEVERE ] setting player 1 score to 5
[22:58:22.373] [SEVERE ] removing card from slot 3
[22:58:22.373] [SEVERE ] removing tokens from slot 3
[22:58:22.484] [SEVERE ] removing card from slot 2
[22:58:22.484] [SEVERE ] removing tokens from slot 2
[22:58:22.595] [SEVERE ] removing card from slot 1
[22:58:22.595] [SEVERE ] removing tokens from slot 1
[22:58:22.703] [SEVERE ] placing card 57 in slot 3
[22:58:22.814] [SEVERE ] placing card 8 in slot 2
[22:58:22.924] [SEVERE ] placing card 70 in slot 1
[22:58:22.924] [SEVERE ] setting player 1 freeze to 1000
[22:58:22.925] [SEVERE ] updating countdown to 30000
[22:58:22.956] [SEVERE ] setting player 2 freeze to 0
[22:58:22.956] [SEVERE ] setting player 2 freeze to 0
[22:58:22.956] [SEVERE ] removing player 2 token from slot 7
[22:58:22.956] [SEVERE ] removing player 2 token from slot 1
[22:58:22.956] [SEVERE ] removing player 2 token from slot 4
[22:58:22.956] [SEVERE ] player 2 placing token on slot 4
[22:58:22.956] [SEVERE ] player 2 placing token on slot 3
[22:58:22.956] [SEVERE ] player 2 placing token on slot 9
[22:58:22.956] [SEVERE ] setting player 2 freeze to 3000
[22:58:22.957] [SEVERE ] updating countdown to 30000
[22:58:23.924] [SEVERE ] setting player 1 freeze to 0
[22:58:23.960] [SEVERE ] setting player 2 freeze to 2000
[22:58:23.960] [SEVERE ] updating countdown to 29000
[22:58:24.961] [SEVERE ] setting player 2 freeze to 1000
[22:58:24.961] [SEVERE ] updating countdown to 28000
[22:58:25.974] [SEVERE ] setting player 2 freeze to 0
[22:58:25.974] [SEVERE ] updating countdown to 27000
[22:58:25.974] [SEVERE ] setting player 2 freeze to 0
[22:58:25.974] [SEVERE ] removing player 2 token from slot 4
[22:58:25.975] [SEVERE ] removing player 2 token from slot 3
[22:58:25.975] [SEVERE ] removing player 2 token from slot 9
[22:58:25.975] [SEVERE ] player 2 placing token on slot 6
[22:58:25.975] [SEVERE ] player 2 placing token on slot 10
[22:58:25.975] [SEVERE ] player 2 placing token on slot 7
[22:58:25.975] [SEVERE ] setting player 2 freeze to 3000
[22:58:25.976] [SEVERE ] updating countdown to 27000
[22:58:26.977] [SEVERE ] setting player 2 freeze to 2000
[22:58:26.977] [SEVERE ] updating countdown to 26000
[22:58:27.981] [SEVERE ] setting player 2 freeze to 1000
[22:58:27.981] [SEVERE ] updating countdown to 25000
[22:58:28.983] [SEVERE ] setting player 2 freeze to 0
[22:58:28.983] [SEVERE ] updating countdown to 24000
[22:58:28.983] [SEVERE ] setting player 2 freeze to 0
[22:58:28.983] [SEVERE ] removing player 2 token from slot 6
[22:58:28.983] [SEVERE ] removing player 2 token from slot 10
[22:58:28.983] [SEVERE ] removing player 2 token from slot 7
[22:58:28.983] [SEVERE ] player 2 placing token on slot 7
[22:58:28.983] [SEVERE ] player 2 placing token on slot 8
[22:58:28.983] [SEVERE ] player 2 placing token on slot 5
[22:58:28.983] [SEVERE ] setting player 2 freeze to 3000
[22:58:28.984] [SEVERE ] updating countdown to 24000
[22:58:29.995] [SEVERE ] setting player 2 freeze to 2000
[22:58:29.995] [SEVERE ] updating countdown to 23000
[22:58:30.998] [SEVERE ] setting player 2 freeze to 1000
[22:58:30.998] [SEVERE ] updating countdown to 22000
[22:58:31.999] [SEVERE ] setting player 2 freeze to 0
[22:58:31.999] [SEVERE ] updating countdown to 21000
[22:58:31.999] [SEVERE ] setting player 2 freeze to 0
[22:58:31.999] [SEVERE ] removing player 2 token from slot 7
[22:58:32.000] [SEVERE ] removing player 2 token from slot 8
[22:58:32.000] [SEVERE ] removing player 2 token from slot 5
[22:58:32.000] [SEVERE ] player 2 placing token on slot 0
[22:58:32.000] [SEVERE ] player 2 placing token on slot 3
[22:58:32.000] [SEVERE ] player 2 placing token on slot 2
[22:58:32.000] [SEVERE ] setting player 2 freeze to 3000
[22:58:32.000] [SEVERE ] updating countdown to 21000
[22:58:33.015] [SEVERE ] setting player 2 freeze to 2000
[22:58:33.015] [SEVERE ] updating countdown to 20000
[22:58:34.017] [SEVERE ] setting player 2 freeze to 1000
[22:58:34.017] [SEVERE ] updating countdown to 19000
[22:58:35.018] [SEVERE ] setting player 2 freeze to 0
[22:58:35.018] [SEVERE ] updating countdown to 18000
[22:58:35.019] [SEVERE ] setting player 2 freeze to 0
[22:58:35.019] [SEVERE ] removing player 2 token from slot 0
[22:58:35.019] [SEVERE ] removing player 2 token from slot 3
[22:58:35.019] [SEVERE ] removing player 2 token from slot 2
[22:58:35.019] [SEVERE ] player 2 placing token on slot 10
[22:58:35.019] [SEVERE ] player 2 placing token on slot 3
[22:58:35.019] [SEVERE ] player 2 placing token on slot 9
[22:58:35.019] [SEVERE ] setting player 2 freeze to 3000
[22:58:35.019] [SEVERE ] updating countdown to 18000
[22:58:36.020] [SEVERE ] setting player 2 freeze to 2000
[22:58:36.020] [SEVERE ] updating countdown to 17000
[22:58:37.023] [SEVERE ] setting player 2 freeze to 1000
[22:58:37.023] [SEVERE ] updating countdown to 16000
[22:58:38.037] [SEVERE ] setting player 2 freeze to 0
[22:58:38.037] [SEVERE ] updating countdown to 15000
[22:58:38.037] [SEVERE ] setting player 2 freeze to 0
[22:58:38.037] [SEVERE ] removing player 2 token from slot 10
[22:58:38.037] [SEVERE ] removing player 2 token from slot 3
[22:58:38.037] [SEVERE ] removing player 2 token from slot 9
[22:58:38.037] [SEVERE ] player 2 placing token on slot 4
[22:58:38.037] [SEVERE ] player 2 placing token on slot 6
[22:58:38.037] [SEVERE ] player 2 placing token on slot 11
[22:58:38.037] [SEVERE ] setting player 2 freeze to 3000
[22:58:38.038] [SEVERE ] updating countdown to 15000
[22:58:39.052] [SEVERE ] setting player 2 freeze to 2000
[22:58:39.053] [SEVERE ] updating countdown to 14000
[22:58:40.068] [SEVERE ] setting player 2 freeze to 1000
[22:58:40.068] [SEVERE ] updating countdown to 13000
[22:58:41.069] [SEVERE ] setting player 2 freeze to 0
[22:58:41.069] [SEVERE ] updating countdown to 12000
[22:58:41.069] [SEVERE ] setting player 2 freeze to 0
[22:58:41.069] [SEVERE ] removing player 2 token from slot 4
[22:58:41.069] [SEVERE ] removing player 2 token from slot 6
[22:58:41.069] [SEVERE ] removing player 2 token from slot 11
[22:58:41.069] [SEVERE ] player 2 placing token on slot 4
[22:58:41.069] [SEVERE ] player 2 placing token on slot 8
[22:58:41.069] [SEVERE ] player 2 placing token on slot 3
[22:58:41.069] [SEVERE ] setting player 2 score to 1
[22:58:41.178] [SEVERE ] removing card from slot 4
[22:58:41.178] [SEVERE ] removing tokens from slot 4
[22:58:41.288] [SEVERE ] removing card from slot 8
[22:58:41.288] [SEVERE ] removing tokens from slot 8
[22:58:41.400] [SEVERE ] removing card from slot 3
[22:58:41.400] [SEVERE ] removing tokens from slot 3
[22:58:41.512] [SEVERE ] placing card 42 in slot 4
[22:58:41.621] [SEVERE ] placing card 24 in slot 8
[22:58:41.733] [SEVERE ] placing card 12 in slot 3
[22:58:41.733] [SEVERE ] setting player 2 freeze to 3000
[22:58:41.734] [SEVERE ] updating countdown to 30000
[22:58:42.745] [SEVERE ] updating countdown to 29000
[22:58:42.745] [SEVERE ] setting player 2 freeze to 0
[22:58:42.746] [SEVERE ] setting player 2 freeze to 0
[22:58:42.746] [SEVERE ] removing player 2 token from slot 4
[22:58:42.746] [SEVERE ] removing player 2 token from slot 8
[22:58:42.746] [SEVERE ] removing player 2 token from slot 3
[22:58:42.746] [SEVERE ] player 2 placing token on slot 0
[22:58:42.746] [SEVERE ] player 2 placing token on slot 11
[22:58:42.746] [SEVERE ] player 2 placing token on slot 5
[22:58:42.746] [SEVERE ] setting player 2 freeze to 3000
[22:58:42.747] [SEVERE ] updating countdown to 29000
[22:58:43.761] [SEVERE ] setting player 2 freeze to 2000
[22:58:43.761] [SEVERE ] updating countdown to 28000
[22:58:44.761] [SEVERE ] updating countdown to 27000
[22:58:44.761] [SEVERE ] setting player 2 freeze to 1000
[22:58:45.774] [SEVERE ] updating countdown to 26000
[22:58:45.774] [SEVERE ] setting player 2 freeze to 0
[22:58:45.774] [SEVERE ] setting player 2 freeze to 0
[22:58:45.774] [SEVERE ] removing player 2 token from slot 0
[22:58:45.774] [SEVERE ] removing player 2 token from slot 11
[22:58:45.774] [SEVERE ] removing player 2 token from slot 5
[22:58:45.774] [SEVERE ] player 2 placing token on slot 1
[22:58:45.774] [SEVERE ] player 2 placing token on slot 3
[22:58:45.774] [SEVERE ] player 2 placing token on slot 9
[22:58:45.774] [SEVERE ] setting player 2 freeze to 3000
[22:58:45.775] [SEVERE ] updating countdown to 26000
[22:58:46.779] [SEVERE ] setting player 2 freeze to 2000
[22:58:46.779] [SEVERE ] updating countdown to 25000
[22:58:47.795] [SEVERE ] setting player 2 freeze to 1000
[22:58:47.795] [SEVERE ] updating countdown to 24000
[22:58:48.797] [SEVERE ] setting player 2 freeze to 0
[22:58:48.797] [SEVERE ] updating countdown to 23000
[22:58:48.797] [SEVERE ] setting player 2 freeze to 0
[22:58:48.797] [SEVERE ] removing player 2 token from slot 1
[22:58:48.797] [SEVERE ] removing player 2 token from slot 3
[22:58:48.797] [SEVERE ] removing player 2 token from slot 9
[22:58:48.797] [SEVERE ] player 2 placing token on slot 7
[22:58:48.797] [SEVERE ] player 2 placing token on slot 2
[22:58:48.797] [SEVERE ] player 2 placing token on slot 6
[22:58:48.797] [SEVERE ] setting player 2 freeze to 3000
[22:58:48.798] [SEVERE ] updating countdown to 23000
[22:58:49.810] [SEVERE ] setting player 2 freeze to 2000
[22:58:49.810] [SEVERE ] updating countdown to 22000
[22:58:50.585] [SEVERE ] key 90 was pressed by player 1
[22:58:50.585] [SEVERE ] player 1 placing token on slot 8
[22:58:50.816] [SEVERE ] setting player 2 freeze to 1000
[22:58:50.816] [SEVERE ] updating countdown to 21000
[22:58:50.859] [SEVERE ] key 65 was pressed by player 1
[22:58:50.859] [SEVERE ] player 1 placing token on slot 4
[22:58:51.065] [SEVERE ] key 67 was pressed by player 1
[22:58:51.065] [SEVERE ] player 1 placing token on slot 10
[22:58:51.065] [SEVERE ] setting player 1 score to 6
[22:58:51.181] [SEVERE ] removing card from slot 8
[22:58:51.181] [SEVERE ] removing tokens from slot 8
[22:58:51.290] [SEVERE ] removing card from slot 4
[22:58:51.290] [SEVERE ] removing tokens from slot 4
[22:58:51.402] [SEVERE ] removing card from slot 10
[22:58:51.402] [SEVERE ] removing tokens from slot 10
[22:58:51.514] [SEVERE ] placing card 48 in slot 8
[22:58:51.625] [SEVERE ] placing card 62 in slot 4
[22:58:51.737] [SEVERE ] placing card 69 in slot 10
[22:58:51.737] [SEVERE ] setting player 1 freeze to 1000
[22:58:51.739] [SEVERE ] updating countdown to 30000
[22:58:51.817] [SEVERE ] setting player 2 freeze to 0
[22:58:51.817] [SEVERE ] setting player 2 freeze to 0
[22:58:51.817] [SEVERE ] removing player 2 token from slot 7
[22:58:51.817] [SEVERE ] removing player 2 token from slot 2
[22:58:51.817] [SEVERE ] removing player 2 token from slot 6
[22:58:51.817] [SEVERE ] player 2 placing token on slot 0
[22:58:51.817] [SEVERE ] player 2 placing token on slot 5
[22:58:51.817] [SEVERE ] player 2 placing token on slot 11
[22:58:51.817] [SEVERE ] setting player 2 freeze to 3000
[22:58:51.819] [SEVERE ] updating countdown to 30000
[22:58:52.737] [SEVERE ] setting player 1 freeze to 0
[22:58:52.827] [SEVERE ] setting player 2 freeze to 2000
[22:58:52.827] [SEVERE ] updating countdown to 29000
[22:58:53.840] [SEVERE ] setting player 2 freeze to 1000
[22:58:53.840] [SEVERE ] updating countdown to 28000
[22:58:54.851] [SEVERE ] setting player 2 freeze to 0
[22:58:54.851] [SEVERE ] updating countdown to 27000
[22:58:54.851] [SEVERE ] setting player 2 freeze to 0
[22:58:54.851] [SEVERE ] removing player 2 token from slot 0
[22:58:54.851] [SEVERE ] removing player 2 token from slot 5
[22:58:54.851] [SEVERE ] removing player 2 token from slot 11
[22:58:54.851] [SEVERE ] player 2 placing token on slot 4
[22:58:54.851] [SEVERE ] player 2 placing token on slot 1
[22:58:54.851] [SEVERE ] player 2 placing token on slot 0
[22:58:54.851] [SEVERE ] setting player 2 freeze to 3000
[22:58:54.852] [SEVERE ] updating countdown to 27000
[22:58:55.865] [SEVERE ] setting player 2 freeze to 2000
[22:58:55.865] [SEVERE ] updating countdown to 26000
[22:58:56.880] [SEVERE ] setting player 2 freeze to 1000
[22:58:56.880] [SEVERE ] updating countdown to 25000
[22:58:57.883] [SEVERE ] setting player 2 freeze to 0
[22:58:57.883] [SEVERE ] updating countdown to 24000
[22:58:57.883] [SEVERE ] setting player 2 freeze to 0
[22:58:57.883] [SEVERE ] removing player 2 token from slot 4
[22:58:57.883] [SEVERE ] removing player 2 token from slot 1
[22:58:57.883] [SEVERE ] removing player 2 token from slot 0
[22:58:57.883] [SEVERE ] player 2 placing token on slot 2
[22:58:57.883] [SEVERE ] player 2 placing token on slot 8
[22:58:57.883] [SEVERE ] player 2 placing token on slot 10
[22:58:57.883] [SEVERE ] setting player 2 freeze to 3000
[22:58:57.885] [SEVERE ] updating countdown to 24000
[22:58:58.897] [SEVERE ] setting player 2 freeze to 2000
[22:58:58.897] [SEVERE ] updating countdown to 23000
[22:58:59.909] [SEVERE ] setting player 2 freeze to 1000
[22:58:59.909] [SEVERE ] updating countdown to 22000
[22:59:00.913] [SEVERE ] setting player 2 freeze to 0
[22:59:00.913] [SEVERE ] updating countdown to 21000
[22:59:00.913] [SEVERE ] setting player 2 freeze to 0
[22:59:00.913] [SEVERE ] removing player 2 token from slot 2
[22:59:00.913] [SEVERE ] removing player 2 token from slot 8
[22:59:00.913] [SEVERE ] removing player 2 token from slot 10
[22:59:00.913] [SEVERE ] player 2 placing token on slot 0
[22:59:00.913] [SEVERE ] player 2 placing token on slot 9
[22:59:00.913] [SEVERE ] player 2 placing token on slot 5
[22:59:00.913] [SEVERE ] setting player 2 freeze to 3000
[22:59:00.914] [SEVERE ] updating countdown to 21000
[22:59:01.918] [SEVERE ] setting player 2 freeze to 2000
[22:59:01.919] [SEVERE ] updating countdown to 20000
[22:59:02.598] [SEVERE ] key 68 was pressed by player 1
[22:59:02.599] [SEVERE ] player 1 placing token on slot 6
[22:59:02.933] [SEVERE ] setting player 2 freeze to 1000
[22:59:02.933] [SEVERE ] updating countdown to 19000
[22:59:03.934] [SEVERE ] setting player 2 freeze to 0
[22:59:03.934] [SEVERE ] updating countdown to 18000
[22:59:03.934] [SEVERE ] setting player 2 freeze to 0
[22:59:03.934] [SEVERE ] removing player 2 token from slot 0
[22:59:03.934] [SEVERE ] removing player 2 token from slot 9
[22:59:03.934] [SEVERE ] removing player 2 token from slot 5
[22:59:03.934] [SEVERE ] player 2 placing token on slot 5
[22:59:03.934] [SEVERE ] player 2 placing token on slot 9
[22:59:03.934] [SEVERE ] player 2 placing token on slot 8
[22:59:03.934] [SEVERE ] setting player 2 freeze to 3000
[22:59:03.936] [SEVERE ] updating countdown to 18000
[22:59:04.950] [SEVERE ] setting player 2 freeze to 2000
[22:59:04.951] [SEVERE ] updating countdown to 17000
[22:59:05.001] [SEVERE ] key 90 was pressed by player 1
[22:59:05.001] [SEVERE ] player 1 placing token on slot 8
[22:59:05.952] [SEVERE ] setting player 2 freeze to 1000
[22:59:05.952] [SEVERE ] updating countdown to 16000
[22:59:06.599] [SEVERE ] key 87 was pressed by player 1
[22:59:06.600] [SEVERE ] player 1 placing token on slot 1
[22:59:06.600] [SEVERE ] setting player 1 score to 7
[22:59:06.715] [SEVERE ] removing card from slot 6
[22:59:06.715] [SEVERE ] removing tokens from slot 6
[22:59:06.827] [SEVERE ] removing card from slot 8
[22:59:06.827] [SEVERE ] removing tokens from slot 8
[22:59:06.938] [SEVERE ] removing card from slot 1
[22:59:06.938] [SEVERE ] removing tokens from slot 1
[22:59:06.954] [SEVERE ] setting player 2 freeze to 0
[22:59:06.955] [SEVERE ] setting player 2 freeze to 0
[22:59:06.955] [SEVERE ] removing player 2 token from slot 5
[22:59:06.955] [SEVERE ] removing player 2 token from slot 9
[22:59:06.955] [SEVERE ] removing player 2 token from slot 8
[22:59:07.050] [SEVERE ] placing card 23 in slot 6
[22:59:07.162] [SEVERE ] placing card 59 in slot 8
[22:59:07.273] [SEVERE ] placing card 22 in slot 1
[22:59:07.273] [SEVERE ] setting player 1 freeze to 1000
[22:59:07.273] [SEVERE ] player 2 placing token on slot 2
[22:59:07.273] [SEVERE ] player 2 placing token on slot 4
[22:59:07.273] [SEVERE ] player 2 placing token on slot 10
[22:59:07.274] [SEVERE ] updating countdown to 30000
[22:59:07.274] [SEVERE ] setting player 2 freeze to 3000
[22:59:07.274] [SEVERE ] updating countdown to 30000
[22:59:08.273] [SEVERE ] setting player 1 freeze to 0
[22:59:08.277] [SEVERE ] setting player 2 freeze to 2000
[22:59:08.277] [SEVERE ] updating countdown to 29000
[22:59:09.291] [SEVERE ] setting player 2 freeze to 1000
[22:59:09.291] [SEVERE ] updating countdown to 28000
[22:59:10.295] [SEVERE ] setting player 2 freeze to 0
[22:59:10.295] [SEVERE ] updating countdown to 27000
[22:59:10.295] [SEVERE ] setting player 2 freeze to 0
[22:59:10.295] [SEVERE ] removing player 2 token from slot 2
[22:59:10.295] [SEVERE ] removing player 2 token from slot 4
[22:59:10.295] [SEVERE ] removing player 2 token from slot 10
[22:59:10.295] [SEVERE ] player 2 placing token on slot 0
[22:59:10.295] [SEVERE ] player 2 placing token on slot 3
[22:59:10.295] [SEVERE ] player 2 placing token on slot 11
[22:59:10.296] [SEVERE ] setting player 2 freeze to 3000
[22:59:10.297] [SEVERE ] updating countdown to 27000
[22:59:11.311] [SEVERE ] updating countdown to 26000
[22:59:11.311] [SEVERE ] setting player 2 freeze to 2000
[22:59:12.314] [SEVERE ] setting player 2 freeze to 1000
[22:59:12.314] [SEVERE ] updating countdown to 25000
[22:59:13.323] [SEVERE ] setting player 2 freeze to 0
[22:59:13.323] [SEVERE ] updating countdown to 24000
[22:59:13.323] [SEVERE ] setting player 2 freeze to 0
[22:59:13.323] [SEVERE ] removing player 2 token from slot 0
[22:59:13.324] [SEVERE ] removing player 2 token from slot 3
[22:59:13.324] [SEVERE ] removing player 2 token from slot 11
[22:59:13.324] [SEVERE ] player 2 placing token on slot 7
[22:59:13.324] [SEVERE ] player 2 placing token on slot 9
[22:59:13.324] [SEVERE ] player 2 placing token on slot 0
[22:59:13.324] [SEVERE ] setting player 2 freeze to 3000
[22:59:13.325] [SEVERE ] updating countdown to 24000
[22:59:14.339] [SEVERE ] setting player 2 freeze to 2000
[22:59:14.339] [SEVERE ] updating countdown to 23000
[22:59:15.340] [SEVERE ] setting player 2 freeze to 1000
[22:59:15.340] [SEVERE ] updating countdown to 22000
[22:59:16.341] [SEVERE ] setting player 2 freeze to 0
[22:59:16.341] [SEVERE ] updating countdown to 21000
[22:59:16.342] [SEVERE ] setting player 2 freeze to 0
[22:59:16.342] [SEVERE ] removing player 2 token from slot 7
[22:59:16.342] [SEVERE ] removing player 2 token from slot 9
[22:59:16.342] [SEVERE ] removing player 2 token from slot 0
[22:59:16.342] [SEVERE ] player 2 placing token on slot 9
[22:59:16.342] [SEVERE ] player 2 placing token on slot 8
[22:59:16.342] [SEVERE ] player 2 placing token on slot 0
[22:59:16.342] [SEVERE ] setting player 2 freeze to 3000
[22:59:16.342] [SEVERE ] updating countdown to 21000
[22:59:17.344] [SEVERE ] setting player 2 freeze to 2000
[22:59:17.344] [SEVERE ] updating countdown to 20000
[22:59:18.355] [SEVERE ] setting player 2 freeze to 1000
[22:59:18.355] [SEVERE ] updating countdown to 19000
[22:59:19.369] [SEVERE ] setting player 2 freeze to 0
[22:59:19.369] [SEVERE ] updating countdown to 18000
[22:59:19.369] [SEVERE ] setting player 2 freeze to 0
[22:59:19.369] [SEVERE ] removing player 2 token from slot 9
[22:59:19.369] [SEVERE ] removing player 2 token from slot 8
[22:59:19.369] [SEVERE ] removing player 2 token from slot 0
[22:59:19.369] [SEVERE ] player 2 placing token on slot 8
[22:59:19.369] [SEVERE ] player 2 placing token on slot 1
[22:59:19.369] [SEVERE ] player 2 placing token on slot 3
[22:59:19.370] [SEVERE ] setting player 2 freeze to 3000
[22:59:19.371] [SEVERE ] updating countdown to 18000
[22:59:20.370] [SEVERE ] setting player 2 freeze to 2000
[22:59:20.385] [SEVERE ] updating countdown to 17000
[22:59:21.385] [SEVERE ] setting player 2 freeze to 1000
[22:59:21.401] [SEVERE ] updating countdown to 16000
[22:59:22.390] [SEVERE ] setting player 2 freeze to 0
[22:59:22.390] [SEVERE ] setting player 2 freeze to 0
[22:59:22.390] [SEVERE ] removing player 2 token from slot 8
[22:59:22.390] [SEVERE ] removing player 2 token from slot 1
[22:59:22.391] [SEVERE ] removing player 2 token from slot 3
[22:59:22.391] [SEVERE ] player 2 placing token on slot 1
[22:59:22.391] [SEVERE ] player 2 placing token on slot 2
[22:59:22.391] [SEVERE ] player 2 placing token on slot 9
[22:59:22.391] [SEVERE ] setting player 2 freeze to 3000
[22:59:22.391] [SEVERE ] updating countdown to 15000
[22:59:23.392] [SEVERE ] setting player 2 freeze to 2000
[22:59:23.392] [SEVERE ] updating countdown to 14000
[22:59:24.393] [SEVERE ] setting player 2 freeze to 1000
[22:59:24.393] [SEVERE ] updating countdown to 13000
[22:59:25.394] [SEVERE ] setting player 2 freeze to 0
[22:59:25.394] [SEVERE ] updating countdown to 12000
[22:59:25.394] [SEVERE ] setting player 2 freeze to 0
[22:59:25.395] [SEVERE ] removing player 2 token from slot 1
[22:59:25.395] [SEVERE ] removing player 2 token from slot 2
[22:59:25.395] [SEVERE ] removing player 2 token from slot 9
[22:59:25.395] [SEVERE ] player 2 placing token on slot 5
[22:59:25.395] [SEVERE ] player 2 placing token on slot 11
[22:59:25.395] [SEVERE ] player 2 placing token on slot 7
[22:59:25.395] [SEVERE ] setting player 2 freeze to 3000
[22:59:25.396] [SEVERE ] updating countdown to 12000
[22:59:25.519] [SEVERE ] key 82 was pressed by player 1
[22:59:25.519] [SEVERE ] player 1 placing token on slot 3
[22:59:26.396] [SEVERE ] setting player 2 freeze to 2000
[22:59:26.411] [SEVERE ] updating countdown to 11000
[22:59:26.586] [SEVERE ] key 70 was pressed by player 1
[22:59:26.586] [SEVERE ] player 1 placing token on slot 7
[22:59:27.224] [SEVERE ] key 65 was pressed by player 1
[22:59:27.224] [SEVERE ] player 1 placing token on slot 4
[22:59:27.224] [SEVERE ] setting player 1 score to 8
[22:59:27.329] [SEVERE ] removing card from slot 3
[22:59:27.329] [SEVERE ] removing tokens from slot 3
[22:59:27.409] [SEVERE ] setting player 2 freeze to 1000
[22:59:27.440] [SEVERE ] removing card from slot 7
[22:59:27.440] [SEVERE ] removing tokens from slot 7
[22:59:27.550] [SEVERE ] removing card from slot 4
[22:59:27.550] [SEVERE ] removing tokens from slot 4
[22:59:27.662] [SEVERE ] placing card 77 in slot 3
[22:59:27.774] [SEVERE ] placing card 33 in slot 7
[22:59:27.883] [SEVERE ] placing card 20 in slot 4
[22:59:27.883] [SEVERE ] setting player 1 freeze to 1000
[22:59:27.885] [SEVERE ] updating countdown to 30000
[22:59:28.424] [SEVERE ] setting player 2 freeze to 0
[22:59:28.424] [SEVERE ] setting player 2 freeze to 0
[22:59:28.424] [SEVERE ] removing player 2 token from slot 5
[22:59:28.424] [SEVERE ] removing player 2 token from slot 11
[22:59:28.424] [SEVERE ] removing player 2 token from slot 7
[22:59:28.424] [SEVERE ] player 2 placing token on slot 2
[22:59:28.424] [SEVERE ] player 2 placing token on slot 1
[22:59:28.424] [SEVERE ] player 2 placing token on slot 11
[22:59:28.425] [SEVERE ] setting player 2 freeze to 3000
[22:59:28.426] [SEVERE ] updating countdown to 29000
[22:59:28.883] [SEVERE ] setting player 1 freeze to 0
[22:59:29.437] [SEVERE ] setting player 2 freeze to 2000
[22:59:29.437] [SEVERE ] updating countdown to 28000
[22:59:30.441] [SEVERE ] setting player 2 freeze to 1000
[22:59:30.441] [SEVERE ] updating countdown to 27000
[22:59:31.442] [SEVERE ] setting player 2 freeze to 0
[22:59:31.442] [SEVERE ] updating countdown to 26000
[22:59:31.442] [SEVERE ] setting player 2 freeze to 0
[22:59:31.442] [SEVERE ] removing player 2 token from slot 2
[22:59:31.442] [SEVERE ] removing player 2 token from slot 1
[22:59:31.442] [SEVERE ] removing player 2 token from slot 11
[22:59:31.443] [SEVERE ] player 2 placing token on slot 9
[22:59:31.443] [SEVERE ] player 2 placing token on slot 0
[22:59:31.443] [SEVERE ] player 2 placing token on slot 6
[22:59:31.443] [SEVERE ] setting player 2 freeze to 3000
[22:59:31.444] [SEVERE ] updating countdown to 26000
[22:59:32.457] [SEVERE ] setting player 2 freeze to 2000
[22:59:32.457] [SEVERE ] updating countdown to 25000
[22:59:33.458] [SEVERE ] setting player 2 freeze to 1000
[22:59:33.458] [SEVERE ] updating countdown to 24000
[22:59:34.473] [SEVERE ] setting player 2 freeze to 0
[22:59:34.473] [SEVERE ] updating countdown to 23000
[22:59:34.473] [SEVERE ] setting player 2 freeze to 0
[22:59:34.473] [SEVERE ] removing player 2 token from slot 9
[22:59:34.473] [SEVERE ] removing player 2 token from slot 0
[22:59:34.473] [SEVERE ] removing player 2 token from slot 6
[22:59:34.474] [SEVERE ] player 2 placing token on slot 3
[22:59:34.474] [SEVERE ] player 2 placing token on slot 5
[22:59:34.474] [SEVERE ] player 2 placing token on slot 2
[22:59:34.474] [SEVERE ] setting player 2 freeze to 3000
[22:59:34.474] [SEVERE ] updating countdown to 23000
[22:59:35.482] [SEVERE ] setting player 2 freeze to 2000
[22:59:35.482] [SEVERE ] updating countdown to 22000
[22:59:36.485] [SEVERE ] setting player 2 freeze to 1000
[22:59:36.485] [SEVERE ] updating countdown to 21000
[22:59:37.485] [SEVERE ] setting player 2 freeze to 0
[22:59:37.485] [SEVERE ] updating countdown to 20000
[22:59:37.486] [SEVERE ] setting player 2 freeze to 0
[22:59:37.486] [SEVERE ] removing player 2 token from slot 3
[22:59:37.486] [SEVERE ] removing player 2 token from slot 5
[22:59:37.486] [SEVERE ] removing player 2 token from slot 2
[22:59:37.486] [SEVERE ] player 2 placing token on slot 3
[22:59:37.486] [SEVERE ] player 2 placing token on slot 11
[22:59:37.486] [SEVERE ] player 2 placing token on slot 10
[22:59:37.486] [SEVERE ] setting player 2 freeze to 3000
[22:59:37.487] [SEVERE ] updating countdown to 20000
[22:59:38.498] [SEVERE ] setting player 2 freeze to 2000
[22:59:38.498] [SEVERE ] updating countdown to 19000
[22:59:39.513] [SEVERE ] setting player 2 freeze to 1000
[22:59:39.513] [SEVERE ] updating countdown to 18000
[22:59:40.517] [SEVERE ] setting player 2 freeze to 0
[22:59:40.517] [SEVERE ] updating countdown to 17000
[22:59:40.518] [SEVERE ] setting player 2 freeze to 0
[22:59:40.518] [SEVERE ] removing player 2 token from slot 3
[22:59:40.518] [SEVERE ] removing player 2 token from slot 11
[22:59:40.518] [SEVERE ] removing player 2 token from slot 10
[22:59:40.518] [SEVERE ] player 2 placing token on slot 2
[22:59:40.518] [SEVERE ] player 2 placing token on slot 10
[22:59:40.518] [SEVERE ] player 2 placing token on slot 7
[22:59:40.518] [SEVERE ] setting player 2 freeze to 3000
[22:59:40.518] [SEVERE ] updating countdown to 17000
[22:59:41.519] [SEVERE ] setting player 2 freeze to 2000
[22:59:41.519] [SEVERE ] updating countdown to 16000
[22:59:42.530] [SEVERE ] setting player 2 freeze to 1000
[22:59:42.530] [SEVERE ] updating countdown to 15000
[22:59:43.546] [SEVERE ] setting player 2 freeze to 0
[22:59:43.546] [SEVERE ] updating countdown to 14000
[22:59:43.546] [SEVERE ] setting player 2 freeze to 0
[22:59:43.546] [SEVERE ] removing player 2 token from slot 2
[22:59:43.546] [SEVERE ] removing player 2 token from slot 10
[22:59:43.546] [SEVERE ] removing player 2 token from slot 7
[22:59:43.546] [SEVERE ] player 2 placing token on slot 9
[22:59:43.546] [SEVERE ] player 2 placing token on slot 1
[22:59:43.546] [SEVERE ] player 2 placing token on slot 0
[22:59:43.546] [SEVERE ] setting player 2 freeze to 3000
[22:59:43.548] [SEVERE ] updating countdown to 14000
[22:59:44.561] [SEVERE ] setting player 2 freeze to 2000
[22:59:44.561] [SEVERE ] updating countdown to 13000
[22:59:45.573] [SEVERE ] setting player 2 freeze to 1000
[22:59:45.573] [SEVERE ] updating countdown to 12000
[22:59:46.588] [SEVERE ] setting player 2 freeze to 0
[22:59:46.588] [SEVERE ] updating countdown to 11000
[22:59:46.588] [SEVERE ] setting player 2 freeze to 0
[22:59:46.588] [SEVERE ] removing player 2 token from slot 9
[22:59:46.589] [SEVERE ] removing player 2 token from slot 1
[22:59:46.589] [SEVERE ] removing player 2 token from slot 0
[22:59:46.589] [SEVERE ] player 2 placing token on slot 5
[22:59:46.589] [SEVERE ] player 2 placing token on slot 4
[22:59:46.589] [SEVERE ] player 2 placing token on slot 6
[22:59:46.589] [SEVERE ] setting player 2 freeze to 3000
[22:59:46.590] [SEVERE ] updating countdown to 11000
[22:59:47.603] [SEVERE ] setting player 2 freeze to 2000
[22:59:47.603] [SEVERE ] updating countdown to 10000
[22:59:48.616] [SEVERE ] setting player 2 freeze to 1000
[22:59:48.616] [SEVERE ] updating countdown to 9000
[22:59:49.631] [SEVERE ] setting player 2 freeze to 0
[22:59:49.631] [SEVERE ] updating countdown to 8000
[22:59:49.632] [SEVERE ] setting player 2 freeze to 0
[22:59:49.632] [SEVERE ] removing player 2 token from slot 5
[22:59:49.632] [SEVERE ] removing player 2 token from slot 4
[22:59:49.632] [SEVERE ] removing player 2 token from slot 6
[22:59:49.632] [SEVERE ] player 2 placing token on slot 9
[22:59:49.632] [SEVERE ] player 2 placing token on slot 4
[22:59:49.632] [SEVERE ] player 2 placing token on slot 3
[22:59:49.632] [SEVERE ] setting player 2 freeze to 3000
[22:59:49.632] [SEVERE ] updating countdown to 8000
[22:59:50.646] [SEVERE ] setting player 2 freeze to 2000
[22:59:50.646] [SEVERE ] updating countdown to 7000
[22:59:51.647] [SEVERE ] setting player 2 freeze to 1000
[22:59:51.662] [SEVERE ] updating countdown to 6000
[22:59:52.662] [SEVERE ] setting player 2 freeze to 0
[22:59:52.662] [SEVERE ] setting player 2 freeze to 0
[22:59:52.662] [SEVERE ] removing player 2 token from slot 9
[22:59:52.662] [SEVERE ] removing player 2 token from slot 4
[22:59:52.662] [SEVERE ] removing player 2 token from slot 3
[22:59:52.662] [SEVERE ] player 2 placing token on slot 7
[22:59:52.662] [SEVERE ] player 2 placing token on slot 10
[22:59:52.662] [SEVERE ] player 2 placing token on slot 2
[22:59:52.662] [SEVERE ] setting player 2 freeze to 3000
[22:59:52.664] [SEVERE ] updating countdown to 5000
[22:59:53.677] [SEVERE ] setting player 2 freeze to 2000
[22:59:53.677] [SEVERE ] updating countdown to 5000
[22:59:54.685] [SEVERE ] setting player 2 freeze to 1000
[22:59:55.205] [SEVERE ] updating countdown to 3000
[22:59:55.692] [SEVERE ] setting player 2 freeze to 0
[22:59:55.692] [SEVERE ] setting player 2 freeze to 0
[22:59:55.692] [SEVERE ] removing player 2 token from slot 7
[22:59:55.692] [SEVERE ] removing player 2 token from slot 10
[22:59:55.692] [SEVERE ] removing player 2 token from slot 2
[22:59:55.692] [SEVERE ] player 2 placing token on slot 8
[22:59:55.692] [SEVERE ] player 2 placing token on slot 7
[22:59:55.692] [SEVERE ] player 2 placing token on slot 11
[22:59:55.693] [SEVERE ] setting player 2 freeze to 3000
[22:59:56.705] [SEVERE ] setting player 2 freeze to 2000
[22:59:57.706] [SEVERE ] setting player 2 freeze to 1000
[22:59:58.209] [SEVERE ] updating countdown to 0
[22:59:58.209] [SEVERE ] updating countdown to 0
[22:59:58.209] [SEVERE ] removing all tokens
[22:59:58.321] [SEVERE ] removing card from slot 0
[22:59:58.433] [SEVERE ] removing card from slot 1
[22:59:58.543] [SEVERE ] removing card from slot 2
[22:59:58.654] [SEVERE ] removing card from slot 3
[22:59:58.718] [SEVERE ] setting player 2 freeze to 0
[22:59:58.718] [SEVERE ] setting player 2 freeze to 0
[22:59:58.718] [SEVERE ] removing player 2 token from slot 8
[22:59:58.718] [SEVERE ] removing player 2 token from slot 7
[22:59:58.718] [SEVERE ] removing player 2 token from slot 11
[22:59:58.766] [SEVERE ] removing card from slot 4
[22:59:58.877] [SEVERE ] removing card from slot 5
[22:59:58.988] [SEVERE ] removing card from slot 6
[22:59:59.100] [SEVERE ] removing card from slot 7
[22:59:59.211] [SEVERE ] removing card from slot 8
[22:59:59.321] [SEVERE ] removing card from slot 9
[22:59:59.433] [SEVERE ] removing card from slot 10
[22:59:59.545] [SEVERE ] removing card from slot 11
[22:59:59.657] [SEVERE ] placing card 6 in slot 0
[22:59:59.768] [SEVERE ] placing card 73 in slot 11
[22:59:59.878] [SEVERE ] placing card 52 in slot 4
[22:59:59.990] [SEVERE ] placing card 74 in slot 1
[23:00:00.101] [SEVERE ] placing card 9 in slot 9
[23:00:00.212] [SEVERE ] placing card 20 in slot 8
[23:00:00.323] [SEVERE ] placing card 3 in slot 3
[23:00:00.434] [SEVERE ] placing card 58 in slot 7
[23:00:00.546] [SEVERE ] placing card 30 in slot 10
[23:00:00.658] [SEVERE ] placing card 31 in slot 2
[23:00:00.769] [SEVERE ] placing card 37 in slot 5
[23:00:00.881] [SEVERE ] placing card 59 in slot 6
[23:00:00.881] [SEVERE ] updating countdown to 30000
[23:00:00.882] [SEVERE ] player 2 placing token on slot 5
[23:00:00.882] [SEVERE ] player 2 placing token on slot 2
[23:00:00.882] [SEVERE ] player 2 placing token on slot 1
[23:00:00.882] [SEVERE ] setting player 2 freeze to 3000
[23:00:00.882] [SEVERE ] updating countdown to 30000
[23:00:01.896] [SEVERE ] setting player 2 freeze to 2000
[23:00:01.896] [SEVERE ] updating countdown to 29000
[23:00:02.897] [SEVERE ] setting player 2 freeze to 1000
[23:00:02.897] [SEVERE ] updating countdown to 28000
[23:00:03.897] [SEVERE ] setting player 2 freeze to 0
[23:00:03.897] [SEVERE ] updating countdown to 27000
[23:00:03.897] [SEVERE ] setting player 2 freeze to 0
[23:00:03.897] [SEVERE ] removing player 2 token from slot 5
[23:00:03.898] [SEVERE ] removing player 2 token from slot 2
[23:00:03.898] [SEVERE ] removing player 2 token from slot 1
[23:00:03.898] [SEVERE ] player 2 placing token on slot 6
[23:00:03.898] [SEVERE ] player 2 placing token on slot 2
[23:00:03.898] [SEVERE ] player 2 placing token on slot 0
[23:00:03.898] [SEVERE ] setting player 2 freeze to 3000
[23:00:03.898] [SEVERE ] updating countdown to 27000
[23:00:04.899] [SEVERE ] setting player 2 freeze to 2000
[23:00:04.899] [SEVERE ] updating countdown to 26000
[23:00:05.915] [SEVERE ] setting player 2 freeze to 1000
[23:00:05.915] [SEVERE ] updating countdown to 25000
[23:00:06.917] [SEVERE ] setting player 2 freeze to 0
[23:00:06.917] [SEVERE ] updating countdown to 24000
[23:00:06.917] [SEVERE ] setting player 2 freeze to 0
[23:00:06.917] [SEVERE ] removing player 2 token from slot 6
[23:00:06.917] [SEVERE ] removing player 2 token from slot 2
[23:00:06.917] [SEVERE ] removing player 2 token from slot 0
[23:00:06.917] [SEVERE ] player 2 placing token on slot 4
[23:00:06.917] [SEVERE ] player 2 placing token on slot 11
[23:00:06.917] [SEVERE ] player 2 placing token on slot 3
[23:00:06.918] [SEVERE ] setting player 2 freeze to 3000
[23:00:06.918] [SEVERE ] updating countdown to 24000
[23:00:07.933] [SEVERE ] setting player 2 freeze to 2000
[23:00:07.933] [SEVERE ] updating countdown to 23000
[23:00:08.938] [SEVERE ] setting player 2 freeze to 1000
[23:00:08.938] [SEVERE ] updating countdown to 22000
[23:00:09.637] [SEVERE ] key 82 was pressed by player 1
[23:00:09.637] [SEVERE ] player 1 placing token on slot 3
[23:00:09.943] [SEVERE ] setting player 2 freeze to 0
[23:00:09.943] [SEVERE ] updating countdown to 21000
[23:00:09.943] [SEVERE ] setting player 2 freeze to 0
[23:00:09.943] [SEVERE ] removing player 2 token from slot 4
[23:00:09.943] [SEVERE ] removing player 2 token from slot 11
[23:00:09.943] [SEVERE ] removing player 2 token from slot 3
[23:00:09.943] [SEVERE ] player 2 placing token on slot 8
[23:00:09.943] [SEVERE ] player 2 placing token on slot 2
[23:00:09.943] [SEVERE ] player 2 placing token on slot 9
[23:00:09.943] [SEVERE ] setting player 2 freeze to 3000
[23:00:09.944] [SEVERE ] updating countdown to 21000
[23:00:10.050] [SEVERE ] key 69 was pressed by player 1
[23:00:10.050] [SEVERE ] player 1 placing token on slot 2
[23:00:10.279] [SEVERE ] key 68 was pressed by player 1
[23:00:10.279] [SEVERE ] player 1 placing token on slot 6
[23:00:10.279] [SEVERE ] setting player 1 score to 9
[23:00:10.394] [SEVERE ] removing card from slot 3
[23:00:10.394] [SEVERE ] removing tokens from slot 3
[23:00:10.505] [SEVERE ] removing card from slot 2
[23:00:10.505] [SEVERE ] removing tokens from slot 2
[23:00:10.615] [SEVERE ] removing card from slot 6
[23:00:10.615] [SEVERE ] removing tokens from slot 6
[23:00:10.725] [SEVERE ] placing card 45 in slot 3
[23:00:10.834] [SEVERE ] placing card 54 in slot 2
[23:00:10.943] [SEVERE ] placing card 23 in slot 6
[23:00:10.943] [SEVERE ] setting player 1 freeze to 1000
[23:00:10.944] [SEVERE ] updating countdown to 30000
[23:00:10.959] [SEVERE ] setting player 2 freeze to 2000
[23:00:11.943] [SEVERE ] setting player 1 freeze to 0
[23:00:11.953] [SEVERE ] updating countdown to 29000
[23:00:11.969] [SEVERE ] setting player 2 freeze to 1000
[23:00:12.964] [SEVERE ] updating countdown to 28000
[23:00:12.980] [SEVERE ] setting player 2 freeze to 0
[23:00:12.980] [SEVERE ] setting player 2 freeze to 0
[23:00:12.980] [SEVERE ] removing player 2 token from slot 8
[23:00:12.980] [SEVERE ] removing player 2 token from slot 2
[23:00:12.980] [SEVERE ] removing player 2 token from slot 9
[23:00:12.980] [SEVERE ] player 2 placing token on slot 9
[23:00:12.980] [SEVERE ] player 2 placing token on slot 11
[23:00:12.980] [SEVERE ] player 2 placing token on slot 3
[23:00:12.980] [SEVERE ] setting player 2 freeze to 3000
[23:00:12.981] [SEVERE ] updating countdown to 28000
[23:00:13.980] [SEVERE ] setting player 2 freeze to 2000
[23:00:13.996] [SEVERE ] updating countdown to 27000
[23:00:14.994] [SEVERE ] setting player 2 freeze to 1000
[23:00:15.010] [SEVERE ] updating countdown to 26000
[23:00:16.009] [SEVERE ] setting player 2 freeze to 0
[23:00:16.009] [SEVERE ] setting player 2 freeze to 0
[23:00:16.009] [SEVERE ] removing player 2 token from slot 9
[23:00:16.009] [SEVERE ] removing player 2 token from slot 11
[23:00:16.009] [SEVERE ] removing player 2 token from slot 3
[23:00:16.009] [SEVERE ] player 2 placing token on slot 8
[23:00:16.009] [SEVERE ] player 2 placing token on slot 5
[23:00:16.009] [SEVERE ] player 2 placing token on slot 9
[23:00:16.009] [SEVERE ] setting player 2 freeze to 3000
[23:00:16.010] [SEVERE ] updating countdown to 25000
[23:00:17.024] [SEVERE ] setting player 2 freeze to 2000
[23:00:17.024] [SEVERE ] updating countdown to 24000
[23:00:18.039] [SEVERE ] setting player 2 freeze to 1000
[23:00:18.039] [SEVERE ] updating countdown to 23000
[23:00:18.775] [SEVERE ] key 90 was pressed by player 1
[23:00:18.775] [SEVERE ] player 1 placing token on slot 8
[23:00:19.040] [SEVERE ] setting player 2 freeze to 0
[23:00:19.041] [SEVERE ] updating countdown to 22000
[23:00:19.041] [SEVERE ] setting player 2 freeze to 0
[23:00:19.041] [SEVERE ] removing player 2 token from slot 8
[23:00:19.041] [SEVERE ] removing player 2 token from slot 5
[23:00:19.041] [SEVERE ] removing player 2 token from slot 9
[23:00:19.041] [SEVERE ] player 2 placing token on slot 11
[23:00:19.041] [SEVERE ] player 2 placing token on slot 6
[23:00:19.041] [SEVERE ] player 2 placing token on slot 9
[23:00:19.041] [SEVERE ] setting player 2 freeze to 3000
[23:00:19.041] [SEVERE ] updating countdown to 22000
[23:00:19.045] [SEVERE ] key 82 was pressed by player 1
[23:00:19.045] [SEVERE ] player 1 placing token on slot 3
[23:00:19.432] [SEVERE ] key 86 was pressed by player 1
[23:00:19.432] [SEVERE ] player 1 placing token on slot 11
[23:00:19.432] [SEVERE ] setting player 1 score to 10
[23:00:19.547] [SEVERE ] removing card from slot 8
[23:00:19.547] [SEVERE ] removing tokens from slot 8
[23:00:19.658] [SEVERE ] removing card from slot 3
[23:00:19.658] [SEVERE ] removing tokens from slot 3
[23:00:19.769] [SEVERE ] removing card from slot 11
[23:00:19.770] [SEVERE ] removing tokens from slot 11
[23:00:19.881] [SEVERE ] placing card 1 in slot 8
[23:00:19.992] [SEVERE ] placing card 22 in slot 3
[23:00:20.056] [SEVERE ] setting player 2 freeze to 2000
[23:00:20.104] [SEVERE ] placing card 79 in slot 11
[23:00:20.104] [SEVERE ] setting player 1 freeze to 1000
[23:00:20.105] [SEVERE ] updating countdown to 30000
[23:00:21.056] [SEVERE ] setting player 2 freeze to 1000
[23:00:21.104] [SEVERE ] setting player 1 freeze to 0
[23:00:21.120] [SEVERE ] updating countdown to 29000
[23:00:22.058] [SEVERE ] setting player 2 freeze to 0
[23:00:22.058] [SEVERE ] setting player 2 freeze to 0
[23:00:22.058] [SEVERE ] removing player 2 token from slot 11
[23:00:22.058] [SEVERE ] removing player 2 token from slot 6
[23:00:22.058] [SEVERE ] removing player 2 token from slot 9
[23:00:22.059] [SEVERE ] player 2 placing token on slot 1
[23:00:22.059] [SEVERE ] player 2 placing token on slot 9
[23:00:22.059] [SEVERE ] player 2 placing token on slot 8
[23:00:22.059] [SEVERE ] setting player 2 freeze to 3000
[23:00:22.059] [SEVERE ] updating countdown to 28000
[23:00:23.070] [SEVERE ] setting player 2 freeze to 2000
[23:00:23.070] [SEVERE ] updating countdown to 27000
[23:00:24.081] [SEVERE ] setting player 2 freeze to 1000
[23:00:24.081] [SEVERE ] updating countdown to 26000
[23:00:25.096] [SEVERE ] setting player 2 freeze to 0
[23:00:25.096] [SEVERE ] updating countdown to 25000
[23:00:25.096] [SEVERE ] setting player 2 freeze to 0
[23:00:25.097] [SEVERE ] removing player 2 token from slot 1
[23:00:25.097] [SEVERE ] removing player 2 token from slot 9
[23:00:25.097] [SEVERE ] removing player 2 token from slot 8
[23:00:25.097] [SEVERE ] player 2 placing token on slot 7
[23:00:25.097] [SEVERE ] player 2 placing token on slot 9
[23:00:25.097] [SEVERE ] player 2 placing token on slot 5
[23:00:25.097] [SEVERE ] setting player 2 freeze to 3000
[23:00:25.097] [SEVERE ] updating countdown to 25000
[23:00:26.106] [SEVERE ] setting player 2 freeze to 2000
[23:00:26.106] [SEVERE ] updating countdown to 24000
[23:00:27.111] [SEVERE ] setting player 2 freeze to 1000
[23:00:27.111] [SEVERE ] updating countdown to 23000
[23:00:28.112] [SEVERE ] setting player 2 freeze to 0
[23:00:28.112] [SEVERE ] updating countdown to 22000
[23:00:28.113] [SEVERE ] setting player 2 freeze to 0
[23:00:28.113] [SEVERE ] removing player 2 token from slot 7
[23:00:28.113] [SEVERE ] removing player 2 token from slot 9
[23:00:28.113] [SEVERE ] removing player 2 token from slot 5
[23:00:28.113] [SEVERE ] player 2 placing token on slot 10
[23:00:28.113] [SEVERE ] player 2 placing token on slot 8
[23:00:28.113] [SEVERE ] player 2 placing token on slot 2
[23:00:28.113] [SEVERE ] setting player 2 freeze to 3000
[23:00:28.114] [SEVERE ] updating countdown to 22000
[23:00:29.125] [SEVERE ] setting player 2 freeze to 2000
[23:00:29.125] [SEVERE ] updating countdown to 21000
[23:00:30.137] [SEVERE ] setting player 2 freeze to 1000
[23:00:30.137] [SEVERE ] updating countdown to 20000
[23:00:31.140] [SEVERE ] updating countdown to 19000
[23:00:31.140] [SEVERE ] setting player 2 freeze to 0
[23:00:31.140] [SEVERE ] setting player 2 freeze to 0
[23:00:31.140] [SEVERE ] removing player 2 token from slot 10
[23:00:31.140] [SEVERE ] removing player 2 token from slot 8
[23:00:31.140] [SEVERE ] removing player 2 token from slot 2
[23:00:31.140] [SEVERE ] player 2 placing token on slot 8
[23:00:31.140] [SEVERE ] player 2 placing token on slot 0
[23:00:31.140] [SEVERE ] player 2 placing token on slot 1
[23:00:31.140] [SEVERE ] setting player 2 freeze to 3000
[23:00:31.141] [SEVERE ] updating countdown to 19000
[23:00:32.155] [SEVERE ] updating countdown to 18000
[23:00:32.155] [SEVERE ] setting player 2 freeze to 2000
[23:00:33.156] [SEVERE ] setting player 2 freeze to 1000
[23:00:33.156] [SEVERE ] updating countdown to 17000
[23:00:34.159] [SEVERE ] setting player 2 freeze to 0
[23:00:34.159] [SEVERE ] updating countdown to 16000
[23:00:34.159] [SEVERE ] setting player 2 freeze to 0
[23:00:34.159] [SEVERE ] removing player 2 token from slot 8
[23:00:34.159] [SEVERE ] removing player 2 token from slot 0
[23:00:34.159] [SEVERE ] removing player 2 token from slot 1
[23:00:34.159] [SEVERE ] player 2 placing token on slot 3
[23:00:34.159] [SEVERE ] player 2 placing token on slot 4
[23:00:34.159] [SEVERE ] player 2 placing token on slot 9
[23:00:34.160] [SEVERE ] setting player 2 freeze to 3000
[23:00:34.161] [SEVERE ] updating countdown to 16000
[23:00:35.171] [SEVERE ] setting player 2 freeze to 2000
[23:00:35.171] [SEVERE ] updating countdown to 15000
[23:00:36.183] [SEVERE ] setting player 2 freeze to 1000
[23:00:36.183] [SEVERE ] updating countdown to 14000
[23:00:37.185] [SEVERE ] setting player 2 freeze to 0
[23:00:37.185] [SEVERE ] updating countdown to 13000
[23:00:37.185] [SEVERE ] setting player 2 freeze to 0
[23:00:37.185] [SEVERE ] removing player 2 token from slot 3
[23:00:37.185] [SEVERE ] removing player 2 token from slot 4
[23:00:37.185] [SEVERE ] removing player 2 token from slot 9
[23:00:37.185] [SEVERE ] player 2 placing token on slot 11
[23:00:37.185] [SEVERE ] player 2 placing token on slot 2
[23:00:37.185] [SEVERE ] player 2 placing token on slot 8
[23:00:37.185] [SEVERE ] setting player 2 freeze to 3000
[23:00:37.186] [SEVERE ] updating countdown to 13000
[23:00:38.199] [SEVERE ] setting player 2 freeze to 2000
[23:00:38.199] [SEVERE ] updating countdown to 12000
[23:00:39.203] [SEVERE ] setting player 2 freeze to 1000
[23:00:39.203] [SEVERE ] updating countdown to 11000
[23:00:40.215] [SEVERE ] setting player 2 freeze to 0
[23:00:40.215] [SEVERE ] updating countdown to 10000
[23:00:40.215] [SEVERE ] setting player 2 freeze to 0
[23:00:40.215] [SEVERE ] removing player 2 token from slot 11
[23:00:40.215] [SEVERE ] removing player 2 token from slot 2
[23:00:40.215] [SEVERE ] removing player 2 token from slot 8
[23:00:40.215] [SEVERE ] player 2 placing token on slot 4
[23:00:40.215] [SEVERE ] player 2 placing token on slot 8
[23:00:40.215] [SEVERE ] player 2 placing token on slot 9
[23:00:40.215] [SEVERE ] setting player 2 freeze to 3000
[23:00:40.216] [SEVERE ] updating countdown to 10000
[23:00:41.229] [SEVERE ] setting player 2 freeze to 2000
[23:00:41.229] [SEVERE ] updating countdown to 9000
[23:00:42.242] [SEVERE ] setting player 2 freeze to 1000
[23:00:42.242] [SEVERE ] updating countdown to 8000
[23:00:43.257] [SEVERE ] setting player 2 freeze to 0
[23:00:43.257] [SEVERE ] updating countdown to 7000
[23:00:43.257] [SEVERE ] setting player 2 freeze to 0
[23:00:43.257] [SEVERE ] removing player 2 token from slot 4
[23:00:43.257] [SEVERE ] removing player 2 token from slot 8
[23:00:43.257] [SEVERE ] removing player 2 token from slot 9
[23:00:43.257] [SEVERE ] player 2 placing token on slot 4
[23:00:43.257] [SEVERE ] player 2 placing token on slot 2
[23:00:43.257] [SEVERE ] player 2 placing token on slot 6
[23:00:43.258] [SEVERE ] setting player 2 freeze to 3000
[23:00:43.259] [SEVERE ] updating countdown to 7000
[23:00:44.269] [SEVERE ] setting player 2 freeze to 2000
[23:00:44.269] [SEVERE ] updating countdown to 6000
[23:00:45.270] [SEVERE ] setting player 2 freeze to 1000
[23:00:45.270] [SEVERE ] updating countdown to 5000
[23:00:46.281] [SEVERE ] setting player 2 freeze to 0
[23:00:46.281] [SEVERE ] updating countdown to 5000
[23:00:46.282] [SEVERE ] setting player 2 freeze to 0
[23:00:46.282] [SEVERE ] removing player 2 token from slot 4
[23:00:46.282] [SEVERE ] removing player 2 token from slot 2
[23:00:46.282] [SEVERE ] removing player 2 token from slot 6
[23:00:46.282] [SEVERE ] player 2 placing token on slot 8
[23:00:46.282] [SEVERE ] player 2 placing token on slot 4
[23:00:46.282] [SEVERE ] player 2 placing token on slot 6
[23:00:46.282] [SEVERE ] setting player 2 freeze to 3000
[23:00:46.420] [SEVERE ] updating countdown to 4000
[23:00:47.293] [SEVERE ] setting player 2 freeze to 2000
[23:00:47.416] [SEVERE ] updating countdown to 3000
