[12:14:55.529] [INFO   ] thread main starting.
[12:14:55.543] [SEVERE ] cannot read configuration file config.properties trying from resources.
[12:14:55.545] [SEVERE ] configuration file was loaded from resources directory.
[12:14:56.575] [INFO   ] thread dealer starting.
[12:14:56.577] [INFO   ] Thread dealer starting.
[12:14:56.579] [INFO   ] Thread Thread-4starting.
[12:14:56.580] [INFO   ] Thread Thread-3starting.
[12:14:56.591] [INFO   ] Thread computer-1 starting.
[12:14:56.591] [INFO   ] Thread computer-0 starting.
[12:14:56.595] [SEVERE ] removing all tokens
[12:14:56.620] [SEVERE ] placing card 24 in slot 4
[12:14:56.697] [SEVERE ] placing card 16 in slot 10
[12:14:56.712] [SEVERE ] placing card 6 in slot 3
[12:14:56.728] [SEVERE ] placing card 41 in slot 6
[12:14:56.743] [SEVERE ] placing card 33 in slot 1
[12:14:56.758] [SEVERE ] placing card 68 in slot 9
[12:14:56.774] [SEVERE ] placing card 73 in slot 8
[12:14:56.790] [SEVERE ] placing card 14 in slot 7
[12:14:56.805] [SEVERE ] placing card 51 in slot 11
[12:14:56.821] [SEVERE ] placing card 31 in slot 0
[12:14:56.836] [SEVERE ] placing card 67 in slot 5
[12:14:56.852] [SEVERE ] placing card 78 in slot 2
[12:14:56.855] [SEVERE ] updating countdown to 100
[12:14:56.860] [SEVERE ] player 2 placing token on slot 11
[12:14:56.861] [SEVERE ] player 2 placing token on slot 9
[12:14:56.862] [SEVERE ] player 2 placing token on slot 6
[12:14:56.863] [SEVERE ] setting player 2 freeze to 4
[12:14:56.863] [SEVERE ] player 1 placing token on slot 3
[12:14:56.869] [SEVERE ] player 1 placing token on slot 7
[12:14:56.870] [SEVERE ] player 1 placing token on slot 10
[12:14:56.940] [SEVERE ] updating countdown to 0
[12:14:56.941] [SEVERE ] setting player 1 freeze to 4
[12:14:56.962] [SEVERE ] updating countdown to 0
[12:14:57.877] [SEVERE ] setting player 2 freeze to -996
[12:14:57.877] [SEVERE ] setting player 2 freeze to 0
[12:14:57.878] [SEVERE ] removing player 2 token from slot 11
[12:14:57.879] [SEVERE ] removing player 2 token from slot 9
[12:14:57.880] [SEVERE ] removing player 2 token from slot 6
[12:14:57.880] [SEVERE ] player 2 placing token on slot 7
[12:14:57.881] [SEVERE ] player 2 placing token on slot 5
[12:14:57.881] [SEVERE ] player 2 placing token on slot 0
[12:14:57.882] [SEVERE ] setting player 2 freeze to 4
[12:14:57.887] [SEVERE ] updating countdown to 5000
[12:14:57.892] [SEVERE ] updating countdown to 0
[12:14:57.893] [SEVERE ] removing all tokens
[12:14:57.908] [SEVERE ] removing card from slot 0
[12:14:57.923] [SEVERE ] removing card from slot 1
[12:14:57.938] [SEVERE ] removing card from slot 2
[12:14:57.953] [SEVERE ] removing card from slot 3
[12:14:57.953] [SEVERE ] setting player 1 freeze to -996
[12:14:57.954] [SEVERE ] setting player 1 freeze to 0
[12:14:57.955] [SEVERE ] removing player 1 token from slot 3
[12:14:57.956] [SEVERE ] removing player 1 token from slot 7
[12:14:57.957] [SEVERE ] removing player 1 token from slot 10
[12:14:57.969] [SEVERE ] removing card from slot 4
[12:14:57.985] [SEVERE ] removing card from slot 5
[12:14:58.000] [SEVERE ] removing card from slot 6
[12:14:58.015] [SEVERE ] removing card from slot 7
[12:14:58.030] [SEVERE ] removing card from slot 8
[12:14:58.046] [SEVERE ] removing card from slot 9
[12:14:58.061] [SEVERE ] removing card from slot 10
[12:14:58.077] [SEVERE ] removing card from slot 11
[12:14:58.079] [SEVERE ] removing all tokens
[12:14:58.093] [SEVERE ] placing card 78 in slot 0
[12:14:58.109] [SEVERE ] placing card 13 in slot 2
[12:14:58.125] [SEVERE ] placing card 42 in slot 3
[12:14:58.141] [SEVERE ] placing card 8 in slot 1
[12:14:58.156] [SEVERE ] placing card 1 in slot 10
[12:14:58.171] [SEVERE ] placing card 23 in slot 11
[12:14:58.187] [SEVERE ] placing card 53 in slot 9
[12:14:58.203] [SEVERE ] placing card 49 in slot 8
[12:14:58.219] [SEVERE ] placing card 2 in slot 7
[12:14:58.235] [SEVERE ] placing card 62 in slot 4
[12:14:58.251] [SEVERE ] placing card 50 in slot 5
[12:14:58.266] [SEVERE ] placing card 45 in slot 6
[12:14:58.266] [SEVERE ] updating countdown to 100
[12:14:58.267] [SEVERE ] player 1 placing token on slot 8
[12:14:58.267] [SEVERE ] player 1 placing token on slot 3
[12:14:58.267] [SEVERE ] player 1 placing token on slot 1
[12:14:58.267] [SEVERE ] setting player 1 freeze to 4
[12:14:58.270] [SEVERE ] updating countdown to 0
[12:14:58.893] [SEVERE ] setting player 2 freeze to -996
[12:14:58.894] [SEVERE ] setting player 2 freeze to 0
[12:14:58.894] [SEVERE ] removing player 2 token from slot 7
[12:14:58.894] [SEVERE ] removing player 2 token from slot 5
[12:14:58.894] [SEVERE ] removing player 2 token from slot 0
[12:14:58.895] [SEVERE ] player 2 placing token on slot 8
[12:14:58.895] [SEVERE ] player 2 placing token on slot 0
[12:14:58.895] [SEVERE ] player 2 placing token on slot 11
[12:14:58.896] [SEVERE ] setting player 2 freeze to 4
[12:14:58.900] [SEVERE ] updating countdown to 5000
[12:14:58.901] [SEVERE ] updating countdown to 0
[12:14:58.901] [SEVERE ] removing all tokens
[12:14:58.925] [SEVERE ] removing card from slot 0
[12:14:58.941] [SEVERE ] removing card from slot 1
[12:14:58.957] [SEVERE ] removing card from slot 2
[12:14:58.973] [SEVERE ] removing card from slot 3
[12:14:58.989] [SEVERE ] removing card from slot 4
[12:14:59.004] [SEVERE ] removing card from slot 5
[12:14:59.020] [SEVERE ] removing card from slot 6
[12:14:59.036] [SEVERE ] removing card from slot 7
[12:14:59.052] [SEVERE ] removing card from slot 8
[12:14:59.068] [SEVERE ] removing card from slot 9
[12:14:59.083] [SEVERE ] removing card from slot 10
[12:14:59.098] [SEVERE ] removing card from slot 11
[12:14:59.099] [SEVERE ] removing all tokens
[12:14:59.113] [SEVERE ] placing card 71 in slot 7
[12:14:59.129] [SEVERE ] placing card 67 in slot 0
[12:14:59.145] [SEVERE ] placing card 47 in slot 8
[12:14:59.161] [SEVERE ] placing card 5 in slot 1
[12:14:59.176] [SEVERE ] placing card 59 in slot 6
[12:14:59.192] [SEVERE ] placing card 42 in slot 3
[12:14:59.208] [SEVERE ] placing card 51 in slot 5
[12:14:59.224] [SEVERE ] placing card 24 in slot 2
[12:14:59.240] [SEVERE ] placing card 53 in slot 10
[12:14:59.257] [SEVERE ] placing card 62 in slot 4
[12:14:59.272] [SEVERE ] placing card 8 in slot 9
[12:14:59.272] [SEVERE ] setting player 1 freeze to -996
[12:14:59.272] [SEVERE ] setting player 1 freeze to 0
[12:14:59.272] [SEVERE ] removing player 1 token from slot 8
[12:14:59.272] [SEVERE ] removing player 1 token from slot 3
[12:14:59.272] [SEVERE ] removing player 1 token from slot 1
[12:14:59.287] [SEVERE ] placing card 79 in slot 11
[12:14:59.288] [SEVERE ] updating countdown to 100
[12:14:59.289] [SEVERE ] player 1 placing token on slot 3
[12:14:59.290] [SEVERE ] player 1 placing token on slot 8
[12:14:59.291] [SEVERE ] player 1 placing token on slot 10
[12:14:59.292] [SEVERE ] setting player 1 freeze to 4
[12:14:59.301] [SEVERE ] updating countdown to 0
[12:14:59.908] [SEVERE ] setting player 2 freeze to -996
[12:14:59.910] [SEVERE ] setting player 2 freeze to 0
[12:14:59.910] [SEVERE ] removing player 2 token from slot 8
[12:14:59.910] [SEVERE ] removing player 2 token from slot 0
[12:14:59.911] [SEVERE ] removing player 2 token from slot 11
[12:14:59.911] [SEVERE ] player 2 placing token on slot 7
[12:14:59.911] [SEVERE ] player 2 placing token on slot 2
[12:14:59.911] [SEVERE ] player 2 placing token on slot 0
[12:14:59.912] [SEVERE ] setting player 2 freeze to 4
[12:14:59.918] [SEVERE ] updating countdown to 5000
[12:14:59.919] [SEVERE ] updating countdown to 0
[12:14:59.920] [SEVERE ] removing all tokens
[12:14:59.939] [SEVERE ] removing card from slot 0
[12:14:59.955] [SEVERE ] removing card from slot 1
[12:14:59.971] [SEVERE ] removing card from slot 2
[12:14:59.987] [SEVERE ] removing card from slot 3
[12:15:00.003] [SEVERE ] removing card from slot 4
[12:15:00.019] [SEVERE ] removing card from slot 5
[12:15:00.035] [SEVERE ] removing card from slot 6
[12:15:00.051] [SEVERE ] removing card from slot 7
[12:15:00.067] [SEVERE ] removing card from slot 8
[12:15:00.083] [SEVERE ] removing card from slot 9
[12:15:00.099] [SEVERE ] removing card from slot 10
[12:15:00.115] [SEVERE ] removing card from slot 11
[12:15:00.116] [SEVERE ] removing all tokens
[12:15:00.131] [SEVERE ] placing card 6 in slot 1
[12:15:00.146] [SEVERE ] placing card 79 in slot 11
[12:15:00.162] [SEVERE ] placing card 44 in slot 8
[12:15:00.178] [SEVERE ] placing card 57 in slot 6
[12:15:00.194] [SEVERE ] placing card 48 in slot 2
[12:15:00.209] [SEVERE ] placing card 28 in slot 3
[12:15:00.225] [SEVERE ] placing card 4 in slot 5
[12:15:00.240] [SEVERE ] placing card 13 in slot 9
[12:15:00.255] [SEVERE ] placing card 8 in slot 10
[12:15:00.270] [SEVERE ] placing card 23 in slot 4
[12:15:00.285] [SEVERE ] placing card 15 in slot 7
[12:15:00.301] [SEVERE ] setting player 1 freeze to -996
[12:15:00.301] [SEVERE ] placing card 47 in slot 0
[12:15:00.302] [SEVERE ] setting player 1 freeze to 0
[12:15:00.303] [SEVERE ] updating countdown to 100
[12:15:00.303] [SEVERE ] removing player 1 token from slot 3
[12:15:00.304] [SEVERE ] removing player 1 token from slot 8
[12:15:00.304] [SEVERE ] removing player 1 token from slot 10
[12:15:00.304] [SEVERE ] player 1 placing token on slot 0
[12:15:00.305] [SEVERE ] player 1 placing token on slot 3
[12:15:00.305] [SEVERE ] player 1 placing token on slot 11
[12:15:00.305] [SEVERE ] setting player 1 freeze to 4
[12:15:00.309] [SEVERE ] updating countdown to 0
[12:15:00.917] [SEVERE ] setting player 2 freeze to -996
[12:15:00.917] [SEVERE ] setting player 2 freeze to 0
[12:15:00.917] [SEVERE ] removing player 2 token from slot 7
[12:15:00.917] [SEVERE ] removing player 2 token from slot 2
[12:15:00.917] [SEVERE ] removing player 2 token from slot 0
[12:15:00.918] [SEVERE ] player 2 placing token on slot 7
[12:15:00.919] [SEVERE ] player 2 placing token on slot 9
[12:15:00.919] [SEVERE ] player 2 placing token on slot 8
[12:15:00.920] [SEVERE ] setting player 2 freeze to 4
[12:15:00.925] [SEVERE ] updating countdown to 5000
[12:15:00.926] [SEVERE ] updating countdown to 0
[12:15:00.926] [SEVERE ] removing all tokens
[12:15:00.947] [SEVERE ] removing card from slot 0
[12:15:00.962] [SEVERE ] removing card from slot 1
[12:15:00.977] [SEVERE ] removing card from slot 2
[12:15:00.991] [SEVERE ] removing card from slot 3
[12:15:01.006] [SEVERE ] removing card from slot 4
[12:15:01.021] [SEVERE ] removing card from slot 5
[12:15:01.036] [SEVERE ] removing card from slot 6
[12:15:01.051] [SEVERE ] removing card from slot 7
[12:15:01.066] [SEVERE ] removing card from slot 8
[12:15:01.081] [SEVERE ] removing card from slot 9
[12:15:01.097] [SEVERE ] removing card from slot 10
[12:15:01.113] [SEVERE ] removing card from slot 11
[12:15:01.113] [SEVERE ] removing all tokens
[12:15:01.128] [SEVERE ] placing card 49 in slot 2
[12:15:01.143] [SEVERE ] placing card 79 in slot 6
[12:15:01.158] [SEVERE ] placing card 34 in slot 7
[12:15:01.173] [SEVERE ] placing card 53 in slot 10
[12:15:01.188] [SEVERE ] placing card 48 in slot 5
[12:15:01.203] [SEVERE ] placing card 50 in slot 4
[12:15:01.218] [SEVERE ] placing card 75 in slot 8
[12:15:01.233] [SEVERE ] placing card 32 in slot 9
[12:15:01.248] [SEVERE ] placing card 14 in slot 3
[12:15:01.263] [SEVERE ] placing card 2 in slot 11
[12:15:01.278] [SEVERE ] placing card 56 in slot 0
[12:15:01.294] [SEVERE ] placing card 25 in slot 1
[12:15:01.294] [SEVERE ] updating countdown to 100
[12:15:01.309] [SEVERE ] setting player 1 freeze to -996
[12:15:01.309] [SEVERE ] setting player 1 freeze to 0
[12:15:01.309] [SEVERE ] removing player 1 token from slot 0
[12:15:01.310] [SEVERE ] removing player 1 token from slot 3
[12:15:01.310] [SEVERE ] removing player 1 token from slot 11
[12:15:01.310] [SEVERE ] player 1 placing token on slot 4
[12:15:01.310] [SEVERE ] player 1 placing token on slot 9
[12:15:01.310] [SEVERE ] player 1 placing token on slot 10
[12:15:01.311] [SEVERE ] setting player 1 freeze to 4
[12:15:01.314] [SEVERE ] updating countdown to 0
[12:15:01.923] [SEVERE ] setting player 2 freeze to -996
[12:15:01.923] [SEVERE ] setting player 2 freeze to 0
[12:15:01.924] [SEVERE ] removing player 2 token from slot 7
[12:15:01.924] [SEVERE ] removing player 2 token from slot 9
[12:15:01.924] [SEVERE ] removing player 2 token from slot 8
[12:15:01.924] [SEVERE ] player 2 placing token on slot 11
[12:15:01.924] [SEVERE ] player 2 placing token on slot 8
[12:15:01.924] [SEVERE ] player 2 placing token on slot 1
[12:15:01.924] [SEVERE ] setting player 2 freeze to 4
[12:15:01.933] [SEVERE ] updating countdown to 5000
[12:15:01.933] [SEVERE ] updating countdown to 0
[12:15:01.934] [SEVERE ] removing all tokens
[12:15:01.953] [SEVERE ] removing card from slot 0
[12:15:01.968] [SEVERE ] removing card from slot 1
[12:15:01.983] [SEVERE ] removing card from slot 2
[12:15:01.998] [SEVERE ] removing card from slot 3
[12:15:02.013] [SEVERE ] removing card from slot 4
[12:15:02.028] [SEVERE ] removing card from slot 5
[12:15:02.043] [SEVERE ] removing card from slot 6
[12:15:02.058] [SEVERE ] removing card from slot 7
[12:15:02.073] [SEVERE ] removing card from slot 8
[12:15:02.088] [SEVERE ] removing card from slot 9
[12:15:02.104] [SEVERE ] removing card from slot 10
[12:15:02.115] [SEVERE ] removing card from slot 11
[12:15:02.116] [SEVERE ] removing all tokens
[12:15:02.130] [SEVERE ] placing card 14 in slot 8
[12:15:02.145] [SEVERE ] placing card 47 in slot 1
[12:15:02.160] [SEVERE ] placing card 67 in slot 6
[12:15:02.175] [SEVERE ] placing card 76 in slot 9
[12:15:02.190] [SEVERE ] placing card 37 in slot 2
[12:15:02.205] [SEVERE ] placing card 31 in slot 4
[12:15:02.220] [SEVERE ] placing card 23 in slot 3
[12:15:02.235] [SEVERE ] placing card 48 in slot 10
[12:15:02.250] [SEVERE ] placing card 49 in slot 11
[12:15:02.265] [SEVERE ] placing card 11 in slot 7
[12:15:02.280] [SEVERE ] placing card 60 in slot 0
[12:15:02.295] [SEVERE ] placing card 77 in slot 5
[12:15:02.295] [SEVERE ] updating countdown to 100
[12:15:02.325] [SEVERE ] setting player 1 freeze to -996
[12:15:02.326] [SEVERE ] setting player 1 freeze to 0
[12:15:02.327] [SEVERE ] removing player 1 token from slot 4
[12:15:02.327] [SEVERE ] removing player 1 token from slot 9
[12:15:02.328] [SEVERE ] removing player 1 token from slot 10
[12:15:02.328] [SEVERE ] player 1 placing token on slot 1
[12:15:02.328] [SEVERE ] player 1 placing token on slot 3
[12:15:02.328] [SEVERE ] player 1 placing token on slot 10
[12:15:02.329] [SEVERE ] setting player 1 freeze to 4
[12:15:02.334] [SEVERE ] updating countdown to 0
[12:15:02.925] [SEVERE ] setting player 2 freeze to -996
[12:15:02.925] [SEVERE ] setting player 2 freeze to 0
[12:15:02.925] [SEVERE ] removing player 2 token from slot 11
[12:15:02.926] [SEVERE ] removing player 2 token from slot 8
[12:15:02.926] [SEVERE ] removing player 2 token from slot 1
[12:15:02.926] [SEVERE ] player 2 placing token on slot 5
[12:15:02.926] [SEVERE ] player 2 placing token on slot 3
[12:15:02.926] [SEVERE ] player 2 placing token on slot 8
[12:15:02.926] [SEVERE ] setting player 2 freeze to 4
[12:15:02.930] [SEVERE ] updating countdown to 5000
[12:15:02.931] [SEVERE ] updating countdown to 0
[12:15:02.931] [SEVERE ] removing all tokens
[12:15:02.955] [SEVERE ] removing card from slot 0
[12:15:02.970] [SEVERE ] removing card from slot 1
[12:15:02.985] [SEVERE ] removing card from slot 2
[12:15:03.000] [SEVERE ] removing card from slot 3
[12:15:03.015] [SEVERE ] removing card from slot 4
[12:15:03.030] [SEVERE ] removing card from slot 5
[12:15:03.045] [SEVERE ] removing card from slot 6
[12:15:03.060] [SEVERE ] removing card from slot 7
[12:15:03.075] [SEVERE ] removing card from slot 8
[12:15:03.090] [SEVERE ] removing card from slot 9
[12:15:03.105] [SEVERE ] removing card from slot 10
[12:15:03.120] [SEVERE ] removing card from slot 11
[12:15:03.120] [SEVERE ] removing all tokens
[12:15:03.135] [SEVERE ] placing card 31 in slot 4
[12:15:03.151] [SEVERE ] placing card 9 in slot 0
[12:15:03.166] [SEVERE ] placing card 13 in slot 2
[12:15:03.181] [SEVERE ] placing card 52 in slot 11
[12:15:03.196] [SEVERE ] placing card 29 in slot 3
[12:15:03.211] [SEVERE ] placing card 26 in slot 5
[12:15:03.227] [SEVERE ] placing card 70 in slot 6
[12:15:03.242] [SEVERE ] placing card 76 in slot 9
[12:15:03.256] [SEVERE ] placing card 44 in slot 7
[12:15:03.271] [SEVERE ] placing card 39 in slot 8
[12:15:03.286] [SEVERE ] placing card 16 in slot 10
[12:15:03.301] [SEVERE ] placing card 69 in slot 1
[12:15:03.301] [SEVERE ] updating countdown to 100
[12:15:03.331] [SEVERE ] setting player 1 freeze to -996
[12:15:03.331] [SEVERE ] setting player 1 freeze to 0
[12:15:03.331] [SEVERE ] removing player 1 token from slot 1
[12:15:03.331] [SEVERE ] removing player 1 token from slot 3
[12:15:03.331] [SEVERE ] removing player 1 token from slot 10
[12:15:03.331] [SEVERE ] player 1 placing token on slot 2
[12:15:03.331] [SEVERE ] player 1 placing token on slot 0
[12:15:03.332] [SEVERE ] player 1 placing token on slot 1
[12:15:03.332] [SEVERE ] setting player 1 freeze to 4
[12:15:03.334] [SEVERE ] updating countdown to 0
[12:15:03.937] [SEVERE ] setting player 2 freeze to -996
[12:15:03.937] [SEVERE ] setting player 2 freeze to 0
[12:15:03.937] [SEVERE ] removing player 2 token from slot 5
[12:15:03.937] [SEVERE ] removing player 2 token from slot 3
[12:15:03.938] [SEVERE ] removing player 2 token from slot 8
[12:15:03.938] [SEVERE ] player 2 placing token on slot 11
[12:15:03.938] [SEVERE ] player 2 placing token on slot 10
[12:15:03.938] [SEVERE ] player 2 placing token on slot 8
[12:15:03.938] [SEVERE ] setting player 2 freeze to 4
[12:15:03.940] [SEVERE ] updating countdown to 5000
[12:15:03.941] [SEVERE ] updating countdown to 0
[12:15:03.941] [SEVERE ] removing all tokens
[12:15:03.953] [SEVERE ] removing card from slot 0
[12:15:03.969] [SEVERE ] removing card from slot 1
[12:15:03.984] [SEVERE ] removing card from slot 2
[12:15:04.000] [SEVERE ] removing card from slot 3
[12:15:04.015] [SEVERE ] removing card from slot 4
[12:15:04.030] [SEVERE ] removing card from slot 5
[12:15:04.045] [SEVERE ] removing card from slot 6
[12:15:04.061] [SEVERE ] removing card from slot 7
[12:15:04.077] [SEVERE ] removing card from slot 8
[12:15:04.093] [SEVERE ] removing card from slot 9
[12:15:04.108] [SEVERE ] removing card from slot 10
[12:15:04.124] [SEVERE ] removing card from slot 11
[12:15:04.124] [SEVERE ] removing all tokens
[12:15:04.140] [SEVERE ] placing card 36 in slot 10
[12:15:04.156] [SEVERE ] placing card 25 in slot 9
[12:15:04.172] [SEVERE ] placing card 53 in slot 4
[12:15:04.188] [SEVERE ] placing card 74 in slot 2
[12:15:04.203] [SEVERE ] placing card 23 in slot 11
[12:15:04.219] [SEVERE ] placing card 51 in slot 5
[12:15:04.235] [SEVERE ] placing card 63 in slot 6
[12:15:04.250] [SEVERE ] placing card 26 in slot 7
[12:15:04.265] [SEVERE ] placing card 33 in slot 0
[12:15:04.281] [SEVERE ] placing card 5 in slot 3
[12:15:04.296] [SEVERE ] placing card 75 in slot 1
[12:15:04.311] [SEVERE ] placing card 76 in slot 8
[12:15:04.312] [SEVERE ] updating countdown to 100
[12:15:04.343] [SEVERE ] setting player 1 freeze to -996
[12:15:04.343] [SEVERE ] setting player 1 freeze to 0
[12:15:04.343] [SEVERE ] removing player 1 token from slot 2
[12:15:04.343] [SEVERE ] removing player 1 token from slot 0
[12:15:04.343] [SEVERE ] removing player 1 token from slot 1
[12:15:04.343] [SEVERE ] player 1 placing token on slot 2
[12:15:04.343] [SEVERE ] player 1 placing token on slot 4
[12:15:04.344] [SEVERE ] player 1 placing token on slot 0
[12:15:04.344] [SEVERE ] setting player 1 freeze to 4
[12:15:04.345] [SEVERE ] updating countdown to 0
[12:15:04.945] [SEVERE ] setting player 2 freeze to -996
[12:15:04.946] [SEVERE ] setting player 2 freeze to 0
[12:15:04.946] [SEVERE ] removing player 2 token from slot 11
[12:15:04.946] [SEVERE ] removing player 2 token from slot 10
[12:15:04.946] [SEVERE ] removing player 2 token from slot 8
[12:15:04.946] [SEVERE ] player 2 placing token on slot 1
[12:15:04.946] [SEVERE ] player 2 placing token on slot 6
[12:15:04.946] [SEVERE ] player 2 placing token on slot 8
[12:15:04.946] [SEVERE ] setting player 2 freeze to 4
[12:15:04.949] [SEVERE ] updating countdown to 5000
[12:15:04.951] [SEVERE ] updating countdown to 0
[12:15:04.951] [SEVERE ] removing all tokens
[12:15:04.977] [SEVERE ] removing card from slot 0
[12:15:04.993] [SEVERE ] removing card from slot 1
[12:15:05.009] [SEVERE ] removing card from slot 2
[12:15:05.025] [SEVERE ] removing card from slot 3
[12:15:05.041] [SEVERE ] removing card from slot 4
[12:15:05.057] [SEVERE ] removing card from slot 5
[12:15:05.072] [SEVERE ] removing card from slot 6
[12:15:05.087] [SEVERE ] removing card from slot 7
[12:15:05.103] [SEVERE ] removing card from slot 8
[12:15:05.118] [SEVERE ] removing card from slot 9
[12:15:05.133] [SEVERE ] removing card from slot 10
[12:15:05.149] [SEVERE ] removing card from slot 11
[12:15:05.149] [SEVERE ] removing all tokens
[12:15:05.165] [SEVERE ] placing card 22 in slot 1
[12:15:05.181] [SEVERE ] placing card 31 in slot 6
[12:15:05.195] [SEVERE ] placing card 66 in slot 0
[12:15:05.210] [SEVERE ] placing card 34 in slot 8
[12:15:05.226] [SEVERE ] placing card 27 in slot 5
[12:15:05.241] [SEVERE ] placing card 5 in slot 10
[12:15:05.256] [SEVERE ] placing card 37 in slot 3
[12:15:05.272] [SEVERE ] placing card 24 in slot 11
[12:15:05.288] [SEVERE ] placing card 68 in slot 7
[12:15:05.304] [SEVERE ] placing card 30 in slot 9
[12:15:05.320] [SEVERE ] placing card 58 in slot 2
[12:15:05.336] [SEVERE ] placing card 53 in slot 4
[12:15:05.336] [SEVERE ] updating countdown to 100
[12:15:05.352] [SEVERE ] setting player 1 freeze to -996
[12:15:05.352] [SEVERE ] setting player 1 freeze to 0
[12:15:05.352] [SEVERE ] removing player 1 token from slot 2
[12:15:05.352] [SEVERE ] removing player 1 token from slot 4
[12:15:05.352] [SEVERE ] removing player 1 token from slot 0
[12:15:05.352] [SEVERE ] player 1 placing token on slot 2
[12:15:05.352] [SEVERE ] player 1 placing token on slot 8
[12:15:05.353] [SEVERE ] player 1 placing token on slot 5
[12:15:05.353] [SEVERE ] setting player 1 freeze to 4
[12:15:05.357] [SEVERE ] updating countdown to 0
[12:15:05.953] [SEVERE ] setting player 2 freeze to -996
[12:15:05.953] [SEVERE ] setting player 2 freeze to 0
[12:15:05.953] [SEVERE ] removing player 2 token from slot 1
[12:15:05.953] [SEVERE ] removing player 2 token from slot 6
[12:15:05.953] [SEVERE ] removing player 2 token from slot 8
[12:15:05.953] [SEVERE ] player 2 placing token on slot 8
[12:15:05.953] [SEVERE ] player 2 placing token on slot 4
[12:15:05.953] [SEVERE ] player 2 placing token on slot 10
[12:15:05.954] [SEVERE ] setting player 2 freeze to 4
[12:15:05.955] [SEVERE ] updating countdown to 5000
[12:15:05.955] [SEVERE ] updating countdown to 0
[12:15:05.956] [SEVERE ] removing all tokens
[12:15:05.969] [SEVERE ] removing card from slot 0
[12:15:05.985] [SEVERE ] removing card from slot 1
[12:15:06.000] [SEVERE ] removing card from slot 2
[12:15:06.015] [SEVERE ] removing card from slot 3
[12:15:06.030] [SEVERE ] removing card from slot 4
[12:15:06.045] [SEVERE ] removing card from slot 5
[12:15:06.061] [SEVERE ] removing card from slot 6
[12:15:06.077] [SEVERE ] removing card from slot 7
[12:15:06.093] [SEVERE ] removing card from slot 8
[12:15:06.109] [SEVERE ] removing card from slot 9
[12:15:06.124] [SEVERE ] removing card from slot 10
[12:15:06.140] [SEVERE ] removing card from slot 11
[12:15:06.140] [SEVERE ] removing all tokens
[12:15:06.156] [SEVERE ] placing card 5 in slot 2
[12:15:06.172] [SEVERE ] placing card 65 in slot 1
[12:15:06.188] [SEVERE ] placing card 59 in slot 4
[12:15:06.204] [SEVERE ] placing card 53 in slot 8
[12:15:06.220] [SEVERE ] placing card 33 in slot 9
[12:15:06.236] [SEVERE ] placing card 2 in slot 11
[12:15:06.252] [SEVERE ] placing card 74 in slot 0
[12:15:06.268] [SEVERE ] placing card 62 in slot 3
[12:15:06.284] [SEVERE ] placing card 60 in slot 10
[12:15:06.299] [SEVERE ] placing card 56 in slot 7
[12:15:06.314] [SEVERE ] placing card 6 in slot 5
[12:15:06.330] [SEVERE ] placing card 55 in slot 6
[12:15:06.330] [SEVERE ] updating countdown to 100
[12:15:06.361] [SEVERE ] setting player 1 freeze to -996
[12:15:06.361] [SEVERE ] setting player 1 freeze to 0
[12:15:06.361] [SEVERE ] removing player 1 token from slot 2
[12:15:06.362] [SEVERE ] removing player 1 token from slot 8
[12:15:06.362] [SEVERE ] removing player 1 token from slot 5
[12:15:06.362] [SEVERE ] player 1 placing token on slot 3
[12:15:06.363] [SEVERE ] player 1 placing token on slot 9
[12:15:06.364] [SEVERE ] player 1 placing token on slot 10
[12:15:06.365] [SEVERE ] setting player 1 freeze to 4
[12:15:06.369] [SEVERE ] updating countdown to 0
[12:15:06.965] [SEVERE ] setting player 2 freeze to -996
[12:15:06.965] [SEVERE ] setting player 2 freeze to 0
[12:15:06.965] [SEVERE ] removing player 2 token from slot 8
[12:15:06.965] [SEVERE ] removing player 2 token from slot 4
[12:15:06.965] [SEVERE ] removing player 2 token from slot 10
[12:15:06.966] [SEVERE ] player 2 placing token on slot 9
[12:15:06.966] [SEVERE ] player 2 placing token on slot 5
[12:15:06.966] [SEVERE ] player 2 placing token on slot 10
[12:15:06.966] [SEVERE ] setting player 2 score to 1
[12:15:06.980] [SEVERE ] removing card from slot 9
[12:15:06.980] [SEVERE ] removing tokens from slot 9
[12:15:06.996] [SEVERE ] removing card from slot 5
[12:15:06.997] [SEVERE ] removing tokens from slot 5
[12:15:07.011] [SEVERE ] removing card from slot 10
[12:15:07.011] [SEVERE ] removing tokens from slot 10
[12:15:07.027] [SEVERE ] placing card 25 in slot 9
[12:15:07.043] [SEVERE ] placing card 31 in slot 5
[12:15:07.059] [SEVERE ] placing card 49 in slot 10
[12:15:07.059] [SEVERE ] setting player 2 freeze to 4
[12:15:07.061] [SEVERE ] updating countdown to 0
[12:15:07.374] [SEVERE ] setting player 1 freeze to -996
[12:15:07.374] [SEVERE ] setting player 1 freeze to 0
[12:15:07.374] [SEVERE ] removing player 1 token from slot 3
[12:15:07.374] [SEVERE ] removing player 1 token from slot 9
[12:15:07.374] [SEVERE ] removing player 1 token from slot 10
[12:15:07.374] [SEVERE ] player 1 placing token on slot 10
[12:15:07.374] [SEVERE ] player 1 placing token on slot 11
[12:15:07.374] [SEVERE ] player 1 placing token on slot 5
[12:15:07.374] [SEVERE ] setting player 1 freeze to 4
[12:15:07.375] [SEVERE ] updating countdown to 5000
[12:15:08.071] [SEVERE ] setting player 2 freeze to -998
[12:15:08.071] [SEVERE ] setting player 2 freeze to 0
[12:15:08.071] [SEVERE ] removing player 2 token from slot 9
[12:15:08.071] [SEVERE ] removing player 2 token from slot 5
[12:15:08.071] [SEVERE ] removing player 2 token from slot 10
[12:15:08.071] [SEVERE ] player 2 placing token on slot 9
[12:15:08.071] [SEVERE ] player 2 placing token on slot 3
[12:15:08.071] [SEVERE ] player 2 placing token on slot 11
[12:15:08.071] [SEVERE ] setting player 2 freeze to 4
[12:15:08.073] [SEVERE ] updating countdown to 0
[12:15:08.073] [SEVERE ] removing all tokens
[12:15:08.087] [SEVERE ] removing card from slot 0
[12:15:08.102] [SEVERE ] removing card from slot 1
[12:15:08.118] [SEVERE ] removing card from slot 2
[12:15:08.134] [SEVERE ] removing card from slot 3
[12:15:08.150] [SEVERE ] removing card from slot 4
[12:15:08.165] [SEVERE ] removing card from slot 5
[12:15:08.180] [SEVERE ] removing card from slot 6
[12:15:08.195] [SEVERE ] removing card from slot 7
[12:15:08.210] [SEVERE ] removing card from slot 8
[12:15:08.226] [SEVERE ] removing card from slot 9
[12:15:08.242] [SEVERE ] removing card from slot 10
[12:15:08.257] [SEVERE ] removing card from slot 11
[12:15:08.257] [SEVERE ] removing all tokens
[12:15:08.273] [SEVERE ] placing card 29 in slot 0
[12:15:08.288] [SEVERE ] placing card 32 in slot 8
[12:15:08.303] [SEVERE ] placing card 77 in slot 4
[12:15:08.319] [SEVERE ] placing card 66 in slot 11
[12:15:08.335] [SEVERE ] placing card 10 in slot 10
[12:15:08.351] [SEVERE ] placing card 42 in slot 9
[12:15:08.366] [SEVERE ] placing card 15 in slot 2
[12:15:08.381] [SEVERE ] setting player 1 freeze to -996
[12:15:08.381] [SEVERE ] placing card 16 in slot 1
[12:15:08.381] [SEVERE ] setting player 1 freeze to 0
[12:15:08.381] [SEVERE ] removing player 1 token from slot 10
[12:15:08.381] [SEVERE ] removing player 1 token from slot 11
[12:15:08.381] [SEVERE ] removing player 1 token from slot 5
[12:15:08.397] [SEVERE ] placing card 71 in slot 7
[12:15:08.412] [SEVERE ] placing card 64 in slot 5
[12:15:08.428] [SEVERE ] placing card 21 in slot 6
[12:15:08.444] [SEVERE ] placing card 61 in slot 3
[12:15:08.444] [SEVERE ] updating countdown to 100
[12:15:08.444] [SEVERE ] player 1 placing token on slot 5
[12:15:08.445] [SEVERE ] player 1 placing token on slot 2
[12:15:08.445] [SEVERE ] player 1 placing token on slot 1
[12:15:08.445] [SEVERE ] setting player 1 freeze to 4
[12:15:08.449] [SEVERE ] updating countdown to 0
[12:15:09.075] [SEVERE ] setting player 2 freeze to -996
[12:15:09.075] [SEVERE ] setting player 2 freeze to 0
[12:15:09.075] [SEVERE ] removing player 2 token from slot 9
[12:15:09.075] [SEVERE ] removing player 2 token from slot 3
[12:15:09.075] [SEVERE ] removing player 2 token from slot 11
[12:15:09.075] [SEVERE ] player 2 placing token on slot 6
[12:15:09.075] [SEVERE ] player 2 placing token on slot 1
[12:15:09.075] [SEVERE ] player 2 placing token on slot 3
[12:15:09.075] [SEVERE ] setting player 2 freeze to 4
[12:15:09.080] [SEVERE ] updating countdown to 5000
[12:15:09.081] [SEVERE ] updating countdown to 0
[12:15:09.081] [SEVERE ] removing all tokens
[12:15:09.107] [SEVERE ] removing card from slot 0
[12:15:09.121] [SEVERE ] removing card from slot 1
[12:15:09.136] [SEVERE ] removing card from slot 2
[12:15:09.152] [SEVERE ] removing card from slot 3
[12:15:09.166] [SEVERE ] removing card from slot 4
[12:15:09.181] [SEVERE ] removing card from slot 5
[12:15:09.197] [SEVERE ] removing card from slot 6
[12:15:09.212] [SEVERE ] removing card from slot 7
[12:15:09.228] [SEVERE ] removing card from slot 8
[12:15:09.244] [SEVERE ] removing card from slot 9
[12:15:09.260] [SEVERE ] removing card from slot 10
[12:15:09.276] [SEVERE ] removing card from slot 11
[12:15:09.276] [SEVERE ] removing all tokens
[12:15:09.292] [SEVERE ] placing card 20 in slot 11
[12:15:09.307] [SEVERE ] placing card 58 in slot 0
[12:15:09.322] [SEVERE ] placing card 36 in slot 5
[12:15:09.337] [SEVERE ] placing card 12 in slot 1
[12:15:09.353] [SEVERE ] placing card 72 in slot 4
[12:15:09.369] [SEVERE ] placing card 26 in slot 7
[12:15:09.385] [SEVERE ] placing card 73 in slot 3
[12:15:09.401] [SEVERE ] placing card 78 in slot 8
[12:15:09.417] [SEVERE ] placing card 4 in slot 2
[12:15:09.432] [SEVERE ] placing card 17 in slot 10
[12:15:09.448] [SEVERE ] setting player 1 freeze to -996
[12:15:09.448] [SEVERE ] placing card 0 in slot 6
[12:15:09.448] [SEVERE ] setting player 1 freeze to 0
[12:15:09.449] [SEVERE ] removing player 1 token from slot 5
[12:15:09.449] [SEVERE ] removing player 1 token from slot 2
[12:15:09.449] [SEVERE ] removing player 1 token from slot 1
[12:15:09.464] [SEVERE ] placing card 46 in slot 9
[12:15:09.464] [SEVERE ] updating countdown to 100
[12:15:09.464] [SEVERE ] player 1 placing token on slot 4
[12:15:09.464] [SEVERE ] player 1 placing token on slot 0
[12:15:09.464] [SEVERE ] player 1 placing token on slot 7
[12:15:09.464] [SEVERE ] setting player 1 freeze to 4
[12:15:09.466] [SEVERE ] updating countdown to 0
[12:15:10.079] [SEVERE ] setting player 2 freeze to -996
[12:15:10.079] [SEVERE ] setting player 2 freeze to 0
[12:15:10.079] [SEVERE ] removing player 2 token from slot 6
[12:15:10.079] [SEVERE ] removing player 2 token from slot 1
[12:15:10.079] [SEVERE ] removing player 2 token from slot 3
[12:15:10.080] [SEVERE ] player 2 placing token on slot 6
[12:15:10.080] [SEVERE ] player 2 placing token on slot 1
[12:15:10.080] [SEVERE ] player 2 placing token on slot 5
[12:15:10.080] [SEVERE ] setting player 2 freeze to 4
[12:15:10.081] [SEVERE ] updating countdown to 5000
[12:15:10.081] [SEVERE ] updating countdown to 0
[12:15:10.082] [SEVERE ] removing all tokens
[12:15:10.095] [SEVERE ] removing card from slot 0
[12:15:10.111] [SEVERE ] removing card from slot 1
[12:15:10.127] [SEVERE ] removing card from slot 2
[12:15:10.143] [SEVERE ] removing card from slot 3
[12:15:10.158] [SEVERE ] removing card from slot 4
[12:15:10.174] [SEVERE ] removing card from slot 5
[12:15:10.189] [SEVERE ] removing card from slot 6
[12:15:10.204] [SEVERE ] removing card from slot 7
[12:15:10.220] [SEVERE ] removing card from slot 8
[12:15:10.236] [SEVERE ] removing card from slot 9
[12:15:10.251] [SEVERE ] removing card from slot 10
[12:15:10.267] [SEVERE ] removing card from slot 11
[12:15:10.267] [SEVERE ] removing all tokens
[12:15:10.283] [SEVERE ] placing card 49 in slot 1
[12:15:10.298] [SEVERE ] placing card 61 in slot 8
[12:15:10.314] [SEVERE ] placing card 7 in slot 7
[12:15:10.330] [SEVERE ] placing card 64 in slot 5
[12:15:10.345] [SEVERE ] placing card 2 in slot 9
[12:15:10.360] [SEVERE ] placing card 46 in slot 6
[12:15:10.376] [SEVERE ] placing card 37 in slot 2
[12:15:10.392] [SEVERE ] placing card 5 in slot 0
[12:15:10.408] [SEVERE ] placing card 18 in slot 3
[12:15:10.424] [SEVERE ] placing card 56 in slot 10
[12:15:10.440] [SEVERE ] placing card 16 in slot 4
[12:15:10.455] [SEVERE ] placing card 39 in slot 11
[12:15:10.455] [SEVERE ] updating countdown to 100
[12:15:10.470] [SEVERE ] setting player 1 freeze to -996
[12:15:10.470] [SEVERE ] setting player 1 freeze to 0
[12:15:10.470] [SEVERE ] removing player 1 token from slot 4
[12:15:10.470] [SEVERE ] removing player 1 token from slot 0
[12:15:10.470] [SEVERE ] removing player 1 token from slot 7
[12:15:10.470] [SEVERE ] player 1 placing token on slot 7
[12:15:10.470] [SEVERE ] player 1 placing token on slot 5
[12:15:10.470] [SEVERE ] player 1 placing token on slot 8
[12:15:10.470] [SEVERE ] setting player 1 freeze to 4
[12:15:10.472] [SEVERE ] updating countdown to 0
[12:15:11.086] [SEVERE ] setting player 2 freeze to -996
[12:15:11.086] [SEVERE ] setting player 2 freeze to 0
[12:15:11.086] [SEVERE ] removing player 2 token from slot 6
[12:15:11.086] [SEVERE ] removing player 2 token from slot 1
[12:15:11.086] [SEVERE ] removing player 2 token from slot 5
[12:15:11.086] [SEVERE ] player 2 placing token on slot 11
[12:15:11.086] [SEVERE ] player 2 placing token on slot 5
[12:15:11.087] [SEVERE ] player 2 placing token on slot 6
[12:15:11.087] [SEVERE ] setting player 2 freeze to 4
[12:15:11.089] [SEVERE ] updating countdown to 5000
[12:15:11.089] [SEVERE ] updating countdown to 0
[12:15:11.089] [SEVERE ] removing all tokens
[12:15:11.102] [SEVERE ] removing card from slot 0
[12:15:11.118] [SEVERE ] removing card from slot 1
[12:15:11.134] [SEVERE ] removing card from slot 2
[12:15:11.150] [SEVERE ] removing card from slot 3
[12:15:11.166] [SEVERE ] removing card from slot 4
[12:15:11.182] [SEVERE ] removing card from slot 5
[12:15:11.197] [SEVERE ] removing card from slot 6
[12:15:11.213] [SEVERE ] removing card from slot 7
[12:15:11.228] [SEVERE ] removing card from slot 8
[12:15:11.244] [SEVERE ] removing card from slot 9
[12:15:11.260] [SEVERE ] removing card from slot 10
[12:15:11.276] [SEVERE ] removing card from slot 11
[12:15:11.276] [SEVERE ] removing all tokens
[12:15:11.292] [SEVERE ] placing card 76 in slot 7
[12:15:11.308] [SEVERE ] placing card 38 in slot 5
[12:15:11.324] [SEVERE ] placing card 27 in slot 0
[12:15:11.340] [SEVERE ] placing card 19 in slot 2
[12:15:11.356] [SEVERE ] placing card 74 in slot 4
[12:15:11.372] [SEVERE ] placing card 5 in slot 1
[12:15:11.388] [SEVERE ] placing card 63 in slot 9
[12:15:11.404] [SEVERE ] placing card 68 in slot 3
[12:15:11.420] [SEVERE ] placing card 29 in slot 8
[12:15:11.436] [SEVERE ] placing card 40 in slot 11
[12:15:11.451] [SEVERE ] placing card 52 in slot 10
[12:15:11.467] [SEVERE ] placing card 18 in slot 6
[12:15:11.467] [SEVERE ] updating countdown to 100
[12:15:11.483] [SEVERE ] setting player 1 freeze to -996
[12:15:11.483] [SEVERE ] setting player 1 freeze to 0
[12:15:11.483] [SEVERE ] removing player 1 token from slot 7
[12:15:11.483] [SEVERE ] removing player 1 token from slot 5
[12:15:11.483] [SEVERE ] removing player 1 token from slot 8
[12:15:11.483] [SEVERE ] player 1 placing token on slot 7
[12:15:11.483] [SEVERE ] player 1 placing token on slot 1
[12:15:11.483] [SEVERE ] player 1 placing token on slot 10
[12:15:11.483] [SEVERE ] setting player 1 freeze to 4
[12:15:11.485] [SEVERE ] updating countdown to 0
[12:15:12.094] [SEVERE ] setting player 2 freeze to -996
[12:15:12.094] [SEVERE ] setting player 2 freeze to 0
[12:15:12.094] [SEVERE ] removing player 2 token from slot 11
[12:15:12.094] [SEVERE ] removing player 2 token from slot 5
[12:15:12.094] [SEVERE ] removing player 2 token from slot 6
[12:15:12.094] [SEVERE ] player 2 placing token on slot 4
[12:15:12.094] [SEVERE ] player 2 placing token on slot 3
[12:15:12.094] [SEVERE ] player 2 placing token on slot 2
[12:15:12.094] [SEVERE ] setting player 2 freeze to 4
[12:15:12.096] [SEVERE ] updating countdown to 5000
[12:15:12.096] [SEVERE ] updating countdown to 0
[12:15:12.096] [SEVERE ] removing all tokens
[12:15:12.109] [SEVERE ] removing card from slot 0
[12:15:12.124] [SEVERE ] removing card from slot 1
[12:15:12.140] [SEVERE ] removing card from slot 2
[12:15:12.156] [SEVERE ] removing card from slot 3
[12:15:12.172] [SEVERE ] removing card from slot 4
[12:15:12.187] [SEVERE ] removing card from slot 5
[12:15:12.204] [SEVERE ] removing card from slot 6
[12:15:12.220] [SEVERE ] removing card from slot 7
[12:15:12.235] [SEVERE ] removing card from slot 8
[12:15:12.251] [SEVERE ] removing card from slot 9
[12:15:12.266] [SEVERE ] removing card from slot 10
[12:15:12.280] [SEVERE ] removing card from slot 11
[12:15:12.281] [SEVERE ] removing all tokens
[12:15:12.296] [SEVERE ] placing card 29 in slot 5
[12:15:12.311] [SEVERE ] placing card 25 in slot 1
[12:15:12.327] [SEVERE ] placing card 22 in slot 7
[12:15:12.343] [SEVERE ] placing card 15 in slot 2
[12:15:12.358] [SEVERE ] placing card 53 in slot 6
[12:15:12.374] [SEVERE ] placing card 4 in slot 10
[12:15:12.390] [SEVERE ] placing card 10 in slot 8
[12:15:12.406] [SEVERE ] placing card 54 in slot 0
[12:15:12.422] [SEVERE ] placing card 35 in slot 4
[12:15:12.438] [SEVERE ] placing card 78 in slot 11
[12:15:12.453] [SEVERE ] placing card 39 in slot 3
[12:15:12.469] [SEVERE ] placing card 47 in slot 9
[12:15:12.469] [SEVERE ] updating countdown to 100
[12:15:12.484] [SEVERE ] setting player 1 freeze to -996
[12:15:12.485] [SEVERE ] setting player 1 freeze to 0
[12:15:12.485] [SEVERE ] removing player 1 token from slot 7
[12:15:12.485] [SEVERE ] removing player 1 token from slot 1
[12:15:12.485] [SEVERE ] removing player 1 token from slot 10
[12:15:12.485] [SEVERE ] player 1 placing token on slot 4
[12:15:12.485] [SEVERE ] player 1 placing token on slot 7
[12:15:12.485] [SEVERE ] player 1 placing token on slot 0
[12:15:12.485] [SEVERE ] setting player 1 freeze to 4
[12:15:12.486] [SEVERE ] updating countdown to 0
[12:15:13.103] [SEVERE ] setting player 2 freeze to -996
[12:15:13.103] [SEVERE ] setting player 2 freeze to 0
[12:15:13.103] [SEVERE ] removing player 2 token from slot 4
[12:15:13.103] [SEVERE ] removing player 2 token from slot 3
[12:15:13.103] [SEVERE ] removing player 2 token from slot 2
[12:15:13.103] [SEVERE ] player 2 placing token on slot 8
[12:15:13.103] [SEVERE ] player 2 placing token on slot 3
[12:15:13.103] [SEVERE ] player 2 placing token on slot 7
[12:15:13.103] [SEVERE ] setting player 2 freeze to 4
[12:15:13.105] [SEVERE ] updating countdown to 5000
[12:15:13.106] [SEVERE ] updating countdown to 0
[12:15:13.106] [SEVERE ] removing all tokens
[12:15:13.119] [SEVERE ] removing card from slot 0
[12:15:13.134] [SEVERE ] removing card from slot 1
[12:15:13.150] [SEVERE ] removing card from slot 2
[12:15:13.166] [SEVERE ] removing card from slot 3
[12:15:13.181] [SEVERE ] removing card from slot 4
[12:15:13.196] [SEVERE ] removing card from slot 5
[12:15:13.211] [SEVERE ] removing card from slot 6
[12:15:13.227] [SEVERE ] removing card from slot 7
[12:15:13.243] [SEVERE ] removing card from slot 8
[12:15:13.259] [SEVERE ] removing card from slot 9
[12:15:13.275] [SEVERE ] removing card from slot 10
[12:15:13.291] [SEVERE ] removing card from slot 11
[12:15:13.291] [SEVERE ] removing all tokens
[12:15:13.306] [SEVERE ] placing card 1 in slot 1
[12:15:13.322] [SEVERE ] placing card 43 in slot 2
[12:15:13.338] [SEVERE ] placing card 80 in slot 9
[12:15:13.354] [SEVERE ] placing card 78 in slot 3
[12:15:13.370] [SEVERE ] placing card 51 in slot 0
[12:15:13.386] [SEVERE ] placing card 45 in slot 7
[12:15:13.401] [SEVERE ] placing card 62 in slot 4
[12:15:13.416] [SEVERE ] placing card 5 in slot 6
[12:15:13.431] [SEVERE ] placing card 28 in slot 8
[12:15:13.446] [SEVERE ] placing card 42 in slot 11
[12:15:13.461] [SEVERE ] placing card 21 in slot 5
[12:15:13.477] [SEVERE ] placing card 17 in slot 10
[12:15:13.477] [SEVERE ] updating countdown to 100
[12:15:13.492] [SEVERE ] setting player 1 freeze to -996
[12:15:13.492] [SEVERE ] setting player 1 freeze to 0
[12:15:13.492] [SEVERE ] removing player 1 token from slot 4
[12:15:13.492] [SEVERE ] removing player 1 token from slot 7
[12:15:13.492] [SEVERE ] removing player 1 token from slot 0
[12:15:13.493] [SEVERE ] player 1 placing token on slot 10
[12:15:13.493] [SEVERE ] player 1 placing token on slot 3
[12:15:13.493] [SEVERE ] player 1 placing token on slot 6
[12:15:13.493] [SEVERE ] setting player 1 freeze to 4
[12:15:13.497] [SEVERE ] updating countdown to 0
[12:15:14.106] [SEVERE ] setting player 2 freeze to -996
[12:15:14.106] [SEVERE ] setting player 2 freeze to 0
[12:15:14.106] [SEVERE ] removing player 2 token from slot 8
[12:15:14.106] [SEVERE ] removing player 2 token from slot 3
[12:15:14.106] [SEVERE ] removing player 2 token from slot 7
[12:15:14.106] [SEVERE ] player 2 placing token on slot 7
[12:15:14.106] [SEVERE ] player 2 placing token on slot 2
[12:15:14.106] [SEVERE ] player 2 placing token on slot 10
[12:15:14.106] [SEVERE ] setting player 2 freeze to 4
[12:15:14.108] [SEVERE ] updating countdown to 5000
[12:15:14.108] [SEVERE ] updating countdown to 0
[12:15:14.108] [SEVERE ] removing all tokens
[12:15:14.122] [SEVERE ] removing card from slot 0
[12:15:14.138] [SEVERE ] removing card from slot 1
[12:15:14.154] [SEVERE ] removing card from slot 2
[12:15:14.170] [SEVERE ] removing card from slot 3
[12:15:14.186] [SEVERE ] removing card from slot 4
[12:15:14.202] [SEVERE ] removing card from slot 5
[12:15:14.218] [SEVERE ] removing card from slot 6
[12:15:14.234] [SEVERE ] removing card from slot 7
[12:15:14.250] [SEVERE ] removing card from slot 8
[12:15:14.266] [SEVERE ] removing card from slot 9
[12:15:14.281] [SEVERE ] removing card from slot 10
[12:15:14.297] [SEVERE ] removing card from slot 11
[12:15:14.297] [SEVERE ] removing all tokens
[12:15:14.313] [SEVERE ] placing card 31 in slot 2
[12:15:14.328] [SEVERE ] placing card 77 in slot 9
[12:15:14.344] [SEVERE ] placing card 2 in slot 8
[12:15:14.360] [SEVERE ] placing card 23 in slot 4
[12:15:14.375] [SEVERE ] placing card 15 in slot 0
[12:15:14.391] [SEVERE ] placing card 40 in slot 5
[12:15:14.407] [SEVERE ] placing card 42 in slot 6
[12:15:14.423] [SEVERE ] placing card 38 in slot 1
[12:15:14.439] [SEVERE ] placing card 22 in slot 11
[12:15:14.455] [SEVERE ] placing card 56 in slot 3
[12:15:14.470] [SEVERE ] placing card 58 in slot 10
[12:15:14.485] [SEVERE ] placing card 32 in slot 7
[12:15:14.485] [SEVERE ] updating countdown to 100
[12:15:14.501] [SEVERE ] setting player 1 freeze to -996
[12:15:14.501] [SEVERE ] setting player 1 freeze to 0
[12:15:14.501] [SEVERE ] removing player 1 token from slot 10
[12:15:14.501] [SEVERE ] removing player 1 token from slot 3
[12:15:14.501] [SEVERE ] removing player 1 token from slot 6
[12:15:14.501] [SEVERE ] player 1 placing token on slot 1
[12:15:14.501] [SEVERE ] player 1 placing token on slot 11
[12:15:14.501] [SEVERE ] player 1 placing token on slot 8
[12:15:14.501] [SEVERE ] setting player 1 freeze to 4
[12:15:14.503] [SEVERE ] updating countdown to 0
[12:15:15.115] [SEVERE ] setting player 2 freeze to -996
[12:15:15.115] [SEVERE ] setting player 2 freeze to 0
[12:15:15.115] [SEVERE ] removing player 2 token from slot 7
[12:15:15.115] [SEVERE ] removing player 2 token from slot 2
[12:15:15.115] [SEVERE ] removing player 2 token from slot 10
[12:15:15.115] [SEVERE ] player 2 placing token on slot 8
[12:15:15.115] [SEVERE ] player 2 placing token on slot 1
[12:15:15.115] [SEVERE ] player 2 placing token on slot 3
[12:15:15.115] [SEVERE ] setting player 2 freeze to 4
[12:15:15.121] [SEVERE ] updating countdown to 5000
[12:15:15.122] [SEVERE ] updating countdown to 0
[12:15:15.124] [SEVERE ] removing all tokens
[12:15:15.145] [SEVERE ] removing card from slot 0
[12:15:15.160] [SEVERE ] removing card from slot 1
[12:15:15.176] [SEVERE ] removing card from slot 2
[12:15:15.192] [SEVERE ] removing card from slot 3
[12:15:15.208] [SEVERE ] removing card from slot 4
[12:15:15.224] [SEVERE ] removing card from slot 5
[12:15:15.240] [SEVERE ] removing card from slot 6
[12:15:15.256] [SEVERE ] removing card from slot 7
[12:15:15.271] [SEVERE ] removing card from slot 8
[12:15:15.287] [SEVERE ] removing card from slot 9
[12:15:15.303] [SEVERE ] removing card from slot 10
[12:15:15.318] [SEVERE ] removing card from slot 11
[12:15:15.318] [SEVERE ] removing all tokens
[12:15:15.334] [SEVERE ] placing card 48 in slot 5
[12:15:15.350] [SEVERE ] placing card 26 in slot 11
[12:15:15.366] [SEVERE ] placing card 67 in slot 8
[12:15:15.381] [SEVERE ] placing card 49 in slot 1
[12:15:15.396] [SEVERE ] placing card 32 in slot 2
[12:15:15.412] [SEVERE ] placing card 11 in slot 7
[12:15:15.428] [SEVERE ] placing card 73 in slot 10
[12:15:15.444] [SEVERE ] placing card 36 in slot 0
[12:15:15.459] [SEVERE ] placing card 5 in slot 3
[12:15:15.474] [SEVERE ] placing card 59 in slot 9
[12:15:15.490] [SEVERE ] placing card 27 in slot 4
[12:15:15.506] [SEVERE ] placing card 2 in slot 6
[12:15:15.506] [SEVERE ] setting player 1 freeze to -996
[12:15:15.507] [SEVERE ] updating countdown to 100
[12:15:15.507] [SEVERE ] setting player 1 freeze to 0
[12:15:15.507] [SEVERE ] removing player 1 token from slot 1
[12:15:15.507] [SEVERE ] removing player 1 token from slot 11
[12:15:15.507] [SEVERE ] removing player 1 token from slot 8
[12:15:15.507] [SEVERE ] player 1 placing token on slot 10
[12:15:15.507] [SEVERE ] player 1 placing token on slot 3
[12:15:15.507] [SEVERE ] player 1 placing token on slot 7
[12:15:15.507] [SEVERE ] setting player 1 freeze to 4
[12:15:15.510] [SEVERE ] updating countdown to 0
[12:15:16.126] [SEVERE ] setting player 2 freeze to -996
[12:15:16.126] [SEVERE ] setting player 2 freeze to 0
[12:15:16.126] [SEVERE ] removing player 2 token from slot 8
[12:15:16.126] [SEVERE ] removing player 2 token from slot 1
[12:15:16.126] [SEVERE ] removing player 2 token from slot 3
[12:15:16.126] [SEVERE ] player 2 placing token on slot 9
[12:15:16.126] [SEVERE ] player 2 placing token on slot 6
[12:15:16.126] [SEVERE ] player 2 placing token on slot 2
[12:15:16.126] [SEVERE ] setting player 2 freeze to 4
[12:15:16.128] [SEVERE ] updating countdown to 5000
[12:15:16.128] [SEVERE ] updating countdown to 0
[12:15:16.128] [SEVERE ] removing all tokens
[12:15:16.141] [SEVERE ] removing card from slot 0
[12:15:16.157] [SEVERE ] removing card from slot 1
[12:15:16.173] [SEVERE ] removing card from slot 2
[12:15:16.189] [SEVERE ] removing card from slot 3
[12:15:16.205] [SEVERE ] removing card from slot 4
[12:15:16.221] [SEVERE ] removing card from slot 5
[12:15:16.237] [SEVERE ] removing card from slot 6
[12:15:16.253] [SEVERE ] removing card from slot 7
[12:15:16.269] [SEVERE ] removing card from slot 8
[12:15:16.285] [SEVERE ] removing card from slot 9
[12:15:16.301] [SEVERE ] removing card from slot 10
[12:15:16.317] [SEVERE ] removing card from slot 11
[12:15:16.317] [SEVERE ] removing all tokens
[12:15:16.333] [SEVERE ] placing card 35 in slot 10
[12:15:16.349] [SEVERE ] placing card 19 in slot 1
[12:15:16.365] [SEVERE ] placing card 74 in slot 4
[12:15:16.381] [SEVERE ] placing card 4 in slot 2
[12:15:16.396] [SEVERE ] placing card 2 in slot 3
[12:15:16.412] [SEVERE ] placing card 59 in slot 6
[12:15:16.428] [SEVERE ] placing card 67 in slot 5
[12:15:16.443] [SEVERE ] placing card 73 in slot 11
[12:15:16.459] [SEVERE ] placing card 32 in slot 0
[12:15:16.475] [SEVERE ] placing card 15 in slot 8
[12:15:16.491] [SEVERE ] placing card 10 in slot 7
[12:15:16.507] [SEVERE ] placing card 53 in slot 9
[12:15:16.507] [SEVERE ] updating countdown to 100
[12:15:16.522] [SEVERE ] setting player 1 freeze to -996
[12:15:16.522] [SEVERE ] setting player 1 freeze to 0
[12:15:16.522] [SEVERE ] removing player 1 token from slot 10
[12:15:16.522] [SEVERE ] removing player 1 token from slot 3
[12:15:16.522] [SEVERE ] removing player 1 token from slot 7
[12:15:16.522] [SEVERE ] player 1 placing token on slot 5
[12:15:16.522] [SEVERE ] player 1 placing token on slot 9
[12:15:16.522] [SEVERE ] player 1 placing token on slot 3
[12:15:16.522] [SEVERE ] setting player 1 freeze to 4
[12:15:16.524] [SEVERE ] updating countdown to 0
[12:15:17.140] [SEVERE ] setting player 2 freeze to -996
[12:15:17.140] [SEVERE ] setting player 2 freeze to 0
[12:15:17.140] [SEVERE ] removing player 2 token from slot 9
[12:15:17.140] [SEVERE ] removing player 2 token from slot 6
[12:15:17.140] [SEVERE ] removing player 2 token from slot 2
[12:15:17.141] [SEVERE ] player 2 placing token on slot 2
[12:15:17.141] [SEVERE ] player 2 placing token on slot 8
[12:15:17.141] [SEVERE ] player 2 placing token on slot 0
[12:15:17.141] [SEVERE ] setting player 2 freeze to 4
[12:15:17.143] [SEVERE ] updating countdown to 5000
[12:15:17.143] [SEVERE ] updating countdown to 0
[12:15:17.143] [SEVERE ] removing all tokens
[12:15:17.155] [SEVERE ] removing card from slot 0
[12:15:17.171] [SEVERE ] removing card from slot 1
[12:15:17.187] [SEVERE ] removing card from slot 2
[12:15:17.203] [SEVERE ] removing card from slot 3
[12:15:17.219] [SEVERE ] removing card from slot 4
[12:15:17.235] [SEVERE ] removing card from slot 5
[12:15:17.251] [SEVERE ] removing card from slot 6
[12:15:17.267] [SEVERE ] removing card from slot 7
[12:15:17.283] [SEVERE ] removing card from slot 8
[12:15:17.299] [SEVERE ] removing card from slot 9
[12:15:17.315] [SEVERE ] removing card from slot 10
[12:15:17.330] [SEVERE ] removing card from slot 11
[12:15:17.330] [SEVERE ] removing all tokens
[12:15:17.345] [SEVERE ] placing card 1 in slot 3
[12:15:17.361] [SEVERE ] placing card 78 in slot 1
[12:15:17.376] [SEVERE ] placing card 57 in slot 10
[12:15:17.392] [SEVERE ] placing card 36 in slot 7
[12:15:17.408] [SEVERE ] placing card 42 in slot 4
[12:15:17.424] [SEVERE ] placing card 74 in slot 0
[12:15:17.440] [SEVERE ] placing card 5 in slot 8
[12:15:17.456] [SEVERE ] placing card 79 in slot 6
[12:15:17.472] [SEVERE ] placing card 30 in slot 5
[12:15:17.487] [SEVERE ] placing card 58 in slot 9
[12:15:17.502] [SEVERE ] placing card 24 in slot 11
[12:15:17.518] [SEVERE ] placing card 37 in slot 2
[12:15:17.518] [SEVERE ] updating countdown to 100
[12:15:17.534] [SEVERE ] setting player 1 freeze to -996
[12:15:17.534] [SEVERE ] setting player 1 freeze to 0
[12:15:17.534] [SEVERE ] removing player 1 token from slot 5
[12:15:17.534] [SEVERE ] removing player 1 token from slot 9
[12:15:17.534] [SEVERE ] removing player 1 token from slot 3
[12:15:17.534] [SEVERE ] player 1 placing token on slot 9
[12:15:17.534] [SEVERE ] player 1 placing token on slot 11
[12:15:17.534] [SEVERE ] player 1 placing token on slot 5
[12:15:17.534] [SEVERE ] setting player 1 freeze to 4
[12:15:17.535] [SEVERE ] updating countdown to 0
[12:15:18.152] [SEVERE ] setting player 2 freeze to -996
[12:15:18.152] [SEVERE ] setting player 2 freeze to 0
[12:15:18.152] [SEVERE ] removing player 2 token from slot 2
[12:15:18.152] [SEVERE ] removing player 2 token from slot 8
[12:15:18.152] [SEVERE ] removing player 2 token from slot 0
[12:15:18.152] [SEVERE ] player 2 placing token on slot 0
[12:15:18.152] [SEVERE ] player 2 placing token on slot 7
[12:15:18.152] [SEVERE ] player 2 placing token on slot 4
[12:15:18.152] [SEVERE ] setting player 2 freeze to 4
[12:15:18.154] [SEVERE ] updating countdown to 5000
[12:15:18.154] [SEVERE ] updating countdown to 0
[12:15:18.154] [SEVERE ] removing all tokens
[12:15:18.168] [SEVERE ] removing card from slot 0
[12:15:18.184] [SEVERE ] removing card from slot 1
[12:15:18.200] [SEVERE ] removing card from slot 2
[12:15:18.216] [SEVERE ] removing card from slot 3
[12:15:18.232] [SEVERE ] removing card from slot 4
[12:15:18.247] [SEVERE ] removing card from slot 5
[12:15:18.262] [SEVERE ] removing card from slot 6
[12:15:18.278] [SEVERE ] removing card from slot 7
[12:15:18.292] [SEVERE ] removing card from slot 8
[12:15:18.307] [SEVERE ] removing card from slot 9
[12:15:18.323] [SEVERE ] removing card from slot 10
[12:15:18.339] [SEVERE ] removing card from slot 11
[12:15:18.339] [SEVERE ] removing all tokens
[12:15:18.354] [SEVERE ] placing card 47 in slot 7
[12:15:18.370] [SEVERE ] placing card 70 in slot 5
[12:15:18.385] [SEVERE ] placing card 19 in slot 10
[12:15:18.401] [SEVERE ] placing card 29 in slot 9
[12:15:18.417] [SEVERE ] placing card 48 in slot 2
[12:15:18.433] [SEVERE ] placing card 35 in slot 8
[12:15:18.449] [SEVERE ] placing card 38 in slot 3
[12:15:18.464] [SEVERE ] placing card 18 in slot 1
[12:15:18.479] [SEVERE ] placing card 71 in slot 0
[12:15:18.494] [SEVERE ] placing card 24 in slot 11
[12:15:18.510] [SEVERE ] placing card 22 in slot 6
[12:15:18.526] [SEVERE ] placing card 64 in slot 4
[12:15:18.526] [SEVERE ] updating countdown to 100
[12:15:18.541] [SEVERE ] setting player 1 freeze to -996
[12:15:18.542] [SEVERE ] setting player 1 freeze to 0
[12:15:18.542] [SEVERE ] removing player 1 token from slot 9
[12:15:18.542] [SEVERE ] removing player 1 token from slot 11
[12:15:18.542] [SEVERE ] removing player 1 token from slot 5
[12:15:18.542] [SEVERE ] player 1 placing token on slot 10
[12:15:18.542] [SEVERE ] player 1 placing token on slot 6
[12:15:18.542] [SEVERE ] player 1 placing token on slot 3
[12:15:18.542] [SEVERE ] setting player 1 freeze to 4
[12:15:18.545] [SEVERE ] updating countdown to 0
[12:15:19.155] [SEVERE ] setting player 2 freeze to -996
[12:15:19.156] [SEVERE ] setting player 2 freeze to 0
[12:15:19.156] [SEVERE ] removing player 2 token from slot 0
[12:15:19.156] [SEVERE ] removing player 2 token from slot 7
[12:15:19.156] [SEVERE ] removing player 2 token from slot 4
[12:15:19.156] [SEVERE ] player 2 placing token on slot 2
[12:15:19.156] [SEVERE ] player 2 placing token on slot 0
[12:15:19.156] [SEVERE ] player 2 placing token on slot 4
[12:15:19.156] [SEVERE ] setting player 2 freeze to 4
[12:15:19.156] [SEVERE ] updating countdown to 5000
[12:15:19.157] [SEVERE ] updating countdown to 0
[12:15:19.157] [SEVERE ] removing all tokens
[12:15:19.170] [SEVERE ] removing card from slot 0
[12:15:19.185] [SEVERE ] removing card from slot 1
[12:15:19.200] [SEVERE ] removing card from slot 2
[12:15:19.216] [SEVERE ] removing card from slot 3
[12:15:19.232] [SEVERE ] removing card from slot 4
[12:15:19.248] [SEVERE ] removing card from slot 5
[12:15:19.263] [SEVERE ] removing card from slot 6
[12:15:19.278] [SEVERE ] removing card from slot 7
[12:15:19.294] [SEVERE ] removing card from slot 8
[12:15:19.309] [SEVERE ] removing card from slot 9
[12:15:19.325] [SEVERE ] removing card from slot 10
[12:15:19.341] [SEVERE ] removing card from slot 11
[12:15:19.341] [SEVERE ] removing all tokens
[12:15:19.357] [SEVERE ] placing card 71 in slot 6
[12:15:19.373] [SEVERE ] placing card 67 in slot 7
[12:15:19.389] [SEVERE ] placing card 40 in slot 10
[12:15:19.404] [SEVERE ] placing card 24 in slot 3
[12:15:19.420] [SEVERE ] placing card 73 in slot 2
[12:15:19.436] [SEVERE ] placing card 29 in slot 5
[12:15:19.452] [SEVERE ] placing card 34 in slot 11
[12:15:19.468] [SEVERE ] placing card 16 in slot 9
[12:15:19.484] [SEVERE ] placing card 69 in slot 8
[12:15:19.500] [SEVERE ] placing card 4 in slot 1
[12:15:19.516] [SEVERE ] placing card 47 in slot 4
[12:15:19.532] [SEVERE ] placing card 56 in slot 0
[12:15:19.532] [SEVERE ] updating countdown to 100
[12:15:19.548] [SEVERE ] setting player 1 freeze to -996
[12:15:19.548] [SEVERE ] setting player 1 freeze to 0
[12:15:19.548] [SEVERE ] removing player 1 token from slot 10
[12:15:19.548] [SEVERE ] removing player 1 token from slot 6
[12:15:19.548] [SEVERE ] removing player 1 token from slot 3
[12:15:19.548] [SEVERE ] player 1 placing token on slot 7
[12:15:19.548] [SEVERE ] player 1 placing token on slot 0
[12:15:19.548] [SEVERE ] player 1 placing token on slot 3
[12:15:19.552] [SEVERE ] setting player 1 freeze to 4
[12:15:19.554] [SEVERE ] updating countdown to 0
[12:15:20.166] [SEVERE ] setting player 2 freeze to -996
[12:15:20.166] [SEVERE ] setting player 2 freeze to 0
[12:15:20.166] [SEVERE ] removing player 2 token from slot 2
[12:15:20.166] [SEVERE ] removing player 2 token from slot 0
[12:15:20.166] [SEVERE ] removing player 2 token from slot 4
[12:15:20.166] [SEVERE ] player 2 placing token on slot 4
[12:15:20.166] [SEVERE ] player 2 placing token on slot 8
[12:15:20.166] [SEVERE ] player 2 placing token on slot 11
[12:15:20.166] [SEVERE ] setting player 2 freeze to 4
[12:15:20.167] [SEVERE ] updating countdown to 5000
[12:15:20.168] [SEVERE ] updating countdown to 0
[12:15:20.168] [SEVERE ] removing all tokens
[12:15:20.182] [SEVERE ] removing card from slot 0
[12:15:20.197] [SEVERE ] removing card from slot 1
[12:15:20.212] [SEVERE ] removing card from slot 2
[12:15:20.228] [SEVERE ] removing card from slot 3
[12:15:20.244] [SEVERE ] removing card from slot 4
[12:15:20.260] [SEVERE ] removing card from slot 5
[12:15:20.276] [SEVERE ] removing card from slot 6
[12:15:20.291] [SEVERE ] removing card from slot 7
[12:15:20.307] [SEVERE ] removing card from slot 8
[12:15:20.323] [SEVERE ] removing card from slot 9
[12:15:20.339] [SEVERE ] removing card from slot 10
[12:15:20.354] [SEVERE ] removing card from slot 11
[12:15:20.354] [SEVERE ] removing all tokens
[12:15:20.370] [SEVERE ] placing card 25 in slot 6
[12:15:20.386] [SEVERE ] placing card 58 in slot 7
[12:15:20.402] [SEVERE ] placing card 36 in slot 10
[12:15:20.417] [SEVERE ] placing card 24 in slot 2
[12:15:20.434] [SEVERE ] placing card 47 in slot 5
[12:15:20.449] [SEVERE ] placing card 64 in slot 3
[12:15:20.465] [SEVERE ] placing card 0 in slot 11
[12:15:20.481] [SEVERE ] placing card 17 in slot 9
[12:15:20.497] [SEVERE ] placing card 76 in slot 1
[12:15:20.513] [SEVERE ] placing card 43 in slot 4
[12:15:20.529] [SEVERE ] placing card 66 in slot 8
[12:15:20.544] [SEVERE ] placing card 69 in slot 0
[12:15:20.544] [SEVERE ] updating countdown to 100
[12:15:20.560] [SEVERE ] setting player 1 freeze to -996
[12:15:20.560] [SEVERE ] setting player 1 freeze to 0
[12:15:20.560] [SEVERE ] removing player 1 token from slot 7
[12:15:20.560] [SEVERE ] removing player 1 token from slot 0
[12:15:20.560] [SEVERE ] removing player 1 token from slot 3
[12:15:20.560] [SEVERE ] player 1 placing token on slot 8
[12:15:20.560] [SEVERE ] player 1 placing token on slot 11
[12:15:20.560] [SEVERE ] player 1 placing token on slot 2
[12:15:20.560] [SEVERE ] setting player 1 freeze to 4
[12:15:20.562] [SEVERE ] updating countdown to 0
[12:15:21.178] [SEVERE ] setting player 2 freeze to -996
[12:15:21.178] [SEVERE ] setting player 2 freeze to 0
[12:15:21.178] [SEVERE ] removing player 2 token from slot 4
[12:15:21.178] [SEVERE ] removing player 2 token from slot 8
[12:15:21.178] [SEVERE ] removing player 2 token from slot 11
[12:15:21.178] [SEVERE ] player 2 placing token on slot 11
[12:15:21.178] [SEVERE ] player 2 placing token on slot 0
[12:15:21.178] [SEVERE ] player 2 placing token on slot 9
[12:15:21.178] [SEVERE ] setting player 2 freeze to 4
[12:15:21.179] [SEVERE ] updating countdown to 5000
[12:15:21.180] [SEVERE ] updating countdown to 0
[12:15:21.180] [SEVERE ] removing all tokens
[12:15:21.194] [SEVERE ] removing card from slot 0
[12:15:21.209] [SEVERE ] removing card from slot 1
[12:15:21.225] [SEVERE ] removing card from slot 2
[12:15:21.241] [SEVERE ] removing card from slot 3
[12:15:21.256] [SEVERE ] removing card from slot 4
[12:15:21.272] [SEVERE ] removing card from slot 5
[12:15:21.288] [SEVERE ] removing card from slot 6
[12:15:21.303] [SEVERE ] removing card from slot 7
[12:15:21.318] [SEVERE ] removing card from slot 8
[12:15:21.334] [SEVERE ] removing card from slot 9
[12:15:21.349] [SEVERE ] removing card from slot 10
[12:15:21.365] [SEVERE ] removing card from slot 11
[12:15:21.365] [SEVERE ] removing all tokens
[12:15:21.381] [SEVERE ] placing card 16 in slot 10
[12:15:21.396] [SEVERE ] placing card 59 in slot 3
[12:15:21.412] [SEVERE ] placing card 78 in slot 4
[12:15:21.427] [SEVERE ] placing card 35 in slot 6
[12:15:21.442] [SEVERE ] placing card 37 in slot 9
[12:15:21.459] [SEVERE ] placing card 28 in slot 11
[12:15:21.474] [SEVERE ] placing card 32 in slot 1
[12:15:21.490] [SEVERE ] placing card 62 in slot 7
[12:15:21.506] [SEVERE ] placing card 12 in slot 0
[12:15:21.522] [SEVERE ] placing card 25 in slot 8
[12:15:21.538] [SEVERE ] placing card 52 in slot 2
[12:15:21.553] [SEVERE ] placing card 47 in slot 5
[12:15:21.554] [SEVERE ] updating countdown to 100
[12:15:21.569] [SEVERE ] setting player 1 freeze to -996
[12:15:21.569] [SEVERE ] setting player 1 freeze to 0
[12:15:21.569] [SEVERE ] removing player 1 token from slot 8
[12:15:21.569] [SEVERE ] removing player 1 token from slot 11
[12:15:21.569] [SEVERE ] removing player 1 token from slot 2
[12:15:21.569] [SEVERE ] player 1 placing token on slot 3
[12:15:21.569] [SEVERE ] player 1 placing token on slot 9
[12:15:21.570] [SEVERE ] player 1 placing token on slot 0
[12:15:21.570] [SEVERE ] setting player 1 freeze to 4
[12:15:21.570] [SEVERE ] updating countdown to 0
[12:15:22.185] [SEVERE ] setting player 2 freeze to -996
[12:15:22.185] [SEVERE ] setting player 2 freeze to 0
[12:15:22.185] [SEVERE ] removing player 2 token from slot 11
[12:15:22.185] [SEVERE ] removing player 2 token from slot 0
[12:15:22.185] [SEVERE ] removing player 2 token from slot 9
[12:15:22.185] [SEVERE ] player 2 placing token on slot 0
[12:15:22.185] [SEVERE ] player 2 placing token on slot 10
[12:15:22.185] [SEVERE ] player 2 placing token on slot 6
[12:15:22.185] [SEVERE ] setting player 2 freeze to 4
[12:15:22.185] [SEVERE ] updating countdown to 5000
[12:15:22.186] [SEVERE ] updating countdown to 0
[12:15:22.186] [SEVERE ] removing all tokens
[12:15:22.200] [SEVERE ] removing card from slot 0
[12:15:22.216] [SEVERE ] removing card from slot 1
[12:15:22.232] [SEVERE ] removing card from slot 2
[12:15:22.248] [SEVERE ] removing card from slot 3
[12:15:22.263] [SEVERE ] removing card from slot 4
[12:15:22.278] [SEVERE ] removing card from slot 5
[12:15:22.293] [SEVERE ] removing card from slot 6
[12:15:22.309] [SEVERE ] removing card from slot 7
[12:15:22.325] [SEVERE ] removing card from slot 8
[12:15:22.340] [SEVERE ] removing card from slot 9
[12:15:22.356] [SEVERE ] removing card from slot 10
[12:15:22.372] [SEVERE ] removing card from slot 11
[12:15:22.372] [SEVERE ] removing all tokens
[12:15:22.388] [SEVERE ] placing card 31 in slot 11
[12:15:22.403] [SEVERE ] placing card 48 in slot 4
[12:15:22.419] [SEVERE ] placing card 77 in slot 0
[12:15:22.435] [SEVERE ] placing card 71 in slot 1
[12:15:22.451] [SEVERE ] placing card 18 in slot 5
[12:15:22.467] [SEVERE ] placing card 79 in slot 9
[12:15:22.483] [SEVERE ] placing card 14 in slot 6
[12:15:22.499] [SEVERE ] placing card 73 in slot 7
[12:15:22.515] [SEVERE ] placing card 59 in slot 10
[12:15:22.531] [SEVERE ] placing card 17 in slot 3
[12:15:22.546] [SEVERE ] placing card 12 in slot 2
[12:15:22.562] [SEVERE ] placing card 56 in slot 8
[12:15:22.562] [SEVERE ] updating countdown to 100
[12:15:22.578] [SEVERE ] setting player 1 freeze to -996
[12:15:22.578] [SEVERE ] setting player 1 freeze to 0
[12:15:22.578] [SEVERE ] removing player 1 token from slot 3
[12:15:22.578] [SEVERE ] removing player 1 token from slot 9
[12:15:22.578] [SEVERE ] removing player 1 token from slot 0
[12:15:22.578] [SEVERE ] player 1 placing token on slot 2
[12:15:22.579] [SEVERE ] player 1 placing token on slot 7
[12:15:22.579] [SEVERE ] player 1 placing token on slot 4
[12:15:22.579] [SEVERE ] setting player 1 freeze to 4
[12:15:22.581] [SEVERE ] updating countdown to 0
[12:15:23.196] [SEVERE ] setting player 2 freeze to -996
[12:15:23.196] [SEVERE ] setting player 2 freeze to 0
[12:15:23.196] [SEVERE ] removing player 2 token from slot 0
[12:15:23.196] [SEVERE ] removing player 2 token from slot 10
[12:15:23.196] [SEVERE ] removing player 2 token from slot 6
[12:15:23.196] [SEVERE ] player 2 placing token on slot 7
[12:15:23.196] [SEVERE ] player 2 placing token on slot 2
[12:15:23.196] [SEVERE ] player 2 placing token on slot 10
[12:15:23.196] [SEVERE ] setting player 2 freeze to 4
[12:15:23.197] [SEVERE ] updating countdown to 5000
[12:15:23.198] [SEVERE ] updating countdown to 0
[12:15:23.198] [SEVERE ] removing all tokens
[12:15:23.212] [SEVERE ] removing card from slot 0
[12:15:23.228] [SEVERE ] removing card from slot 1
[12:15:23.243] [SEVERE ] removing card from slot 2
[12:15:23.259] [SEVERE ] removing card from slot 3
[12:15:23.275] [SEVERE ] removing card from slot 4
[12:15:23.291] [SEVERE ] removing card from slot 5
[12:15:23.307] [SEVERE ] removing card from slot 6
[12:15:23.323] [SEVERE ] removing card from slot 7
[12:15:23.338] [SEVERE ] removing card from slot 8
[12:15:23.354] [SEVERE ] removing card from slot 9
[12:15:23.369] [SEVERE ] removing card from slot 10
[12:15:23.384] [SEVERE ] removing card from slot 11
[12:15:23.384] [SEVERE ] removing all tokens
[12:15:23.400] [SEVERE ] placing card 69 in slot 6
[12:15:23.416] [SEVERE ] placing card 22 in slot 3
[12:15:23.432] [SEVERE ] placing card 53 in slot 7
[12:15:23.448] [SEVERE ] placing card 78 in slot 9
[12:15:23.464] [SEVERE ] placing card 44 in slot 0
[12:15:23.480] [SEVERE ] placing card 56 in slot 4
[12:15:23.495] [SEVERE ] placing card 51 in slot 5
[12:15:23.510] [SEVERE ] placing card 18 in slot 11
[12:15:23.526] [SEVERE ] placing card 38 in slot 10
[12:15:23.542] [SEVERE ] placing card 65 in slot 2
[12:15:23.558] [SEVERE ] placing card 41 in slot 1
[12:15:23.574] [SEVERE ] placing card 77 in slot 8
[12:15:23.574] [SEVERE ] updating countdown to 100
[12:15:23.590] [SEVERE ] setting player 1 freeze to -996
[12:15:23.590] [SEVERE ] setting player 1 freeze to 0
[12:15:23.590] [SEVERE ] removing player 1 token from slot 2
[12:15:23.590] [SEVERE ] removing player 1 token from slot 7
[12:15:23.590] [SEVERE ] removing player 1 token from slot 4
[12:15:23.590] [SEVERE ] player 1 placing token on slot 6
[12:15:23.590] [SEVERE ] player 1 placing token on slot 2
[12:15:23.590] [SEVERE ] player 1 placing token on slot 9
[12:15:23.590] [SEVERE ] setting player 1 freeze to 4
[12:15:23.592] [SEVERE ] updating countdown to 0
[12:15:24.209] [SEVERE ] setting player 2 freeze to -996
[12:15:24.209] [SEVERE ] setting player 2 freeze to 0
[12:15:24.209] [SEVERE ] removing player 2 token from slot 7
[12:15:24.209] [SEVERE ] removing player 2 token from slot 2
[12:15:24.209] [SEVERE ] removing player 2 token from slot 10
[12:15:24.209] [SEVERE ] player 2 placing token on slot 4
[12:15:24.209] [SEVERE ] player 2 placing token on slot 2
[12:15:24.209] [SEVERE ] player 2 placing token on slot 3
[12:15:24.209] [SEVERE ] setting player 2 freeze to 4
[12:15:24.210] [SEVERE ] updating countdown to 5000
[12:15:24.210] [SEVERE ] updating countdown to 0
[12:15:24.210] [SEVERE ] removing all tokens
[12:15:24.224] [SEVERE ] removing card from slot 0
[12:15:24.240] [SEVERE ] removing card from slot 1
[12:15:24.256] [SEVERE ] removing card from slot 2
[12:15:24.272] [SEVERE ] removing card from slot 3
[12:15:24.288] [SEVERE ] removing card from slot 4
[12:15:24.304] [SEVERE ] removing card from slot 5
[12:15:24.319] [SEVERE ] removing card from slot 6
[12:15:24.334] [SEVERE ] removing card from slot 7
[12:15:24.350] [SEVERE ] removing card from slot 8
[12:15:24.366] [SEVERE ] removing card from slot 9
[12:15:24.382] [SEVERE ] removing card from slot 10
[12:15:24.398] [SEVERE ] removing card from slot 11
[12:15:24.398] [SEVERE ] removing all tokens
[12:15:24.413] [SEVERE ] placing card 7 in slot 8
[12:15:24.428] [SEVERE ] placing card 17 in slot 7
[12:15:24.443] [SEVERE ] placing card 15 in slot 11
[12:15:24.459] [SEVERE ] placing card 68 in slot 2
[12:15:24.474] [SEVERE ] placing card 27 in slot 4
[12:15:24.490] [SEVERE ] placing card 20 in slot 10
[12:15:24.506] [SEVERE ] placing card 26 in slot 5
[12:15:24.522] [SEVERE ] placing card 34 in slot 0
[12:15:24.538] [SEVERE ] placing card 71 in slot 3
[12:15:24.554] [SEVERE ] placing card 9 in slot 9
[12:15:24.570] [SEVERE ] placing card 69 in slot 6
[12:15:24.586] [SEVERE ] placing card 61 in slot 1
[12:15:24.586] [SEVERE ] updating countdown to 100
[12:15:24.602] [SEVERE ] setting player 1 freeze to -996
[12:15:24.602] [SEVERE ] setting player 1 freeze to 0
[12:15:24.602] [SEVERE ] removing player 1 token from slot 6
[12:15:24.602] [SEVERE ] removing player 1 token from slot 2
[12:15:24.602] [SEVERE ] removing player 1 token from slot 9
[12:15:24.602] [SEVERE ] player 1 placing token on slot 9
[12:15:24.602] [SEVERE ] player 1 placing token on slot 5
[12:15:24.602] [SEVERE ] player 1 placing token on slot 4
[12:15:24.602] [SEVERE ] setting player 1 freeze to 4
[12:15:24.603] [SEVERE ] updating countdown to 0
[12:15:25.219] [SEVERE ] setting player 2 freeze to -996
[12:15:25.219] [SEVERE ] setting player 2 freeze to 0
[12:15:25.219] [SEVERE ] removing player 2 token from slot 4
[12:15:25.219] [SEVERE ] removing player 2 token from slot 2
[12:15:25.219] [SEVERE ] removing player 2 token from slot 3
[12:15:25.219] [SEVERE ] player 2 placing token on slot 5
[12:15:25.219] [SEVERE ] player 2 placing token on slot 11
[12:15:25.219] [SEVERE ] player 2 placing token on slot 6
[12:15:25.220] [SEVERE ] setting player 2 freeze to 4
[12:15:25.221] [SEVERE ] updating countdown to 5000
[12:15:25.221] [SEVERE ] updating countdown to 0
[12:15:25.221] [SEVERE ] removing all tokens
[12:15:25.235] [SEVERE ] removing card from slot 0
[12:15:25.250] [SEVERE ] removing card from slot 1
[12:15:25.266] [SEVERE ] removing card from slot 2
[12:15:25.281] [SEVERE ] removing card from slot 3
[12:15:25.296] [SEVERE ] removing card from slot 4
[12:15:25.311] [SEVERE ] removing card from slot 5
[12:15:25.326] [SEVERE ] removing card from slot 6
[12:15:25.342] [SEVERE ] removing card from slot 7
[12:15:25.358] [SEVERE ] removing card from slot 8
[12:15:25.374] [SEVERE ] removing card from slot 9
[12:15:25.390] [SEVERE ] removing card from slot 10
[12:15:25.406] [SEVERE ] removing card from slot 11
[12:15:25.406] [SEVERE ] removing all tokens
[12:15:25.422] [SEVERE ] placing card 13 in slot 6
[12:15:25.438] [SEVERE ] placing card 2 in slot 7
[12:15:25.453] [SEVERE ] placing card 7 in slot 4
[12:15:25.468] [SEVERE ] placing card 29 in slot 11
[12:15:25.484] [SEVERE ] placing card 67 in slot 5
[12:15:25.499] [SEVERE ] placing card 0 in slot 9
[12:15:25.514] [SEVERE ] placing card 64 in slot 2
[12:15:25.529] [SEVERE ] placing card 63 in slot 10
[12:15:25.544] [SEVERE ] placing card 5 in slot 8
[12:15:25.560] [SEVERE ] placing card 50 in slot 3
[12:15:25.575] [SEVERE ] placing card 34 in slot 0
[12:15:25.591] [SEVERE ] placing card 58 in slot 1
[12:15:25.591] [SEVERE ] updating countdown to 100
[12:15:25.607] [SEVERE ] setting player 1 freeze to -996
[12:15:25.607] [SEVERE ] setting player 1 freeze to 0
[12:15:25.607] [SEVERE ] removing player 1 token from slot 9
[12:15:25.607] [SEVERE ] removing player 1 token from slot 5
[12:15:25.607] [SEVERE ] removing player 1 token from slot 4
[12:15:25.607] [SEVERE ] player 1 placing token on slot 10
[12:15:25.607] [SEVERE ] player 1 placing token on slot 8
[12:15:25.607] [SEVERE ] player 1 placing token on slot 3
[12:15:25.607] [SEVERE ] setting player 1 freeze to 4
[12:15:25.608] [SEVERE ] updating countdown to 0
[12:15:26.222] [SEVERE ] setting player 2 freeze to -996
[12:15:26.222] [SEVERE ] setting player 2 freeze to 0
[12:15:26.222] [SEVERE ] removing player 2 token from slot 5
[12:15:26.222] [SEVERE ] removing player 2 token from slot 11
[12:15:26.222] [SEVERE ] removing player 2 token from slot 6
[12:15:26.222] [SEVERE ] player 2 placing token on slot 3
[12:15:26.222] [SEVERE ] player 2 placing token on slot 4
[12:15:26.222] [SEVERE ] player 2 placing token on slot 1
[12:15:26.222] [SEVERE ] setting player 2 freeze to 4
[12:15:26.223] [SEVERE ] updating countdown to 5000
[12:15:26.223] [SEVERE ] updating countdown to 0
[12:15:26.224] [SEVERE ] removing all tokens
[12:15:26.237] [SEVERE ] removing card from slot 0
[12:15:26.253] [SEVERE ] removing card from slot 1
[12:15:26.269] [SEVERE ] removing card from slot 2
[12:15:26.285] [SEVERE ] removing card from slot 3
[12:15:26.300] [SEVERE ] removing card from slot 4
[12:15:26.316] [SEVERE ] removing card from slot 5
[12:15:26.332] [SEVERE ] removing card from slot 6
[12:15:26.348] [SEVERE ] removing card from slot 7
[12:15:26.363] [SEVERE ] removing card from slot 8
[12:15:26.378] [SEVERE ] removing card from slot 9
[12:15:26.394] [SEVERE ] removing card from slot 10
[12:15:26.409] [SEVERE ] removing card from slot 11
[12:15:26.410] [SEVERE ] removing all tokens
[12:15:26.425] [SEVERE ] placing card 4 in slot 2
[12:15:26.440] [SEVERE ] placing card 78 in slot 4
[12:15:26.456] [SEVERE ] placing card 68 in slot 10
[12:15:26.472] [SEVERE ] placing card 15 in slot 5
[12:15:26.488] [SEVERE ] placing card 37 in slot 0
[12:15:26.503] [SEVERE ] placing card 22 in slot 1
[12:15:26.518] [SEVERE ] placing card 51 in slot 11
[12:15:26.534] [SEVERE ] placing card 47 in slot 3
[12:15:26.549] [SEVERE ] placing card 62 in slot 7
[12:15:26.565] [SEVERE ] placing card 39 in slot 8
[12:15:26.581] [SEVERE ] placing card 72 in slot 9
[12:15:26.596] [SEVERE ] placing card 12 in slot 6
[12:15:26.596] [SEVERE ] updating countdown to 100
[12:15:26.612] [SEVERE ] setting player 1 freeze to -996
[12:15:26.612] [SEVERE ] setting player 1 freeze to 0
[12:15:26.612] [SEVERE ] removing player 1 token from slot 10
[12:15:26.612] [SEVERE ] removing player 1 token from slot 8
[12:15:26.612] [SEVERE ] removing player 1 token from slot 3
[12:15:26.612] [SEVERE ] player 1 placing token on slot 5
[12:15:26.612] [SEVERE ] player 1 placing token on slot 8
[12:15:26.612] [SEVERE ] player 1 placing token on slot 9
[12:15:26.612] [SEVERE ] setting player 1 freeze to 4
[12:15:26.613] [SEVERE ] updating countdown to 0
[12:15:27.229] [SEVERE ] setting player 2 freeze to -996
[12:15:27.229] [SEVERE ] setting player 2 freeze to 0
[12:15:27.229] [SEVERE ] removing player 2 token from slot 3
[12:15:27.229] [SEVERE ] removing player 2 token from slot 4
[12:15:27.229] [SEVERE ] removing player 2 token from slot 1
[12:15:27.229] [SEVERE ] player 2 placing token on slot 6
[12:15:27.229] [SEVERE ] player 2 placing token on slot 0
[12:15:27.230] [SEVERE ] player 2 placing token on slot 7
[12:15:27.230] [SEVERE ] setting player 2 freeze to 4
[12:15:27.230] [SEVERE ] updating countdown to 5000
[12:15:27.230] [SEVERE ] updating countdown to 0
[12:15:27.230] [SEVERE ] removing all tokens
[12:15:27.245] [SEVERE ] removing card from slot 0
[12:15:27.261] [SEVERE ] removing card from slot 1
[12:15:27.277] [SEVERE ] removing card from slot 2
[12:15:27.292] [SEVERE ] removing card from slot 3
[12:15:27.308] [SEVERE ] removing card from slot 4
[12:15:27.324] [SEVERE ] removing card from slot 5
[12:15:27.340] [SEVERE ] removing card from slot 6
[12:15:27.356] [SEVERE ] removing card from slot 7
[12:15:27.372] [SEVERE ] removing card from slot 8
[12:15:27.388] [SEVERE ] removing card from slot 9
[12:15:27.404] [SEVERE ] removing card from slot 10
[12:15:27.420] [SEVERE ] removing card from slot 11
[12:15:27.420] [SEVERE ] removing all tokens
[12:15:27.436] [SEVERE ] placing card 71 in slot 7
[12:15:27.451] [SEVERE ] placing card 27 in slot 8
[12:15:27.467] [SEVERE ] placing card 61 in slot 9
[12:15:27.483] [SEVERE ] placing card 11 in slot 6
[12:15:27.499] [SEVERE ] placing card 20 in slot 4
[12:15:27.515] [SEVERE ] placing card 18 in slot 11
[12:15:27.531] [SEVERE ] placing card 51 in slot 2
[12:15:27.547] [SEVERE ] placing card 12 in slot 0
[12:15:27.562] [SEVERE ] placing card 10 in slot 3
[12:15:27.578] [SEVERE ] placing card 77 in slot 1
[12:15:27.594] [SEVERE ] placing card 40 in slot 10
[12:15:27.610] [SEVERE ] placing card 37 in slot 5
[12:15:27.610] [SEVERE ] updating countdown to 100
[12:15:27.626] [SEVERE ] setting player 1 freeze to -996
[12:15:27.626] [SEVERE ] setting player 1 freeze to 0
[12:15:27.626] [SEVERE ] removing player 1 token from slot 5
[12:15:27.626] [SEVERE ] removing player 1 token from slot 8
[12:15:27.626] [SEVERE ] removing player 1 token from slot 9
[12:15:27.626] [SEVERE ] player 1 placing token on slot 6
[12:15:27.626] [SEVERE ] player 1 placing token on slot 11
[12:15:27.626] [SEVERE ] player 1 placing token on slot 4
[12:15:27.626] [SEVERE ] setting player 1 freeze to 4
[12:15:27.628] [SEVERE ] updating countdown to 0
[12:15:28.241] [SEVERE ] setting player 2 freeze to -996
[12:15:28.241] [SEVERE ] setting player 2 freeze to 0
[12:15:28.241] [SEVERE ] removing player 2 token from slot 6
[12:15:28.241] [SEVERE ] removing player 2 token from slot 0
[12:15:28.241] [SEVERE ] removing player 2 token from slot 7
[12:15:28.241] [SEVERE ] player 2 placing token on slot 4
[12:15:28.241] [SEVERE ] player 2 placing token on slot 7
[12:15:28.242] [SEVERE ] player 2 placing token on slot 9
[12:15:28.242] [SEVERE ] setting player 2 freeze to 4
[12:15:28.243] [SEVERE ] updating countdown to 5000
[12:15:28.243] [SEVERE ] updating countdown to 0
[12:15:28.243] [SEVERE ] removing all tokens
[12:15:28.257] [SEVERE ] removing card from slot 0
[12:15:28.273] [SEVERE ] removing card from slot 1
[12:15:28.289] [SEVERE ] removing card from slot 2
[12:15:28.305] [SEVERE ] removing card from slot 3
[12:15:28.321] [SEVERE ] removing card from slot 4
[12:15:28.337] [SEVERE ] removing card from slot 5
[12:15:28.353] [SEVERE ] removing card from slot 6
[12:15:28.369] [SEVERE ] removing card from slot 7
[12:15:28.384] [SEVERE ] removing card from slot 8
[12:15:28.400] [SEVERE ] removing card from slot 9
[12:15:28.416] [SEVERE ] removing card from slot 10
[12:15:28.431] [SEVERE ] removing card from slot 11
[12:15:28.431] [SEVERE ] removing all tokens
[12:15:28.447] [SEVERE ] placing card 23 in slot 11
[12:15:28.463] [SEVERE ] placing card 55 in slot 5
[12:15:28.479] [SEVERE ] placing card 43 in slot 1
[12:15:28.495] [SEVERE ] placing card 27 in slot 9
[12:15:28.511] [SEVERE ] placing card 68 in slot 8
[12:15:28.526] [SEVERE ] placing card 49 in slot 6
[12:15:28.542] [SEVERE ] placing card 24 in slot 10
[12:15:28.558] [SEVERE ] placing card 77 in slot 4
[12:15:28.574] [SEVERE ] placing card 65 in slot 0
[12:15:28.589] [SEVERE ] placing card 22 in slot 2
[12:15:28.604] [SEVERE ] placing card 13 in slot 7
[12:15:28.620] [SEVERE ] placing card 66 in slot 3
[12:15:28.620] [SEVERE ] updating countdown to 100
[12:15:28.636] [SEVERE ] setting player 1 freeze to -996
[12:15:28.636] [SEVERE ] setting player 1 freeze to 0
[12:15:28.636] [SEVERE ] removing player 1 token from slot 6
[12:15:28.636] [SEVERE ] removing player 1 token from slot 11
[12:15:28.636] [SEVERE ] removing player 1 token from slot 4
[12:15:28.636] [SEVERE ] player 1 placing token on slot 3
[12:15:28.636] [SEVERE ] player 1 placing token on slot 6
[12:15:28.636] [SEVERE ] player 1 placing token on slot 5
[12:15:28.636] [SEVERE ] setting player 1 freeze to 4
[12:15:28.637] [SEVERE ] updating countdown to 0
[12:15:29.253] [SEVERE ] setting player 2 freeze to -996
[12:15:29.253] [SEVERE ] setting player 2 freeze to 0
[12:15:29.253] [SEVERE ] removing player 2 token from slot 4
[12:15:29.253] [SEVERE ] removing player 2 token from slot 7
[12:15:29.253] [SEVERE ] removing player 2 token from slot 9
[12:15:29.253] [SEVERE ] player 2 placing token on slot 2
[12:15:29.253] [SEVERE ] player 2 placing token on slot 8
[12:15:29.253] [SEVERE ] player 2 placing token on slot 0
[12:15:29.254] [SEVERE ] setting player 2 freeze to 4
[12:15:29.254] [SEVERE ] updating countdown to 5000
[12:15:29.254] [SEVERE ] updating countdown to 0
[12:15:29.254] [SEVERE ] removing all tokens
[12:15:29.269] [SEVERE ] removing card from slot 0
[12:15:29.285] [SEVERE ] removing card from slot 1
[12:15:29.301] [SEVERE ] removing card from slot 2
[12:15:29.317] [SEVERE ] removing card from slot 3
[12:15:29.333] [SEVERE ] removing card from slot 4
[12:15:29.349] [SEVERE ] removing card from slot 5
[12:15:29.365] [SEVERE ] removing card from slot 6
[12:15:29.381] [SEVERE ] removing card from slot 7
[12:15:29.397] [SEVERE ] removing card from slot 8
[12:15:29.413] [SEVERE ] removing card from slot 9
[12:15:29.429] [SEVERE ] removing card from slot 10
[12:15:29.444] [SEVERE ] removing card from slot 11
[12:15:29.444] [SEVERE ] removing all tokens
[12:15:29.460] [SEVERE ] placing card 11 in slot 5
[12:15:29.475] [SEVERE ] placing card 31 in slot 3
[12:15:29.491] [SEVERE ] placing card 75 in slot 10
[12:15:29.506] [SEVERE ] placing card 23 in slot 6
[12:15:29.522] [SEVERE ] placing card 5 in slot 7
[12:15:29.538] [SEVERE ] placing card 52 in slot 2
[12:15:29.554] [SEVERE ] placing card 30 in slot 9
[12:15:29.570] [SEVERE ] placing card 32 in slot 8
[12:15:29.585] [SEVERE ] placing card 66 in slot 11
[12:15:29.601] [SEVERE ] placing card 65 in slot 0
[12:15:29.617] [SEVERE ] placing card 50 in slot 4
[12:15:29.633] [SEVERE ] placing card 20 in slot 1
[12:15:29.634] [SEVERE ] updating countdown to 100
[12:15:29.649] [SEVERE ] setting player 1 freeze to -996
[12:15:29.649] [SEVERE ] setting player 1 freeze to 0
[12:15:29.649] [SEVERE ] removing player 1 token from slot 3
[12:15:29.649] [SEVERE ] removing player 1 token from slot 6
[12:15:29.649] [SEVERE ] removing player 1 token from slot 5
[12:15:29.649] [SEVERE ] player 1 placing token on slot 11
[12:15:29.650] [SEVERE ] player 1 placing token on slot 1
[12:15:29.650] [SEVERE ] player 1 placing token on slot 4
[12:15:29.650] [SEVERE ] setting player 1 freeze to 4
[12:15:29.652] [SEVERE ] updating countdown to 0
[12:15:30.268] [SEVERE ] setting player 2 freeze to -996
[12:15:30.268] [SEVERE ] setting player 2 freeze to 0
[12:15:30.268] [SEVERE ] removing player 2 token from slot 2
[12:15:30.268] [SEVERE ] removing player 2 token from slot 8
[12:15:30.268] [SEVERE ] removing player 2 token from slot 0
[12:15:30.268] [SEVERE ] player 2 placing token on slot 4
[12:15:30.268] [SEVERE ] player 2 placing token on slot 7
[12:15:30.268] [SEVERE ] player 2 placing token on slot 11
[12:15:30.268] [SEVERE ] setting player 2 freeze to 4
[12:15:30.269] [SEVERE ] updating countdown to 5000
[12:15:30.269] [SEVERE ] updating countdown to 0
[12:15:30.269] [SEVERE ] removing all tokens
[12:15:30.283] [SEVERE ] removing card from slot 0
[12:15:30.299] [SEVERE ] removing card from slot 1
[12:15:30.315] [SEVERE ] removing card from slot 2
[12:15:30.331] [SEVERE ] removing card from slot 3
[12:15:30.347] [SEVERE ] removing card from slot 4
[12:15:30.362] [SEVERE ] removing card from slot 5
[12:15:30.377] [SEVERE ] removing card from slot 6
[12:15:30.393] [SEVERE ] removing card from slot 7
[12:15:30.408] [SEVERE ] removing card from slot 8
[12:15:30.424] [SEVERE ] removing card from slot 9
[12:15:30.440] [SEVERE ] removing card from slot 10
[12:15:30.456] [SEVERE ] removing card from slot 11
[12:15:30.456] [SEVERE ] removing all tokens
[12:15:30.472] [SEVERE ] placing card 51 in slot 5
[12:15:30.488] [SEVERE ] placing card 53 in slot 4
[12:15:30.504] [SEVERE ] placing card 14 in slot 8
[12:15:30.520] [SEVERE ] placing card 12 in slot 7
[12:15:30.536] [SEVERE ] placing card 66 in slot 6
[12:15:30.552] [SEVERE ] placing card 16 in slot 0
[12:15:30.568] [SEVERE ] placing card 62 in slot 10
[12:15:30.584] [SEVERE ] placing card 15 in slot 1
[12:15:30.600] [SEVERE ] placing card 27 in slot 3
[12:15:30.615] [SEVERE ] placing card 45 in slot 9
[12:15:30.631] [SEVERE ] placing card 72 in slot 11
[12:15:30.647] [SEVERE ] placing card 69 in slot 2
[12:15:30.647] [SEVERE ] updating countdown to 100
[12:15:30.663] [SEVERE ] setting player 1 freeze to -996
[12:15:30.663] [SEVERE ] setting player 1 freeze to 0
[12:15:30.663] [SEVERE ] removing player 1 token from slot 11
[12:15:30.663] [SEVERE ] removing player 1 token from slot 1
[12:15:30.663] [SEVERE ] removing player 1 token from slot 4
[12:15:30.663] [SEVERE ] player 1 placing token on slot 11
[12:15:30.663] [SEVERE ] player 1 placing token on slot 3
[12:15:30.663] [SEVERE ] player 1 placing token on slot 10
[12:15:30.663] [SEVERE ] setting player 1 freeze to 4
[12:15:30.664] [SEVERE ] updating countdown to 0
[12:15:31.279] [SEVERE ] setting player 2 freeze to -996
[12:15:31.279] [SEVERE ] setting player 2 freeze to 0
[12:15:31.279] [SEVERE ] removing player 2 token from slot 4
[12:15:31.279] [SEVERE ] removing player 2 token from slot 7
[12:15:31.279] [SEVERE ] removing player 2 token from slot 11
[12:15:31.279] [SEVERE ] player 2 placing token on slot 7
[12:15:31.280] [SEVERE ] player 2 placing token on slot 0
[12:15:31.280] [SEVERE ] player 2 placing token on slot 11
[12:15:31.280] [SEVERE ] setting player 2 freeze to 4
[12:15:31.280] [SEVERE ] updating countdown to 5000
[12:15:31.280] [SEVERE ] updating countdown to 0
[12:15:31.280] [SEVERE ] removing all tokens
[12:15:31.295] [SEVERE ] removing card from slot 0
[12:15:31.310] [SEVERE ] removing card from slot 1
[12:15:31.326] [SEVERE ] removing card from slot 2
[12:15:31.341] [SEVERE ] removing card from slot 3
[12:15:31.357] [SEVERE ] removing card from slot 4
[12:15:31.373] [SEVERE ] removing card from slot 5
[12:15:31.389] [SEVERE ] removing card from slot 6
[12:15:31.405] [SEVERE ] removing card from slot 7
[12:15:31.420] [SEVERE ] removing card from slot 8
[12:15:31.436] [SEVERE ] removing card from slot 9
[12:15:31.452] [SEVERE ] removing card from slot 10
[12:15:31.468] [SEVERE ] removing card from slot 11
[12:15:31.468] [SEVERE ] removing all tokens
[12:15:31.484] [SEVERE ] placing card 51 in slot 3
[12:15:31.499] [SEVERE ] placing card 47 in slot 9
[12:15:31.515] [SEVERE ] placing card 63 in slot 11
[12:15:31.531] [SEVERE ] placing card 77 in slot 5
[12:15:31.547] [SEVERE ] placing card 70 in slot 4
[12:15:31.563] [SEVERE ] placing card 34 in slot 8
[12:15:31.579] [SEVERE ] placing card 18 in slot 1
[12:15:31.595] [SEVERE ] placing card 62 in slot 0
[12:15:31.610] [SEVERE ] placing card 11 in slot 10
[12:15:31.626] [SEVERE ] placing card 69 in slot 2
[12:15:31.641] [SEVERE ] placing card 46 in slot 7
[12:15:31.657] [SEVERE ] placing card 48 in slot 6
[12:15:31.657] [SEVERE ] updating countdown to 100
[12:15:31.673] [SEVERE ] setting player 1 freeze to -996
[12:15:31.673] [SEVERE ] setting player 1 freeze to 0
[12:15:31.673] [SEVERE ] removing player 1 token from slot 11
[12:15:31.673] [SEVERE ] removing player 1 token from slot 3
[12:15:31.673] [SEVERE ] removing player 1 token from slot 10
[12:15:31.673] [SEVERE ] player 1 placing token on slot 10
[12:15:31.673] [SEVERE ] player 1 placing token on slot 5
[12:15:31.673] [SEVERE ] player 1 placing token on slot 9
[12:15:31.674] [SEVERE ] setting player 1 freeze to 4
[12:15:31.676] [SEVERE ] updating countdown to 0
[12:15:32.293] [SEVERE ] setting player 2 freeze to -996
[12:15:32.293] [SEVERE ] setting player 2 freeze to 0
[12:15:32.293] [SEVERE ] removing player 2 token from slot 7
[12:15:32.293] [SEVERE ] removing player 2 token from slot 0
[12:15:32.293] [SEVERE ] removing player 2 token from slot 11
[12:15:32.293] [SEVERE ] player 2 placing token on slot 0
[12:15:32.293] [SEVERE ] player 2 placing token on slot 4
[12:15:32.293] [SEVERE ] player 2 placing token on slot 11
[12:15:32.293] [SEVERE ] setting player 2 freeze to 4
[12:15:32.294] [SEVERE ] updating countdown to 5000
[12:15:32.294] [SEVERE ] updating countdown to 0
[12:15:32.294] [SEVERE ] removing all tokens
[12:15:32.309] [SEVERE ] removing card from slot 0
[12:15:32.324] [SEVERE ] removing card from slot 1
[12:15:32.339] [SEVERE ] removing card from slot 2
[12:15:32.354] [SEVERE ] removing card from slot 3
[12:15:32.369] [SEVERE ] removing card from slot 4
[12:15:32.384] [SEVERE ] removing card from slot 5
[12:15:32.400] [SEVERE ] removing card from slot 6
[12:15:32.416] [SEVERE ] removing card from slot 7
[12:15:32.432] [SEVERE ] removing card from slot 8
[12:15:32.448] [SEVERE ] removing card from slot 9
[12:15:32.464] [SEVERE ] removing card from slot 10
[12:15:32.480] [SEVERE ] removing card from slot 11
[12:15:32.480] [SEVERE ] removing all tokens
[12:15:32.495] [SEVERE ] placing card 42 in slot 5
[12:15:32.511] [SEVERE ] placing card 56 in slot 11
[12:15:32.525] [SEVERE ] placing card 68 in slot 8
[12:15:32.541] [SEVERE ] placing card 55 in slot 7
[12:15:32.557] [SEVERE ] placing card 3 in slot 4
[12:15:32.573] [SEVERE ] placing card 35 in slot 3
[12:15:32.589] [SEVERE ] placing card 24 in slot 9
[12:15:32.604] [SEVERE ] placing card 41 in slot 1
[12:15:32.620] [SEVERE ] placing card 53 in slot 2
[12:15:32.636] [SEVERE ] placing card 46 in slot 6
[12:15:32.652] [SEVERE ] placing card 26 in slot 10
[12:15:32.667] [SEVERE ] placing card 5 in slot 0
[12:15:32.667] [SEVERE ] updating countdown to 100
[12:15:32.683] [SEVERE ] setting player 1 freeze to -996
[12:15:32.683] [SEVERE ] setting player 1 freeze to 0
[12:15:32.683] [SEVERE ] removing player 1 token from slot 10
[12:15:32.683] [SEVERE ] removing player 1 token from slot 5
[12:15:32.683] [SEVERE ] removing player 1 token from slot 9
[12:15:32.683] [SEVERE ] player 1 placing token on slot 10
[12:15:32.683] [SEVERE ] player 1 placing token on slot 6
[12:15:32.683] [SEVERE ] player 1 placing token on slot 3
[12:15:32.683] [SEVERE ] setting player 1 freeze to 4
[12:15:32.685] [SEVERE ] updating countdown to 0
[12:15:33.303] [SEVERE ] setting player 2 freeze to -996
[12:15:33.303] [SEVERE ] setting player 2 freeze to 0
[12:15:33.303] [SEVERE ] removing player 2 token from slot 0
[12:15:33.303] [SEVERE ] removing player 2 token from slot 4
[12:15:33.303] [SEVERE ] removing player 2 token from slot 11
[12:15:33.303] [SEVERE ] player 2 placing token on slot 0
[12:15:33.303] [SEVERE ] player 2 placing token on slot 5
[12:15:33.304] [SEVERE ] player 2 placing token on slot 2
[12:15:33.304] [SEVERE ] setting player 2 freeze to 4
[12:15:33.304] [SEVERE ] updating countdown to 5000
[12:15:33.304] [SEVERE ] updating countdown to 0
[12:15:33.304] [SEVERE ] removing all tokens
[12:15:33.319] [SEVERE ] removing card from slot 0
[12:15:33.335] [SEVERE ] removing card from slot 1
[12:15:33.351] [SEVERE ] removing card from slot 2
[12:15:33.367] [SEVERE ] removing card from slot 3
[12:15:33.382] [SEVERE ] removing card from slot 4
[12:15:33.397] [SEVERE ] removing card from slot 5
[12:15:33.413] [SEVERE ] removing card from slot 6
[12:15:33.428] [SEVERE ] removing card from slot 7
[12:15:33.444] [SEVERE ] removing card from slot 8
[12:15:33.460] [SEVERE ] removing card from slot 9
[12:15:33.475] [SEVERE ] removing card from slot 10
[12:15:33.491] [SEVERE ] removing card from slot 11
[12:15:33.491] [SEVERE ] removing all tokens
[12:15:33.507] [SEVERE ] placing card 79 in slot 8
[12:15:33.522] [SEVERE ] placing card 69 in slot 10
[12:15:33.538] [SEVERE ] placing card 78 in slot 0
[12:15:33.554] [SEVERE ] placing card 38 in slot 6
[12:15:33.570] [SEVERE ] placing card 52 in slot 4
[12:15:33.585] [SEVERE ] placing card 68 in slot 9
[12:15:33.601] [SEVERE ] placing card 77 in slot 3
[12:15:33.616] [SEVERE ] placing card 42 in slot 2
[12:15:33.631] [SEVERE ] placing card 0 in slot 1
[12:15:33.647] [SEVERE ] placing card 54 in slot 7
[12:15:33.662] [SEVERE ] placing card 51 in slot 11
[12:15:33.676] [SEVERE ] placing card 41 in slot 5
[12:15:33.676] [SEVERE ] updating countdown to 100
[12:15:33.692] [SEVERE ] setting player 1 freeze to -996
[12:15:33.692] [SEVERE ] setting player 1 freeze to 0
[12:15:33.692] [SEVERE ] removing player 1 token from slot 10
[12:15:33.692] [SEVERE ] removing player 1 token from slot 6
[12:15:33.692] [SEVERE ] removing player 1 token from slot 3
[12:15:33.692] [SEVERE ] player 1 placing token on slot 1
[12:15:33.692] [SEVERE ] player 1 placing token on slot 6
[12:15:33.692] [SEVERE ] player 1 placing token on slot 9
[12:15:33.692] [SEVERE ] setting player 1 freeze to 4
[12:15:33.694] [SEVERE ] updating countdown to 0
[12:15:34.313] [SEVERE ] setting player 2 freeze to -996
[12:15:34.314] [SEVERE ] setting player 2 freeze to 0
[12:15:34.314] [SEVERE ] removing player 2 token from slot 0
[12:15:34.314] [SEVERE ] removing player 2 token from slot 5
[12:15:34.314] [SEVERE ] removing player 2 token from slot 2
[12:15:34.314] [SEVERE ] player 2 placing token on slot 7
[12:15:34.314] [SEVERE ] player 2 placing token on slot 0
[12:15:34.314] [SEVERE ] player 2 placing token on slot 10
[12:15:34.314] [SEVERE ] setting player 2 freeze to 4
[12:15:34.314] [SEVERE ] updating countdown to 5000
[12:15:34.314] [SEVERE ] updating countdown to 0
[12:15:34.314] [SEVERE ] removing all tokens
[12:15:34.330] [SEVERE ] removing card from slot 0
[12:15:34.345] [SEVERE ] removing card from slot 1
[12:15:34.361] [SEVERE ] removing card from slot 2
[12:15:34.377] [SEVERE ] removing card from slot 3
[12:15:34.392] [SEVERE ] removing card from slot 4
[12:15:34.407] [SEVERE ] removing card from slot 5
[12:15:34.423] [SEVERE ] removing card from slot 6
[12:15:34.439] [SEVERE ] removing card from slot 7
[12:15:34.455] [SEVERE ] removing card from slot 8
[12:15:34.471] [SEVERE ] removing card from slot 9
[12:15:34.487] [SEVERE ] removing card from slot 10
[12:15:34.503] [SEVERE ] removing card from slot 11
[12:15:34.503] [SEVERE ] removing all tokens
[12:15:34.519] [SEVERE ] placing card 68 in slot 6
[12:15:34.535] [SEVERE ] placing card 37 in slot 1
[12:15:34.551] [SEVERE ] placing card 79 in slot 3
[12:15:34.567] [SEVERE ] placing card 24 in slot 0
[12:15:34.583] [SEVERE ] placing card 16 in slot 8
[12:15:34.599] [SEVERE ] placing card 50 in slot 11
[12:15:34.615] [SEVERE ] placing card 36 in slot 5
[12:15:34.630] [SEVERE ] placing card 48 in slot 10
[12:15:34.646] [SEVERE ] placing card 46 in slot 2
[12:15:34.661] [SEVERE ] placing card 71 in slot 9
[12:15:34.676] [SEVERE ] placing card 1 in slot 7
[12:15:34.692] [SEVERE ] placing card 26 in slot 4
[12:15:34.692] [SEVERE ] updating countdown to 100
[12:15:34.707] [SEVERE ] setting player 1 freeze to -996
[12:15:34.707] [SEVERE ] setting player 1 freeze to 0
[12:15:34.707] [SEVERE ] removing player 1 token from slot 1
[12:15:34.707] [SEVERE ] removing player 1 token from slot 6
[12:15:34.707] [SEVERE ] removing player 1 token from slot 9
[12:15:34.707] [SEVERE ] player 1 placing token on slot 8
[12:15:34.707] [SEVERE ] player 1 placing token on slot 11
[12:15:34.707] [SEVERE ] player 1 placing token on slot 7
[12:15:34.707] [SEVERE ] setting player 1 freeze to 4
[12:15:34.708] [SEVERE ] updating countdown to 0
[12:15:35.321] [SEVERE ] setting player 2 freeze to -996
[12:15:35.321] [SEVERE ] setting player 2 freeze to 0
[12:15:35.321] [SEVERE ] removing player 2 token from slot 7
[12:15:35.321] [SEVERE ] removing player 2 token from slot 0
[12:15:35.321] [SEVERE ] removing player 2 token from slot 10
[12:15:35.321] [SEVERE ] player 2 placing token on slot 2
[12:15:35.321] [SEVERE ] player 2 placing token on slot 8
[12:15:35.321] [SEVERE ] player 2 placing token on slot 0
[12:15:35.321] [SEVERE ] setting player 2 freeze to 4
[12:15:35.322] [SEVERE ] updating countdown to 5000
[12:15:35.322] [SEVERE ] updating countdown to 0
[12:15:35.322] [SEVERE ] removing all tokens
[12:15:35.337] [SEVERE ] removing card from slot 0
[12:15:35.353] [SEVERE ] removing card from slot 1
[12:15:35.368] [SEVERE ] removing card from slot 2
[12:15:35.383] [SEVERE ] removing card from slot 3
[12:15:35.399] [SEVERE ] removing card from slot 4
[12:15:35.415] [SEVERE ] removing card from slot 5
[12:15:35.430] [SEVERE ] removing card from slot 6
[12:15:35.445] [SEVERE ] removing card from slot 7
[12:15:35.460] [SEVERE ] removing card from slot 8
[12:15:35.476] [SEVERE ] removing card from slot 9
[12:15:35.492] [SEVERE ] removing card from slot 10
[12:15:35.508] [SEVERE ] removing card from slot 11
[12:15:35.508] [SEVERE ] removing all tokens
[12:15:35.523] [SEVERE ] placing card 56 in slot 2
[12:15:35.538] [SEVERE ] placing card 43 in slot 8
[12:15:35.553] [SEVERE ] placing card 26 in slot 4
[12:15:35.568] [SEVERE ] placing card 16 in slot 1
[12:15:35.583] [SEVERE ] placing card 22 in slot 11
[12:15:35.599] [SEVERE ] placing card 25 in slot 6
