[18:32:08.068] [INFO   ] thread main starting.
[18:32:08.081] [SEVERE ] cannot read configuration file config.properties trying from resources.
[18:32:08.083] [SEVERE ] configuration file was loaded from resources directory.
[18:32:08.633] [INFO   ] thread dealer starting.
[18:32:08.633] [INFO   ] Thread dealer starting.
[18:32:08.634] [INFO   ] Thread Thread-3starting.
[18:32:08.634] [INFO   ] Thread Thread-6starting.
[18:32:08.634] [INFO   ] Thread Thread-5starting.
[18:32:08.634] [INFO   ] Thread Thread-4starting.
[18:32:08.635] [INFO   ] Thread computer-3 starting.
[18:32:08.635] [INFO   ] Thread computer-2 starting.
[18:32:08.636] [INFO   ] Thread computer-1 starting.
[18:32:08.636] [INFO   ] Thread computer-0 starting.
[18:32:08.648] [SEVERE ] removing all tokens
[18:32:08.774] [SEVERE ] placing card 70 in slot 7
[18:32:09.004] [SEVERE ] placing card 48 in slot 4
[18:32:09.114] [SEVERE ] placing card 24 in slot 3
[18:32:09.224] [SEVERE ] placing card 23 in slot 10
[18:32:09.333] [SEVERE ] placing card 16 in slot 2
[18:32:09.442] [SEVERE ] placing card 33 in slot 11
[18:32:09.552] [SEVERE ] placing card 0 in slot 0
[18:32:09.664] [SEVERE ] placing card 2 in slot 5
[18:32:09.777] [SEVERE ] placing card 17 in slot 1
[18:32:09.883] [SEVERE ] placing card 9 in slot 9
[18:32:09.995] [SEVERE ] placing card 51 in slot 8
[18:32:10.105] [SEVERE ] placing card 63 in slot 6
[18:32:10.105] [SEVERE ] updating countdown to 10000
[18:32:10.115] [SEVERE ] player 2 placing token on slot 6
[18:32:10.116] [SEVERE ] player 2 placing token on slot 5
[18:32:10.117] [SEVERE ] player 2 placing token on slot 4
[18:32:10.117] [SEVERE ] setting player 2 freeze to 0
[18:32:10.117] [SEVERE ] setting player 2 freeze to 0
[18:32:10.118] [SEVERE ] removing player 2 token from slot 6
[18:32:10.118] [SEVERE ] removing player 2 token from slot 5
[18:32:10.118] [SEVERE ] removing player 2 token from slot 4
[18:32:10.139] [SEVERE ] updating countdown to 10000
[18:32:11.149] [SEVERE ] updating countdown to 9000
