[11:10:11.589] [INFO   ] thread main starting.
[11:10:11.600] [SEVERE ] cannot read configuration file config.properties trying from resources.
[11:10:11.603] [SEVERE ] configuration file was loaded from resources directory.
[11:10:12.097] [INFO   ] thread dealer starting.
[11:10:12.101] [INFO   ] Thread dealer starting.
[11:10:12.104] [INFO   ] Thread Thread-3starting.
[11:10:12.106] [INFO   ] Thread Thread-5starting.
[11:10:12.104] [INFO   ] Thread Thread-4starting.
[11:10:12.117] [SEVERE ] removing all tokens
[11:10:12.124] [INFO   ] Thread Thread-6starting.
[11:10:12.124] [INFO   ] Thread computer-0 starting.
[11:10:12.135] [INFO   ] Thread computer-1 starting.
[11:10:12.159] [INFO   ] Thread computer-2 starting.
[11:10:12.231] [INFO   ] Thread computer-3 starting.
[11:10:12.231] [SEVERE ] placing card 5 in slot 5
[11:10:12.499] [SEVERE ] placing card 71 in slot 11
[11:10:12.608] [SEVERE ] placing card 69 in slot 9
[11:10:12.718] [SEVERE ] placing card 28 in slot 2
[11:10:12.830] [SEVERE ] placing card 50 in slot 10
[11:10:12.941] [SEVERE ] placing card 34 in slot 1
[11:10:13.053] [SEVERE ] placing card 43 in slot 8
[11:10:13.181] [SEVERE ] placing card 55 in slot 6
[11:10:13.289] [SEVERE ] placing card 80 in slot 3
[11:10:13.401] [SEVERE ] placing card 36 in slot 0
[11:10:13.513] [SEVERE ] placing card 74 in slot 7
[11:10:13.623] [SEVERE ] placing card 47 in slot 4
[11:10:13.623] [SEVERE ] updating countdown to 10000
[11:10:14.634] [SEVERE ] updating countdown to 9000
[11:10:15.636] [SEVERE ] updating countdown to 8000
[11:10:16.651] [SEVERE ] updating countdown to 7000
[11:10:17.610] [SEVERE ] exit button pressed
[11:10:17.611] [INFO   ] Thread computer-0 terminated.
[11:10:17.611] [INFO   ] Thread computer-3 terminated.
[11:10:17.611] [INFO   ] Thread computer-1 terminated.
[11:10:17.611] [INFO   ] Thread computer-2 terminated.
[11:10:17.661] [SEVERE ] updating countdown to 6000
[11:10:17.662] [SEVERE ] removing all tokens
[11:10:17.772] [SEVERE ] removing card from slot 0
[11:10:17.884] [SEVERE ] removing card from slot 1
[11:10:17.996] [SEVERE ] removing card from slot 2
[11:10:18.106] [SEVERE ] removing card from slot 3
[11:10:18.212] [SEVERE ] removing card from slot 4
[11:10:18.323] [SEVERE ] removing card from slot 5
[11:10:18.431] [SEVERE ] removing card from slot 6
[11:10:18.561] [SEVERE ] removing card from slot 7
