[11:09:03.694] [INFO   ] thread main starting.
[11:09:03.703] [SEVERE ] cannot read configuration file config.properties trying from resources.
[11:09:03.705] [SEVERE ] configuration file was loaded from resources directory.
[11:09:04.329] [INFO   ] thread dealer starting.
[11:09:04.331] [INFO   ] Thread dealer starting.
[11:09:04.333] [INFO   ] Thread Thread-4starting.
[11:09:04.334] [INFO   ] Thread Thread-3starting.
[11:09:04.341] [INFO   ] Thread Thread-6starting.
[11:09:04.341] [INFO   ] Thread Thread-5starting.
[11:09:04.361] [SEVERE ] removing all tokens
[11:09:04.363] [INFO   ] Thread computer-1 starting.
[11:09:04.381] [INFO   ] Thread computer-0 starting.
[11:09:04.394] [INFO   ] Thread computer-3 starting.
[11:09:04.445] [INFO   ] Thread computer-2 starting.
[11:09:04.472] [SEVERE ] placing card 66 in slot 0
[11:09:04.605] [SEVERE ] placing card 65 in slot 7
[11:09:04.722] [SEVERE ] placing card 42 in slot 5
[11:09:04.832] [SEVERE ] placing card 11 in slot 2
[11:09:04.941] [SEVERE ] placing card 39 in slot 3
[11:09:05.095] [SEVERE ] placing card 1 in slot 11
[11:09:05.211] [SEVERE ] placing card 69 in slot 1
[11:09:05.322] [SEVERE ] placing card 44 in slot 4
[11:09:05.432] [SEVERE ] placing card 17 in slot 9
[11:09:05.543] [SEVERE ] placing card 62 in slot 8
[11:09:05.652] [SEVERE ] placing card 19 in slot 10
[11:09:05.764] [SEVERE ] placing card 0 in slot 6
[11:09:05.764] [SEVERE ] updating countdown to 10000
[11:09:06.778] [SEVERE ] updating countdown to 9000
[11:09:07.794] [SEVERE ] updating countdown to 8000
[11:09:08.806] [SEVERE ] updating countdown to 7000
[11:09:09.819] [SEVERE ] updating countdown to 6000
[11:09:10.824] [SEVERE ] updating countdown to 5000
[11:09:11.828] [SEVERE ] updating countdown to 5000
[11:09:11.985] [SEVERE ] updating countdown to 4000
[11:09:14.004] [SEVERE ] updating countdown to 2000
[11:09:15.024] [SEVERE ] updating countdown to 1000
[11:09:16.019] [SEVERE ] updating countdown to 0
[11:09:16.021] [SEVERE ] removing all tokens
[11:09:16.130] [SEVERE ] removing card from slot 0
[11:09:16.240] [SEVERE ] removing card from slot 1
[11:09:16.352] [SEVERE ] removing card from slot 2
[11:09:16.459] [SEVERE ] removing card from slot 3
[11:09:16.579] [SEVERE ] removing card from slot 4
[11:09:16.694] [SEVERE ] removing card from slot 5
[11:09:16.803] [SEVERE ] removing card from slot 6
[11:09:16.913] [SEVERE ] removing card from slot 7
[11:09:17.022] [SEVERE ] removing card from slot 8
[11:09:17.131] [SEVERE ] removing card from slot 9
[11:09:17.240] [SEVERE ] removing card from slot 10
[11:09:17.351] [SEVERE ] removing card from slot 11
[11:09:17.351] [SEVERE ] removing all tokens
[11:09:17.461] [SEVERE ] placing card 24 in slot 4
[11:09:17.574] [SEVERE ] placing card 23 in slot 1
[11:09:17.684] [SEVERE ] placing card 3 in slot 7
[11:09:17.794] [SEVERE ] placing card 32 in slot 10
[11:09:17.905] [SEVERE ] placing card 59 in slot 3
[11:09:18.015] [SEVERE ] placing card 79 in slot 6
[11:09:18.144] [SEVERE ] placing card 10 in slot 11
[11:09:18.254] [SEVERE ] placing card 52 in slot 8
[11:09:18.360] [SEVERE ] placing card 61 in slot 5
[11:09:18.472] [SEVERE ] placing card 69 in slot 0
[11:09:18.580] [SEVERE ] placing card 2 in slot 9
[11:09:18.690] [SEVERE ] placing card 33 in slot 2
[11:09:18.690] [SEVERE ] updating countdown to 10000
[11:09:19.703] [SEVERE ] updating countdown to 9000
[11:09:20.717] [SEVERE ] updating countdown to 8000
[11:09:21.724] [SEVERE ] updating countdown to 7000
[11:09:22.729] [SEVERE ] updating countdown to 6000
[11:09:23.743] [SEVERE ] updating countdown to 5000
[11:09:24.751] [SEVERE ] updating countdown to 5000
[11:09:24.909] [SEVERE ] updating countdown to 4000
[11:09:25.902] [SEVERE ] updating countdown to 3000
[11:09:26.907] [SEVERE ] updating countdown to 2000
[11:09:27.905] [SEVERE ] updating countdown to 1000
