[18:25:45.934] [INFO   ] thread main starting.
[18:25:45.949] [SEVERE ] cannot read configuration file config.properties trying from resources.
[18:25:45.952] [SEVERE ] configuration file was loaded from resources directory.
[18:25:46.527] [INFO   ] thread dealer starting.
[18:25:46.528] [INFO   ] Thread dealer starting.
[18:25:46.530] [INFO   ] Thread Thread-3starting.
[18:25:46.530] [INFO   ] Thread Thread-4starting.
[18:25:46.553] [INFO   ] Thread Thread-6starting.
[18:25:46.553] [INFO   ] Thread computer-0 starting.
[18:25:46.553] [INFO   ] Thread computer-1 starting.
[18:25:46.553] [INFO   ] Thread Thread-5starting.
[18:25:46.564] [SEVERE ] removing all tokens
[18:25:46.612] [INFO   ] Thread computer-3 starting.
[18:25:46.624] [INFO   ] Thread computer-2 starting.
[18:25:46.680] [SEVERE ] placing card 26 in slot 7
[18:25:46.788] [SEVERE ] placing card 50 in slot 5
[18:25:46.899] [SEVERE ] placing card 18 in slot 11
[18:25:47.010] [SEVERE ] placing card 62 in slot 3
[18:25:47.117] [SEVERE ] placing card 67 in slot 1
[18:25:47.231] [SEVERE ] placing card 61 in slot 6
[18:25:47.339] [SEVERE ] placing card 24 in slot 2
[18:25:47.447] [SEVERE ] placing card 19 in slot 4
[18:25:47.558] [SEVERE ] placing card 66 in slot 0
[18:25:47.666] [SEVERE ] placing card 31 in slot 10
[18:25:47.776] [SEVERE ] placing card 0 in slot 8
[18:25:47.887] [SEVERE ] placing card 60 in slot 9
[18:25:47.887] [SEVERE ] updating countdown to 10000
[18:25:48.897] [SEVERE ] updating countdown to 9000
[18:25:49.505] [SEVERE ] exit button pressed
[18:25:49.505] [INFO   ] Thread computer-0 terminated.
[18:25:49.505] [INFO   ] Thread computer-2 terminated.
[18:25:49.505] [INFO   ] Thread computer-3 terminated.
[18:25:49.505] [INFO   ] Thread computer-1 terminated.
[18:25:49.909] [SEVERE ] updating countdown to 8000
[18:25:49.913] [SEVERE ] removing all tokens
[18:25:50.028] [SEVERE ] removing card from slot 0
[18:25:50.138] [SEVERE ] removing card from slot 1
[18:25:50.250] [SEVERE ] removing card from slot 2
[18:25:50.360] [SEVERE ] removing card from slot 3
[18:25:50.470] [SEVERE ] removing card from slot 4
[18:25:50.581] [SEVERE ] removing card from slot 5
[18:25:50.690] [SEVERE ] removing card from slot 6
[18:25:50.799] [SEVERE ] removing card from slot 7
[18:25:50.911] [SEVERE ] removing card from slot 8
[18:25:51.020] [SEVERE ] removing card from slot 9
[18:25:51.130] [SEVERE ] removing card from slot 10
[18:25:51.239] [SEVERE ] removing card from slot 11
[18:25:51.240] [SEVERE ] announcing winner(s): player 1, player 2, player 3, player 4
[18:25:51.243] [SEVERE ] removing all tokens
[18:25:51.244] [INFO   ] Thread dealer terminated.
[18:25:51.244] [INFO   ] thread dealer terminated.
[18:25:51.244] [SEVERE ] thanks for playing... it was fun!
[18:25:51.245] [INFO   ] thread main terminated.
