[22:06:56.696] [INFO   ] thread main starting.
[22:06:56.705] [SEVERE ] cannot read configuration file config.properties trying from resources.
[22:06:56.707] [SEVERE ] configuration file was loaded from resources directory.
[22:06:57.053] [INFO   ] thread dealer starting.
[22:06:57.054] [INFO   ] Thread dealer starting.
[22:06:57.055] [INFO   ] Thread Thread-3starting.
[22:06:57.055] [INFO   ] Thread Thread-4starting.
[22:06:57.067] [SEVERE ] removing all tokens
[22:06:57.090] [SEVERE ] placing card 20 in slot 11
[22:06:57.106] [SEVERE ] placing card 39 in slot 7
[22:06:57.122] [SEVERE ] placing card 80 in slot 9
[22:06:57.137] [SEVERE ] placing card 13 in slot 4
[22:06:57.153] [SEVERE ] placing card 49 in slot 10
[22:06:57.169] [SEVERE ] placing card 64 in slot 1
[22:06:57.184] [SEVERE ] placing card 35 in slot 6
[22:06:57.199] [SEVERE ] placing card 70 in slot 5
[22:06:57.215] [SEVERE ] placing card 17 in slot 2
[22:06:57.231] [SEVERE ] placing card 57 in slot 8
[22:06:57.246] [SEVERE ] placing card 15 in slot 3
[22:06:57.261] [SEVERE ] placing card 62 in slot 0
[22:06:57.262] [SEVERE ] updating countdown to 10000
[22:06:58.275] [SEVERE ] updating countdown to 9000
[22:06:59.286] [SEVERE ] updating countdown to 8000
[22:07:00.298] [SEVERE ] updating countdown to 7000
[22:07:01.312] [SEVERE ] updating countdown to 6000
[22:07:02.326] [SEVERE ] updating countdown to 5000
[22:07:03.482] [SEVERE ] updating countdown to 4000
[22:07:05.487] [SEVERE ] updating countdown to 2000
[22:07:06.483] [SEVERE ] updating countdown to 1000
[22:07:07.479] [SEVERE ] updating countdown to 0
[22:07:07.479] [SEVERE ] updating countdown to 0
[22:07:07.480] [SEVERE ] removing all tokens
[22:07:07.495] [SEVERE ] removing card from slot 0
[22:07:07.510] [SEVERE ] removing card from slot 1
[22:07:07.526] [SEVERE ] removing card from slot 2
[22:07:07.542] [SEVERE ] removing card from slot 3
[22:07:07.558] [SEVERE ] removing card from slot 4
[22:07:07.574] [SEVERE ] removing card from slot 5
[22:07:07.590] [SEVERE ] removing card from slot 6
[22:07:07.606] [SEVERE ] removing card from slot 7
[22:07:07.621] [SEVERE ] removing card from slot 8
[22:07:07.636] [SEVERE ] removing card from slot 9
[22:07:07.651] [SEVERE ] removing card from slot 10
[22:07:07.666] [SEVERE ] removing card from slot 11
[22:07:07.666] [SEVERE ] removing all tokens
[22:07:07.682] [SEVERE ] placing card 21 in slot 9
[22:07:07.697] [SEVERE ] placing card 41 in slot 0
[22:07:07.713] [SEVERE ] placing card 9 in slot 10
[22:07:07.729] [SEVERE ] placing card 50 in slot 5
[22:07:07.745] [SEVERE ] placing card 14 in slot 8
[22:07:07.760] [SEVERE ] placing card 51 in slot 1
[22:07:07.775] [SEVERE ] placing card 70 in slot 3
[22:07:07.790] [SEVERE ] placing card 18 in slot 11
[22:07:07.805] [SEVERE ] placing card 38 in slot 6
[22:07:07.821] [SEVERE ] placing card 46 in slot 4
[22:07:07.837] [SEVERE ] placing card 45 in slot 7
[22:07:07.853] [SEVERE ] placing card 80 in slot 2
[22:07:07.853] [SEVERE ] updating countdown to 10000
