[11:12:46.366] [INFO   ] thread main starting.
[11:12:46.377] [SEVERE ] cannot read configuration file config.properties trying from resources.
[11:12:46.379] [SEVERE ] configuration file was loaded from resources directory.
[11:12:46.907] [INFO   ] thread dealer starting.
[11:12:46.911] [INFO   ] Thread dealer starting.
[11:12:46.918] [INFO   ] Thread Thread-3starting.
[11:12:46.918] [INFO   ] Thread Thread-4starting.
[11:12:46.920] [INFO   ] Thread Thread-5starting.
[11:12:46.930] [SEVERE ] removing all tokens
[11:12:46.931] [INFO   ] Thread Thread-6starting.
[11:12:46.932] [INFO   ] Thread computer-0 starting.
[11:12:46.987] [INFO   ] Thread computer-1 starting.
[11:12:47.003] [INFO   ] Thread computer-2 starting.
[11:12:47.017] [INFO   ] Thread computer-3 starting.
[11:12:47.039] [SEVERE ] placing card 29 in slot 4
[11:12:47.152] [SEVERE ] placing card 52 in slot 6
[11:12:47.259] [SEVERE ] placing card 70 in slot 3
[11:12:47.369] [SEVERE ] placing card 72 in slot 2
[11:12:47.479] [SEVERE ] placing card 3 in slot 5
[11:12:47.590] [SEVERE ] placing card 75 in slot 7
[11:12:47.702] [SEVERE ] placing card 67 in slot 0
[11:12:47.810] [SEVERE ] placing card 78 in slot 8
[11:12:47.921] [SEVERE ] placing card 77 in slot 11
[11:12:48.033] [SEVERE ] placing card 44 in slot 9
[11:12:48.144] [SEVERE ] placing card 9 in slot 10
[11:12:48.255] [SEVERE ] placing card 55 in slot 1
[11:12:48.255] [SEVERE ] updating countdown to 10000
[11:12:49.262] [SEVERE ] updating countdown to 9000
[11:12:50.264] [SEVERE ] updating countdown to 8000
[11:12:51.280] [SEVERE ] updating countdown to 7000
[11:12:52.295] [SEVERE ] updating countdown to 6000
