[23:06:33.086] [INFO   ] thread main starting.
[23:06:33.096] [SEVERE ] cannot read configuration file config.properties trying from resources.
[23:06:33.098] [SEVERE ] configuration file was loaded from resources directory.
[23:06:33.639] [INFO   ] thread dealer starting.
[23:06:33.673] [INFO   ] Thread dealer starting.
[23:06:33.690] [INFO   ] Thread Thread-4starting.
[23:06:33.690] [INFO   ] Thread Thread-3starting.
[23:06:33.691] [INFO   ] Thread computer-1 starting.
[23:06:33.796] [SEVERE ] placing card 61 in slot 3
[23:06:33.907] [SEVERE ] placing card 42 in slot 6
[23:06:34.017] [SEVERE ] placing card 56 in slot 9
[23:06:34.127] [SEVERE ] placing card 67 in slot 1
[23:06:34.239] [SEVERE ] placing card 66 in slot 11
[23:06:34.349] [SEVERE ] placing card 12 in slot 8
[23:06:34.458] [SEVERE ] placing card 13 in slot 0
[23:06:34.568] [SEVERE ] placing card 4 in slot 4
[23:06:34.678] [SEVERE ] placing card 72 in slot 2
[23:06:34.788] [SEVERE ] placing card 10 in slot 7
[23:06:34.895] [SEVERE ] placing card 54 in slot 5
[23:06:35.004] [SEVERE ] placing card 29 in slot 10
[23:06:35.004] [SEVERE ] updating countdown to 30000
[23:06:35.006] [SEVERE ] player 2 placing token on slot 3
[23:06:35.006] [SEVERE ] player 2 placing token on slot 4
[23:06:35.006] [SEVERE ] player 2 placing token on slot 2
[23:06:35.007] [SEVERE ] setting player 2 freeze to 3000
[23:06:35.042] [SEVERE ] updating countdown to 30000
[23:06:36.020] [SEVERE ] setting player 2 freeze to 2000
[23:06:36.052] [SEVERE ] updating countdown to 29000
[23:06:37.025] [SEVERE ] setting player 2 freeze to 1000
[23:06:37.056] [SEVERE ] updating countdown to 28000
[23:06:38.038] [SEVERE ] setting player 2 freeze to 0
[23:06:38.038] [SEVERE ] setting player 2 freeze to 0
[23:06:38.038] [SEVERE ] removing player 2 token from slot 3
[23:06:38.039] [SEVERE ] removing player 2 token from slot 4
[23:06:38.039] [SEVERE ] removing player 2 token from slot 2
[23:06:38.039] [SEVERE ] player 2 placing token on slot 7
[23:06:38.039] [SEVERE ] player 2 placing token on slot 4
[23:06:38.040] [SEVERE ] player 2 placing token on slot 9
[23:06:38.040] [SEVERE ] setting player 2 freeze to 3000
[23:06:38.046] [SEVERE ] updating countdown to 27000
[23:06:39.043] [SEVERE ] setting player 2 freeze to 2000
[23:06:39.059] [SEVERE ] updating countdown to 26000
[23:06:40.044] [SEVERE ] setting player 2 freeze to 1000
[23:06:40.060] [SEVERE ] updating countdown to 25000
[23:06:41.057] [SEVERE ] setting player 2 freeze to 0
[23:06:41.057] [SEVERE ] setting player 2 freeze to 0
[23:06:41.057] [SEVERE ] removing player 2 token from slot 7
[23:06:41.057] [SEVERE ] removing player 2 token from slot 4
[23:06:41.060] [SEVERE ] removing player 2 token from slot 9
[23:06:41.060] [SEVERE ] player 2 placing token on slot 10
[23:06:41.060] [SEVERE ] player 2 placing token on slot 1
[23:06:41.061] [SEVERE ] player 2 placing token on slot 2
[23:06:41.061] [SEVERE ] setting player 2 freeze to 3000
[23:06:41.068] [SEVERE ] updating countdown to 24000
[23:06:42.077] [SEVERE ] setting player 2 freeze to 2000
[23:06:42.077] [SEVERE ] updating countdown to 23000
[23:06:43.091] [SEVERE ] setting player 2 freeze to 1000
[23:06:43.091] [SEVERE ] updating countdown to 22000
[23:06:44.093] [SEVERE ] setting player 2 freeze to 0
[23:06:44.093] [SEVERE ] updating countdown to 21000
[23:06:44.093] [SEVERE ] setting player 2 freeze to 0
[23:06:44.093] [SEVERE ] removing player 2 token from slot 10
[23:06:44.094] [SEVERE ] removing player 2 token from slot 1
[23:06:44.094] [SEVERE ] removing player 2 token from slot 2
[23:06:44.094] [SEVERE ] player 2 placing token on slot 1
[23:06:44.094] [SEVERE ] player 2 placing token on slot 6
[23:06:44.095] [SEVERE ] player 2 placing token on slot 7
[23:06:44.095] [SEVERE ] setting player 2 freeze to 3000
[23:06:44.100] [SEVERE ] updating countdown to 21000
[23:06:45.096] [SEVERE ] setting player 2 freeze to 2000
[23:06:45.112] [SEVERE ] updating countdown to 20000
[23:06:46.111] [SEVERE ] setting player 2 freeze to 1000
[23:06:46.126] [SEVERE ] updating countdown to 19000
[23:06:47.112] [SEVERE ] setting player 2 freeze to 0
[23:06:47.112] [SEVERE ] setting player 2 freeze to 0
[23:06:47.112] [SEVERE ] removing player 2 token from slot 1
[23:06:47.112] [SEVERE ] removing player 2 token from slot 6
[23:06:47.113] [SEVERE ] removing player 2 token from slot 7
[23:06:47.113] [SEVERE ] player 2 placing token on slot 7
[23:06:47.113] [SEVERE ] player 2 placing token on slot 11
[23:06:47.113] [SEVERE ] player 2 placing token on slot 4
[23:06:47.114] [SEVERE ] setting player 2 freeze to 3000
[23:06:47.118] [SEVERE ] updating countdown to 18000
[23:06:48.128] [SEVERE ] setting player 2 freeze to 2000
[23:06:48.128] [SEVERE ] updating countdown to 17000
[23:06:49.131] [SEVERE ] updating countdown to 16000
[23:06:49.131] [SEVERE ] setting player 2 freeze to 1000
[23:06:49.573] [SEVERE ] key 70 was pressed by player 1
[23:06:49.574] [SEVERE ] player 1 placing token on slot 7
[23:06:50.136] [SEVERE ] setting player 2 freeze to 0
[23:06:50.136] [SEVERE ] updating countdown to 15000
[23:06:50.136] [SEVERE ] setting player 2 freeze to 0
[23:06:50.136] [SEVERE ] removing player 2 token from slot 7
[23:06:50.136] [SEVERE ] removing player 2 token from slot 11
[23:06:50.136] [SEVERE ] removing player 2 token from slot 4
[23:06:50.136] [SEVERE ] player 2 placing token on slot 11
[23:06:50.136] [SEVERE ] player 2 placing token on slot 3
[23:06:50.136] [SEVERE ] player 2 placing token on slot 10
[23:06:50.137] [SEVERE ] setting player 2 freeze to 3000
[23:06:50.140] [SEVERE ] updating countdown to 15000
[23:06:50.598] [SEVERE ] key 67 was pressed by player 1
[23:06:50.599] [SEVERE ] player 1 placing token on slot 10
[23:06:51.151] [SEVERE ] setting player 2 freeze to 2000
[23:06:51.151] [SEVERE ] updating countdown to 14000
[23:06:51.316] [SEVERE ] key 69 was pressed by player 1
[23:06:51.316] [SEVERE ] player 1 placing token on slot 2
[23:06:51.316] [SEVERE ] setting player 1 score to 1
[23:06:51.320] [INFO   ] thread dealer terminated.
[23:06:52.161] [SEVERE ] setting player 2 freeze to 1000
[23:06:53.170] [SEVERE ] setting player 2 freeze to 0
[23:06:53.171] [SEVERE ] setting player 2 freeze to 0
[23:06:53.171] [SEVERE ] removing player 2 token from slot 11
[23:06:53.171] [SEVERE ] removing player 2 token from slot 3
[23:06:53.171] [SEVERE ] removing player 2 token from slot 10
